CRITICAL - 2020-11-19 03:59:24 --> Unable to connect to the database.
#0 C:\xampp\htdocs\projetoaccnew\system\Database\BaseConnection.php(646): CodeIgniter\Database\BaseConnection->initialize()
#1 C:\xampp\htdocs\projetoaccnew\system\Database\BaseBuilder.php(1952): CodeIgniter\Database\BaseConnection->query('SELECT COUNT(*)...', Array, false)
#2 C:\xampp\htdocs\projetoaccnew\system\Model.php(1673): CodeIgniter\Database\BaseBuilder->countAllResults(false)
#3 C:\xampp\htdocs\projetoaccnew\system\Model.php(1176): CodeIgniter\Model->countAllResults(false)
#4 C:\xampp\htdocs\projetoaccnew\app\Controllers\Categorias.php(12): CodeIgniter\Model->paginate(2)
#5 C:\xampp\htdocs\projetoaccnew\system\CodeIgniter.php(918): App\Controllers\Categorias->index()
#6 C:\xampp\htdocs\projetoaccnew\system\CodeIgniter.php(404): CodeIgniter\CodeIgniter->runController(Object(App\Controllers\Categorias))
#7 C:\xampp\htdocs\projetoaccnew\system\CodeIgniter.php(312): CodeIgniter\CodeIgniter->handleRequest(NULL, Object(Config\Cache), false)
#8 C:\xampp\htdocs\projetoaccnew\public\index.php(45): CodeIgniter\CodeIgniter->run()
#9 C:\xampp\htdocs\projetoaccnew\system\Commands\Server\rewrite.php(34): require_once('C:\\xampp\\htdocs...')
#10 {main}
CRITICAL - 2020-11-19 03:59:24 --> Uncaught ErrorException: Undefined variable: viewFile in C:\xampp\htdocs\projetoaccnew\system\Debug\Exceptions.php:308
Stack trace:
#0 C:\xampp\htdocs\projetoaccnew\system\Debug\Exceptions.php(308): CodeIgniter\Debug\Exceptions->errorHandler(8, 'Undefined varia...', 'C:\\xampp\\htdocs...', 308, Array)
#1 C:\xampp\htdocs\projetoaccnew\system\Debug\Exceptions.php(308): include()
#2 C:\xampp\htdocs\projetoaccnew\system\Debug\Exceptions.php(174): CodeIgniter\Debug\Exceptions->render(Object(CodeIgniter\Database\Exceptions\DatabaseException), 500)
#3 [internal function]: CodeIgniter\Debug\Exceptions->exceptionHandler(Object(CodeIgniter\Database\Exceptions\DatabaseException))
#4 {main}
  thrown
#0 [internal function]: CodeIgniter\Debug\Exceptions->shutdownHandler()
#1 {main}
CRITICAL - 2020-11-19 04:02:48 --> Unable to connect to the database.
#0 C:\xampp\htdocs\projetoaccnew\system\Database\BaseConnection.php(646): CodeIgniter\Database\BaseConnection->initialize()
#1 C:\xampp\htdocs\projetoaccnew\system\Database\BaseBuilder.php(1952): CodeIgniter\Database\BaseConnection->query('SELECT COUNT(*)...', Array, false)
#2 C:\xampp\htdocs\projetoaccnew\system\Model.php(1673): CodeIgniter\Database\BaseBuilder->countAllResults(false)
#3 C:\xampp\htdocs\projetoaccnew\system\Model.php(1176): CodeIgniter\Model->countAllResults(false)
#4 C:\xampp\htdocs\projetoaccnew\app\Controllers\Categorias.php(12): CodeIgniter\Model->paginate(2)
#5 C:\xampp\htdocs\projetoaccnew\system\CodeIgniter.php(918): App\Controllers\Categorias->index()
#6 C:\xampp\htdocs\projetoaccnew\system\CodeIgniter.php(404): CodeIgniter\CodeIgniter->runController(Object(App\Controllers\Categorias))
#7 C:\xampp\htdocs\projetoaccnew\system\CodeIgniter.php(312): CodeIgniter\CodeIgniter->handleRequest(NULL, Object(Config\Cache), false)
#8 C:\xampp\htdocs\projetoaccnew\public\index.php(45): CodeIgniter\CodeIgniter->run()
#9 C:\xampp\htdocs\projetoaccnew\system\Commands\Server\rewrite.php(34): require_once('C:\\xampp\\htdocs...')
#10 {main}
CRITICAL - 2020-11-19 04:02:48 --> Uncaught ErrorException: Undefined variable: viewFile in C:\xampp\htdocs\projetoaccnew\system\Debug\Exceptions.php:308
Stack trace:
#0 C:\xampp\htdocs\projetoaccnew\system\Debug\Exceptions.php(308): CodeIgniter\Debug\Exceptions->errorHandler(8, 'Undefined varia...', 'C:\\xampp\\htdocs...', 308, Array)
#1 C:\xampp\htdocs\projetoaccnew\system\Debug\Exceptions.php(308): include()
#2 C:\xampp\htdocs\projetoaccnew\system\Debug\Exceptions.php(174): CodeIgniter\Debug\Exceptions->render(Object(CodeIgniter\Database\Exceptions\DatabaseException), 500)
#3 [internal function]: CodeIgniter\Debug\Exceptions->exceptionHandler(Object(CodeIgniter\Database\Exceptions\DatabaseException))
#4 {main}
  thrown
#0 [internal function]: CodeIgniter\Debug\Exceptions->shutdownHandler()
#1 {main}
CRITICAL - 2020-11-19 04:08:41 --> Unable to connect to the database.
#0 C:\xampp\htdocs\projetoaccnew\system\Database\BaseConnection.php(646): CodeIgniter\Database\BaseConnection->initialize()
#1 C:\xampp\htdocs\projetoaccnew\system\Database\BaseBuilder.php(1952): CodeIgniter\Database\BaseConnection->query('SELECT COUNT(*)...', Array, false)
#2 C:\xampp\htdocs\projetoaccnew\system\Model.php(1673): CodeIgniter\Database\BaseBuilder->countAllResults(false)
#3 C:\xampp\htdocs\projetoaccnew\system\Model.php(1176): CodeIgniter\Model->countAllResults(false)
#4 C:\xampp\htdocs\projetoaccnew\app\Controllers\Categorias.php(12): CodeIgniter\Model->paginate(2)
#5 C:\xampp\htdocs\projetoaccnew\system\CodeIgniter.php(918): App\Controllers\Categorias->index()
#6 C:\xampp\htdocs\projetoaccnew\system\CodeIgniter.php(404): CodeIgniter\CodeIgniter->runController(Object(App\Controllers\Categorias))
#7 C:\xampp\htdocs\projetoaccnew\system\CodeIgniter.php(312): CodeIgniter\CodeIgniter->handleRequest(NULL, Object(Config\Cache), false)
#8 C:\xampp\htdocs\projetoaccnew\public\index.php(45): CodeIgniter\CodeIgniter->run()
#9 C:\xampp\htdocs\projetoaccnew\system\Commands\Server\rewrite.php(34): require_once('C:\\xampp\\htdocs...')
#10 {main}
CRITICAL - 2020-11-19 04:08:41 --> Uncaught ErrorException: Undefined variable: viewFile in C:\xampp\htdocs\projetoaccnew\system\Debug\Exceptions.php:308
Stack trace:
#0 C:\xampp\htdocs\projetoaccnew\system\Debug\Exceptions.php(308): CodeIgniter\Debug\Exceptions->errorHandler(8, 'Undefined varia...', 'C:\\xampp\\htdocs...', 308, Array)
#1 C:\xampp\htdocs\projetoaccnew\system\Debug\Exceptions.php(308): include()
#2 C:\xampp\htdocs\projetoaccnew\system\Debug\Exceptions.php(174): CodeIgniter\Debug\Exceptions->render(Object(CodeIgniter\Database\Exceptions\DatabaseException), 500)
#3 [internal function]: CodeIgniter\Debug\Exceptions->exceptionHandler(Object(CodeIgniter\Database\Exceptions\DatabaseException))
#4 {main}
  thrown
#0 [internal function]: CodeIgniter\Debug\Exceptions->shutdownHandler()
#1 {main}
CRITICAL - 2020-11-19 04:08:53 --> Unable to connect to the database.
#0 C:\xampp\htdocs\projetoaccnew\system\Database\BaseConnection.php(646): CodeIgniter\Database\BaseConnection->initialize()
#1 C:\xampp\htdocs\projetoaccnew\system\Database\BaseBuilder.php(1952): CodeIgniter\Database\BaseConnection->query('SELECT COUNT(*)...', Array, false)
#2 C:\xampp\htdocs\projetoaccnew\system\Model.php(1673): CodeIgniter\Database\BaseBuilder->countAllResults(false)
#3 C:\xampp\htdocs\projetoaccnew\system\Model.php(1176): CodeIgniter\Model->countAllResults(false)
#4 C:\xampp\htdocs\projetoaccnew\app\Controllers\Categorias.php(12): CodeIgniter\Model->paginate(2)
#5 C:\xampp\htdocs\projetoaccnew\system\CodeIgniter.php(918): App\Controllers\Categorias->index()
#6 C:\xampp\htdocs\projetoaccnew\system\CodeIgniter.php(404): CodeIgniter\CodeIgniter->runController(Object(App\Controllers\Categorias))
#7 C:\xampp\htdocs\projetoaccnew\system\CodeIgniter.php(312): CodeIgniter\CodeIgniter->handleRequest(NULL, Object(Config\Cache), false)
#8 C:\xampp\htdocs\projetoaccnew\public\index.php(45): CodeIgniter\CodeIgniter->run()
#9 C:\xampp\htdocs\projetoaccnew\system\Commands\Server\rewrite.php(34): require_once('C:\\xampp\\htdocs...')
#10 {main}
CRITICAL - 2020-11-19 04:08:53 --> Uncaught ErrorException: Undefined variable: viewFile in C:\xampp\htdocs\projetoaccnew\system\Debug\Exceptions.php:308
Stack trace:
#0 C:\xampp\htdocs\projetoaccnew\system\Debug\Exceptions.php(308): CodeIgniter\Debug\Exceptions->errorHandler(8, 'Undefined varia...', 'C:\\xampp\\htdocs...', 308, Array)
#1 C:\xampp\htdocs\projetoaccnew\system\Debug\Exceptions.php(308): include()
#2 C:\xampp\htdocs\projetoaccnew\system\Debug\Exceptions.php(174): CodeIgniter\Debug\Exceptions->render(Object(CodeIgniter\Database\Exceptions\DatabaseException), 500)
#3 [internal function]: CodeIgniter\Debug\Exceptions->exceptionHandler(Object(CodeIgniter\Database\Exceptions\DatabaseException))
#4 {main}
  thrown
#0 [internal function]: CodeIgniter\Debug\Exceptions->shutdownHandler()
#1 {main}
CRITICAL - 2020-11-19 04:14:05 --> Unable to connect to the database.
#0 C:\xampp\htdocs\projetoaccnew\system\Database\BaseConnection.php(646): CodeIgniter\Database\BaseConnection->initialize()
#1 C:\xampp\htdocs\projetoaccnew\system\Database\BaseBuilder.php(1952): CodeIgniter\Database\BaseConnection->query('SELECT COUNT(*)...', Array, false)
#2 C:\xampp\htdocs\projetoaccnew\system\Model.php(1673): CodeIgniter\Database\BaseBuilder->countAllResults(false)
#3 C:\xampp\htdocs\projetoaccnew\system\Model.php(1176): CodeIgniter\Model->countAllResults(false)
#4 C:\xampp\htdocs\projetoaccnew\app\Controllers\Categorias.php(12): CodeIgniter\Model->paginate(2)
#5 C:\xampp\htdocs\projetoaccnew\system\CodeIgniter.php(918): App\Controllers\Categorias->index()
#6 C:\xampp\htdocs\projetoaccnew\system\CodeIgniter.php(404): CodeIgniter\CodeIgniter->runController(Object(App\Controllers\Categorias))
#7 C:\xampp\htdocs\projetoaccnew\system\CodeIgniter.php(312): CodeIgniter\CodeIgniter->handleRequest(NULL, Object(Config\Cache), false)
#8 C:\xampp\htdocs\projetoaccnew\public\index.php(45): CodeIgniter\CodeIgniter->run()
#9 C:\xampp\htdocs\projetoaccnew\system\Commands\Server\rewrite.php(34): require_once('C:\\xampp\\htdocs...')
#10 {main}
CRITICAL - 2020-11-19 04:14:05 --> Uncaught ErrorException: Undefined variable: viewFile in C:\xampp\htdocs\projetoaccnew\system\Debug\Exceptions.php:308
Stack trace:
#0 C:\xampp\htdocs\projetoaccnew\system\Debug\Exceptions.php(308): CodeIgniter\Debug\Exceptions->errorHandler(8, 'Undefined varia...', 'C:\\xampp\\htdocs...', 308, Array)
#1 C:\xampp\htdocs\projetoaccnew\system\Debug\Exceptions.php(308): include()
#2 C:\xampp\htdocs\projetoaccnew\system\Debug\Exceptions.php(174): CodeIgniter\Debug\Exceptions->render(Object(CodeIgniter\Database\Exceptions\DatabaseException), 500)
#3 [internal function]: CodeIgniter\Debug\Exceptions->exceptionHandler(Object(CodeIgniter\Database\Exceptions\DatabaseException))
#4 {main}
  thrown
#0 [internal function]: CodeIgniter\Debug\Exceptions->shutdownHandler()
#1 {main}
CRITICAL - 2020-11-19 04:14:54 --> Unable to connect to the database.
#0 C:\xampp\htdocs\projetoaccnew\system\Database\BaseConnection.php(646): CodeIgniter\Database\BaseConnection->initialize()
#1 C:\xampp\htdocs\projetoaccnew\system\Database\BaseBuilder.php(1952): CodeIgniter\Database\BaseConnection->query('SELECT COUNT(*)...', Array, false)
#2 C:\xampp\htdocs\projetoaccnew\system\Model.php(1673): CodeIgniter\Database\BaseBuilder->countAllResults(false)
#3 C:\xampp\htdocs\projetoaccnew\system\Model.php(1176): CodeIgniter\Model->countAllResults(false)
#4 C:\xampp\htdocs\projetoaccnew\app\Controllers\Categorias.php(12): CodeIgniter\Model->paginate(2)
#5 C:\xampp\htdocs\projetoaccnew\system\CodeIgniter.php(918): App\Controllers\Categorias->index()
#6 C:\xampp\htdocs\projetoaccnew\system\CodeIgniter.php(404): CodeIgniter\CodeIgniter->runController(Object(App\Controllers\Categorias))
#7 C:\xampp\htdocs\projetoaccnew\system\CodeIgniter.php(312): CodeIgniter\CodeIgniter->handleRequest(NULL, Object(Config\Cache), false)
#8 C:\xampp\htdocs\projetoaccnew\public\index.php(45): CodeIgniter\CodeIgniter->run()
#9 C:\xampp\htdocs\projetoaccnew\system\Commands\Server\rewrite.php(34): require_once('C:\\xampp\\htdocs...')
#10 {main}
CRITICAL - 2020-11-19 04:14:54 --> Uncaught ErrorException: Undefined variable: viewFile in C:\xampp\htdocs\projetoaccnew\system\Debug\Exceptions.php:308
Stack trace:
#0 C:\xampp\htdocs\projetoaccnew\system\Debug\Exceptions.php(308): CodeIgniter\Debug\Exceptions->errorHandler(8, 'Undefined varia...', 'C:\\xampp\\htdocs...', 308, Array)
#1 C:\xampp\htdocs\projetoaccnew\system\Debug\Exceptions.php(308): include()
#2 C:\xampp\htdocs\projetoaccnew\system\Debug\Exceptions.php(174): CodeIgniter\Debug\Exceptions->render(Object(CodeIgniter\Database\Exceptions\DatabaseException), 500)
#3 [internal function]: CodeIgniter\Debug\Exceptions->exceptionHandler(Object(CodeIgniter\Database\Exceptions\DatabaseException))
#4 {main}
  thrown
#0 [internal function]: CodeIgniter\Debug\Exceptions->shutdownHandler()
#1 {main}
CRITICAL - 2020-11-19 04:19:25 --> Unable to connect to the database.
#0 C:\xampp\htdocs\projetoaccnew\system\Database\BaseConnection.php(646): CodeIgniter\Database\BaseConnection->initialize()
#1 C:\xampp\htdocs\projetoaccnew\system\Database\BaseBuilder.php(1952): CodeIgniter\Database\BaseConnection->query('SELECT COUNT(*)...', Array, false)
#2 C:\xampp\htdocs\projetoaccnew\system\Model.php(1673): CodeIgniter\Database\BaseBuilder->countAllResults(false)
#3 C:\xampp\htdocs\projetoaccnew\system\Model.php(1176): CodeIgniter\Model->countAllResults(false)
#4 C:\xampp\htdocs\projetoaccnew\app\Controllers\Categorias.php(12): CodeIgniter\Model->paginate(2)
#5 C:\xampp\htdocs\projetoaccnew\system\CodeIgniter.php(918): App\Controllers\Categorias->index()
#6 C:\xampp\htdocs\projetoaccnew\system\CodeIgniter.php(404): CodeIgniter\CodeIgniter->runController(Object(App\Controllers\Categorias))
#7 C:\xampp\htdocs\projetoaccnew\system\CodeIgniter.php(312): CodeIgniter\CodeIgniter->handleRequest(NULL, Object(Config\Cache), false)
#8 C:\xampp\htdocs\projetoaccnew\public\index.php(45): CodeIgniter\CodeIgniter->run()
#9 C:\xampp\htdocs\projetoaccnew\system\Commands\Server\rewrite.php(34): require_once('C:\\xampp\\htdocs...')
#10 {main}
CRITICAL - 2020-11-19 04:19:25 --> Uncaught ErrorException: Undefined variable: viewFile in C:\xampp\htdocs\projetoaccnew\system\Debug\Exceptions.php:308
Stack trace:
#0 C:\xampp\htdocs\projetoaccnew\system\Debug\Exceptions.php(308): CodeIgniter\Debug\Exceptions->errorHandler(8, 'Undefined varia...', 'C:\\xampp\\htdocs...', 308, Array)
#1 C:\xampp\htdocs\projetoaccnew\system\Debug\Exceptions.php(308): include()
#2 C:\xampp\htdocs\projetoaccnew\system\Debug\Exceptions.php(174): CodeIgniter\Debug\Exceptions->render(Object(CodeIgniter\Database\Exceptions\DatabaseException), 500)
#3 [internal function]: CodeIgniter\Debug\Exceptions->exceptionHandler(Object(CodeIgniter\Database\Exceptions\DatabaseException))
#4 {main}
  thrown
#0 [internal function]: CodeIgniter\Debug\Exceptions->shutdownHandler()
#1 {main}
CRITICAL - 2020-11-19 04:20:49 --> Unable to connect to the database.
#0 C:\xampp\htdocs\projetoaccnew\system\Database\BaseConnection.php(646): CodeIgniter\Database\BaseConnection->initialize()
#1 C:\xampp\htdocs\projetoaccnew\system\Database\BaseBuilder.php(1952): CodeIgniter\Database\BaseConnection->query('SELECT COUNT(*)...', Array, false)
#2 C:\xampp\htdocs\projetoaccnew\system\Model.php(1673): CodeIgniter\Database\BaseBuilder->countAllResults(false)
#3 C:\xampp\htdocs\projetoaccnew\system\Model.php(1176): CodeIgniter\Model->countAllResults(false)
#4 C:\xampp\htdocs\projetoaccnew\app\Controllers\Categorias.php(12): CodeIgniter\Model->paginate(2)
#5 C:\xampp\htdocs\projetoaccnew\system\CodeIgniter.php(918): App\Controllers\Categorias->index()
#6 C:\xampp\htdocs\projetoaccnew\system\CodeIgniter.php(404): CodeIgniter\CodeIgniter->runController(Object(App\Controllers\Categorias))
#7 C:\xampp\htdocs\projetoaccnew\system\CodeIgniter.php(312): CodeIgniter\CodeIgniter->handleRequest(NULL, Object(Config\Cache), false)
#8 C:\xampp\htdocs\projetoaccnew\public\index.php(45): CodeIgniter\CodeIgniter->run()
#9 C:\xampp\htdocs\projetoaccnew\system\Commands\Server\rewrite.php(34): require_once('C:\\xampp\\htdocs...')
#10 {main}
CRITICAL - 2020-11-19 04:20:49 --> Uncaught ErrorException: Undefined variable: viewFile in C:\xampp\htdocs\projetoaccnew\system\Debug\Exceptions.php:308
Stack trace:
#0 C:\xampp\htdocs\projetoaccnew\system\Debug\Exceptions.php(308): CodeIgniter\Debug\Exceptions->errorHandler(8, 'Undefined varia...', 'C:\\xampp\\htdocs...', 308, Array)
#1 C:\xampp\htdocs\projetoaccnew\system\Debug\Exceptions.php(308): include()
#2 C:\xampp\htdocs\projetoaccnew\system\Debug\Exceptions.php(174): CodeIgniter\Debug\Exceptions->render(Object(CodeIgniter\Database\Exceptions\DatabaseException), 500)
#3 [internal function]: CodeIgniter\Debug\Exceptions->exceptionHandler(Object(CodeIgniter\Database\Exceptions\DatabaseException))
#4 {main}
  thrown
#0 [internal function]: CodeIgniter\Debug\Exceptions->shutdownHandler()
#1 {main}
CRITICAL - 2020-11-19 04:22:36 --> Unable to connect to the database.
#0 C:\xampp\htdocs\projetoaccnew\system\Database\BaseConnection.php(646): CodeIgniter\Database\BaseConnection->initialize()
#1 C:\xampp\htdocs\projetoaccnew\system\Database\BaseBuilder.php(1952): CodeIgniter\Database\BaseConnection->query('SELECT COUNT(*)...', Array, false)
#2 C:\xampp\htdocs\projetoaccnew\system\Model.php(1673): CodeIgniter\Database\BaseBuilder->countAllResults(false)
#3 C:\xampp\htdocs\projetoaccnew\system\Model.php(1176): CodeIgniter\Model->countAllResults(false)
#4 C:\xampp\htdocs\projetoaccnew\app\Controllers\Categorias.php(12): CodeIgniter\Model->paginate(2)
#5 C:\xampp\htdocs\projetoaccnew\system\CodeIgniter.php(918): App\Controllers\Categorias->index()
#6 C:\xampp\htdocs\projetoaccnew\system\CodeIgniter.php(404): CodeIgniter\CodeIgniter->runController(Object(App\Controllers\Categorias))
#7 C:\xampp\htdocs\projetoaccnew\system\CodeIgniter.php(312): CodeIgniter\CodeIgniter->handleRequest(NULL, Object(Config\Cache), false)
#8 C:\xampp\htdocs\projetoaccnew\public\index.php(45): CodeIgniter\CodeIgniter->run()
#9 C:\xampp\htdocs\projetoaccnew\system\Commands\Server\rewrite.php(34): require_once('C:\\xampp\\htdocs...')
#10 {main}
CRITICAL - 2020-11-19 04:22:36 --> Uncaught ErrorException: Undefined variable: viewFile in C:\xampp\htdocs\projetoaccnew\system\Debug\Exceptions.php:308
Stack trace:
#0 C:\xampp\htdocs\projetoaccnew\system\Debug\Exceptions.php(308): CodeIgniter\Debug\Exceptions->errorHandler(8, 'Undefined varia...', 'C:\\xampp\\htdocs...', 308, Array)
#1 C:\xampp\htdocs\projetoaccnew\system\Debug\Exceptions.php(308): include()
#2 C:\xampp\htdocs\projetoaccnew\system\Debug\Exceptions.php(174): CodeIgniter\Debug\Exceptions->render(Object(CodeIgniter\Database\Exceptions\DatabaseException), 500)
#3 [internal function]: CodeIgniter\Debug\Exceptions->exceptionHandler(Object(CodeIgniter\Database\Exceptions\DatabaseException))
#4 {main}
  thrown
#0 [internal function]: CodeIgniter\Debug\Exceptions->shutdownHandler()
#1 {main}
CRITICAL - 2020-11-19 04:24:43 --> Unable to connect to the database.
#0 C:\xampp\htdocs\projetoaccnew\system\Database\BaseConnection.php(646): CodeIgniter\Database\BaseConnection->initialize()
#1 C:\xampp\htdocs\projetoaccnew\system\Database\BaseBuilder.php(1952): CodeIgniter\Database\BaseConnection->query('SELECT COUNT(*)...', Array, false)
#2 C:\xampp\htdocs\projetoaccnew\system\Model.php(1673): CodeIgniter\Database\BaseBuilder->countAllResults(false)
#3 C:\xampp\htdocs\projetoaccnew\system\Model.php(1176): CodeIgniter\Model->countAllResults(false)
#4 C:\xampp\htdocs\projetoaccnew\app\Controllers\Categorias.php(12): CodeIgniter\Model->paginate(2)
#5 C:\xampp\htdocs\projetoaccnew\system\CodeIgniter.php(918): App\Controllers\Categorias->index()
#6 C:\xampp\htdocs\projetoaccnew\system\CodeIgniter.php(404): CodeIgniter\CodeIgniter->runController(Object(App\Controllers\Categorias))
#7 C:\xampp\htdocs\projetoaccnew\system\CodeIgniter.php(312): CodeIgniter\CodeIgniter->handleRequest(NULL, Object(Config\Cache), false)
#8 C:\xampp\htdocs\projetoaccnew\public\index.php(45): CodeIgniter\CodeIgniter->run()
#9 C:\xampp\htdocs\projetoaccnew\system\Commands\Server\rewrite.php(34): require_once('C:\\xampp\\htdocs...')
#10 {main}
CRITICAL - 2020-11-19 04:24:43 --> Uncaught ErrorException: Undefined variable: viewFile in C:\xampp\htdocs\projetoaccnew\system\Debug\Exceptions.php:308
Stack trace:
#0 C:\xampp\htdocs\projetoaccnew\system\Debug\Exceptions.php(308): CodeIgniter\Debug\Exceptions->errorHandler(8, 'Undefined varia...', 'C:\\xampp\\htdocs...', 308, Array)
#1 C:\xampp\htdocs\projetoaccnew\system\Debug\Exceptions.php(308): include()
#2 C:\xampp\htdocs\projetoaccnew\system\Debug\Exceptions.php(174): CodeIgniter\Debug\Exceptions->render(Object(CodeIgniter\Database\Exceptions\DatabaseException), 500)
#3 [internal function]: CodeIgniter\Debug\Exceptions->exceptionHandler(Object(CodeIgniter\Database\Exceptions\DatabaseException))
#4 {main}
  thrown
#0 [internal function]: CodeIgniter\Debug\Exceptions->shutdownHandler()
#1 {main}
CRITICAL - 2020-11-19 04:24:53 --> Unable to connect to the database.
#0 C:\xampp\htdocs\projetoaccnew\system\Database\BaseConnection.php(646): CodeIgniter\Database\BaseConnection->initialize()
#1 C:\xampp\htdocs\projetoaccnew\system\Database\BaseBuilder.php(1952): CodeIgniter\Database\BaseConnection->query('SELECT COUNT(*)...', Array, false)
#2 C:\xampp\htdocs\projetoaccnew\system\Model.php(1673): CodeIgniter\Database\BaseBuilder->countAllResults(false)
#3 C:\xampp\htdocs\projetoaccnew\system\Model.php(1176): CodeIgniter\Model->countAllResults(false)
#4 C:\xampp\htdocs\projetoaccnew\app\Controllers\Categorias.php(12): CodeIgniter\Model->paginate(2)
#5 C:\xampp\htdocs\projetoaccnew\system\CodeIgniter.php(918): App\Controllers\Categorias->index()
#6 C:\xampp\htdocs\projetoaccnew\system\CodeIgniter.php(404): CodeIgniter\CodeIgniter->runController(Object(App\Controllers\Categorias))
#7 C:\xampp\htdocs\projetoaccnew\system\CodeIgniter.php(312): CodeIgniter\CodeIgniter->handleRequest(NULL, Object(Config\Cache), false)
#8 C:\xampp\htdocs\projetoaccnew\public\index.php(45): CodeIgniter\CodeIgniter->run()
#9 C:\xampp\htdocs\projetoaccnew\system\Commands\Server\rewrite.php(34): require_once('C:\\xampp\\htdocs...')
#10 {main}
CRITICAL - 2020-11-19 04:24:53 --> Uncaught ErrorException: Undefined variable: viewFile in C:\xampp\htdocs\projetoaccnew\system\Debug\Exceptions.php:308
Stack trace:
#0 C:\xampp\htdocs\projetoaccnew\system\Debug\Exceptions.php(308): CodeIgniter\Debug\Exceptions->errorHandler(8, 'Undefined varia...', 'C:\\xampp\\htdocs...', 308, Array)
#1 C:\xampp\htdocs\projetoaccnew\system\Debug\Exceptions.php(308): include()
#2 C:\xampp\htdocs\projetoaccnew\system\Debug\Exceptions.php(174): CodeIgniter\Debug\Exceptions->render(Object(CodeIgniter\Database\Exceptions\DatabaseException), 500)
#3 [internal function]: CodeIgniter\Debug\Exceptions->exceptionHandler(Object(CodeIgniter\Database\Exceptions\DatabaseException))
#4 {main}
  thrown
#0 [internal function]: CodeIgniter\Debug\Exceptions->shutdownHandler()
#1 {main}
CRITICAL - 2020-11-19 08:03:14 --> Uncaught ErrorException: Undefined variable: viewFile in C:\xampp\htdocs\projetoacc\system\Debug\Exceptions.php:308
Stack trace:
#0 C:\xampp\htdocs\projetoacc\system\Debug\Exceptions.php(308): CodeIgniter\Debug\Exceptions->errorHandler(8, 'Undefined varia...', 'C:\\xampp\\htdocs...', 308, Array)
#1 C:\xampp\htdocs\projetoacc\system\Debug\Exceptions.php(308): include()
#2 C:\xampp\htdocs\projetoacc\system\Debug\Exceptions.php(174): CodeIgniter\Debug\Exceptions->render(Object(CodeIgniter\Exceptions\PageNotFoundException), 404)
#3 [internal function]: CodeIgniter\Debug\Exceptions->exceptionHandler(Object(CodeIgniter\Exceptions\PageNotFoundException))
#4 {main}
  thrown
#0 [internal function]: CodeIgniter\Debug\Exceptions->shutdownHandler()
#1 {main}
CRITICAL - 2020-11-19 08:10:35 --> syntax error, unexpected 'class' (T_CLASS), expecting ';' or ','
#0 C:\xampp\htdocs\projetoacc\system\Common.php(1119): CodeIgniter\View\View->render('categorias/inde...', Array, true)
#1 C:\xampp\htdocs\projetoacc\app\Controllers\Categorias.php(25): view('categorias/inde...', Array)
#2 C:\xampp\htdocs\projetoacc\system\CodeIgniter.php(918): App\Controllers\Categorias->index()
#3 C:\xampp\htdocs\projetoacc\system\CodeIgniter.php(404): CodeIgniter\CodeIgniter->runController(Object(App\Controllers\Categorias))
#4 C:\xampp\htdocs\projetoacc\system\CodeIgniter.php(312): CodeIgniter\CodeIgniter->handleRequest(NULL, Object(Config\Cache), false)
#5 C:\xampp\htdocs\projetoacc\public\index.php(45): CodeIgniter\CodeIgniter->run()
#6 C:\xampp\htdocs\projetoacc\system\Commands\Server\rewrite.php(34): require_once('C:\\xampp\\htdocs...')
#7 {main}
CRITICAL - 2020-11-19 08:10:35 --> Uncaught ErrorException: Undefined variable: viewFile in C:\xampp\htdocs\projetoacc\system\Debug\Exceptions.php:308
Stack trace:
#0 C:\xampp\htdocs\projetoacc\system\Debug\Exceptions.php(308): CodeIgniter\Debug\Exceptions->errorHandler(8, 'Undefined varia...', 'C:\\xampp\\htdocs...', 308, Array)
#1 C:\xampp\htdocs\projetoacc\system\Debug\Exceptions.php(308): include()
#2 C:\xampp\htdocs\projetoacc\system\Debug\Exceptions.php(174): CodeIgniter\Debug\Exceptions->render(Object(ParseError), 500)
#3 [internal function]: CodeIgniter\Debug\Exceptions->exceptionHandler(Object(ParseError))
#4 {main}
  thrown
#0 [internal function]: CodeIgniter\Debug\Exceptions->shutdownHandler()
#1 {main}
CRITICAL - 2020-11-19 08:10:43 --> syntax error, unexpected 'class' (T_CLASS), expecting ';' or ','
#0 C:\xampp\htdocs\projetoacc\system\Common.php(1119): CodeIgniter\View\View->render('categorias/inde...', Array, true)
#1 C:\xampp\htdocs\projetoacc\app\Controllers\Categorias.php(25): view('categorias/inde...', Array)
#2 C:\xampp\htdocs\projetoacc\system\CodeIgniter.php(918): App\Controllers\Categorias->index()
#3 C:\xampp\htdocs\projetoacc\system\CodeIgniter.php(404): CodeIgniter\CodeIgniter->runController(Object(App\Controllers\Categorias))
#4 C:\xampp\htdocs\projetoacc\system\CodeIgniter.php(312): CodeIgniter\CodeIgniter->handleRequest(NULL, Object(Config\Cache), false)
#5 C:\xampp\htdocs\projetoacc\public\index.php(45): CodeIgniter\CodeIgniter->run()
#6 C:\xampp\htdocs\projetoacc\system\Commands\Server\rewrite.php(34): require_once('C:\\xampp\\htdocs...')
#7 {main}
CRITICAL - 2020-11-19 08:10:43 --> Uncaught ErrorException: Undefined variable: viewFile in C:\xampp\htdocs\projetoacc\system\Debug\Exceptions.php:308
Stack trace:
#0 C:\xampp\htdocs\projetoacc\system\Debug\Exceptions.php(308): CodeIgniter\Debug\Exceptions->errorHandler(8, 'Undefined varia...', 'C:\\xampp\\htdocs...', 308, Array)
#1 C:\xampp\htdocs\projetoacc\system\Debug\Exceptions.php(308): include()
#2 C:\xampp\htdocs\projetoacc\system\Debug\Exceptions.php(174): CodeIgniter\Debug\Exceptions->render(Object(ParseError), 500)
#3 [internal function]: CodeIgniter\Debug\Exceptions->exceptionHandler(Object(ParseError))
#4 {main}
  thrown
#0 [internal function]: CodeIgniter\Debug\Exceptions->shutdownHandler()
#1 {main}
CRITICAL - 2020-11-19 10:59:58 --> Undefined variable: search
#0 C:\xampp\htdocs\projetoacc\app\Views\categorias\index.php(25): CodeIgniter\Debug\Exceptions->errorHandler(8, 'Undefined varia...', 'C:\\xampp\\htdocs...', 25, Array)
#1 C:\xampp\htdocs\projetoacc\system\View\View.php(246): include('C:\\xampp\\htdocs...')
#2 C:\xampp\htdocs\projetoacc\system\Common.php(1119): CodeIgniter\View\View->render('categorias/inde...', Array, true)
#3 C:\xampp\htdocs\projetoacc\app\Controllers\Categorias.php(25): view('categorias/inde...', Array)
#4 C:\xampp\htdocs\projetoacc\system\CodeIgniter.php(918): App\Controllers\Categorias->index()
#5 C:\xampp\htdocs\projetoacc\system\CodeIgniter.php(404): CodeIgniter\CodeIgniter->runController(Object(App\Controllers\Categorias))
#6 C:\xampp\htdocs\projetoacc\system\CodeIgniter.php(312): CodeIgniter\CodeIgniter->handleRequest(NULL, Object(Config\Cache), false)
#7 C:\xampp\htdocs\projetoacc\public\index.php(45): CodeIgniter\CodeIgniter->run()
#8 C:\xampp\htdocs\projetoacc\system\Commands\Server\rewrite.php(34): require_once('C:\\xampp\\htdocs...')
#9 {main}
CRITICAL - 2020-11-19 10:59:58 --> Uncaught ErrorException: Undefined variable: viewFile in C:\xampp\htdocs\projetoacc\system\Debug\Exceptions.php:308
Stack trace:
#0 C:\xampp\htdocs\projetoacc\system\Debug\Exceptions.php(308): CodeIgniter\Debug\Exceptions->errorHandler(8, 'Undefined varia...', 'C:\\xampp\\htdocs...', 308, Array)
#1 C:\xampp\htdocs\projetoacc\system\Debug\Exceptions.php(308): include()
#2 C:\xampp\htdocs\projetoacc\system\Debug\Exceptions.php(174): CodeIgniter\Debug\Exceptions->render(Object(ErrorException), 500)
#3 [internal function]: CodeIgniter\Debug\Exceptions->exceptionHandler(Object(ErrorException))
#4 {main}
  thrown
#0 [internal function]: CodeIgniter\Debug\Exceptions->shutdownHandler()
#1 {main}
CRITICAL - 2020-11-19 11:00:15 --> Uncaught ErrorException: Undefined variable: viewFile in C:\xampp\htdocs\projetoacc\system\Debug\Exceptions.php:308
Stack trace:
#0 C:\xampp\htdocs\projetoacc\system\Debug\Exceptions.php(308): CodeIgniter\Debug\Exceptions->errorHandler(8, 'Undefined varia...', 'C:\\xampp\\htdocs...', 308, Array)
#1 C:\xampp\htdocs\projetoacc\system\Debug\Exceptions.php(308): include()
#2 C:\xampp\htdocs\projetoacc\system\Debug\Exceptions.php(174): CodeIgniter\Debug\Exceptions->render(Object(CodeIgniter\Exceptions\PageNotFoundException), 404)
#3 [internal function]: CodeIgniter\Debug\Exceptions->exceptionHandler(Object(CodeIgniter\Exceptions\PageNotFoundException))
#4 {main}
  thrown
#0 [internal function]: CodeIgniter\Debug\Exceptions->shutdownHandler()
#1 {main}
CRITICAL - 2020-11-19 11:10:54 --> syntax error, unexpected ''search'' (T_CONSTANT_ENCAPSED_STRING), expecting ']'
#0 C:\xampp\htdocs\projetoacc\system\Router\Router.php(195): CodeIgniter\Router\Router->autoRoute('categorias')
#1 C:\xampp\htdocs\projetoacc\system\CodeIgniter.php(793): CodeIgniter\Router\Router->handle('categorias')
#2 C:\xampp\htdocs\projetoacc\system\CodeIgniter.php(364): CodeIgniter\CodeIgniter->tryToRouteIt(Object(CodeIgniter\Router\RouteCollection))
#3 C:\xampp\htdocs\projetoacc\system\CodeIgniter.php(312): CodeIgniter\CodeIgniter->handleRequest(NULL, Object(Config\Cache), false)
#4 C:\xampp\htdocs\projetoacc\public\index.php(45): CodeIgniter\CodeIgniter->run()
#5 C:\xampp\htdocs\projetoacc\system\Commands\Server\rewrite.php(34): require_once('C:\\xampp\\htdocs...')
#6 {main}
CRITICAL - 2020-11-19 11:10:54 --> Uncaught ErrorException: Undefined variable: viewFile in C:\xampp\htdocs\projetoacc\system\Debug\Exceptions.php:308
Stack trace:
#0 C:\xampp\htdocs\projetoacc\system\Debug\Exceptions.php(308): CodeIgniter\Debug\Exceptions->errorHandler(8, 'Undefined varia...', 'C:\\xampp\\htdocs...', 308, Array)
#1 C:\xampp\htdocs\projetoacc\system\Debug\Exceptions.php(308): include()
#2 C:\xampp\htdocs\projetoacc\system\Debug\Exceptions.php(174): CodeIgniter\Debug\Exceptions->render(Object(ParseError), 500)
#3 [internal function]: CodeIgniter\Debug\Exceptions->exceptionHandler(Object(ParseError))
#4 {main}
  thrown
#0 [internal function]: CodeIgniter\Debug\Exceptions->shutdownHandler()
#1 {main}
CRITICAL - 2020-11-19 11:12:55 --> Uncaught ErrorException: Undefined variable: viewFile in C:\xampp\htdocs\projetoacc\system\Debug\Exceptions.php:308
Stack trace:
#0 C:\xampp\htdocs\projetoacc\system\Debug\Exceptions.php(308): CodeIgniter\Debug\Exceptions->errorHandler(8, 'Undefined varia...', 'C:\\xampp\\htdocs...', 308, Array)
#1 C:\xampp\htdocs\projetoacc\system\Debug\Exceptions.php(308): include()
#2 C:\xampp\htdocs\projetoacc\system\Debug\Exceptions.php(174): CodeIgniter\Debug\Exceptions->render(Object(CodeIgniter\Exceptions\PageNotFoundException), 404)
#3 [internal function]: CodeIgniter\Debug\Exceptions->exceptionHandler(Object(CodeIgniter\Exceptions\PageNotFoundException))
#4 {main}
  thrown
#0 [internal function]: CodeIgniter\Debug\Exceptions->shutdownHandler()
#1 {main}
CRITICAL - 2020-11-19 12:47:52 --> Uncaught ErrorException: Undefined variable: viewFile in C:\xampp\htdocs\projetoacc\system\Debug\Exceptions.php:308
Stack trace:
#0 C:\xampp\htdocs\projetoacc\system\Debug\Exceptions.php(308): CodeIgniter\Debug\Exceptions->errorHandler(8, 'Undefined varia...', 'C:\\xampp\\htdocs...', 308, Array)
#1 C:\xampp\htdocs\projetoacc\system\Debug\Exceptions.php(308): include()
#2 C:\xampp\htdocs\projetoacc\system\Debug\Exceptions.php(174): CodeIgniter\Debug\Exceptions->render(Object(CodeIgniter\Exceptions\PageNotFoundException), 404)
#3 [internal function]: CodeIgniter\Debug\Exceptions->exceptionHandler(Object(CodeIgniter\Exceptions\PageNotFoundException))
#4 {main}
  thrown
#0 [internal function]: CodeIgniter\Debug\Exceptions->shutdownHandler()
#1 {main}
CRITICAL - 2020-11-19 12:48:08 --> Uncaught ErrorException: Undefined variable: viewFile in C:\xampp\htdocs\projetoacc\system\Debug\Exceptions.php:308
Stack trace:
#0 C:\xampp\htdocs\projetoacc\system\Debug\Exceptions.php(308): CodeIgniter\Debug\Exceptions->errorHandler(8, 'Undefined varia...', 'C:\\xampp\\htdocs...', 308, Array)
#1 C:\xampp\htdocs\projetoacc\system\Debug\Exceptions.php(308): include()
#2 C:\xampp\htdocs\projetoacc\system\Debug\Exceptions.php(174): CodeIgniter\Debug\Exceptions->render(Object(CodeIgniter\Exceptions\PageNotFoundException), 404)
#3 [internal function]: CodeIgniter\Debug\Exceptions->exceptionHandler(Object(CodeIgniter\Exceptions\PageNotFoundException))
#4 {main}
  thrown
#0 [internal function]: CodeIgniter\Debug\Exceptions->shutdownHandler()
#1 {main}
CRITICAL - 2020-11-19 12:48:44 --> Uncaught ErrorException: Undefined variable: viewFile in C:\xampp\htdocs\projetoacc\system\Debug\Exceptions.php:308
Stack trace:
#0 C:\xampp\htdocs\projetoacc\system\Debug\Exceptions.php(308): CodeIgniter\Debug\Exceptions->errorHandler(8, 'Undefined varia...', 'C:\\xampp\\htdocs...', 308, Array)
#1 C:\xampp\htdocs\projetoacc\system\Debug\Exceptions.php(308): include()
#2 C:\xampp\htdocs\projetoacc\system\Debug\Exceptions.php(174): CodeIgniter\Debug\Exceptions->render(Object(CodeIgniter\Exceptions\PageNotFoundException), 404)
#3 [internal function]: CodeIgniter\Debug\Exceptions->exceptionHandler(Object(CodeIgniter\Exceptions\PageNotFoundException))
#4 {main}
  thrown
#0 [internal function]: CodeIgniter\Debug\Exceptions->shutdownHandler()
#1 {main}
CRITICAL - 2020-11-19 13:31:04 --> Uncaught ErrorException: Undefined variable: viewFile in C:\xampp\htdocs\projetoacc\system\Debug\Exceptions.php:308
Stack trace:
#0 C:\xampp\htdocs\projetoacc\system\Debug\Exceptions.php(308): CodeIgniter\Debug\Exceptions->errorHandler(8, 'Undefined varia...', 'C:\\xampp\\htdocs...', 308, Array)
#1 C:\xampp\htdocs\projetoacc\system\Debug\Exceptions.php(308): include()
#2 C:\xampp\htdocs\projetoacc\system\Debug\Exceptions.php(174): CodeIgniter\Debug\Exceptions->render(Object(CodeIgniter\Exceptions\PageNotFoundException), 404)
#3 [internal function]: CodeIgniter\Debug\Exceptions->exceptionHandler(Object(CodeIgniter\Exceptions\PageNotFoundException))
#4 {main}
  thrown
#0 [internal function]: CodeIgniter\Debug\Exceptions->shutdownHandler()
#1 {main}
CRITICAL - 2020-11-19 13:31:10 --> Unknown column 'idusuario' in 'where clause'
#0 C:\xampp\htdocs\projetoacc\system\Database\MySQLi\Connection.php(331): mysqli->query('SELECT COUNT(*)...')
#1 C:\xampp\htdocs\projetoacc\system\Database\BaseConnection.php(741): CodeIgniter\Database\MySQLi\Connection->execute('SELECT COUNT(*)...')
#2 C:\xampp\htdocs\projetoacc\system\Database\BaseConnection.php(669): CodeIgniter\Database\BaseConnection->simpleQuery('SELECT COUNT(*)...')
#3 C:\xampp\htdocs\projetoacc\system\Database\BaseBuilder.php(1952): CodeIgniter\Database\BaseConnection->query('SELECT COUNT(*)...', Array, false)
#4 C:\xampp\htdocs\projetoacc\system\Model.php(1673): CodeIgniter\Database\BaseBuilder->countAllResults(false)
#5 C:\xampp\htdocs\projetoacc\system\Model.php(1176): CodeIgniter\Model->countAllResults(false)
#6 C:\xampp\htdocs\projetoacc\app\Controllers\Categorias.php(14): CodeIgniter\Model->paginate(5)
#7 C:\xampp\htdocs\projetoacc\system\CodeIgniter.php(918): App\Controllers\Categorias->index()
#8 C:\xampp\htdocs\projetoacc\system\CodeIgniter.php(404): CodeIgniter\CodeIgniter->runController(Object(App\Controllers\Categorias))
#9 C:\xampp\htdocs\projetoacc\system\CodeIgniter.php(312): CodeIgniter\CodeIgniter->handleRequest(NULL, Object(Config\Cache), false)
#10 C:\xampp\htdocs\projetoacc\public\index.php(45): CodeIgniter\CodeIgniter->run()
#11 C:\xampp\htdocs\projetoacc\system\Commands\Server\rewrite.php(34): require_once('C:\\xampp\\htdocs...')
#12 {main}
CRITICAL - 2020-11-19 13:31:10 --> Uncaught ErrorException: Undefined variable: viewFile in C:\xampp\htdocs\projetoacc\system\Debug\Exceptions.php:308
Stack trace:
#0 C:\xampp\htdocs\projetoacc\system\Debug\Exceptions.php(308): CodeIgniter\Debug\Exceptions->errorHandler(8, 'Undefined varia...', 'C:\\xampp\\htdocs...', 308, Array)
#1 C:\xampp\htdocs\projetoacc\system\Debug\Exceptions.php(308): include()
#2 C:\xampp\htdocs\projetoacc\system\Debug\Exceptions.php(174): CodeIgniter\Debug\Exceptions->render(Object(mysqli_sql_exception), 500)
#3 [internal function]: CodeIgniter\Debug\Exceptions->exceptionHandler(Object(mysqli_sql_exception))
#4 {main}
  thrown
#0 [internal function]: CodeIgniter\Debug\Exceptions->shutdownHandler()
#1 {main}
CRITICAL - 2020-11-19 13:31:13 --> Unknown column 'idusuario' in 'where clause'
#0 C:\xampp\htdocs\projetoacc\system\Database\MySQLi\Connection.php(331): mysqli->query('SELECT COUNT(*)...')
#1 C:\xampp\htdocs\projetoacc\system\Database\BaseConnection.php(741): CodeIgniter\Database\MySQLi\Connection->execute('SELECT COUNT(*)...')
#2 C:\xampp\htdocs\projetoacc\system\Database\BaseConnection.php(669): CodeIgniter\Database\BaseConnection->simpleQuery('SELECT COUNT(*)...')
#3 C:\xampp\htdocs\projetoacc\system\Database\BaseBuilder.php(1952): CodeIgniter\Database\BaseConnection->query('SELECT COUNT(*)...', Array, false)
#4 C:\xampp\htdocs\projetoacc\system\Model.php(1673): CodeIgniter\Database\BaseBuilder->countAllResults(false)
#5 C:\xampp\htdocs\projetoacc\system\Model.php(1176): CodeIgniter\Model->countAllResults(false)
#6 C:\xampp\htdocs\projetoacc\app\Controllers\Categorias.php(14): CodeIgniter\Model->paginate(5)
#7 C:\xampp\htdocs\projetoacc\system\CodeIgniter.php(918): App\Controllers\Categorias->index()
#8 C:\xampp\htdocs\projetoacc\system\CodeIgniter.php(404): CodeIgniter\CodeIgniter->runController(Object(App\Controllers\Categorias))
#9 C:\xampp\htdocs\projetoacc\system\CodeIgniter.php(312): CodeIgniter\CodeIgniter->handleRequest(NULL, Object(Config\Cache), false)
#10 C:\xampp\htdocs\projetoacc\public\index.php(45): CodeIgniter\CodeIgniter->run()
#11 C:\xampp\htdocs\projetoacc\system\Commands\Server\rewrite.php(34): require_once('C:\\xampp\\htdocs...')
#12 {main}
CRITICAL - 2020-11-19 13:31:13 --> Uncaught ErrorException: Undefined variable: viewFile in C:\xampp\htdocs\projetoacc\system\Debug\Exceptions.php:308
Stack trace:
#0 C:\xampp\htdocs\projetoacc\system\Debug\Exceptions.php(308): CodeIgniter\Debug\Exceptions->errorHandler(8, 'Undefined varia...', 'C:\\xampp\\htdocs...', 308, Array)
#1 C:\xampp\htdocs\projetoacc\system\Debug\Exceptions.php(308): include()
#2 C:\xampp\htdocs\projetoacc\system\Debug\Exceptions.php(174): CodeIgniter\Debug\Exceptions->render(Object(mysqli_sql_exception), 500)
#3 [internal function]: CodeIgniter\Debug\Exceptions->exceptionHandler(Object(mysqli_sql_exception))
#4 {main}
  thrown
#0 [internal function]: CodeIgniter\Debug\Exceptions->shutdownHandler()
#1 {main}
CRITICAL - 2020-11-19 13:33:43 --> Unknown column 'idusuario' in 'where clause'
#0 C:\xampp\htdocs\projetoacc\system\Database\MySQLi\Connection.php(331): mysqli->query('SELECT COUNT(*)...')
#1 C:\xampp\htdocs\projetoacc\system\Database\BaseConnection.php(741): CodeIgniter\Database\MySQLi\Connection->execute('SELECT COUNT(*)...')
#2 C:\xampp\htdocs\projetoacc\system\Database\BaseConnection.php(669): CodeIgniter\Database\BaseConnection->simpleQuery('SELECT COUNT(*)...')
#3 C:\xampp\htdocs\projetoacc\system\Database\BaseBuilder.php(1952): CodeIgniter\Database\BaseConnection->query('SELECT COUNT(*)...', Array, false)
#4 C:\xampp\htdocs\projetoacc\system\Model.php(1673): CodeIgniter\Database\BaseBuilder->countAllResults(false)
#5 C:\xampp\htdocs\projetoacc\system\Model.php(1176): CodeIgniter\Model->countAllResults(false)
#6 C:\xampp\htdocs\projetoacc\app\Controllers\Categorias.php(14): CodeIgniter\Model->paginate(5)
#7 C:\xampp\htdocs\projetoacc\system\CodeIgniter.php(918): App\Controllers\Categorias->index()
#8 C:\xampp\htdocs\projetoacc\system\CodeIgniter.php(404): CodeIgniter\CodeIgniter->runController(Object(App\Controllers\Categorias))
#9 C:\xampp\htdocs\projetoacc\system\CodeIgniter.php(312): CodeIgniter\CodeIgniter->handleRequest(NULL, Object(Config\Cache), false)
#10 C:\xampp\htdocs\projetoacc\public\index.php(45): CodeIgniter\CodeIgniter->run()
#11 C:\xampp\htdocs\projetoacc\system\Commands\Server\rewrite.php(34): require_once('C:\\xampp\\htdocs...')
#12 {main}
CRITICAL - 2020-11-19 13:33:43 --> Uncaught ErrorException: Undefined variable: viewFile in C:\xampp\htdocs\projetoacc\system\Debug\Exceptions.php:308
Stack trace:
#0 C:\xampp\htdocs\projetoacc\system\Debug\Exceptions.php(308): CodeIgniter\Debug\Exceptions->errorHandler(8, 'Undefined varia...', 'C:\\xampp\\htdocs...', 308, Array)
#1 C:\xampp\htdocs\projetoacc\system\Debug\Exceptions.php(308): include()
#2 C:\xampp\htdocs\projetoacc\system\Debug\Exceptions.php(174): CodeIgniter\Debug\Exceptions->render(Object(mysqli_sql_exception), 500)
#3 [internal function]: CodeIgniter\Debug\Exceptions->exceptionHandler(Object(mysqli_sql_exception))
#4 {main}
  thrown
#0 [internal function]: CodeIgniter\Debug\Exceptions->shutdownHandler()
#1 {main}
CRITICAL - 2020-11-19 13:33:56 --> Unknown column 'idusuario' in 'where clause'
#0 C:\xampp\htdocs\projetoacc\system\Database\MySQLi\Connection.php(331): mysqli->query('SELECT COUNT(*)...')
#1 C:\xampp\htdocs\projetoacc\system\Database\BaseConnection.php(741): CodeIgniter\Database\MySQLi\Connection->execute('SELECT COUNT(*)...')
#2 C:\xampp\htdocs\projetoacc\system\Database\BaseConnection.php(669): CodeIgniter\Database\BaseConnection->simpleQuery('SELECT COUNT(*)...')
#3 C:\xampp\htdocs\projetoacc\system\Database\BaseBuilder.php(1952): CodeIgniter\Database\BaseConnection->query('SELECT COUNT(*)...', Array, false)
#4 C:\xampp\htdocs\projetoacc\system\Model.php(1673): CodeIgniter\Database\BaseBuilder->countAllResults(false)
#5 C:\xampp\htdocs\projetoacc\system\Model.php(1176): CodeIgniter\Model->countAllResults(false)
#6 C:\xampp\htdocs\projetoacc\app\Controllers\Categorias.php(14): CodeIgniter\Model->paginate(5)
#7 C:\xampp\htdocs\projetoacc\system\CodeIgniter.php(918): App\Controllers\Categorias->index()
#8 C:\xampp\htdocs\projetoacc\system\CodeIgniter.php(404): CodeIgniter\CodeIgniter->runController(Object(App\Controllers\Categorias))
#9 C:\xampp\htdocs\projetoacc\system\CodeIgniter.php(312): CodeIgniter\CodeIgniter->handleRequest(NULL, Object(Config\Cache), false)
#10 C:\xampp\htdocs\projetoacc\public\index.php(45): CodeIgniter\CodeIgniter->run()
#11 C:\xampp\htdocs\projetoacc\system\Commands\Server\rewrite.php(34): require_once('C:\\xampp\\htdocs...')
#12 {main}
CRITICAL - 2020-11-19 13:33:56 --> Uncaught ErrorException: Undefined variable: viewFile in C:\xampp\htdocs\projetoacc\system\Debug\Exceptions.php:308
Stack trace:
#0 C:\xampp\htdocs\projetoacc\system\Debug\Exceptions.php(308): CodeIgniter\Debug\Exceptions->errorHandler(8, 'Undefined varia...', 'C:\\xampp\\htdocs...', 308, Array)
#1 C:\xampp\htdocs\projetoacc\system\Debug\Exceptions.php(308): include()
#2 C:\xampp\htdocs\projetoacc\system\Debug\Exceptions.php(174): CodeIgniter\Debug\Exceptions->render(Object(mysqli_sql_exception), 500)
#3 [internal function]: CodeIgniter\Debug\Exceptions->exceptionHandler(Object(mysqli_sql_exception))
#4 {main}
  thrown
#0 [internal function]: CodeIgniter\Debug\Exceptions->shutdownHandler()
#1 {main}
CRITICAL - 2020-11-19 13:33:57 --> Unknown column 'idusuario' in 'where clause'
#0 C:\xampp\htdocs\projetoacc\system\Database\MySQLi\Connection.php(331): mysqli->query('SELECT COUNT(*)...')
#1 C:\xampp\htdocs\projetoacc\system\Database\BaseConnection.php(741): CodeIgniter\Database\MySQLi\Connection->execute('SELECT COUNT(*)...')
#2 C:\xampp\htdocs\projetoacc\system\Database\BaseConnection.php(669): CodeIgniter\Database\BaseConnection->simpleQuery('SELECT COUNT(*)...')
#3 C:\xampp\htdocs\projetoacc\system\Database\BaseBuilder.php(1952): CodeIgniter\Database\BaseConnection->query('SELECT COUNT(*)...', Array, false)
#4 C:\xampp\htdocs\projetoacc\system\Model.php(1673): CodeIgniter\Database\BaseBuilder->countAllResults(false)
#5 C:\xampp\htdocs\projetoacc\system\Model.php(1176): CodeIgniter\Model->countAllResults(false)
#6 C:\xampp\htdocs\projetoacc\app\Controllers\Categorias.php(14): CodeIgniter\Model->paginate(5)
#7 C:\xampp\htdocs\projetoacc\system\CodeIgniter.php(918): App\Controllers\Categorias->index()
#8 C:\xampp\htdocs\projetoacc\system\CodeIgniter.php(404): CodeIgniter\CodeIgniter->runController(Object(App\Controllers\Categorias))
#9 C:\xampp\htdocs\projetoacc\system\CodeIgniter.php(312): CodeIgniter\CodeIgniter->handleRequest(NULL, Object(Config\Cache), false)
#10 C:\xampp\htdocs\projetoacc\public\index.php(45): CodeIgniter\CodeIgniter->run()
#11 C:\xampp\htdocs\projetoacc\system\Commands\Server\rewrite.php(34): require_once('C:\\xampp\\htdocs...')
#12 {main}
CRITICAL - 2020-11-19 13:33:57 --> Uncaught ErrorException: Undefined variable: viewFile in C:\xampp\htdocs\projetoacc\system\Debug\Exceptions.php:308
Stack trace:
#0 C:\xampp\htdocs\projetoacc\system\Debug\Exceptions.php(308): CodeIgniter\Debug\Exceptions->errorHandler(8, 'Undefined varia...', 'C:\\xampp\\htdocs...', 308, Array)
#1 C:\xampp\htdocs\projetoacc\system\Debug\Exceptions.php(308): include()
#2 C:\xampp\htdocs\projetoacc\system\Debug\Exceptions.php(174): CodeIgniter\Debug\Exceptions->render(Object(mysqli_sql_exception), 500)
#3 [internal function]: CodeIgniter\Debug\Exceptions->exceptionHandler(Object(mysqli_sql_exception))
#4 {main}
  thrown
#0 [internal function]: CodeIgniter\Debug\Exceptions->shutdownHandler()
#1 {main}
CRITICAL - 2020-11-19 13:33:57 --> Unknown column 'idusuario' in 'where clause'
#0 C:\xampp\htdocs\projetoacc\system\Database\MySQLi\Connection.php(331): mysqli->query('SELECT COUNT(*)...')
#1 C:\xampp\htdocs\projetoacc\system\Database\BaseConnection.php(741): CodeIgniter\Database\MySQLi\Connection->execute('SELECT COUNT(*)...')
#2 C:\xampp\htdocs\projetoacc\system\Database\BaseConnection.php(669): CodeIgniter\Database\BaseConnection->simpleQuery('SELECT COUNT(*)...')
#3 C:\xampp\htdocs\projetoacc\system\Database\BaseBuilder.php(1952): CodeIgniter\Database\BaseConnection->query('SELECT COUNT(*)...', Array, false)
#4 C:\xampp\htdocs\projetoacc\system\Model.php(1673): CodeIgniter\Database\BaseBuilder->countAllResults(false)
#5 C:\xampp\htdocs\projetoacc\system\Model.php(1176): CodeIgniter\Model->countAllResults(false)
#6 C:\xampp\htdocs\projetoacc\app\Controllers\Categorias.php(14): CodeIgniter\Model->paginate(5)
#7 C:\xampp\htdocs\projetoacc\system\CodeIgniter.php(918): App\Controllers\Categorias->index()
#8 C:\xampp\htdocs\projetoacc\system\CodeIgniter.php(404): CodeIgniter\CodeIgniter->runController(Object(App\Controllers\Categorias))
#9 C:\xampp\htdocs\projetoacc\system\CodeIgniter.php(312): CodeIgniter\CodeIgniter->handleRequest(NULL, Object(Config\Cache), false)
#10 C:\xampp\htdocs\projetoacc\public\index.php(45): CodeIgniter\CodeIgniter->run()
#11 C:\xampp\htdocs\projetoacc\system\Commands\Server\rewrite.php(34): require_once('C:\\xampp\\htdocs...')
#12 {main}
CRITICAL - 2020-11-19 13:33:57 --> Uncaught ErrorException: Undefined variable: viewFile in C:\xampp\htdocs\projetoacc\system\Debug\Exceptions.php:308
Stack trace:
#0 C:\xampp\htdocs\projetoacc\system\Debug\Exceptions.php(308): CodeIgniter\Debug\Exceptions->errorHandler(8, 'Undefined varia...', 'C:\\xampp\\htdocs...', 308, Array)
#1 C:\xampp\htdocs\projetoacc\system\Debug\Exceptions.php(308): include()
#2 C:\xampp\htdocs\projetoacc\system\Debug\Exceptions.php(174): CodeIgniter\Debug\Exceptions->render(Object(mysqli_sql_exception), 500)
#3 [internal function]: CodeIgniter\Debug\Exceptions->exceptionHandler(Object(mysqli_sql_exception))
#4 {main}
  thrown
#0 [internal function]: CodeIgniter\Debug\Exceptions->shutdownHandler()
#1 {main}
CRITICAL - 2020-11-19 13:33:57 --> Unknown column 'idusuario' in 'where clause'
#0 C:\xampp\htdocs\projetoacc\system\Database\MySQLi\Connection.php(331): mysqli->query('SELECT COUNT(*)...')
#1 C:\xampp\htdocs\projetoacc\system\Database\BaseConnection.php(741): CodeIgniter\Database\MySQLi\Connection->execute('SELECT COUNT(*)...')
#2 C:\xampp\htdocs\projetoacc\system\Database\BaseConnection.php(669): CodeIgniter\Database\BaseConnection->simpleQuery('SELECT COUNT(*)...')
#3 C:\xampp\htdocs\projetoacc\system\Database\BaseBuilder.php(1952): CodeIgniter\Database\BaseConnection->query('SELECT COUNT(*)...', Array, false)
#4 C:\xampp\htdocs\projetoacc\system\Model.php(1673): CodeIgniter\Database\BaseBuilder->countAllResults(false)
#5 C:\xampp\htdocs\projetoacc\system\Model.php(1176): CodeIgniter\Model->countAllResults(false)
#6 C:\xampp\htdocs\projetoacc\app\Controllers\Categorias.php(14): CodeIgniter\Model->paginate(5)
#7 C:\xampp\htdocs\projetoacc\system\CodeIgniter.php(918): App\Controllers\Categorias->index()
#8 C:\xampp\htdocs\projetoacc\system\CodeIgniter.php(404): CodeIgniter\CodeIgniter->runController(Object(App\Controllers\Categorias))
#9 C:\xampp\htdocs\projetoacc\system\CodeIgniter.php(312): CodeIgniter\CodeIgniter->handleRequest(NULL, Object(Config\Cache), false)
#10 C:\xampp\htdocs\projetoacc\public\index.php(45): CodeIgniter\CodeIgniter->run()
#11 C:\xampp\htdocs\projetoacc\system\Commands\Server\rewrite.php(34): require_once('C:\\xampp\\htdocs...')
#12 {main}
CRITICAL - 2020-11-19 13:33:57 --> Uncaught ErrorException: Undefined variable: viewFile in C:\xampp\htdocs\projetoacc\system\Debug\Exceptions.php:308
Stack trace:
#0 C:\xampp\htdocs\projetoacc\system\Debug\Exceptions.php(308): CodeIgniter\Debug\Exceptions->errorHandler(8, 'Undefined varia...', 'C:\\xampp\\htdocs...', 308, Array)
#1 C:\xampp\htdocs\projetoacc\system\Debug\Exceptions.php(308): include()
#2 C:\xampp\htdocs\projetoacc\system\Debug\Exceptions.php(174): CodeIgniter\Debug\Exceptions->render(Object(mysqli_sql_exception), 500)
#3 [internal function]: CodeIgniter\Debug\Exceptions->exceptionHandler(Object(mysqli_sql_exception))
#4 {main}
  thrown
#0 [internal function]: CodeIgniter\Debug\Exceptions->shutdownHandler()
#1 {main}
CRITICAL - 2020-11-19 13:33:57 --> Unknown column 'idusuario' in 'where clause'
#0 C:\xampp\htdocs\projetoacc\system\Database\MySQLi\Connection.php(331): mysqli->query('SELECT COUNT(*)...')
#1 C:\xampp\htdocs\projetoacc\system\Database\BaseConnection.php(741): CodeIgniter\Database\MySQLi\Connection->execute('SELECT COUNT(*)...')
#2 C:\xampp\htdocs\projetoacc\system\Database\BaseConnection.php(669): CodeIgniter\Database\BaseConnection->simpleQuery('SELECT COUNT(*)...')
#3 C:\xampp\htdocs\projetoacc\system\Database\BaseBuilder.php(1952): CodeIgniter\Database\BaseConnection->query('SELECT COUNT(*)...', Array, false)
#4 C:\xampp\htdocs\projetoacc\system\Model.php(1673): CodeIgniter\Database\BaseBuilder->countAllResults(false)
#5 C:\xampp\htdocs\projetoacc\system\Model.php(1176): CodeIgniter\Model->countAllResults(false)
#6 C:\xampp\htdocs\projetoacc\app\Controllers\Categorias.php(14): CodeIgniter\Model->paginate(5)
#7 C:\xampp\htdocs\projetoacc\system\CodeIgniter.php(918): App\Controllers\Categorias->index()
#8 C:\xampp\htdocs\projetoacc\system\CodeIgniter.php(404): CodeIgniter\CodeIgniter->runController(Object(App\Controllers\Categorias))
#9 C:\xampp\htdocs\projetoacc\system\CodeIgniter.php(312): CodeIgniter\CodeIgniter->handleRequest(NULL, Object(Config\Cache), false)
#10 C:\xampp\htdocs\projetoacc\public\index.php(45): CodeIgniter\CodeIgniter->run()
#11 C:\xampp\htdocs\projetoacc\system\Commands\Server\rewrite.php(34): require_once('C:\\xampp\\htdocs...')
#12 {main}
CRITICAL - 2020-11-19 13:33:57 --> Uncaught ErrorException: Undefined variable: viewFile in C:\xampp\htdocs\projetoacc\system\Debug\Exceptions.php:308
Stack trace:
#0 C:\xampp\htdocs\projetoacc\system\Debug\Exceptions.php(308): CodeIgniter\Debug\Exceptions->errorHandler(8, 'Undefined varia...', 'C:\\xampp\\htdocs...', 308, Array)
#1 C:\xampp\htdocs\projetoacc\system\Debug\Exceptions.php(308): include()
#2 C:\xampp\htdocs\projetoacc\system\Debug\Exceptions.php(174): CodeIgniter\Debug\Exceptions->render(Object(mysqli_sql_exception), 500)
#3 [internal function]: CodeIgniter\Debug\Exceptions->exceptionHandler(Object(mysqli_sql_exception))
#4 {main}
  thrown
#0 [internal function]: CodeIgniter\Debug\Exceptions->shutdownHandler()
#1 {main}
CRITICAL - 2020-11-19 13:54:30 --> Argument 2 passed to CodeIgniter\Database\BaseBuilder::like() must be of the type string, null given, called in C:\xampp\htdocs\projetoacc\system\Model.php on line 1818
#0 C:\xampp\htdocs\projetoacc\system\Model.php(1818): CodeIgniter\Database\BaseBuilder->like('descricao', NULL)
#1 C:\xampp\htdocs\projetoacc\app\Models\CategoriaModel.php(68): CodeIgniter\Model->__call('like', Array)
#2 C:\xampp\htdocs\projetoacc\app\Controllers\Categorias.php(14): App\Models\CategoriaModel->getAll()
#3 C:\xampp\htdocs\projetoacc\system\CodeIgniter.php(918): App\Controllers\Categorias->index()
#4 C:\xampp\htdocs\projetoacc\system\CodeIgniter.php(404): CodeIgniter\CodeIgniter->runController(Object(App\Controllers\Categorias))
#5 C:\xampp\htdocs\projetoacc\system\CodeIgniter.php(312): CodeIgniter\CodeIgniter->handleRequest(NULL, Object(Config\Cache), false)
#6 C:\xampp\htdocs\projetoacc\public\index.php(45): CodeIgniter\CodeIgniter->run()
#7 C:\xampp\htdocs\projetoacc\system\Commands\Server\rewrite.php(34): require_once('C:\\xampp\\htdocs...')
#8 {main}
CRITICAL - 2020-11-19 13:54:30 --> Uncaught ErrorException: Undefined variable: viewFile in C:\xampp\htdocs\projetoacc\system\Debug\Exceptions.php:308
Stack trace:
#0 C:\xampp\htdocs\projetoacc\system\Debug\Exceptions.php(308): CodeIgniter\Debug\Exceptions->errorHandler(8, 'Undefined varia...', 'C:\\xampp\\htdocs...', 308, Array)
#1 C:\xampp\htdocs\projetoacc\system\Debug\Exceptions.php(308): include()
#2 C:\xampp\htdocs\projetoacc\system\Debug\Exceptions.php(174): CodeIgniter\Debug\Exceptions->render(Object(TypeError), 500)
#3 [internal function]: CodeIgniter\Debug\Exceptions->exceptionHandler(Object(TypeError))
#4 {main}
  thrown
#0 [internal function]: CodeIgniter\Debug\Exceptions->shutdownHandler()
#1 {main}
CRITICAL - 2020-11-19 13:54:58 --> Argument 2 passed to CodeIgniter\Database\BaseBuilder::like() must be of the type string, null given, called in C:\xampp\htdocs\projetoacc\system\Model.php on line 1818
#0 C:\xampp\htdocs\projetoacc\system\Model.php(1818): CodeIgniter\Database\BaseBuilder->like('descricao', NULL)
#1 C:\xampp\htdocs\projetoacc\app\Models\CategoriaModel.php(68): CodeIgniter\Model->__call('like', Array)
#2 C:\xampp\htdocs\projetoacc\app\Controllers\Categorias.php(14): App\Models\CategoriaModel->getAll(NULL)
#3 C:\xampp\htdocs\projetoacc\system\CodeIgniter.php(918): App\Controllers\Categorias->index()
#4 C:\xampp\htdocs\projetoacc\system\CodeIgniter.php(404): CodeIgniter\CodeIgniter->runController(Object(App\Controllers\Categorias))
#5 C:\xampp\htdocs\projetoacc\system\CodeIgniter.php(312): CodeIgniter\CodeIgniter->handleRequest(NULL, Object(Config\Cache), false)
#6 C:\xampp\htdocs\projetoacc\public\index.php(45): CodeIgniter\CodeIgniter->run()
#7 C:\xampp\htdocs\projetoacc\system\Commands\Server\rewrite.php(34): require_once('C:\\xampp\\htdocs...')
#8 {main}
CRITICAL - 2020-11-19 13:54:58 --> Uncaught ErrorException: Undefined variable: viewFile in C:\xampp\htdocs\projetoacc\system\Debug\Exceptions.php:308
Stack trace:
#0 C:\xampp\htdocs\projetoacc\system\Debug\Exceptions.php(308): CodeIgniter\Debug\Exceptions->errorHandler(8, 'Undefined varia...', 'C:\\xampp\\htdocs...', 308, Array)
#1 C:\xampp\htdocs\projetoacc\system\Debug\Exceptions.php(308): include()
#2 C:\xampp\htdocs\projetoacc\system\Debug\Exceptions.php(174): CodeIgniter\Debug\Exceptions->render(Object(TypeError), 500)
#3 [internal function]: CodeIgniter\Debug\Exceptions->exceptionHandler(Object(TypeError))
#4 {main}
  thrown
#0 [internal function]: CodeIgniter\Debug\Exceptions->shutdownHandler()
#1 {main}
CRITICAL - 2020-11-19 13:54:59 --> Argument 2 passed to CodeIgniter\Database\BaseBuilder::like() must be of the type string, null given, called in C:\xampp\htdocs\projetoacc\system\Model.php on line 1818
#0 C:\xampp\htdocs\projetoacc\system\Model.php(1818): CodeIgniter\Database\BaseBuilder->like('descricao', NULL)
#1 C:\xampp\htdocs\projetoacc\app\Models\CategoriaModel.php(68): CodeIgniter\Model->__call('like', Array)
#2 C:\xampp\htdocs\projetoacc\app\Controllers\Categorias.php(14): App\Models\CategoriaModel->getAll(NULL)
#3 C:\xampp\htdocs\projetoacc\system\CodeIgniter.php(918): App\Controllers\Categorias->index()
#4 C:\xampp\htdocs\projetoacc\system\CodeIgniter.php(404): CodeIgniter\CodeIgniter->runController(Object(App\Controllers\Categorias))
#5 C:\xampp\htdocs\projetoacc\system\CodeIgniter.php(312): CodeIgniter\CodeIgniter->handleRequest(NULL, Object(Config\Cache), false)
#6 C:\xampp\htdocs\projetoacc\public\index.php(45): CodeIgniter\CodeIgniter->run()
#7 C:\xampp\htdocs\projetoacc\system\Commands\Server\rewrite.php(34): require_once('C:\\xampp\\htdocs...')
#8 {main}
CRITICAL - 2020-11-19 13:54:59 --> Uncaught ErrorException: Undefined variable: viewFile in C:\xampp\htdocs\projetoacc\system\Debug\Exceptions.php:308
Stack trace:
#0 C:\xampp\htdocs\projetoacc\system\Debug\Exceptions.php(308): CodeIgniter\Debug\Exceptions->errorHandler(8, 'Undefined varia...', 'C:\\xampp\\htdocs...', 308, Array)
#1 C:\xampp\htdocs\projetoacc\system\Debug\Exceptions.php(308): include()
#2 C:\xampp\htdocs\projetoacc\system\Debug\Exceptions.php(174): CodeIgniter\Debug\Exceptions->render(Object(TypeError), 500)
#3 [internal function]: CodeIgniter\Debug\Exceptions->exceptionHandler(Object(TypeError))
#4 {main}
  thrown
#0 [internal function]: CodeIgniter\Debug\Exceptions->shutdownHandler()
#1 {main}
CRITICAL - 2020-11-19 13:54:59 --> Argument 2 passed to CodeIgniter\Database\BaseBuilder::like() must be of the type string, null given, called in C:\xampp\htdocs\projetoacc\system\Model.php on line 1818
#0 C:\xampp\htdocs\projetoacc\system\Model.php(1818): CodeIgniter\Database\BaseBuilder->like('descricao', NULL)
#1 C:\xampp\htdocs\projetoacc\app\Models\CategoriaModel.php(68): CodeIgniter\Model->__call('like', Array)
#2 C:\xampp\htdocs\projetoacc\app\Controllers\Categorias.php(14): App\Models\CategoriaModel->getAll(NULL)
#3 C:\xampp\htdocs\projetoacc\system\CodeIgniter.php(918): App\Controllers\Categorias->index()
#4 C:\xampp\htdocs\projetoacc\system\CodeIgniter.php(404): CodeIgniter\CodeIgniter->runController(Object(App\Controllers\Categorias))
#5 C:\xampp\htdocs\projetoacc\system\CodeIgniter.php(312): CodeIgniter\CodeIgniter->handleRequest(NULL, Object(Config\Cache), false)
#6 C:\xampp\htdocs\projetoacc\public\index.php(45): CodeIgniter\CodeIgniter->run()
#7 C:\xampp\htdocs\projetoacc\system\Commands\Server\rewrite.php(34): require_once('C:\\xampp\\htdocs...')
#8 {main}
CRITICAL - 2020-11-19 13:54:59 --> Uncaught ErrorException: Undefined variable: viewFile in C:\xampp\htdocs\projetoacc\system\Debug\Exceptions.php:308
Stack trace:
#0 C:\xampp\htdocs\projetoacc\system\Debug\Exceptions.php(308): CodeIgniter\Debug\Exceptions->errorHandler(8, 'Undefined varia...', 'C:\\xampp\\htdocs...', 308, Array)
#1 C:\xampp\htdocs\projetoacc\system\Debug\Exceptions.php(308): include()
#2 C:\xampp\htdocs\projetoacc\system\Debug\Exceptions.php(174): CodeIgniter\Debug\Exceptions->render(Object(TypeError), 500)
#3 [internal function]: CodeIgniter\Debug\Exceptions->exceptionHandler(Object(TypeError))
#4 {main}
  thrown
#0 [internal function]: CodeIgniter\Debug\Exceptions->shutdownHandler()
#1 {main}
CRITICAL - 2020-11-19 13:54:59 --> Argument 2 passed to CodeIgniter\Database\BaseBuilder::like() must be of the type string, null given, called in C:\xampp\htdocs\projetoacc\system\Model.php on line 1818
#0 C:\xampp\htdocs\projetoacc\system\Model.php(1818): CodeIgniter\Database\BaseBuilder->like('descricao', NULL)
#1 C:\xampp\htdocs\projetoacc\app\Models\CategoriaModel.php(68): CodeIgniter\Model->__call('like', Array)
#2 C:\xampp\htdocs\projetoacc\app\Controllers\Categorias.php(14): App\Models\CategoriaModel->getAll(NULL)
#3 C:\xampp\htdocs\projetoacc\system\CodeIgniter.php(918): App\Controllers\Categorias->index()
#4 C:\xampp\htdocs\projetoacc\system\CodeIgniter.php(404): CodeIgniter\CodeIgniter->runController(Object(App\Controllers\Categorias))
#5 C:\xampp\htdocs\projetoacc\system\CodeIgniter.php(312): CodeIgniter\CodeIgniter->handleRequest(NULL, Object(Config\Cache), false)
#6 C:\xampp\htdocs\projetoacc\public\index.php(45): CodeIgniter\CodeIgniter->run()
#7 C:\xampp\htdocs\projetoacc\system\Commands\Server\rewrite.php(34): require_once('C:\\xampp\\htdocs...')
#8 {main}
CRITICAL - 2020-11-19 13:54:59 --> Uncaught ErrorException: Undefined variable: viewFile in C:\xampp\htdocs\projetoacc\system\Debug\Exceptions.php:308
Stack trace:
#0 C:\xampp\htdocs\projetoacc\system\Debug\Exceptions.php(308): CodeIgniter\Debug\Exceptions->errorHandler(8, 'Undefined varia...', 'C:\\xampp\\htdocs...', 308, Array)
#1 C:\xampp\htdocs\projetoacc\system\Debug\Exceptions.php(308): include()
#2 C:\xampp\htdocs\projetoacc\system\Debug\Exceptions.php(174): CodeIgniter\Debug\Exceptions->render(Object(TypeError), 500)
#3 [internal function]: CodeIgniter\Debug\Exceptions->exceptionHandler(Object(TypeError))
#4 {main}
  thrown
#0 [internal function]: CodeIgniter\Debug\Exceptions->shutdownHandler()
#1 {main}
CRITICAL - 2020-11-19 13:54:59 --> Argument 2 passed to CodeIgniter\Database\BaseBuilder::like() must be of the type string, null given, called in C:\xampp\htdocs\projetoacc\system\Model.php on line 1818
#0 C:\xampp\htdocs\projetoacc\system\Model.php(1818): CodeIgniter\Database\BaseBuilder->like('descricao', NULL)
#1 C:\xampp\htdocs\projetoacc\app\Models\CategoriaModel.php(68): CodeIgniter\Model->__call('like', Array)
#2 C:\xampp\htdocs\projetoacc\app\Controllers\Categorias.php(14): App\Models\CategoriaModel->getAll(NULL)
#3 C:\xampp\htdocs\projetoacc\system\CodeIgniter.php(918): App\Controllers\Categorias->index()
#4 C:\xampp\htdocs\projetoacc\system\CodeIgniter.php(404): CodeIgniter\CodeIgniter->runController(Object(App\Controllers\Categorias))
#5 C:\xampp\htdocs\projetoacc\system\CodeIgniter.php(312): CodeIgniter\CodeIgniter->handleRequest(NULL, Object(Config\Cache), false)
#6 C:\xampp\htdocs\projetoacc\public\index.php(45): CodeIgniter\CodeIgniter->run()
#7 C:\xampp\htdocs\projetoacc\system\Commands\Server\rewrite.php(34): require_once('C:\\xampp\\htdocs...')
#8 {main}
CRITICAL - 2020-11-19 13:54:59 --> Uncaught ErrorException: Undefined variable: viewFile in C:\xampp\htdocs\projetoacc\system\Debug\Exceptions.php:308
Stack trace:
#0 C:\xampp\htdocs\projetoacc\system\Debug\Exceptions.php(308): CodeIgniter\Debug\Exceptions->errorHandler(8, 'Undefined varia...', 'C:\\xampp\\htdocs...', 308, Array)
#1 C:\xampp\htdocs\projetoacc\system\Debug\Exceptions.php(308): include()
#2 C:\xampp\htdocs\projetoacc\system\Debug\Exceptions.php(174): CodeIgniter\Debug\Exceptions->render(Object(TypeError), 500)
#3 [internal function]: CodeIgniter\Debug\Exceptions->exceptionHandler(Object(TypeError))
#4 {main}
  thrown
#0 [internal function]: CodeIgniter\Debug\Exceptions->shutdownHandler()
#1 {main}
CRITICAL - 2020-11-19 13:54:59 --> Argument 2 passed to CodeIgniter\Database\BaseBuilder::like() must be of the type string, null given, called in C:\xampp\htdocs\projetoacc\system\Model.php on line 1818
#0 C:\xampp\htdocs\projetoacc\system\Model.php(1818): CodeIgniter\Database\BaseBuilder->like('descricao', NULL)
#1 C:\xampp\htdocs\projetoacc\app\Models\CategoriaModel.php(68): CodeIgniter\Model->__call('like', Array)
#2 C:\xampp\htdocs\projetoacc\app\Controllers\Categorias.php(14): App\Models\CategoriaModel->getAll(NULL)
#3 C:\xampp\htdocs\projetoacc\system\CodeIgniter.php(918): App\Controllers\Categorias->index()
#4 C:\xampp\htdocs\projetoacc\system\CodeIgniter.php(404): CodeIgniter\CodeIgniter->runController(Object(App\Controllers\Categorias))
#5 C:\xampp\htdocs\projetoacc\system\CodeIgniter.php(312): CodeIgniter\CodeIgniter->handleRequest(NULL, Object(Config\Cache), false)
#6 C:\xampp\htdocs\projetoacc\public\index.php(45): CodeIgniter\CodeIgniter->run()
#7 C:\xampp\htdocs\projetoacc\system\Commands\Server\rewrite.php(34): require_once('C:\\xampp\\htdocs...')
#8 {main}
CRITICAL - 2020-11-19 13:54:59 --> Uncaught ErrorException: Undefined variable: viewFile in C:\xampp\htdocs\projetoacc\system\Debug\Exceptions.php:308
Stack trace:
#0 C:\xampp\htdocs\projetoacc\system\Debug\Exceptions.php(308): CodeIgniter\Debug\Exceptions->errorHandler(8, 'Undefined varia...', 'C:\\xampp\\htdocs...', 308, Array)
#1 C:\xampp\htdocs\projetoacc\system\Debug\Exceptions.php(308): include()
#2 C:\xampp\htdocs\projetoacc\system\Debug\Exceptions.php(174): CodeIgniter\Debug\Exceptions->render(Object(TypeError), 500)
#3 [internal function]: CodeIgniter\Debug\Exceptions->exceptionHandler(Object(TypeError))
#4 {main}
  thrown
#0 [internal function]: CodeIgniter\Debug\Exceptions->shutdownHandler()
#1 {main}
CRITICAL - 2020-11-19 13:54:59 --> Argument 2 passed to CodeIgniter\Database\BaseBuilder::like() must be of the type string, null given, called in C:\xampp\htdocs\projetoacc\system\Model.php on line 1818
#0 C:\xampp\htdocs\projetoacc\system\Model.php(1818): CodeIgniter\Database\BaseBuilder->like('descricao', NULL)
#1 C:\xampp\htdocs\projetoacc\app\Models\CategoriaModel.php(68): CodeIgniter\Model->__call('like', Array)
#2 C:\xampp\htdocs\projetoacc\app\Controllers\Categorias.php(14): App\Models\CategoriaModel->getAll(NULL)
#3 C:\xampp\htdocs\projetoacc\system\CodeIgniter.php(918): App\Controllers\Categorias->index()
#4 C:\xampp\htdocs\projetoacc\system\CodeIgniter.php(404): CodeIgniter\CodeIgniter->runController(Object(App\Controllers\Categorias))
#5 C:\xampp\htdocs\projetoacc\system\CodeIgniter.php(312): CodeIgniter\CodeIgniter->handleRequest(NULL, Object(Config\Cache), false)
#6 C:\xampp\htdocs\projetoacc\public\index.php(45): CodeIgniter\CodeIgniter->run()
#7 C:\xampp\htdocs\projetoacc\system\Commands\Server\rewrite.php(34): require_once('C:\\xampp\\htdocs...')
#8 {main}
CRITICAL - 2020-11-19 13:54:59 --> Uncaught ErrorException: Undefined variable: viewFile in C:\xampp\htdocs\projetoacc\system\Debug\Exceptions.php:308
Stack trace:
#0 C:\xampp\htdocs\projetoacc\system\Debug\Exceptions.php(308): CodeIgniter\Debug\Exceptions->errorHandler(8, 'Undefined varia...', 'C:\\xampp\\htdocs...', 308, Array)
#1 C:\xampp\htdocs\projetoacc\system\Debug\Exceptions.php(308): include()
#2 C:\xampp\htdocs\projetoacc\system\Debug\Exceptions.php(174): CodeIgniter\Debug\Exceptions->render(Object(TypeError), 500)
#3 [internal function]: CodeIgniter\Debug\Exceptions->exceptionHandler(Object(TypeError))
#4 {main}
  thrown
#0 [internal function]: CodeIgniter\Debug\Exceptions->shutdownHandler()
#1 {main}
CRITICAL - 2020-11-19 14:00:03 --> Argument 2 passed to CodeIgniter\Database\BaseBuilder::like() must be of the type string, null given, called in C:\xampp\htdocs\projetoacc\system\Model.php on line 1818
#0 C:\xampp\htdocs\projetoacc\system\Model.php(1818): CodeIgniter\Database\BaseBuilder->like('descricao', NULL)
#1 C:\xampp\htdocs\projetoacc\app\Models\CategoriaModel.php(68): CodeIgniter\Model->__call('like', Array)
#2 C:\xampp\htdocs\projetoacc\app\Controllers\Categorias.php(14): App\Models\CategoriaModel->getAll(NULL)
#3 C:\xampp\htdocs\projetoacc\system\CodeIgniter.php(918): App\Controllers\Categorias->index()
#4 C:\xampp\htdocs\projetoacc\system\CodeIgniter.php(404): CodeIgniter\CodeIgniter->runController(Object(App\Controllers\Categorias))
#5 C:\xampp\htdocs\projetoacc\system\CodeIgniter.php(312): CodeIgniter\CodeIgniter->handleRequest(NULL, Object(Config\Cache), false)
#6 C:\xampp\htdocs\projetoacc\public\index.php(45): CodeIgniter\CodeIgniter->run()
#7 C:\xampp\htdocs\projetoacc\system\Commands\Server\rewrite.php(34): require_once('C:\\xampp\\htdocs...')
#8 {main}
CRITICAL - 2020-11-19 14:00:03 --> Uncaught ErrorException: Undefined variable: viewFile in C:\xampp\htdocs\projetoacc\system\Debug\Exceptions.php:308
Stack trace:
#0 C:\xampp\htdocs\projetoacc\system\Debug\Exceptions.php(308): CodeIgniter\Debug\Exceptions->errorHandler(8, 'Undefined varia...', 'C:\\xampp\\htdocs...', 308, Array)
#1 C:\xampp\htdocs\projetoacc\system\Debug\Exceptions.php(308): include()
#2 C:\xampp\htdocs\projetoacc\system\Debug\Exceptions.php(174): CodeIgniter\Debug\Exceptions->render(Object(TypeError), 500)
#3 [internal function]: CodeIgniter\Debug\Exceptions->exceptionHandler(Object(TypeError))
#4 {main}
  thrown
#0 [internal function]: CodeIgniter\Debug\Exceptions->shutdownHandler()
#1 {main}
CRITICAL - 2020-11-19 14:00:04 --> Argument 2 passed to CodeIgniter\Database\BaseBuilder::like() must be of the type string, null given, called in C:\xampp\htdocs\projetoacc\system\Model.php on line 1818
#0 C:\xampp\htdocs\projetoacc\system\Model.php(1818): CodeIgniter\Database\BaseBuilder->like('descricao', NULL)
#1 C:\xampp\htdocs\projetoacc\app\Models\CategoriaModel.php(68): CodeIgniter\Model->__call('like', Array)
#2 C:\xampp\htdocs\projetoacc\app\Controllers\Categorias.php(14): App\Models\CategoriaModel->getAll(NULL)
#3 C:\xampp\htdocs\projetoacc\system\CodeIgniter.php(918): App\Controllers\Categorias->index()
#4 C:\xampp\htdocs\projetoacc\system\CodeIgniter.php(404): CodeIgniter\CodeIgniter->runController(Object(App\Controllers\Categorias))
#5 C:\xampp\htdocs\projetoacc\system\CodeIgniter.php(312): CodeIgniter\CodeIgniter->handleRequest(NULL, Object(Config\Cache), false)
#6 C:\xampp\htdocs\projetoacc\public\index.php(45): CodeIgniter\CodeIgniter->run()
#7 C:\xampp\htdocs\projetoacc\system\Commands\Server\rewrite.php(34): require_once('C:\\xampp\\htdocs...')
#8 {main}
CRITICAL - 2020-11-19 14:00:04 --> Uncaught ErrorException: Undefined variable: viewFile in C:\xampp\htdocs\projetoacc\system\Debug\Exceptions.php:308
Stack trace:
#0 C:\xampp\htdocs\projetoacc\system\Debug\Exceptions.php(308): CodeIgniter\Debug\Exceptions->errorHandler(8, 'Undefined varia...', 'C:\\xampp\\htdocs...', 308, Array)
#1 C:\xampp\htdocs\projetoacc\system\Debug\Exceptions.php(308): include()
#2 C:\xampp\htdocs\projetoacc\system\Debug\Exceptions.php(174): CodeIgniter\Debug\Exceptions->render(Object(TypeError), 500)
#3 [internal function]: CodeIgniter\Debug\Exceptions->exceptionHandler(Object(TypeError))
#4 {main}
  thrown
#0 [internal function]: CodeIgniter\Debug\Exceptions->shutdownHandler()
#1 {main}
CRITICAL - 2020-11-19 14:00:05 --> Argument 2 passed to CodeIgniter\Database\BaseBuilder::like() must be of the type string, null given, called in C:\xampp\htdocs\projetoacc\system\Model.php on line 1818
#0 C:\xampp\htdocs\projetoacc\system\Model.php(1818): CodeIgniter\Database\BaseBuilder->like('descricao', NULL)
#1 C:\xampp\htdocs\projetoacc\app\Models\CategoriaModel.php(68): CodeIgniter\Model->__call('like', Array)
#2 C:\xampp\htdocs\projetoacc\app\Controllers\Categorias.php(14): App\Models\CategoriaModel->getAll(NULL)
#3 C:\xampp\htdocs\projetoacc\system\CodeIgniter.php(918): App\Controllers\Categorias->index()
#4 C:\xampp\htdocs\projetoacc\system\CodeIgniter.php(404): CodeIgniter\CodeIgniter->runController(Object(App\Controllers\Categorias))
#5 C:\xampp\htdocs\projetoacc\system\CodeIgniter.php(312): CodeIgniter\CodeIgniter->handleRequest(NULL, Object(Config\Cache), false)
#6 C:\xampp\htdocs\projetoacc\public\index.php(45): CodeIgniter\CodeIgniter->run()
#7 C:\xampp\htdocs\projetoacc\system\Commands\Server\rewrite.php(34): require_once('C:\\xampp\\htdocs...')
#8 {main}
CRITICAL - 2020-11-19 14:00:05 --> Uncaught ErrorException: Undefined variable: viewFile in C:\xampp\htdocs\projetoacc\system\Debug\Exceptions.php:308
Stack trace:
#0 C:\xampp\htdocs\projetoacc\system\Debug\Exceptions.php(308): CodeIgniter\Debug\Exceptions->errorHandler(8, 'Undefined varia...', 'C:\\xampp\\htdocs...', 308, Array)
#1 C:\xampp\htdocs\projetoacc\system\Debug\Exceptions.php(308): include()
#2 C:\xampp\htdocs\projetoacc\system\Debug\Exceptions.php(174): CodeIgniter\Debug\Exceptions->render(Object(TypeError), 500)
#3 [internal function]: CodeIgniter\Debug\Exceptions->exceptionHandler(Object(TypeError))
#4 {main}
  thrown
#0 [internal function]: CodeIgniter\Debug\Exceptions->shutdownHandler()
#1 {main}
CRITICAL - 2020-11-19 14:00:05 --> Argument 2 passed to CodeIgniter\Database\BaseBuilder::like() must be of the type string, null given, called in C:\xampp\htdocs\projetoacc\system\Model.php on line 1818
#0 C:\xampp\htdocs\projetoacc\system\Model.php(1818): CodeIgniter\Database\BaseBuilder->like('descricao', NULL)
#1 C:\xampp\htdocs\projetoacc\app\Models\CategoriaModel.php(68): CodeIgniter\Model->__call('like', Array)
#2 C:\xampp\htdocs\projetoacc\app\Controllers\Categorias.php(14): App\Models\CategoriaModel->getAll(NULL)
#3 C:\xampp\htdocs\projetoacc\system\CodeIgniter.php(918): App\Controllers\Categorias->index()
#4 C:\xampp\htdocs\projetoacc\system\CodeIgniter.php(404): CodeIgniter\CodeIgniter->runController(Object(App\Controllers\Categorias))
#5 C:\xampp\htdocs\projetoacc\system\CodeIgniter.php(312): CodeIgniter\CodeIgniter->handleRequest(NULL, Object(Config\Cache), false)
#6 C:\xampp\htdocs\projetoacc\public\index.php(45): CodeIgniter\CodeIgniter->run()
#7 C:\xampp\htdocs\projetoacc\system\Commands\Server\rewrite.php(34): require_once('C:\\xampp\\htdocs...')
#8 {main}
CRITICAL - 2020-11-19 14:00:05 --> Uncaught ErrorException: Undefined variable: viewFile in C:\xampp\htdocs\projetoacc\system\Debug\Exceptions.php:308
Stack trace:
#0 C:\xampp\htdocs\projetoacc\system\Debug\Exceptions.php(308): CodeIgniter\Debug\Exceptions->errorHandler(8, 'Undefined varia...', 'C:\\xampp\\htdocs...', 308, Array)
#1 C:\xampp\htdocs\projetoacc\system\Debug\Exceptions.php(308): include()
#2 C:\xampp\htdocs\projetoacc\system\Debug\Exceptions.php(174): CodeIgniter\Debug\Exceptions->render(Object(TypeError), 500)
#3 [internal function]: CodeIgniter\Debug\Exceptions->exceptionHandler(Object(TypeError))
#4 {main}
  thrown
#0 [internal function]: CodeIgniter\Debug\Exceptions->shutdownHandler()
#1 {main}
CRITICAL - 2020-11-19 14:00:05 --> Argument 2 passed to CodeIgniter\Database\BaseBuilder::like() must be of the type string, null given, called in C:\xampp\htdocs\projetoacc\system\Model.php on line 1818
#0 C:\xampp\htdocs\projetoacc\system\Model.php(1818): CodeIgniter\Database\BaseBuilder->like('descricao', NULL)
#1 C:\xampp\htdocs\projetoacc\app\Models\CategoriaModel.php(68): CodeIgniter\Model->__call('like', Array)
#2 C:\xampp\htdocs\projetoacc\app\Controllers\Categorias.php(14): App\Models\CategoriaModel->getAll(NULL)
#3 C:\xampp\htdocs\projetoacc\system\CodeIgniter.php(918): App\Controllers\Categorias->index()
#4 C:\xampp\htdocs\projetoacc\system\CodeIgniter.php(404): CodeIgniter\CodeIgniter->runController(Object(App\Controllers\Categorias))
#5 C:\xampp\htdocs\projetoacc\system\CodeIgniter.php(312): CodeIgniter\CodeIgniter->handleRequest(NULL, Object(Config\Cache), false)
#6 C:\xampp\htdocs\projetoacc\public\index.php(45): CodeIgniter\CodeIgniter->run()
#7 C:\xampp\htdocs\projetoacc\system\Commands\Server\rewrite.php(34): require_once('C:\\xampp\\htdocs...')
#8 {main}
CRITICAL - 2020-11-19 14:00:05 --> Uncaught ErrorException: Undefined variable: viewFile in C:\xampp\htdocs\projetoacc\system\Debug\Exceptions.php:308
Stack trace:
#0 C:\xampp\htdocs\projetoacc\system\Debug\Exceptions.php(308): CodeIgniter\Debug\Exceptions->errorHandler(8, 'Undefined varia...', 'C:\\xampp\\htdocs...', 308, Array)
#1 C:\xampp\htdocs\projetoacc\system\Debug\Exceptions.php(308): include()
#2 C:\xampp\htdocs\projetoacc\system\Debug\Exceptions.php(174): CodeIgniter\Debug\Exceptions->render(Object(TypeError), 500)
#3 [internal function]: CodeIgniter\Debug\Exceptions->exceptionHandler(Object(TypeError))
#4 {main}
  thrown
#0 [internal function]: CodeIgniter\Debug\Exceptions->shutdownHandler()
#1 {main}
CRITICAL - 2020-11-19 14:00:05 --> Argument 2 passed to CodeIgniter\Database\BaseBuilder::like() must be of the type string, null given, called in C:\xampp\htdocs\projetoacc\system\Model.php on line 1818
#0 C:\xampp\htdocs\projetoacc\system\Model.php(1818): CodeIgniter\Database\BaseBuilder->like('descricao', NULL)
#1 C:\xampp\htdocs\projetoacc\app\Models\CategoriaModel.php(68): CodeIgniter\Model->__call('like', Array)
#2 C:\xampp\htdocs\projetoacc\app\Controllers\Categorias.php(14): App\Models\CategoriaModel->getAll(NULL)
#3 C:\xampp\htdocs\projetoacc\system\CodeIgniter.php(918): App\Controllers\Categorias->index()
#4 C:\xampp\htdocs\projetoacc\system\CodeIgniter.php(404): CodeIgniter\CodeIgniter->runController(Object(App\Controllers\Categorias))
#5 C:\xampp\htdocs\projetoacc\system\CodeIgniter.php(312): CodeIgniter\CodeIgniter->handleRequest(NULL, Object(Config\Cache), false)
#6 C:\xampp\htdocs\projetoacc\public\index.php(45): CodeIgniter\CodeIgniter->run()
#7 C:\xampp\htdocs\projetoacc\system\Commands\Server\rewrite.php(34): require_once('C:\\xampp\\htdocs...')
#8 {main}
CRITICAL - 2020-11-19 14:00:05 --> Uncaught ErrorException: Undefined variable: viewFile in C:\xampp\htdocs\projetoacc\system\Debug\Exceptions.php:308
Stack trace:
#0 C:\xampp\htdocs\projetoacc\system\Debug\Exceptions.php(308): CodeIgniter\Debug\Exceptions->errorHandler(8, 'Undefined varia...', 'C:\\xampp\\htdocs...', 308, Array)
#1 C:\xampp\htdocs\projetoacc\system\Debug\Exceptions.php(308): include()
#2 C:\xampp\htdocs\projetoacc\system\Debug\Exceptions.php(174): CodeIgniter\Debug\Exceptions->render(Object(TypeError), 500)
#3 [internal function]: CodeIgniter\Debug\Exceptions->exceptionHandler(Object(TypeError))
#4 {main}
  thrown
#0 [internal function]: CodeIgniter\Debug\Exceptions->shutdownHandler()
#1 {main}
