CRITICAL - 2020-11-18 16:55:55 --> syntax error, unexpected 'class' (T_CLASS), expecting ']'
#0 C:\xampp\htdocs\projetoaccnew\system\Common.php(1119): CodeIgniter\View\View->render('categorias/inde...', Array, true)
#1 C:\xampp\htdocs\projetoaccnew\app\Controllers\Categorias.php(25): view('categorias/inde...', Array)
#2 C:\xampp\htdocs\projetoaccnew\system\CodeIgniter.php(918): App\Controllers\Categorias->index()
#3 C:\xampp\htdocs\projetoaccnew\system\CodeIgniter.php(404): CodeIgniter\CodeIgniter->runController(Object(App\Controllers\Categorias))
#4 C:\xampp\htdocs\projetoaccnew\system\CodeIgniter.php(312): CodeIgniter\CodeIgniter->handleRequest(NULL, Object(Config\Cache), false)
#5 C:\xampp\htdocs\projetoaccnew\public\index.php(45): CodeIgniter\CodeIgniter->run()
#6 C:\xampp\htdocs\projetoaccnew\system\Commands\Server\rewrite.php(34): require_once('C:\\xampp\\htdocs...')
#7 {main}
CRITICAL - 2020-11-18 16:55:55 --> Uncaught ErrorException: Undefined variable: viewFile in C:\xampp\htdocs\projetoaccnew\system\Debug\Exceptions.php:308
Stack trace:
#0 C:\xampp\htdocs\projetoaccnew\system\Debug\Exceptions.php(308): CodeIgniter\Debug\Exceptions->errorHandler(8, 'Undefined varia...', 'C:\\xampp\\htdocs...', 308, Array)
#1 C:\xampp\htdocs\projetoaccnew\system\Debug\Exceptions.php(308): include()
#2 C:\xampp\htdocs\projetoaccnew\system\Debug\Exceptions.php(174): CodeIgniter\Debug\Exceptions->render(Object(ParseError), 500)
#3 [internal function]: CodeIgniter\Debug\Exceptions->exceptionHandler(Object(ParseError))
#4 {main}
  thrown
#0 [internal function]: CodeIgniter\Debug\Exceptions->shutdownHandler()
#1 {main}
CRITICAL - 2020-11-18 16:56:13 --> Unable to connect to the database.
#0 C:\xampp\htdocs\projetoaccnew\system\Database\BaseConnection.php(646): CodeIgniter\Database\BaseConnection->initialize()
#1 C:\xampp\htdocs\projetoaccnew\system\Database\BaseBuilder.php(1952): CodeIgniter\Database\BaseConnection->query('SELECT COUNT(*)...', Array, false)
#2 C:\xampp\htdocs\projetoaccnew\system\Model.php(1673): CodeIgniter\Database\BaseBuilder->countAllResults(false)
#3 C:\xampp\htdocs\projetoaccnew\system\Model.php(1176): CodeIgniter\Model->countAllResults(false)
#4 C:\xampp\htdocs\projetoaccnew\app\Controllers\Categorias.php(12): CodeIgniter\Model->paginate(2)
#5 C:\xampp\htdocs\projetoaccnew\system\CodeIgniter.php(918): App\Controllers\Categorias->index()
#6 C:\xampp\htdocs\projetoaccnew\system\CodeIgniter.php(404): CodeIgniter\CodeIgniter->runController(Object(App\Controllers\Categorias))
#7 C:\xampp\htdocs\projetoaccnew\system\CodeIgniter.php(312): CodeIgniter\CodeIgniter->handleRequest(NULL, Object(Config\Cache), false)
#8 C:\xampp\htdocs\projetoaccnew\public\index.php(45): CodeIgniter\CodeIgniter->run()
#9 C:\xampp\htdocs\projetoaccnew\system\Commands\Server\rewrite.php(34): require_once('C:\\xampp\\htdocs...')
#10 {main}
CRITICAL - 2020-11-18 16:56:13 --> Uncaught ErrorException: Undefined variable: viewFile in C:\xampp\htdocs\projetoaccnew\system\Debug\Exceptions.php:308
Stack trace:
#0 C:\xampp\htdocs\projetoaccnew\system\Debug\Exceptions.php(308): CodeIgniter\Debug\Exceptions->errorHandler(8, 'Undefined varia...', 'C:\\xampp\\htdocs...', 308, Array)
#1 C:\xampp\htdocs\projetoaccnew\system\Debug\Exceptions.php(308): include()
#2 C:\xampp\htdocs\projetoaccnew\system\Debug\Exceptions.php(174): CodeIgniter\Debug\Exceptions->render(Object(CodeIgniter\Database\Exceptions\DatabaseException), 500)
#3 [internal function]: CodeIgniter\Debug\Exceptions->exceptionHandler(Object(CodeIgniter\Database\Exceptions\DatabaseException))
#4 {main}
  thrown
#0 [internal function]: CodeIgniter\Debug\Exceptions->shutdownHandler()
#1 {main}
CRITICAL - 2020-11-18 16:56:17 --> Unable to connect to the database.
#0 C:\xampp\htdocs\projetoaccnew\system\Database\BaseConnection.php(646): CodeIgniter\Database\BaseConnection->initialize()
#1 C:\xampp\htdocs\projetoaccnew\system\Database\BaseBuilder.php(1952): CodeIgniter\Database\BaseConnection->query('SELECT COUNT(*)...', Array, false)
#2 C:\xampp\htdocs\projetoaccnew\system\Model.php(1673): CodeIgniter\Database\BaseBuilder->countAllResults(false)
#3 C:\xampp\htdocs\projetoaccnew\system\Model.php(1176): CodeIgniter\Model->countAllResults(false)
#4 C:\xampp\htdocs\projetoaccnew\app\Controllers\Categorias.php(12): CodeIgniter\Model->paginate(2)
#5 C:\xampp\htdocs\projetoaccnew\system\CodeIgniter.php(918): App\Controllers\Categorias->index()
#6 C:\xampp\htdocs\projetoaccnew\system\CodeIgniter.php(404): CodeIgniter\CodeIgniter->runController(Object(App\Controllers\Categorias))
#7 C:\xampp\htdocs\projetoaccnew\system\CodeIgniter.php(312): CodeIgniter\CodeIgniter->handleRequest(NULL, Object(Config\Cache), false)
#8 C:\xampp\htdocs\projetoaccnew\public\index.php(45): CodeIgniter\CodeIgniter->run()
#9 C:\xampp\htdocs\projetoaccnew\system\Commands\Server\rewrite.php(34): require_once('C:\\xampp\\htdocs...')
#10 {main}
CRITICAL - 2020-11-18 16:56:17 --> Uncaught ErrorException: Undefined variable: viewFile in C:\xampp\htdocs\projetoaccnew\system\Debug\Exceptions.php:308
Stack trace:
#0 C:\xampp\htdocs\projetoaccnew\system\Debug\Exceptions.php(308): CodeIgniter\Debug\Exceptions->errorHandler(8, 'Undefined varia...', 'C:\\xampp\\htdocs...', 308, Array)
#1 C:\xampp\htdocs\projetoaccnew\system\Debug\Exceptions.php(308): include()
#2 C:\xampp\htdocs\projetoaccnew\system\Debug\Exceptions.php(174): CodeIgniter\Debug\Exceptions->render(Object(CodeIgniter\Database\Exceptions\DatabaseException), 500)
#3 [internal function]: CodeIgniter\Debug\Exceptions->exceptionHandler(Object(CodeIgniter\Database\Exceptions\DatabaseException))
#4 {main}
  thrown
#0 [internal function]: CodeIgniter\Debug\Exceptions->shutdownHandler()
#1 {main}
