CRITICAL - 2020-11-21 12:41:22 --> Argument 2 passed to CodeIgniter\Database\BaseBuilder::like() must be of the type string, null given, called in C:\xampp\htdocs\projetoacc\system\Model.php on line 1818
#0 C:\xampp\htdocs\projetoacc\system\Model.php(1818): CodeIgniter\Database\BaseBuilder->like('descricao', NULL)
#1 C:\xampp\htdocs\projetoacc\app\Models\CategoriaModel.php(68): CodeIgniter\Model->__call('like', Array)
#2 C:\xampp\htdocs\projetoacc\app\Controllers\Categorias.php(14): App\Models\CategoriaModel->getAll(NULL)
#3 C:\xampp\htdocs\projetoacc\system\CodeIgniter.php(918): App\Controllers\Categorias->index()
#4 C:\xampp\htdocs\projetoacc\system\CodeIgniter.php(404): CodeIgniter\CodeIgniter->runController(Object(App\Controllers\Categorias))
#5 C:\xampp\htdocs\projetoacc\system\CodeIgniter.php(312): CodeIgniter\CodeIgniter->handleRequest(NULL, Object(Config\Cache), false)
#6 C:\xampp\htdocs\projetoacc\public\index.php(45): CodeIgniter\CodeIgniter->run()
#7 C:\xampp\htdocs\projetoacc\system\Commands\Server\rewrite.php(34): require_once('C:\\xampp\\htdocs...')
#8 {main}
CRITICAL - 2020-11-21 12:41:22 --> Uncaught ErrorException: Undefined variable: viewFile in C:\xampp\htdocs\projetoacc\system\Debug\Exceptions.php:308
Stack trace:
#0 C:\xampp\htdocs\projetoacc\system\Debug\Exceptions.php(308): CodeIgniter\Debug\Exceptions->errorHandler(8, 'Undefined varia...', 'C:\\xampp\\htdocs...', 308, Array)
#1 C:\xampp\htdocs\projetoacc\system\Debug\Exceptions.php(308): include()
#2 C:\xampp\htdocs\projetoacc\system\Debug\Exceptions.php(174): CodeIgniter\Debug\Exceptions->render(Object(TypeError), 500)
#3 [internal function]: CodeIgniter\Debug\Exceptions->exceptionHandler(Object(TypeError))
#4 {main}
  thrown
#0 [internal function]: CodeIgniter\Debug\Exceptions->shutdownHandler()
#1 {main}
CRITICAL - 2020-11-21 13:11:26 --> Argument 2 passed to CodeIgniter\Database\BaseBuilder::like() must be of the type string, null given, called in C:\xampp\htdocs\projetoacc\system\Model.php on line 1818
#0 C:\xampp\htdocs\projetoacc\system\Model.php(1818): CodeIgniter\Database\BaseBuilder->like('descricao', NULL)
#1 C:\xampp\htdocs\projetoacc\app\Models\CategoriaModel.php(68): CodeIgniter\Model->__call('like', Array)
#2 C:\xampp\htdocs\projetoacc\app\Controllers\Categorias.php(14): App\Models\CategoriaModel->getAll(NULL)
#3 C:\xampp\htdocs\projetoacc\system\CodeIgniter.php(918): App\Controllers\Categorias->index()
#4 C:\xampp\htdocs\projetoacc\system\CodeIgniter.php(404): CodeIgniter\CodeIgniter->runController(Object(App\Controllers\Categorias))
#5 C:\xampp\htdocs\projetoacc\system\CodeIgniter.php(312): CodeIgniter\CodeIgniter->handleRequest(NULL, Object(Config\Cache), false)
#6 C:\xampp\htdocs\projetoacc\public\index.php(45): CodeIgniter\CodeIgniter->run()
#7 C:\xampp\htdocs\projetoacc\system\Commands\Server\rewrite.php(34): require_once('C:\\xampp\\htdocs...')
#8 {main}
CRITICAL - 2020-11-21 13:11:26 --> Uncaught ErrorException: Undefined variable: viewFile in C:\xampp\htdocs\projetoacc\system\Debug\Exceptions.php:308
Stack trace:
#0 C:\xampp\htdocs\projetoacc\system\Debug\Exceptions.php(308): CodeIgniter\Debug\Exceptions->errorHandler(8, 'Undefined varia...', 'C:\\xampp\\htdocs...', 308, Array)
#1 C:\xampp\htdocs\projetoacc\system\Debug\Exceptions.php(308): include()
#2 C:\xampp\htdocs\projetoacc\system\Debug\Exceptions.php(174): CodeIgniter\Debug\Exceptions->render(Object(TypeError), 500)
#3 [internal function]: CodeIgniter\Debug\Exceptions->exceptionHandler(Object(TypeError))
#4 {main}
  thrown
#0 [internal function]: CodeIgniter\Debug\Exceptions->shutdownHandler()
#1 {main}
CRITICAL - 2020-11-21 13:11:32 --> Argument 2 passed to CodeIgniter\Database\BaseBuilder::like() must be of the type string, null given, called in C:\xampp\htdocs\projetoacc\system\Model.php on line 1818
#0 C:\xampp\htdocs\projetoacc\system\Model.php(1818): CodeIgniter\Database\BaseBuilder->like('descricao', NULL)
#1 C:\xampp\htdocs\projetoacc\app\Models\CategoriaModel.php(68): CodeIgniter\Model->__call('like', Array)
#2 C:\xampp\htdocs\projetoacc\app\Controllers\Categorias.php(14): App\Models\CategoriaModel->getAll(NULL)
#3 C:\xampp\htdocs\projetoacc\system\CodeIgniter.php(918): App\Controllers\Categorias->index()
#4 C:\xampp\htdocs\projetoacc\system\CodeIgniter.php(404): CodeIgniter\CodeIgniter->runController(Object(App\Controllers\Categorias))
#5 C:\xampp\htdocs\projetoacc\system\CodeIgniter.php(312): CodeIgniter\CodeIgniter->handleRequest(NULL, Object(Config\Cache), false)
#6 C:\xampp\htdocs\projetoacc\public\index.php(45): CodeIgniter\CodeIgniter->run()
#7 C:\xampp\htdocs\projetoacc\system\Commands\Server\rewrite.php(34): require_once('C:\\xampp\\htdocs...')
#8 {main}
CRITICAL - 2020-11-21 13:11:32 --> Uncaught ErrorException: Undefined variable: viewFile in C:\xampp\htdocs\projetoacc\system\Debug\Exceptions.php:308
Stack trace:
#0 C:\xampp\htdocs\projetoacc\system\Debug\Exceptions.php(308): CodeIgniter\Debug\Exceptions->errorHandler(8, 'Undefined varia...', 'C:\\xampp\\htdocs...', 308, Array)
#1 C:\xampp\htdocs\projetoacc\system\Debug\Exceptions.php(308): include()
#2 C:\xampp\htdocs\projetoacc\system\Debug\Exceptions.php(174): CodeIgniter\Debug\Exceptions->render(Object(TypeError), 500)
#3 [internal function]: CodeIgniter\Debug\Exceptions->exceptionHandler(Object(TypeError))
#4 {main}
  thrown
#0 [internal function]: CodeIgniter\Debug\Exceptions->shutdownHandler()
#1 {main}
CRITICAL - 2020-11-21 13:12:08 --> Argument 2 passed to CodeIgniter\Database\BaseBuilder::like() must be of the type string, null given, called in C:\xampp\htdocs\projetoacc\system\Model.php on line 1818
#0 C:\xampp\htdocs\projetoacc\system\Model.php(1818): CodeIgniter\Database\BaseBuilder->like('descricao', NULL)
#1 C:\xampp\htdocs\projetoacc\app\Models\CategoriaModel.php(68): CodeIgniter\Model->__call('like', Array)
#2 C:\xampp\htdocs\projetoacc\app\Controllers\Categorias.php(14): App\Models\CategoriaModel->getAll(NULL)
#3 C:\xampp\htdocs\projetoacc\system\CodeIgniter.php(918): App\Controllers\Categorias->index()
#4 C:\xampp\htdocs\projetoacc\system\CodeIgniter.php(404): CodeIgniter\CodeIgniter->runController(Object(App\Controllers\Categorias))
#5 C:\xampp\htdocs\projetoacc\system\CodeIgniter.php(312): CodeIgniter\CodeIgniter->handleRequest(NULL, Object(Config\Cache), false)
#6 C:\xampp\htdocs\projetoacc\public\index.php(45): CodeIgniter\CodeIgniter->run()
#7 C:\xampp\htdocs\projetoacc\system\Commands\Server\rewrite.php(34): require_once('C:\\xampp\\htdocs...')
#8 {main}
CRITICAL - 2020-11-21 13:12:08 --> Uncaught ErrorException: Undefined variable: viewFile in C:\xampp\htdocs\projetoacc\system\Debug\Exceptions.php:308
Stack trace:
#0 C:\xampp\htdocs\projetoacc\system\Debug\Exceptions.php(308): CodeIgniter\Debug\Exceptions->errorHandler(8, 'Undefined varia...', 'C:\\xampp\\htdocs...', 308, Array)
#1 C:\xampp\htdocs\projetoacc\system\Debug\Exceptions.php(308): include()
#2 C:\xampp\htdocs\projetoacc\system\Debug\Exceptions.php(174): CodeIgniter\Debug\Exceptions->render(Object(TypeError), 500)
#3 [internal function]: CodeIgniter\Debug\Exceptions->exceptionHandler(Object(TypeError))
#4 {main}
  thrown
#0 [internal function]: CodeIgniter\Debug\Exceptions->shutdownHandler()
#1 {main}
CRITICAL - 2020-11-21 13:12:09 --> Argument 2 passed to CodeIgniter\Database\BaseBuilder::like() must be of the type string, null given, called in C:\xampp\htdocs\projetoacc\system\Model.php on line 1818
#0 C:\xampp\htdocs\projetoacc\system\Model.php(1818): CodeIgniter\Database\BaseBuilder->like('descricao', NULL)
#1 C:\xampp\htdocs\projetoacc\app\Models\CategoriaModel.php(68): CodeIgniter\Model->__call('like', Array)
#2 C:\xampp\htdocs\projetoacc\app\Controllers\Categorias.php(14): App\Models\CategoriaModel->getAll(NULL)
#3 C:\xampp\htdocs\projetoacc\system\CodeIgniter.php(918): App\Controllers\Categorias->index()
#4 C:\xampp\htdocs\projetoacc\system\CodeIgniter.php(404): CodeIgniter\CodeIgniter->runController(Object(App\Controllers\Categorias))
#5 C:\xampp\htdocs\projetoacc\system\CodeIgniter.php(312): CodeIgniter\CodeIgniter->handleRequest(NULL, Object(Config\Cache), false)
#6 C:\xampp\htdocs\projetoacc\public\index.php(45): CodeIgniter\CodeIgniter->run()
#7 C:\xampp\htdocs\projetoacc\system\Commands\Server\rewrite.php(34): require_once('C:\\xampp\\htdocs...')
#8 {main}
CRITICAL - 2020-11-21 13:12:09 --> Uncaught ErrorException: Undefined variable: viewFile in C:\xampp\htdocs\projetoacc\system\Debug\Exceptions.php:308
Stack trace:
#0 C:\xampp\htdocs\projetoacc\system\Debug\Exceptions.php(308): CodeIgniter\Debug\Exceptions->errorHandler(8, 'Undefined varia...', 'C:\\xampp\\htdocs...', 308, Array)
#1 C:\xampp\htdocs\projetoacc\system\Debug\Exceptions.php(308): include()
#2 C:\xampp\htdocs\projetoacc\system\Debug\Exceptions.php(174): CodeIgniter\Debug\Exceptions->render(Object(TypeError), 500)
#3 [internal function]: CodeIgniter\Debug\Exceptions->exceptionHandler(Object(TypeError))
#4 {main}
  thrown
#0 [internal function]: CodeIgniter\Debug\Exceptions->shutdownHandler()
#1 {main}
CRITICAL - 2020-11-21 13:12:09 --> Argument 2 passed to CodeIgniter\Database\BaseBuilder::like() must be of the type string, null given, called in C:\xampp\htdocs\projetoacc\system\Model.php on line 1818
#0 C:\xampp\htdocs\projetoacc\system\Model.php(1818): CodeIgniter\Database\BaseBuilder->like('descricao', NULL)
#1 C:\xampp\htdocs\projetoacc\app\Models\CategoriaModel.php(68): CodeIgniter\Model->__call('like', Array)
#2 C:\xampp\htdocs\projetoacc\app\Controllers\Categorias.php(14): App\Models\CategoriaModel->getAll(NULL)
#3 C:\xampp\htdocs\projetoacc\system\CodeIgniter.php(918): App\Controllers\Categorias->index()
#4 C:\xampp\htdocs\projetoacc\system\CodeIgniter.php(404): CodeIgniter\CodeIgniter->runController(Object(App\Controllers\Categorias))
#5 C:\xampp\htdocs\projetoacc\system\CodeIgniter.php(312): CodeIgniter\CodeIgniter->handleRequest(NULL, Object(Config\Cache), false)
#6 C:\xampp\htdocs\projetoacc\public\index.php(45): CodeIgniter\CodeIgniter->run()
#7 C:\xampp\htdocs\projetoacc\system\Commands\Server\rewrite.php(34): require_once('C:\\xampp\\htdocs...')
#8 {main}
CRITICAL - 2020-11-21 13:12:09 --> Uncaught ErrorException: Undefined variable: viewFile in C:\xampp\htdocs\projetoacc\system\Debug\Exceptions.php:308
Stack trace:
#0 C:\xampp\htdocs\projetoacc\system\Debug\Exceptions.php(308): CodeIgniter\Debug\Exceptions->errorHandler(8, 'Undefined varia...', 'C:\\xampp\\htdocs...', 308, Array)
#1 C:\xampp\htdocs\projetoacc\system\Debug\Exceptions.php(308): include()
#2 C:\xampp\htdocs\projetoacc\system\Debug\Exceptions.php(174): CodeIgniter\Debug\Exceptions->render(Object(TypeError), 500)
#3 [internal function]: CodeIgniter\Debug\Exceptions->exceptionHandler(Object(TypeError))
#4 {main}
  thrown
#0 [internal function]: CodeIgniter\Debug\Exceptions->shutdownHandler()
#1 {main}
CRITICAL - 2020-11-21 13:14:18 --> Uncaught ErrorException: Undefined variable: viewFile in C:\xampp\htdocs\projetoacc\system\Debug\Exceptions.php:308
Stack trace:
#0 C:\xampp\htdocs\projetoacc\system\Debug\Exceptions.php(308): CodeIgniter\Debug\Exceptions->errorHandler(8, 'Undefined varia...', 'C:\\xampp\\htdocs...', 308, Array)
#1 C:\xampp\htdocs\projetoacc\system\Debug\Exceptions.php(308): include()
#2 C:\xampp\htdocs\projetoacc\system\Debug\Exceptions.php(174): CodeIgniter\Debug\Exceptions->render(Object(CodeIgniter\Exceptions\PageNotFoundException), 404)
#3 [internal function]: CodeIgniter\Debug\Exceptions->exceptionHandler(Object(CodeIgniter\Exceptions\PageNotFoundException))
#4 {main}
  thrown
#0 [internal function]: CodeIgniter\Debug\Exceptions->shutdownHandler()
#1 {main}
CRITICAL - 2020-11-21 13:18:39 --> Uncaught ErrorException: Undefined variable: viewFile in C:\xampp\htdocs\projetoacc\system\Debug\Exceptions.php:308
Stack trace:
#0 C:\xampp\htdocs\projetoacc\system\Debug\Exceptions.php(308): CodeIgniter\Debug\Exceptions->errorHandler(8, 'Undefined varia...', 'C:\\xampp\\htdocs...', 308, Array)
#1 C:\xampp\htdocs\projetoacc\system\Debug\Exceptions.php(308): include()
#2 C:\xampp\htdocs\projetoacc\system\Debug\Exceptions.php(174): CodeIgniter\Debug\Exceptions->render(Object(CodeIgniter\Exceptions\PageNotFoundException), 404)
#3 [internal function]: CodeIgniter\Debug\Exceptions->exceptionHandler(Object(CodeIgniter\Exceptions\PageNotFoundException))
#4 {main}
  thrown
#0 [internal function]: CodeIgniter\Debug\Exceptions->shutdownHandler()
#1 {main}
CRITICAL - 2020-11-21 13:19:21 --> Uncaught ErrorException: Undefined variable: viewFile in C:\xampp\htdocs\projetoacc\system\Debug\Exceptions.php:308
Stack trace:
#0 C:\xampp\htdocs\projetoacc\system\Debug\Exceptions.php(308): CodeIgniter\Debug\Exceptions->errorHandler(8, 'Undefined varia...', 'C:\\xampp\\htdocs...', 308, Array)
#1 C:\xampp\htdocs\projetoacc\system\Debug\Exceptions.php(308): include()
#2 C:\xampp\htdocs\projetoacc\system\Debug\Exceptions.php(174): CodeIgniter\Debug\Exceptions->render(Object(CodeIgniter\Exceptions\PageNotFoundException), 404)
#3 [internal function]: CodeIgniter\Debug\Exceptions->exceptionHandler(Object(CodeIgniter\Exceptions\PageNotFoundException))
#4 {main}
  thrown
#0 [internal function]: CodeIgniter\Debug\Exceptions->shutdownHandler()
#1 {main}
CRITICAL - 2020-11-21 13:19:22 --> Argument 2 passed to CodeIgniter\Database\BaseBuilder::like() must be of the type string, null given, called in C:\xampp\htdocs\projetoacc\system\Model.php on line 1818
#0 C:\xampp\htdocs\projetoacc\system\Model.php(1818): CodeIgniter\Database\BaseBuilder->like('descricao', NULL)
#1 C:\xampp\htdocs\projetoacc\app\Models\CategoriaModel.php(62): CodeIgniter\Model->__call('like', Array)
#2 C:\xampp\htdocs\projetoacc\app\Controllers\Categorias.php(14): App\Models\CategoriaModel->getAll(NULL)
#3 C:\xampp\htdocs\projetoacc\system\CodeIgniter.php(918): App\Controllers\Categorias->index()
#4 C:\xampp\htdocs\projetoacc\system\CodeIgniter.php(404): CodeIgniter\CodeIgniter->runController(Object(App\Controllers\Categorias))
#5 C:\xampp\htdocs\projetoacc\system\CodeIgniter.php(312): CodeIgniter\CodeIgniter->handleRequest(NULL, Object(Config\Cache), false)
#6 C:\xampp\htdocs\projetoacc\public\index.php(45): CodeIgniter\CodeIgniter->run()
#7 C:\xampp\htdocs\projetoacc\system\Commands\Server\rewrite.php(34): require_once('C:\\xampp\\htdocs...')
#8 {main}
CRITICAL - 2020-11-21 13:19:22 --> Uncaught ErrorException: Undefined variable: viewFile in C:\xampp\htdocs\projetoacc\system\Debug\Exceptions.php:308
Stack trace:
#0 C:\xampp\htdocs\projetoacc\system\Debug\Exceptions.php(308): CodeIgniter\Debug\Exceptions->errorHandler(8, 'Undefined varia...', 'C:\\xampp\\htdocs...', 308, Array)
#1 C:\xampp\htdocs\projetoacc\system\Debug\Exceptions.php(308): include()
#2 C:\xampp\htdocs\projetoacc\system\Debug\Exceptions.php(174): CodeIgniter\Debug\Exceptions->render(Object(TypeError), 500)
#3 [internal function]: CodeIgniter\Debug\Exceptions->exceptionHandler(Object(TypeError))
#4 {main}
  thrown
#0 [internal function]: CodeIgniter\Debug\Exceptions->shutdownHandler()
#1 {main}
CRITICAL - 2020-11-21 13:19:26 --> Argument 2 passed to CodeIgniter\Database\BaseBuilder::like() must be of the type string, null given, called in C:\xampp\htdocs\projetoacc\system\Model.php on line 1818
#0 C:\xampp\htdocs\projetoacc\system\Model.php(1818): CodeIgniter\Database\BaseBuilder->like('descricao', NULL)
#1 C:\xampp\htdocs\projetoacc\app\Models\CategoriaModel.php(62): CodeIgniter\Model->__call('like', Array)
#2 C:\xampp\htdocs\projetoacc\app\Controllers\Categorias.php(14): App\Models\CategoriaModel->getAll(NULL)
#3 C:\xampp\htdocs\projetoacc\system\CodeIgniter.php(918): App\Controllers\Categorias->index()
#4 C:\xampp\htdocs\projetoacc\system\CodeIgniter.php(404): CodeIgniter\CodeIgniter->runController(Object(App\Controllers\Categorias))
#5 C:\xampp\htdocs\projetoacc\system\CodeIgniter.php(312): CodeIgniter\CodeIgniter->handleRequest(NULL, Object(Config\Cache), false)
#6 C:\xampp\htdocs\projetoacc\public\index.php(45): CodeIgniter\CodeIgniter->run()
#7 C:\xampp\htdocs\projetoacc\system\Commands\Server\rewrite.php(34): require_once('C:\\xampp\\htdocs...')
#8 {main}
CRITICAL - 2020-11-21 13:19:26 --> Uncaught ErrorException: Undefined variable: viewFile in C:\xampp\htdocs\projetoacc\system\Debug\Exceptions.php:308
Stack trace:
#0 C:\xampp\htdocs\projetoacc\system\Debug\Exceptions.php(308): CodeIgniter\Debug\Exceptions->errorHandler(8, 'Undefined varia...', 'C:\\xampp\\htdocs...', 308, Array)
#1 C:\xampp\htdocs\projetoacc\system\Debug\Exceptions.php(308): include()
#2 C:\xampp\htdocs\projetoacc\system\Debug\Exceptions.php(174): CodeIgniter\Debug\Exceptions->render(Object(TypeError), 500)
#3 [internal function]: CodeIgniter\Debug\Exceptions->exceptionHandler(Object(TypeError))
#4 {main}
  thrown
#0 [internal function]: CodeIgniter\Debug\Exceptions->shutdownHandler()
#1 {main}
CRITICAL - 2020-11-21 13:24:40 --> syntax error, unexpected '?>'
#0 C:\xampp\htdocs\projetoacc\system\Common.php(1119): CodeIgniter\View\View->render('categorias/inde...', Array, true)
#1 C:\xampp\htdocs\projetoacc\app\Controllers\Categorias.php(28): view('categorias/inde...', Array)
#2 C:\xampp\htdocs\projetoacc\system\CodeIgniter.php(918): App\Controllers\Categorias->index()
#3 C:\xampp\htdocs\projetoacc\system\CodeIgniter.php(404): CodeIgniter\CodeIgniter->runController(Object(App\Controllers\Categorias))
#4 C:\xampp\htdocs\projetoacc\system\CodeIgniter.php(312): CodeIgniter\CodeIgniter->handleRequest(NULL, Object(Config\Cache), false)
#5 C:\xampp\htdocs\projetoacc\public\index.php(45): CodeIgniter\CodeIgniter->run()
#6 C:\xampp\htdocs\projetoacc\system\Commands\Server\rewrite.php(34): require_once('C:\\xampp\\htdocs...')
#7 {main}
CRITICAL - 2020-11-21 13:24:40 --> Uncaught ErrorException: Undefined variable: viewFile in C:\xampp\htdocs\projetoacc\system\Debug\Exceptions.php:308
Stack trace:
#0 C:\xampp\htdocs\projetoacc\system\Debug\Exceptions.php(308): CodeIgniter\Debug\Exceptions->errorHandler(8, 'Undefined varia...', 'C:\\xampp\\htdocs...', 308, Array)
#1 C:\xampp\htdocs\projetoacc\system\Debug\Exceptions.php(308): include()
#2 C:\xampp\htdocs\projetoacc\system\Debug\Exceptions.php(174): CodeIgniter\Debug\Exceptions->render(Object(ParseError), 500)
#3 [internal function]: CodeIgniter\Debug\Exceptions->exceptionHandler(Object(ParseError))
#4 {main}
  thrown
#0 [internal function]: CodeIgniter\Debug\Exceptions->shutdownHandler()
#1 {main}
CRITICAL - 2020-11-21 13:24:42 --> syntax error, unexpected '?>'
#0 C:\xampp\htdocs\projetoacc\system\Common.php(1119): CodeIgniter\View\View->render('categorias/inde...', Array, true)
#1 C:\xampp\htdocs\projetoacc\app\Controllers\Categorias.php(28): view('categorias/inde...', Array)
#2 C:\xampp\htdocs\projetoacc\system\CodeIgniter.php(918): App\Controllers\Categorias->index()
#3 C:\xampp\htdocs\projetoacc\system\CodeIgniter.php(404): CodeIgniter\CodeIgniter->runController(Object(App\Controllers\Categorias))
#4 C:\xampp\htdocs\projetoacc\system\CodeIgniter.php(312): CodeIgniter\CodeIgniter->handleRequest(NULL, Object(Config\Cache), false)
#5 C:\xampp\htdocs\projetoacc\public\index.php(45): CodeIgniter\CodeIgniter->run()
#6 C:\xampp\htdocs\projetoacc\system\Commands\Server\rewrite.php(34): require_once('C:\\xampp\\htdocs...')
#7 {main}
CRITICAL - 2020-11-21 13:24:42 --> Uncaught ErrorException: Undefined variable: viewFile in C:\xampp\htdocs\projetoacc\system\Debug\Exceptions.php:308
Stack trace:
#0 C:\xampp\htdocs\projetoacc\system\Debug\Exceptions.php(308): CodeIgniter\Debug\Exceptions->errorHandler(8, 'Undefined varia...', 'C:\\xampp\\htdocs...', 308, Array)
#1 C:\xampp\htdocs\projetoacc\system\Debug\Exceptions.php(308): include()
#2 C:\xampp\htdocs\projetoacc\system\Debug\Exceptions.php(174): CodeIgniter\Debug\Exceptions->render(Object(ParseError), 500)
#3 [internal function]: CodeIgniter\Debug\Exceptions->exceptionHandler(Object(ParseError))
#4 {main}
  thrown
#0 [internal function]: CodeIgniter\Debug\Exceptions->shutdownHandler()
#1 {main}
CRITICAL - 2020-11-21 13:24:44 --> syntax error, unexpected '?>'
#0 C:\xampp\htdocs\projetoacc\system\Common.php(1119): CodeIgniter\View\View->render('categorias/inde...', Array, true)
#1 C:\xampp\htdocs\projetoacc\app\Controllers\Categorias.php(28): view('categorias/inde...', Array)
#2 C:\xampp\htdocs\projetoacc\system\CodeIgniter.php(918): App\Controllers\Categorias->index()
#3 C:\xampp\htdocs\projetoacc\system\CodeIgniter.php(404): CodeIgniter\CodeIgniter->runController(Object(App\Controllers\Categorias))
#4 C:\xampp\htdocs\projetoacc\system\CodeIgniter.php(312): CodeIgniter\CodeIgniter->handleRequest(NULL, Object(Config\Cache), false)
#5 C:\xampp\htdocs\projetoacc\public\index.php(45): CodeIgniter\CodeIgniter->run()
#6 C:\xampp\htdocs\projetoacc\system\Commands\Server\rewrite.php(34): require_once('C:\\xampp\\htdocs...')
#7 {main}
CRITICAL - 2020-11-21 13:24:44 --> Uncaught ErrorException: Undefined variable: viewFile in C:\xampp\htdocs\projetoacc\system\Debug\Exceptions.php:308
Stack trace:
#0 C:\xampp\htdocs\projetoacc\system\Debug\Exceptions.php(308): CodeIgniter\Debug\Exceptions->errorHandler(8, 'Undefined varia...', 'C:\\xampp\\htdocs...', 308, Array)
#1 C:\xampp\htdocs\projetoacc\system\Debug\Exceptions.php(308): include()
#2 C:\xampp\htdocs\projetoacc\system\Debug\Exceptions.php(174): CodeIgniter\Debug\Exceptions->render(Object(ParseError), 500)
#3 [internal function]: CodeIgniter\Debug\Exceptions->exceptionHandler(Object(ParseError))
#4 {main}
  thrown
#0 [internal function]: CodeIgniter\Debug\Exceptions->shutdownHandler()
#1 {main}
CRITICAL - 2020-11-21 13:27:59 --> Uncaught ErrorException: Undefined variable: viewFile in C:\xampp\htdocs\projetoacc\system\Debug\Exceptions.php:308
Stack trace:
#0 C:\xampp\htdocs\projetoacc\system\Debug\Exceptions.php(308): CodeIgniter\Debug\Exceptions->errorHandler(8, 'Undefined varia...', 'C:\\xampp\\htdocs...', 308, Array)
#1 C:\xampp\htdocs\projetoacc\system\Debug\Exceptions.php(308): include()
#2 C:\xampp\htdocs\projetoacc\system\Debug\Exceptions.php(174): CodeIgniter\Debug\Exceptions->render(Object(CodeIgniter\Exceptions\PageNotFoundException), 404)
#3 [internal function]: CodeIgniter\Debug\Exceptions->exceptionHandler(Object(CodeIgniter\Exceptions\PageNotFoundException))
#4 {main}
  thrown
#0 [internal function]: CodeIgniter\Debug\Exceptions->shutdownHandler()
#1 {main}
CRITICAL - 2020-11-21 13:28:18 --> Uncaught ErrorException: Undefined variable: viewFile in C:\xampp\htdocs\projetoacc\system\Debug\Exceptions.php:308
Stack trace:
#0 C:\xampp\htdocs\projetoacc\system\Debug\Exceptions.php(308): CodeIgniter\Debug\Exceptions->errorHandler(8, 'Undefined varia...', 'C:\\xampp\\htdocs...', 308, Array)
#1 C:\xampp\htdocs\projetoacc\system\Debug\Exceptions.php(308): include()
#2 C:\xampp\htdocs\projetoacc\system\Debug\Exceptions.php(174): CodeIgniter\Debug\Exceptions->render(Object(CodeIgniter\Exceptions\PageNotFoundException), 404)
#3 [internal function]: CodeIgniter\Debug\Exceptions->exceptionHandler(Object(CodeIgniter\Exceptions\PageNotFoundException))
#4 {main}
  thrown
#0 [internal function]: CodeIgniter\Debug\Exceptions->shutdownHandler()
#1 {main}
CRITICAL - 2020-11-21 13:28:31 --> Uncaught ErrorException: Undefined variable: viewFile in C:\xampp\htdocs\projetoacc\system\Debug\Exceptions.php:308
Stack trace:
#0 C:\xampp\htdocs\projetoacc\system\Debug\Exceptions.php(308): CodeIgniter\Debug\Exceptions->errorHandler(8, 'Undefined varia...', 'C:\\xampp\\htdocs...', 308, Array)
#1 C:\xampp\htdocs\projetoacc\system\Debug\Exceptions.php(308): include()
#2 C:\xampp\htdocs\projetoacc\system\Debug\Exceptions.php(174): CodeIgniter\Debug\Exceptions->render(Object(CodeIgniter\Exceptions\PageNotFoundException), 404)
#3 [internal function]: CodeIgniter\Debug\Exceptions->exceptionHandler(Object(CodeIgniter\Exceptions\PageNotFoundException))
#4 {main}
  thrown
#0 [internal function]: CodeIgniter\Debug\Exceptions->shutdownHandler()
#1 {main}
CRITICAL - 2020-11-21 13:28:44 --> Uncaught ErrorException: Undefined variable: viewFile in C:\xampp\htdocs\projetoacc\system\Debug\Exceptions.php:308
Stack trace:
#0 C:\xampp\htdocs\projetoacc\system\Debug\Exceptions.php(308): CodeIgniter\Debug\Exceptions->errorHandler(8, 'Undefined varia...', 'C:\\xampp\\htdocs...', 308, Array)
#1 C:\xampp\htdocs\projetoacc\system\Debug\Exceptions.php(308): include()
#2 C:\xampp\htdocs\projetoacc\system\Debug\Exceptions.php(174): CodeIgniter\Debug\Exceptions->render(Object(CodeIgniter\Exceptions\PageNotFoundException), 404)
#3 [internal function]: CodeIgniter\Debug\Exceptions->exceptionHandler(Object(CodeIgniter\Exceptions\PageNotFoundException))
#4 {main}
  thrown
#0 [internal function]: CodeIgniter\Debug\Exceptions->shutdownHandler()
#1 {main}
CRITICAL - 2020-11-21 13:30:24 --> Call to a member function links() on null
#0 C:\xampp\htdocs\projetoacc\system\View\View.php(246): include()
#1 C:\xampp\htdocs\projetoacc\system\Common.php(1119): CodeIgniter\View\View->render('categorias/inde...', Array, true)
#2 C:\xampp\htdocs\projetoacc\app\Controllers\Categorias.php(28): view('categorias/inde...', Array)
#3 C:\xampp\htdocs\projetoacc\system\CodeIgniter.php(918): App\Controllers\Categorias->index()
#4 C:\xampp\htdocs\projetoacc\system\CodeIgniter.php(404): CodeIgniter\CodeIgniter->runController(Object(App\Controllers\Categorias))
#5 C:\xampp\htdocs\projetoacc\system\CodeIgniter.php(312): CodeIgniter\CodeIgniter->handleRequest(NULL, Object(Config\Cache), false)
#6 C:\xampp\htdocs\projetoacc\public\index.php(45): CodeIgniter\CodeIgniter->run()
#7 C:\xampp\htdocs\projetoacc\system\Commands\Server\rewrite.php(34): require_once('C:\\xampp\\htdocs...')
#8 {main}
CRITICAL - 2020-11-21 13:30:24 --> Uncaught ErrorException: Undefined variable: viewFile in C:\xampp\htdocs\projetoacc\system\Debug\Exceptions.php:308
Stack trace:
#0 C:\xampp\htdocs\projetoacc\system\Debug\Exceptions.php(308): CodeIgniter\Debug\Exceptions->errorHandler(8, 'Undefined varia...', 'C:\\xampp\\htdocs...', 308, Array)
#1 C:\xampp\htdocs\projetoacc\system\Debug\Exceptions.php(308): include()
#2 C:\xampp\htdocs\projetoacc\system\Debug\Exceptions.php(174): CodeIgniter\Debug\Exceptions->render(Object(Error), 500)
#3 [internal function]: CodeIgniter\Debug\Exceptions->exceptionHandler(Object(Error))
#4 {main}
  thrown
#0 [internal function]: CodeIgniter\Debug\Exceptions->shutdownHandler()
#1 {main}
CRITICAL - 2020-11-21 13:30:38 --> Call to a member function links() on null
#0 C:\xampp\htdocs\projetoacc\system\View\View.php(246): include()
#1 C:\xampp\htdocs\projetoacc\system\Common.php(1119): CodeIgniter\View\View->render('categorias/inde...', Array, true)
#2 C:\xampp\htdocs\projetoacc\app\Controllers\Categorias.php(28): view('categorias/inde...', Array)
#3 C:\xampp\htdocs\projetoacc\system\CodeIgniter.php(918): App\Controllers\Categorias->index()
#4 C:\xampp\htdocs\projetoacc\system\CodeIgniter.php(404): CodeIgniter\CodeIgniter->runController(Object(App\Controllers\Categorias))
#5 C:\xampp\htdocs\projetoacc\system\CodeIgniter.php(312): CodeIgniter\CodeIgniter->handleRequest(NULL, Object(Config\Cache), false)
#6 C:\xampp\htdocs\projetoacc\public\index.php(45): CodeIgniter\CodeIgniter->run()
#7 C:\xampp\htdocs\projetoacc\system\Commands\Server\rewrite.php(34): require_once('C:\\xampp\\htdocs...')
#8 {main}
CRITICAL - 2020-11-21 13:30:38 --> Uncaught ErrorException: Undefined variable: viewFile in C:\xampp\htdocs\projetoacc\system\Debug\Exceptions.php:308
Stack trace:
#0 C:\xampp\htdocs\projetoacc\system\Debug\Exceptions.php(308): CodeIgniter\Debug\Exceptions->errorHandler(8, 'Undefined varia...', 'C:\\xampp\\htdocs...', 308, Array)
#1 C:\xampp\htdocs\projetoacc\system\Debug\Exceptions.php(308): include()
#2 C:\xampp\htdocs\projetoacc\system\Debug\Exceptions.php(174): CodeIgniter\Debug\Exceptions->render(Object(Error), 500)
#3 [internal function]: CodeIgniter\Debug\Exceptions->exceptionHandler(Object(Error))
#4 {main}
  thrown
#0 [internal function]: CodeIgniter\Debug\Exceptions->shutdownHandler()
#1 {main}
CRITICAL - 2020-11-21 13:30:42 --> Call to a member function links() on null
#0 C:\xampp\htdocs\projetoacc\system\View\View.php(246): include()
#1 C:\xampp\htdocs\projetoacc\system\Common.php(1119): CodeIgniter\View\View->render('categorias/inde...', Array, true)
#2 C:\xampp\htdocs\projetoacc\app\Controllers\Categorias.php(28): view('categorias/inde...', Array)
#3 C:\xampp\htdocs\projetoacc\system\CodeIgniter.php(918): App\Controllers\Categorias->index()
#4 C:\xampp\htdocs\projetoacc\system\CodeIgniter.php(404): CodeIgniter\CodeIgniter->runController(Object(App\Controllers\Categorias))
#5 C:\xampp\htdocs\projetoacc\system\CodeIgniter.php(312): CodeIgniter\CodeIgniter->handleRequest(NULL, Object(Config\Cache), false)
#6 C:\xampp\htdocs\projetoacc\public\index.php(45): CodeIgniter\CodeIgniter->run()
#7 C:\xampp\htdocs\projetoacc\system\Commands\Server\rewrite.php(34): require_once('C:\\xampp\\htdocs...')
#8 {main}
CRITICAL - 2020-11-21 13:30:42 --> Uncaught ErrorException: Undefined variable: viewFile in C:\xampp\htdocs\projetoacc\system\Debug\Exceptions.php:308
Stack trace:
#0 C:\xampp\htdocs\projetoacc\system\Debug\Exceptions.php(308): CodeIgniter\Debug\Exceptions->errorHandler(8, 'Undefined varia...', 'C:\\xampp\\htdocs...', 308, Array)
#1 C:\xampp\htdocs\projetoacc\system\Debug\Exceptions.php(308): include()
#2 C:\xampp\htdocs\projetoacc\system\Debug\Exceptions.php(174): CodeIgniter\Debug\Exceptions->render(Object(Error), 500)
#3 [internal function]: CodeIgniter\Debug\Exceptions->exceptionHandler(Object(Error))
#4 {main}
  thrown
#0 [internal function]: CodeIgniter\Debug\Exceptions->shutdownHandler()
#1 {main}
CRITICAL - 2020-11-21 13:31:14 --> Undefined variable: search
#0 C:\xampp\htdocs\projetoacc\app\Views\categorias\index.php(25): CodeIgniter\Debug\Exceptions->errorHandler(8, 'Undefined varia...', 'C:\\xampp\\htdocs...', 25, Array)
#1 C:\xampp\htdocs\projetoacc\system\View\View.php(246): include('C:\\xampp\\htdocs...')
#2 C:\xampp\htdocs\projetoacc\system\Common.php(1119): CodeIgniter\View\View->render('categorias/inde...', Array, true)
#3 C:\xampp\htdocs\projetoacc\app\Controllers\Categorias.php(28): view('categorias/inde...', Array)
#4 C:\xampp\htdocs\projetoacc\system\CodeIgniter.php(918): App\Controllers\Categorias->index()
#5 C:\xampp\htdocs\projetoacc\system\CodeIgniter.php(404): CodeIgniter\CodeIgniter->runController(Object(App\Controllers\Categorias))
#6 C:\xampp\htdocs\projetoacc\system\CodeIgniter.php(312): CodeIgniter\CodeIgniter->handleRequest(NULL, Object(Config\Cache), false)
#7 C:\xampp\htdocs\projetoacc\public\index.php(45): CodeIgniter\CodeIgniter->run()
#8 C:\xampp\htdocs\projetoacc\system\Commands\Server\rewrite.php(34): require_once('C:\\xampp\\htdocs...')
#9 {main}
CRITICAL - 2020-11-21 13:31:14 --> Uncaught ErrorException: Undefined variable: viewFile in C:\xampp\htdocs\projetoacc\system\Debug\Exceptions.php:308
Stack trace:
#0 C:\xampp\htdocs\projetoacc\system\Debug\Exceptions.php(308): CodeIgniter\Debug\Exceptions->errorHandler(8, 'Undefined varia...', 'C:\\xampp\\htdocs...', 308, Array)
#1 C:\xampp\htdocs\projetoacc\system\Debug\Exceptions.php(308): include()
#2 C:\xampp\htdocs\projetoacc\system\Debug\Exceptions.php(174): CodeIgniter\Debug\Exceptions->render(Object(ErrorException), 500)
#3 [internal function]: CodeIgniter\Debug\Exceptions->exceptionHandler(Object(ErrorException))
#4 {main}
  thrown
#0 [internal function]: CodeIgniter\Debug\Exceptions->shutdownHandler()
#1 {main}
CRITICAL - 2020-11-21 14:16:40 --> Uncaught ErrorException: Undefined variable: viewFile in C:\xampp\htdocs\projetoacc\system\Debug\Exceptions.php:308
Stack trace:
#0 C:\xampp\htdocs\projetoacc\system\Debug\Exceptions.php(308): CodeIgniter\Debug\Exceptions->errorHandler(8, 'Undefined varia...', 'C:\\xampp\\htdocs...', 308, Array)
#1 C:\xampp\htdocs\projetoacc\system\Debug\Exceptions.php(308): include()
#2 C:\xampp\htdocs\projetoacc\system\Debug\Exceptions.php(174): CodeIgniter\Debug\Exceptions->render(Object(CodeIgniter\Exceptions\PageNotFoundException), 404)
#3 [internal function]: CodeIgniter\Debug\Exceptions->exceptionHandler(Object(CodeIgniter\Exceptions\PageNotFoundException))
#4 {main}
  thrown
#0 [internal function]: CodeIgniter\Debug\Exceptions->shutdownHandler()
#1 {main}
CRITICAL - 2020-11-21 14:17:21 --> Uncaught ErrorException: Undefined variable: viewFile in C:\xampp\htdocs\projetoacc\system\Debug\Exceptions.php:308
Stack trace:
#0 C:\xampp\htdocs\projetoacc\system\Debug\Exceptions.php(308): CodeIgniter\Debug\Exceptions->errorHandler(8, 'Undefined varia...', 'C:\\xampp\\htdocs...', 308, Array)
#1 C:\xampp\htdocs\projetoacc\system\Debug\Exceptions.php(308): include()
#2 C:\xampp\htdocs\projetoacc\system\Debug\Exceptions.php(174): CodeIgniter\Debug\Exceptions->render(Object(CodeIgniter\Exceptions\PageNotFoundException), 404)
#3 [internal function]: CodeIgniter\Debug\Exceptions->exceptionHandler(Object(CodeIgniter\Exceptions\PageNotFoundException))
#4 {main}
  thrown
#0 [internal function]: CodeIgniter\Debug\Exceptions->shutdownHandler()
#1 {main}
CRITICAL - 2020-11-21 14:17:22 --> Uncaught ErrorException: Undefined variable: viewFile in C:\xampp\htdocs\projetoacc\system\Debug\Exceptions.php:308
Stack trace:
#0 C:\xampp\htdocs\projetoacc\system\Debug\Exceptions.php(308): CodeIgniter\Debug\Exceptions->errorHandler(8, 'Undefined varia...', 'C:\\xampp\\htdocs...', 308, Array)
#1 C:\xampp\htdocs\projetoacc\system\Debug\Exceptions.php(308): include()
#2 C:\xampp\htdocs\projetoacc\system\Debug\Exceptions.php(174): CodeIgniter\Debug\Exceptions->render(Object(CodeIgniter\Exceptions\PageNotFoundException), 404)
#3 [internal function]: CodeIgniter\Debug\Exceptions->exceptionHandler(Object(CodeIgniter\Exceptions\PageNotFoundException))
#4 {main}
  thrown
#0 [internal function]: CodeIgniter\Debug\Exceptions->shutdownHandler()
#1 {main}
CRITICAL - 2020-11-21 14:17:23 --> Uncaught ErrorException: Undefined variable: viewFile in C:\xampp\htdocs\projetoacc\system\Debug\Exceptions.php:308
Stack trace:
#0 C:\xampp\htdocs\projetoacc\system\Debug\Exceptions.php(308): CodeIgniter\Debug\Exceptions->errorHandler(8, 'Undefined varia...', 'C:\\xampp\\htdocs...', 308, Array)
#1 C:\xampp\htdocs\projetoacc\system\Debug\Exceptions.php(308): include()
#2 C:\xampp\htdocs\projetoacc\system\Debug\Exceptions.php(174): CodeIgniter\Debug\Exceptions->render(Object(CodeIgniter\Exceptions\PageNotFoundException), 404)
#3 [internal function]: CodeIgniter\Debug\Exceptions->exceptionHandler(Object(CodeIgniter\Exceptions\PageNotFoundException))
#4 {main}
  thrown
#0 [internal function]: CodeIgniter\Debug\Exceptions->shutdownHandler()
#1 {main}
CRITICAL - 2020-11-21 14:17:23 --> Uncaught ErrorException: Undefined variable: viewFile in C:\xampp\htdocs\projetoacc\system\Debug\Exceptions.php:308
Stack trace:
#0 C:\xampp\htdocs\projetoacc\system\Debug\Exceptions.php(308): CodeIgniter\Debug\Exceptions->errorHandler(8, 'Undefined varia...', 'C:\\xampp\\htdocs...', 308, Array)
#1 C:\xampp\htdocs\projetoacc\system\Debug\Exceptions.php(308): include()
#2 C:\xampp\htdocs\projetoacc\system\Debug\Exceptions.php(174): CodeIgniter\Debug\Exceptions->render(Object(CodeIgniter\Exceptions\PageNotFoundException), 404)
#3 [internal function]: CodeIgniter\Debug\Exceptions->exceptionHandler(Object(CodeIgniter\Exceptions\PageNotFoundException))
#4 {main}
  thrown
#0 [internal function]: CodeIgniter\Debug\Exceptions->shutdownHandler()
#1 {main}
CRITICAL - 2020-11-21 14:17:25 --> Uncaught ErrorException: Undefined variable: viewFile in C:\xampp\htdocs\projetoacc\system\Debug\Exceptions.php:308
Stack trace:
#0 C:\xampp\htdocs\projetoacc\system\Debug\Exceptions.php(308): CodeIgniter\Debug\Exceptions->errorHandler(8, 'Undefined varia...', 'C:\\xampp\\htdocs...', 308, Array)
#1 C:\xampp\htdocs\projetoacc\system\Debug\Exceptions.php(308): include()
#2 C:\xampp\htdocs\projetoacc\system\Debug\Exceptions.php(174): CodeIgniter\Debug\Exceptions->render(Object(CodeIgniter\Exceptions\PageNotFoundException), 404)
#3 [internal function]: CodeIgniter\Debug\Exceptions->exceptionHandler(Object(CodeIgniter\Exceptions\PageNotFoundException))
#4 {main}
  thrown
#0 [internal function]: CodeIgniter\Debug\Exceptions->shutdownHandler()
#1 {main}
CRITICAL - 2020-11-21 14:18:23 --> Uncaught ErrorException: Undefined variable: viewFile in C:\xampp\htdocs\projetoacc\system\Debug\Exceptions.php:308
Stack trace:
#0 C:\xampp\htdocs\projetoacc\system\Debug\Exceptions.php(308): CodeIgniter\Debug\Exceptions->errorHandler(8, 'Undefined varia...', 'C:\\xampp\\htdocs...', 308, Array)
#1 C:\xampp\htdocs\projetoacc\system\Debug\Exceptions.php(308): include()
#2 C:\xampp\htdocs\projetoacc\system\Debug\Exceptions.php(174): CodeIgniter\Debug\Exceptions->render(Object(CodeIgniter\Exceptions\PageNotFoundException), 404)
#3 [internal function]: CodeIgniter\Debug\Exceptions->exceptionHandler(Object(CodeIgniter\Exceptions\PageNotFoundException))
#4 {main}
  thrown
#0 [internal function]: CodeIgniter\Debug\Exceptions->shutdownHandler()
#1 {main}
CRITICAL - 2020-11-21 14:18:26 --> Uncaught ErrorException: Undefined variable: viewFile in C:\xampp\htdocs\projetoacc\system\Debug\Exceptions.php:308
Stack trace:
#0 C:\xampp\htdocs\projetoacc\system\Debug\Exceptions.php(308): CodeIgniter\Debug\Exceptions->errorHandler(8, 'Undefined varia...', 'C:\\xampp\\htdocs...', 308, Array)
#1 C:\xampp\htdocs\projetoacc\system\Debug\Exceptions.php(308): include()
#2 C:\xampp\htdocs\projetoacc\system\Debug\Exceptions.php(174): CodeIgniter\Debug\Exceptions->render(Object(CodeIgniter\Exceptions\PageNotFoundException), 404)
#3 [internal function]: CodeIgniter\Debug\Exceptions->exceptionHandler(Object(CodeIgniter\Exceptions\PageNotFoundException))
#4 {main}
  thrown
#0 [internal function]: CodeIgniter\Debug\Exceptions->shutdownHandler()
#1 {main}
CRITICAL - 2020-11-21 14:19:54 --> Uncaught ErrorException: Undefined variable: viewFile in C:\xampp\htdocs\projetoacc\system\Debug\Exceptions.php:308
Stack trace:
#0 C:\xampp\htdocs\projetoacc\system\Debug\Exceptions.php(308): CodeIgniter\Debug\Exceptions->errorHandler(8, 'Undefined varia...', 'C:\\xampp\\htdocs...', 308, Array)
#1 C:\xampp\htdocs\projetoacc\system\Debug\Exceptions.php(308): include()
#2 C:\xampp\htdocs\projetoacc\system\Debug\Exceptions.php(174): CodeIgniter\Debug\Exceptions->render(Object(CodeIgniter\Exceptions\PageNotFoundException), 404)
#3 [internal function]: CodeIgniter\Debug\Exceptions->exceptionHandler(Object(CodeIgniter\Exceptions\PageNotFoundException))
#4 {main}
  thrown
#0 [internal function]: CodeIgniter\Debug\Exceptions->shutdownHandler()
#1 {main}
CRITICAL - 2020-11-21 14:19:59 --> Uncaught ErrorException: Undefined variable: viewFile in C:\xampp\htdocs\projetoacc\system\Debug\Exceptions.php:308
Stack trace:
#0 C:\xampp\htdocs\projetoacc\system\Debug\Exceptions.php(308): CodeIgniter\Debug\Exceptions->errorHandler(8, 'Undefined varia...', 'C:\\xampp\\htdocs...', 308, Array)
#1 C:\xampp\htdocs\projetoacc\system\Debug\Exceptions.php(308): include()
#2 C:\xampp\htdocs\projetoacc\system\Debug\Exceptions.php(174): CodeIgniter\Debug\Exceptions->render(Object(CodeIgniter\Exceptions\PageNotFoundException), 404)
#3 [internal function]: CodeIgniter\Debug\Exceptions->exceptionHandler(Object(CodeIgniter\Exceptions\PageNotFoundException))
#4 {main}
  thrown
#0 [internal function]: CodeIgniter\Debug\Exceptions->shutdownHandler()
#1 {main}
CRITICAL - 2020-11-21 14:20:27 --> Uncaught ErrorException: Undefined variable: viewFile in C:\xampp\htdocs\projetoacc\system\Debug\Exceptions.php:308
Stack trace:
#0 C:\xampp\htdocs\projetoacc\system\Debug\Exceptions.php(308): CodeIgniter\Debug\Exceptions->errorHandler(8, 'Undefined varia...', 'C:\\xampp\\htdocs...', 308, Array)
#1 C:\xampp\htdocs\projetoacc\system\Debug\Exceptions.php(308): include()
#2 C:\xampp\htdocs\projetoacc\system\Debug\Exceptions.php(174): CodeIgniter\Debug\Exceptions->render(Object(CodeIgniter\Exceptions\PageNotFoundException), 404)
#3 [internal function]: CodeIgniter\Debug\Exceptions->exceptionHandler(Object(CodeIgniter\Exceptions\PageNotFoundException))
#4 {main}
  thrown
#0 [internal function]: CodeIgniter\Debug\Exceptions->shutdownHandler()
#1 {main}
CRITICAL - 2020-11-21 14:21:08 --> Uncaught ErrorException: Undefined variable: viewFile in C:\xampp\htdocs\projetoacc\system\Debug\Exceptions.php:308
Stack trace:
#0 C:\xampp\htdocs\projetoacc\system\Debug\Exceptions.php(308): CodeIgniter\Debug\Exceptions->errorHandler(8, 'Undefined varia...', 'C:\\xampp\\htdocs...', 308, Array)
#1 C:\xampp\htdocs\projetoacc\system\Debug\Exceptions.php(308): include()
#2 C:\xampp\htdocs\projetoacc\system\Debug\Exceptions.php(174): CodeIgniter\Debug\Exceptions->render(Object(CodeIgniter\Exceptions\PageNotFoundException), 404)
#3 [internal function]: CodeIgniter\Debug\Exceptions->exceptionHandler(Object(CodeIgniter\Exceptions\PageNotFoundException))
#4 {main}
  thrown
#0 [internal function]: CodeIgniter\Debug\Exceptions->shutdownHandler()
#1 {main}
CRITICAL - 2020-11-21 14:21:29 --> Uncaught ErrorException: Undefined variable: viewFile in C:\xampp\htdocs\projetoacc\system\Debug\Exceptions.php:308
Stack trace:
#0 C:\xampp\htdocs\projetoacc\system\Debug\Exceptions.php(308): CodeIgniter\Debug\Exceptions->errorHandler(8, 'Undefined varia...', 'C:\\xampp\\htdocs...', 308, Array)
#1 C:\xampp\htdocs\projetoacc\system\Debug\Exceptions.php(308): include()
#2 C:\xampp\htdocs\projetoacc\system\Debug\Exceptions.php(174): CodeIgniter\Debug\Exceptions->render(Object(CodeIgniter\Exceptions\PageNotFoundException), 404)
#3 [internal function]: CodeIgniter\Debug\Exceptions->exceptionHandler(Object(CodeIgniter\Exceptions\PageNotFoundException))
#4 {main}
  thrown
#0 [internal function]: CodeIgniter\Debug\Exceptions->shutdownHandler()
#1 {main}
CRITICAL - 2020-11-21 14:21:30 --> Uncaught ErrorException: Undefined variable: viewFile in C:\xampp\htdocs\projetoacc\system\Debug\Exceptions.php:308
Stack trace:
#0 C:\xampp\htdocs\projetoacc\system\Debug\Exceptions.php(308): CodeIgniter\Debug\Exceptions->errorHandler(8, 'Undefined varia...', 'C:\\xampp\\htdocs...', 308, Array)
#1 C:\xampp\htdocs\projetoacc\system\Debug\Exceptions.php(308): include()
#2 C:\xampp\htdocs\projetoacc\system\Debug\Exceptions.php(174): CodeIgniter\Debug\Exceptions->render(Object(CodeIgniter\Exceptions\PageNotFoundException), 404)
#3 [internal function]: CodeIgniter\Debug\Exceptions->exceptionHandler(Object(CodeIgniter\Exceptions\PageNotFoundException))
#4 {main}
  thrown
#0 [internal function]: CodeIgniter\Debug\Exceptions->shutdownHandler()
#1 {main}
CRITICAL - 2020-11-21 14:21:30 --> Uncaught ErrorException: Undefined variable: viewFile in C:\xampp\htdocs\projetoacc\system\Debug\Exceptions.php:308
Stack trace:
#0 C:\xampp\htdocs\projetoacc\system\Debug\Exceptions.php(308): CodeIgniter\Debug\Exceptions->errorHandler(8, 'Undefined varia...', 'C:\\xampp\\htdocs...', 308, Array)
#1 C:\xampp\htdocs\projetoacc\system\Debug\Exceptions.php(308): include()
#2 C:\xampp\htdocs\projetoacc\system\Debug\Exceptions.php(174): CodeIgniter\Debug\Exceptions->render(Object(CodeIgniter\Exceptions\PageNotFoundException), 404)
#3 [internal function]: CodeIgniter\Debug\Exceptions->exceptionHandler(Object(CodeIgniter\Exceptions\PageNotFoundException))
#4 {main}
  thrown
#0 [internal function]: CodeIgniter\Debug\Exceptions->shutdownHandler()
#1 {main}
CRITICAL - 2020-11-21 14:21:31 --> Uncaught ErrorException: Undefined variable: viewFile in C:\xampp\htdocs\projetoacc\system\Debug\Exceptions.php:308
Stack trace:
#0 C:\xampp\htdocs\projetoacc\system\Debug\Exceptions.php(308): CodeIgniter\Debug\Exceptions->errorHandler(8, 'Undefined varia...', 'C:\\xampp\\htdocs...', 308, Array)
#1 C:\xampp\htdocs\projetoacc\system\Debug\Exceptions.php(308): include()
#2 C:\xampp\htdocs\projetoacc\system\Debug\Exceptions.php(174): CodeIgniter\Debug\Exceptions->render(Object(CodeIgniter\Exceptions\PageNotFoundException), 404)
#3 [internal function]: CodeIgniter\Debug\Exceptions->exceptionHandler(Object(CodeIgniter\Exceptions\PageNotFoundException))
#4 {main}
  thrown
#0 [internal function]: CodeIgniter\Debug\Exceptions->shutdownHandler()
#1 {main}
CRITICAL - 2020-11-21 14:21:49 --> Uncaught ErrorException: Undefined variable: viewFile in C:\xampp\htdocs\projetoacc\system\Debug\Exceptions.php:308
Stack trace:
#0 C:\xampp\htdocs\projetoacc\system\Debug\Exceptions.php(308): CodeIgniter\Debug\Exceptions->errorHandler(8, 'Undefined varia...', 'C:\\xampp\\htdocs...', 308, Array)
#1 C:\xampp\htdocs\projetoacc\system\Debug\Exceptions.php(308): include()
#2 C:\xampp\htdocs\projetoacc\system\Debug\Exceptions.php(174): CodeIgniter\Debug\Exceptions->render(Object(CodeIgniter\Exceptions\PageNotFoundException), 404)
#3 [internal function]: CodeIgniter\Debug\Exceptions->exceptionHandler(Object(CodeIgniter\Exceptions\PageNotFoundException))
#4 {main}
  thrown
#0 [internal function]: CodeIgniter\Debug\Exceptions->shutdownHandler()
#1 {main}
CRITICAL - 2020-11-21 14:21:49 --> Uncaught ErrorException: Undefined variable: viewFile in C:\xampp\htdocs\projetoacc\system\Debug\Exceptions.php:308
Stack trace:
#0 C:\xampp\htdocs\projetoacc\system\Debug\Exceptions.php(308): CodeIgniter\Debug\Exceptions->errorHandler(8, 'Undefined varia...', 'C:\\xampp\\htdocs...', 308, Array)
#1 C:\xampp\htdocs\projetoacc\system\Debug\Exceptions.php(308): include()
#2 C:\xampp\htdocs\projetoacc\system\Debug\Exceptions.php(174): CodeIgniter\Debug\Exceptions->render(Object(CodeIgniter\Exceptions\PageNotFoundException), 404)
#3 [internal function]: CodeIgniter\Debug\Exceptions->exceptionHandler(Object(CodeIgniter\Exceptions\PageNotFoundException))
#4 {main}
  thrown
#0 [internal function]: CodeIgniter\Debug\Exceptions->shutdownHandler()
#1 {main}
CRITICAL - 2020-11-21 14:21:50 --> Uncaught ErrorException: Undefined variable: viewFile in C:\xampp\htdocs\projetoacc\system\Debug\Exceptions.php:308
Stack trace:
#0 C:\xampp\htdocs\projetoacc\system\Debug\Exceptions.php(308): CodeIgniter\Debug\Exceptions->errorHandler(8, 'Undefined varia...', 'C:\\xampp\\htdocs...', 308, Array)
#1 C:\xampp\htdocs\projetoacc\system\Debug\Exceptions.php(308): include()
#2 C:\xampp\htdocs\projetoacc\system\Debug\Exceptions.php(174): CodeIgniter\Debug\Exceptions->render(Object(CodeIgniter\Exceptions\PageNotFoundException), 404)
#3 [internal function]: CodeIgniter\Debug\Exceptions->exceptionHandler(Object(CodeIgniter\Exceptions\PageNotFoundException))
#4 {main}
  thrown
#0 [internal function]: CodeIgniter\Debug\Exceptions->shutdownHandler()
#1 {main}
CRITICAL - 2020-11-21 14:21:50 --> Uncaught ErrorException: Undefined variable: viewFile in C:\xampp\htdocs\projetoacc\system\Debug\Exceptions.php:308
Stack trace:
#0 C:\xampp\htdocs\projetoacc\system\Debug\Exceptions.php(308): CodeIgniter\Debug\Exceptions->errorHandler(8, 'Undefined varia...', 'C:\\xampp\\htdocs...', 308, Array)
#1 C:\xampp\htdocs\projetoacc\system\Debug\Exceptions.php(308): include()
#2 C:\xampp\htdocs\projetoacc\system\Debug\Exceptions.php(174): CodeIgniter\Debug\Exceptions->render(Object(CodeIgniter\Exceptions\PageNotFoundException), 404)
#3 [internal function]: CodeIgniter\Debug\Exceptions->exceptionHandler(Object(CodeIgniter\Exceptions\PageNotFoundException))
#4 {main}
  thrown
#0 [internal function]: CodeIgniter\Debug\Exceptions->shutdownHandler()
#1 {main}
CRITICAL - 2020-11-21 14:22:08 --> Uncaught ErrorException: Undefined variable: viewFile in C:\xampp\htdocs\projetoacc\system\Debug\Exceptions.php:308
Stack trace:
#0 C:\xampp\htdocs\projetoacc\system\Debug\Exceptions.php(308): CodeIgniter\Debug\Exceptions->errorHandler(8, 'Undefined varia...', 'C:\\xampp\\htdocs...', 308, Array)
#1 C:\xampp\htdocs\projetoacc\system\Debug\Exceptions.php(308): include()
#2 C:\xampp\htdocs\projetoacc\system\Debug\Exceptions.php(174): CodeIgniter\Debug\Exceptions->render(Object(CodeIgniter\Exceptions\PageNotFoundException), 404)
#3 [internal function]: CodeIgniter\Debug\Exceptions->exceptionHandler(Object(CodeIgniter\Exceptions\PageNotFoundException))
#4 {main}
  thrown
#0 [internal function]: CodeIgniter\Debug\Exceptions->shutdownHandler()
#1 {main}
CRITICAL - 2020-11-21 14:22:09 --> Uncaught ErrorException: Undefined variable: viewFile in C:\xampp\htdocs\projetoacc\system\Debug\Exceptions.php:308
Stack trace:
#0 C:\xampp\htdocs\projetoacc\system\Debug\Exceptions.php(308): CodeIgniter\Debug\Exceptions->errorHandler(8, 'Undefined varia...', 'C:\\xampp\\htdocs...', 308, Array)
#1 C:\xampp\htdocs\projetoacc\system\Debug\Exceptions.php(308): include()
#2 C:\xampp\htdocs\projetoacc\system\Debug\Exceptions.php(174): CodeIgniter\Debug\Exceptions->render(Object(CodeIgniter\Exceptions\PageNotFoundException), 404)
#3 [internal function]: CodeIgniter\Debug\Exceptions->exceptionHandler(Object(CodeIgniter\Exceptions\PageNotFoundException))
#4 {main}
  thrown
#0 [internal function]: CodeIgniter\Debug\Exceptions->shutdownHandler()
#1 {main}
CRITICAL - 2020-11-21 14:22:09 --> Uncaught ErrorException: Undefined variable: viewFile in C:\xampp\htdocs\projetoacc\system\Debug\Exceptions.php:308
Stack trace:
#0 C:\xampp\htdocs\projetoacc\system\Debug\Exceptions.php(308): CodeIgniter\Debug\Exceptions->errorHandler(8, 'Undefined varia...', 'C:\\xampp\\htdocs...', 308, Array)
#1 C:\xampp\htdocs\projetoacc\system\Debug\Exceptions.php(308): include()
#2 C:\xampp\htdocs\projetoacc\system\Debug\Exceptions.php(174): CodeIgniter\Debug\Exceptions->render(Object(CodeIgniter\Exceptions\PageNotFoundException), 404)
#3 [internal function]: CodeIgniter\Debug\Exceptions->exceptionHandler(Object(CodeIgniter\Exceptions\PageNotFoundException))
#4 {main}
  thrown
#0 [internal function]: CodeIgniter\Debug\Exceptions->shutdownHandler()
#1 {main}
CRITICAL - 2020-11-21 14:22:11 --> Uncaught ErrorException: Undefined variable: viewFile in C:\xampp\htdocs\projetoacc\system\Debug\Exceptions.php:308
Stack trace:
#0 C:\xampp\htdocs\projetoacc\system\Debug\Exceptions.php(308): CodeIgniter\Debug\Exceptions->errorHandler(8, 'Undefined varia...', 'C:\\xampp\\htdocs...', 308, Array)
#1 C:\xampp\htdocs\projetoacc\system\Debug\Exceptions.php(308): include()
#2 C:\xampp\htdocs\projetoacc\system\Debug\Exceptions.php(174): CodeIgniter\Debug\Exceptions->render(Object(CodeIgniter\Exceptions\PageNotFoundException), 404)
#3 [internal function]: CodeIgniter\Debug\Exceptions->exceptionHandler(Object(CodeIgniter\Exceptions\PageNotFoundException))
#4 {main}
  thrown
#0 [internal function]: CodeIgniter\Debug\Exceptions->shutdownHandler()
#1 {main}
CRITICAL - 2020-11-21 14:23:17 --> Uncaught ErrorException: Undefined variable: viewFile in C:\xampp\htdocs\projetoacc\system\Debug\Exceptions.php:308
Stack trace:
#0 C:\xampp\htdocs\projetoacc\system\Debug\Exceptions.php(308): CodeIgniter\Debug\Exceptions->errorHandler(8, 'Undefined varia...', 'C:\\xampp\\htdocs...', 308, Array)
#1 C:\xampp\htdocs\projetoacc\system\Debug\Exceptions.php(308): include()
#2 C:\xampp\htdocs\projetoacc\system\Debug\Exceptions.php(174): CodeIgniter\Debug\Exceptions->render(Object(CodeIgniter\Exceptions\PageNotFoundException), 404)
#3 [internal function]: CodeIgniter\Debug\Exceptions->exceptionHandler(Object(CodeIgniter\Exceptions\PageNotFoundException))
#4 {main}
  thrown
#0 [internal function]: CodeIgniter\Debug\Exceptions->shutdownHandler()
#1 {main}
CRITICAL - 2020-11-21 14:23:20 --> Uncaught ErrorException: Undefined variable: viewFile in C:\xampp\htdocs\projetoacc\system\Debug\Exceptions.php:308
Stack trace:
#0 C:\xampp\htdocs\projetoacc\system\Debug\Exceptions.php(308): CodeIgniter\Debug\Exceptions->errorHandler(8, 'Undefined varia...', 'C:\\xampp\\htdocs...', 308, Array)
#1 C:\xampp\htdocs\projetoacc\system\Debug\Exceptions.php(308): include()
#2 C:\xampp\htdocs\projetoacc\system\Debug\Exceptions.php(174): CodeIgniter\Debug\Exceptions->render(Object(CodeIgniter\Exceptions\PageNotFoundException), 404)
#3 [internal function]: CodeIgniter\Debug\Exceptions->exceptionHandler(Object(CodeIgniter\Exceptions\PageNotFoundException))
#4 {main}
  thrown
#0 [internal function]: CodeIgniter\Debug\Exceptions->shutdownHandler()
#1 {main}
CRITICAL - 2020-11-21 14:24:17 --> Uncaught ErrorException: Undefined variable: viewFile in C:\xampp\htdocs\projetoacc\system\Debug\Exceptions.php:308
Stack trace:
#0 C:\xampp\htdocs\projetoacc\system\Debug\Exceptions.php(308): CodeIgniter\Debug\Exceptions->errorHandler(8, 'Undefined varia...', 'C:\\xampp\\htdocs...', 308, Array)
#1 C:\xampp\htdocs\projetoacc\system\Debug\Exceptions.php(308): include()
#2 C:\xampp\htdocs\projetoacc\system\Debug\Exceptions.php(174): CodeIgniter\Debug\Exceptions->render(Object(CodeIgniter\Exceptions\PageNotFoundException), 404)
#3 [internal function]: CodeIgniter\Debug\Exceptions->exceptionHandler(Object(CodeIgniter\Exceptions\PageNotFoundException))
#4 {main}
  thrown
#0 [internal function]: CodeIgniter\Debug\Exceptions->shutdownHandler()
#1 {main}
CRITICAL - 2020-11-21 14:24:18 --> Uncaught ErrorException: Undefined variable: viewFile in C:\xampp\htdocs\projetoacc\system\Debug\Exceptions.php:308
Stack trace:
#0 C:\xampp\htdocs\projetoacc\system\Debug\Exceptions.php(308): CodeIgniter\Debug\Exceptions->errorHandler(8, 'Undefined varia...', 'C:\\xampp\\htdocs...', 308, Array)
#1 C:\xampp\htdocs\projetoacc\system\Debug\Exceptions.php(308): include()
#2 C:\xampp\htdocs\projetoacc\system\Debug\Exceptions.php(174): CodeIgniter\Debug\Exceptions->render(Object(CodeIgniter\Exceptions\PageNotFoundException), 404)
#3 [internal function]: CodeIgniter\Debug\Exceptions->exceptionHandler(Object(CodeIgniter\Exceptions\PageNotFoundException))
#4 {main}
  thrown
#0 [internal function]: CodeIgniter\Debug\Exceptions->shutdownHandler()
#1 {main}
CRITICAL - 2020-11-21 14:24:18 --> Uncaught ErrorException: Undefined variable: viewFile in C:\xampp\htdocs\projetoacc\system\Debug\Exceptions.php:308
Stack trace:
#0 C:\xampp\htdocs\projetoacc\system\Debug\Exceptions.php(308): CodeIgniter\Debug\Exceptions->errorHandler(8, 'Undefined varia...', 'C:\\xampp\\htdocs...', 308, Array)
#1 C:\xampp\htdocs\projetoacc\system\Debug\Exceptions.php(308): include()
#2 C:\xampp\htdocs\projetoacc\system\Debug\Exceptions.php(174): CodeIgniter\Debug\Exceptions->render(Object(CodeIgniter\Exceptions\PageNotFoundException), 404)
#3 [internal function]: CodeIgniter\Debug\Exceptions->exceptionHandler(Object(CodeIgniter\Exceptions\PageNotFoundException))
#4 {main}
  thrown
#0 [internal function]: CodeIgniter\Debug\Exceptions->shutdownHandler()
#1 {main}
CRITICAL - 2020-11-21 14:24:21 --> Uncaught ErrorException: Undefined variable: viewFile in C:\xampp\htdocs\projetoacc\system\Debug\Exceptions.php:308
Stack trace:
#0 C:\xampp\htdocs\projetoacc\system\Debug\Exceptions.php(308): CodeIgniter\Debug\Exceptions->errorHandler(8, 'Undefined varia...', 'C:\\xampp\\htdocs...', 308, Array)
#1 C:\xampp\htdocs\projetoacc\system\Debug\Exceptions.php(308): include()
#2 C:\xampp\htdocs\projetoacc\system\Debug\Exceptions.php(174): CodeIgniter\Debug\Exceptions->render(Object(CodeIgniter\Exceptions\PageNotFoundException), 404)
#3 [internal function]: CodeIgniter\Debug\Exceptions->exceptionHandler(Object(CodeIgniter\Exceptions\PageNotFoundException))
#4 {main}
  thrown
#0 [internal function]: CodeIgniter\Debug\Exceptions->shutdownHandler()
#1 {main}
CRITICAL - 2020-11-21 14:28:19 --> Uncaught ErrorException: Undefined variable: viewFile in C:\xampp\htdocs\projetoacc\system\Debug\Exceptions.php:308
Stack trace:
#0 C:\xampp\htdocs\projetoacc\system\Debug\Exceptions.php(308): CodeIgniter\Debug\Exceptions->errorHandler(8, 'Undefined varia...', 'C:\\xampp\\htdocs...', 308, Array)
#1 C:\xampp\htdocs\projetoacc\system\Debug\Exceptions.php(308): include()
#2 C:\xampp\htdocs\projetoacc\system\Debug\Exceptions.php(174): CodeIgniter\Debug\Exceptions->render(Object(CodeIgniter\Exceptions\PageNotFoundException), 404)
#3 [internal function]: CodeIgniter\Debug\Exceptions->exceptionHandler(Object(CodeIgniter\Exceptions\PageNotFoundException))
#4 {main}
  thrown
#0 [internal function]: CodeIgniter\Debug\Exceptions->shutdownHandler()
#1 {main}
CRITICAL - 2020-11-21 14:28:35 --> Uncaught ErrorException: Undefined variable: viewFile in C:\xampp\htdocs\projetoacc\system\Debug\Exceptions.php:308
Stack trace:
#0 C:\xampp\htdocs\projetoacc\system\Debug\Exceptions.php(308): CodeIgniter\Debug\Exceptions->errorHandler(8, 'Undefined varia...', 'C:\\xampp\\htdocs...', 308, Array)
#1 C:\xampp\htdocs\projetoacc\system\Debug\Exceptions.php(308): include()
#2 C:\xampp\htdocs\projetoacc\system\Debug\Exceptions.php(174): CodeIgniter\Debug\Exceptions->render(Object(CodeIgniter\Exceptions\PageNotFoundException), 404)
#3 [internal function]: CodeIgniter\Debug\Exceptions->exceptionHandler(Object(CodeIgniter\Exceptions\PageNotFoundException))
#4 {main}
  thrown
#0 [internal function]: CodeIgniter\Debug\Exceptions->shutdownHandler()
#1 {main}
CRITICAL - 2020-11-21 14:28:38 --> Uncaught ErrorException: Undefined variable: viewFile in C:\xampp\htdocs\projetoacc\system\Debug\Exceptions.php:308
Stack trace:
#0 C:\xampp\htdocs\projetoacc\system\Debug\Exceptions.php(308): CodeIgniter\Debug\Exceptions->errorHandler(8, 'Undefined varia...', 'C:\\xampp\\htdocs...', 308, Array)
#1 C:\xampp\htdocs\projetoacc\system\Debug\Exceptions.php(308): include()
#2 C:\xampp\htdocs\projetoacc\system\Debug\Exceptions.php(174): CodeIgniter\Debug\Exceptions->render(Object(CodeIgniter\Exceptions\PageNotFoundException), 404)
#3 [internal function]: CodeIgniter\Debug\Exceptions->exceptionHandler(Object(CodeIgniter\Exceptions\PageNotFoundException))
#4 {main}
  thrown
#0 [internal function]: CodeIgniter\Debug\Exceptions->shutdownHandler()
#1 {main}
CRITICAL - 2020-11-21 14:31:55 --> Uncaught ErrorException: Undefined variable: viewFile in C:\xampp\htdocs\projetoacc\system\Debug\Exceptions.php:308
Stack trace:
#0 C:\xampp\htdocs\projetoacc\system\Debug\Exceptions.php(308): CodeIgniter\Debug\Exceptions->errorHandler(8, 'Undefined varia...', 'C:\\xampp\\htdocs...', 308, Array)
#1 C:\xampp\htdocs\projetoacc\system\Debug\Exceptions.php(308): include()
#2 C:\xampp\htdocs\projetoacc\system\Debug\Exceptions.php(174): CodeIgniter\Debug\Exceptions->render(Object(CodeIgniter\Exceptions\PageNotFoundException), 404)
#3 [internal function]: CodeIgniter\Debug\Exceptions->exceptionHandler(Object(CodeIgniter\Exceptions\PageNotFoundException))
#4 {main}
  thrown
#0 [internal function]: CodeIgniter\Debug\Exceptions->shutdownHandler()
#1 {main}
CRITICAL - 2020-11-21 14:35:27 --> Uncaught ErrorException: Undefined variable: viewFile in C:\xampp\htdocs\projetoacc\system\Debug\Exceptions.php:308
Stack trace:
#0 C:\xampp\htdocs\projetoacc\system\Debug\Exceptions.php(308): CodeIgniter\Debug\Exceptions->errorHandler(8, 'Undefined varia...', 'C:\\xampp\\htdocs...', 308, Array)
#1 C:\xampp\htdocs\projetoacc\system\Debug\Exceptions.php(308): include()
#2 C:\xampp\htdocs\projetoacc\system\Debug\Exceptions.php(174): CodeIgniter\Debug\Exceptions->render(Object(CodeIgniter\Exceptions\PageNotFoundException), 404)
#3 [internal function]: CodeIgniter\Debug\Exceptions->exceptionHandler(Object(CodeIgniter\Exceptions\PageNotFoundException))
#4 {main}
  thrown
#0 [internal function]: CodeIgniter\Debug\Exceptions->shutdownHandler()
#1 {main}
CRITICAL - 2020-11-21 14:36:36 --> Uncaught ErrorException: Undefined variable: viewFile in C:\xampp\htdocs\projetoacc\system\Debug\Exceptions.php:308
Stack trace:
#0 C:\xampp\htdocs\projetoacc\system\Debug\Exceptions.php(308): CodeIgniter\Debug\Exceptions->errorHandler(8, 'Undefined varia...', 'C:\\xampp\\htdocs...', 308, Array)
#1 C:\xampp\htdocs\projetoacc\system\Debug\Exceptions.php(308): include()
#2 C:\xampp\htdocs\projetoacc\system\Debug\Exceptions.php(174): CodeIgniter\Debug\Exceptions->render(Object(CodeIgniter\Exceptions\PageNotFoundException), 404)
#3 [internal function]: CodeIgniter\Debug\Exceptions->exceptionHandler(Object(CodeIgniter\Exceptions\PageNotFoundException))
#4 {main}
  thrown
#0 [internal function]: CodeIgniter\Debug\Exceptions->shutdownHandler()
#1 {main}
CRITICAL - 2020-11-21 14:36:37 --> Uncaught ErrorException: Undefined variable: viewFile in C:\xampp\htdocs\projetoacc\system\Debug\Exceptions.php:308
Stack trace:
#0 C:\xampp\htdocs\projetoacc\system\Debug\Exceptions.php(308): CodeIgniter\Debug\Exceptions->errorHandler(8, 'Undefined varia...', 'C:\\xampp\\htdocs...', 308, Array)
#1 C:\xampp\htdocs\projetoacc\system\Debug\Exceptions.php(308): include()
#2 C:\xampp\htdocs\projetoacc\system\Debug\Exceptions.php(174): CodeIgniter\Debug\Exceptions->render(Object(CodeIgniter\Exceptions\PageNotFoundException), 404)
#3 [internal function]: CodeIgniter\Debug\Exceptions->exceptionHandler(Object(CodeIgniter\Exceptions\PageNotFoundException))
#4 {main}
  thrown
#0 [internal function]: CodeIgniter\Debug\Exceptions->shutdownHandler()
#1 {main}
CRITICAL - 2020-11-21 14:36:38 --> Uncaught ErrorException: Undefined variable: viewFile in C:\xampp\htdocs\projetoacc\system\Debug\Exceptions.php:308
Stack trace:
#0 C:\xampp\htdocs\projetoacc\system\Debug\Exceptions.php(308): CodeIgniter\Debug\Exceptions->errorHandler(8, 'Undefined varia...', 'C:\\xampp\\htdocs...', 308, Array)
#1 C:\xampp\htdocs\projetoacc\system\Debug\Exceptions.php(308): include()
#2 C:\xampp\htdocs\projetoacc\system\Debug\Exceptions.php(174): CodeIgniter\Debug\Exceptions->render(Object(CodeIgniter\Exceptions\PageNotFoundException), 404)
#3 [internal function]: CodeIgniter\Debug\Exceptions->exceptionHandler(Object(CodeIgniter\Exceptions\PageNotFoundException))
#4 {main}
  thrown
#0 [internal function]: CodeIgniter\Debug\Exceptions->shutdownHandler()
#1 {main}
CRITICAL - 2020-11-21 14:36:38 --> Uncaught ErrorException: Undefined variable: viewFile in C:\xampp\htdocs\projetoacc\system\Debug\Exceptions.php:308
Stack trace:
#0 C:\xampp\htdocs\projetoacc\system\Debug\Exceptions.php(308): CodeIgniter\Debug\Exceptions->errorHandler(8, 'Undefined varia...', 'C:\\xampp\\htdocs...', 308, Array)
#1 C:\xampp\htdocs\projetoacc\system\Debug\Exceptions.php(308): include()
#2 C:\xampp\htdocs\projetoacc\system\Debug\Exceptions.php(174): CodeIgniter\Debug\Exceptions->render(Object(CodeIgniter\Exceptions\PageNotFoundException), 404)
#3 [internal function]: CodeIgniter\Debug\Exceptions->exceptionHandler(Object(CodeIgniter\Exceptions\PageNotFoundException))
#4 {main}
  thrown
#0 [internal function]: CodeIgniter\Debug\Exceptions->shutdownHandler()
#1 {main}
CRITICAL - 2020-11-21 14:36:49 --> Uncaught ErrorException: Undefined variable: viewFile in C:\xampp\htdocs\projetoacc\system\Debug\Exceptions.php:308
Stack trace:
#0 C:\xampp\htdocs\projetoacc\system\Debug\Exceptions.php(308): CodeIgniter\Debug\Exceptions->errorHandler(8, 'Undefined varia...', 'C:\\xampp\\htdocs...', 308, Array)
#1 C:\xampp\htdocs\projetoacc\system\Debug\Exceptions.php(308): include()
#2 C:\xampp\htdocs\projetoacc\system\Debug\Exceptions.php(174): CodeIgniter\Debug\Exceptions->render(Object(CodeIgniter\Exceptions\PageNotFoundException), 404)
#3 [internal function]: CodeIgniter\Debug\Exceptions->exceptionHandler(Object(CodeIgniter\Exceptions\PageNotFoundException))
#4 {main}
  thrown
#0 [internal function]: CodeIgniter\Debug\Exceptions->shutdownHandler()
#1 {main}
CRITICAL - 2020-11-21 14:36:49 --> Uncaught ErrorException: Undefined variable: viewFile in C:\xampp\htdocs\projetoacc\system\Debug\Exceptions.php:308
Stack trace:
#0 C:\xampp\htdocs\projetoacc\system\Debug\Exceptions.php(308): CodeIgniter\Debug\Exceptions->errorHandler(8, 'Undefined varia...', 'C:\\xampp\\htdocs...', 308, Array)
#1 C:\xampp\htdocs\projetoacc\system\Debug\Exceptions.php(308): include()
#2 C:\xampp\htdocs\projetoacc\system\Debug\Exceptions.php(174): CodeIgniter\Debug\Exceptions->render(Object(CodeIgniter\Exceptions\PageNotFoundException), 404)
#3 [internal function]: CodeIgniter\Debug\Exceptions->exceptionHandler(Object(CodeIgniter\Exceptions\PageNotFoundException))
#4 {main}
  thrown
#0 [internal function]: CodeIgniter\Debug\Exceptions->shutdownHandler()
#1 {main}
CRITICAL - 2020-11-21 14:36:49 --> Uncaught ErrorException: Undefined variable: viewFile in C:\xampp\htdocs\projetoacc\system\Debug\Exceptions.php:308
Stack trace:
#0 C:\xampp\htdocs\projetoacc\system\Debug\Exceptions.php(308): CodeIgniter\Debug\Exceptions->errorHandler(8, 'Undefined varia...', 'C:\\xampp\\htdocs...', 308, Array)
#1 C:\xampp\htdocs\projetoacc\system\Debug\Exceptions.php(308): include()
#2 C:\xampp\htdocs\projetoacc\system\Debug\Exceptions.php(174): CodeIgniter\Debug\Exceptions->render(Object(CodeIgniter\Exceptions\PageNotFoundException), 404)
#3 [internal function]: CodeIgniter\Debug\Exceptions->exceptionHandler(Object(CodeIgniter\Exceptions\PageNotFoundException))
#4 {main}
  thrown
#0 [internal function]: CodeIgniter\Debug\Exceptions->shutdownHandler()
#1 {main}
CRITICAL - 2020-11-21 14:36:50 --> Uncaught ErrorException: Undefined variable: viewFile in C:\xampp\htdocs\projetoacc\system\Debug\Exceptions.php:308
Stack trace:
#0 C:\xampp\htdocs\projetoacc\system\Debug\Exceptions.php(308): CodeIgniter\Debug\Exceptions->errorHandler(8, 'Undefined varia...', 'C:\\xampp\\htdocs...', 308, Array)
#1 C:\xampp\htdocs\projetoacc\system\Debug\Exceptions.php(308): include()
#2 C:\xampp\htdocs\projetoacc\system\Debug\Exceptions.php(174): CodeIgniter\Debug\Exceptions->render(Object(CodeIgniter\Exceptions\PageNotFoundException), 404)
#3 [internal function]: CodeIgniter\Debug\Exceptions->exceptionHandler(Object(CodeIgniter\Exceptions\PageNotFoundException))
#4 {main}
  thrown
#0 [internal function]: CodeIgniter\Debug\Exceptions->shutdownHandler()
#1 {main}
CRITICAL - 2020-11-21 14:36:50 --> Uncaught ErrorException: Undefined variable: viewFile in C:\xampp\htdocs\projetoacc\system\Debug\Exceptions.php:308
Stack trace:
#0 C:\xampp\htdocs\projetoacc\system\Debug\Exceptions.php(308): CodeIgniter\Debug\Exceptions->errorHandler(8, 'Undefined varia...', 'C:\\xampp\\htdocs...', 308, Array)
#1 C:\xampp\htdocs\projetoacc\system\Debug\Exceptions.php(308): include()
#2 C:\xampp\htdocs\projetoacc\system\Debug\Exceptions.php(174): CodeIgniter\Debug\Exceptions->render(Object(CodeIgniter\Exceptions\PageNotFoundException), 404)
#3 [internal function]: CodeIgniter\Debug\Exceptions->exceptionHandler(Object(CodeIgniter\Exceptions\PageNotFoundException))
#4 {main}
  thrown
#0 [internal function]: CodeIgniter\Debug\Exceptions->shutdownHandler()
#1 {main}
CRITICAL - 2020-11-21 14:36:50 --> Uncaught ErrorException: Undefined variable: viewFile in C:\xampp\htdocs\projetoacc\system\Debug\Exceptions.php:308
Stack trace:
#0 C:\xampp\htdocs\projetoacc\system\Debug\Exceptions.php(308): CodeIgniter\Debug\Exceptions->errorHandler(8, 'Undefined varia...', 'C:\\xampp\\htdocs...', 308, Array)
#1 C:\xampp\htdocs\projetoacc\system\Debug\Exceptions.php(308): include()
#2 C:\xampp\htdocs\projetoacc\system\Debug\Exceptions.php(174): CodeIgniter\Debug\Exceptions->render(Object(CodeIgniter\Exceptions\PageNotFoundException), 404)
#3 [internal function]: CodeIgniter\Debug\Exceptions->exceptionHandler(Object(CodeIgniter\Exceptions\PageNotFoundException))
#4 {main}
  thrown
#0 [internal function]: CodeIgniter\Debug\Exceptions->shutdownHandler()
#1 {main}
CRITICAL - 2020-11-21 14:36:51 --> Uncaught ErrorException: Undefined variable: viewFile in C:\xampp\htdocs\projetoacc\system\Debug\Exceptions.php:308
Stack trace:
#0 C:\xampp\htdocs\projetoacc\system\Debug\Exceptions.php(308): CodeIgniter\Debug\Exceptions->errorHandler(8, 'Undefined varia...', 'C:\\xampp\\htdocs...', 308, Array)
#1 C:\xampp\htdocs\projetoacc\system\Debug\Exceptions.php(308): include()
#2 C:\xampp\htdocs\projetoacc\system\Debug\Exceptions.php(174): CodeIgniter\Debug\Exceptions->render(Object(CodeIgniter\Exceptions\PageNotFoundException), 404)
#3 [internal function]: CodeIgniter\Debug\Exceptions->exceptionHandler(Object(CodeIgniter\Exceptions\PageNotFoundException))
#4 {main}
  thrown
#0 [internal function]: CodeIgniter\Debug\Exceptions->shutdownHandler()
#1 {main}
CRITICAL - 2020-11-21 14:37:06 --> Uncaught ErrorException: Undefined variable: viewFile in C:\xampp\htdocs\projetoacc\system\Debug\Exceptions.php:308
Stack trace:
#0 C:\xampp\htdocs\projetoacc\system\Debug\Exceptions.php(308): CodeIgniter\Debug\Exceptions->errorHandler(8, 'Undefined varia...', 'C:\\xampp\\htdocs...', 308, Array)
#1 C:\xampp\htdocs\projetoacc\system\Debug\Exceptions.php(308): include()
#2 C:\xampp\htdocs\projetoacc\system\Debug\Exceptions.php(174): CodeIgniter\Debug\Exceptions->render(Object(CodeIgniter\Exceptions\PageNotFoundException), 404)
#3 [internal function]: CodeIgniter\Debug\Exceptions->exceptionHandler(Object(CodeIgniter\Exceptions\PageNotFoundException))
#4 {main}
  thrown
#0 [internal function]: CodeIgniter\Debug\Exceptions->shutdownHandler()
#1 {main}
CRITICAL - 2020-11-21 14:37:07 --> Uncaught ErrorException: Undefined variable: viewFile in C:\xampp\htdocs\projetoacc\system\Debug\Exceptions.php:308
Stack trace:
#0 C:\xampp\htdocs\projetoacc\system\Debug\Exceptions.php(308): CodeIgniter\Debug\Exceptions->errorHandler(8, 'Undefined varia...', 'C:\\xampp\\htdocs...', 308, Array)
#1 C:\xampp\htdocs\projetoacc\system\Debug\Exceptions.php(308): include()
#2 C:\xampp\htdocs\projetoacc\system\Debug\Exceptions.php(174): CodeIgniter\Debug\Exceptions->render(Object(CodeIgniter\Exceptions\PageNotFoundException), 404)
#3 [internal function]: CodeIgniter\Debug\Exceptions->exceptionHandler(Object(CodeIgniter\Exceptions\PageNotFoundException))
#4 {main}
  thrown
#0 [internal function]: CodeIgniter\Debug\Exceptions->shutdownHandler()
#1 {main}
CRITICAL - 2020-11-21 14:37:07 --> Uncaught ErrorException: Undefined variable: viewFile in C:\xampp\htdocs\projetoacc\system\Debug\Exceptions.php:308
Stack trace:
#0 C:\xampp\htdocs\projetoacc\system\Debug\Exceptions.php(308): CodeIgniter\Debug\Exceptions->errorHandler(8, 'Undefined varia...', 'C:\\xampp\\htdocs...', 308, Array)
#1 C:\xampp\htdocs\projetoacc\system\Debug\Exceptions.php(308): include()
#2 C:\xampp\htdocs\projetoacc\system\Debug\Exceptions.php(174): CodeIgniter\Debug\Exceptions->render(Object(CodeIgniter\Exceptions\PageNotFoundException), 404)
#3 [internal function]: CodeIgniter\Debug\Exceptions->exceptionHandler(Object(CodeIgniter\Exceptions\PageNotFoundException))
#4 {main}
  thrown
#0 [internal function]: CodeIgniter\Debug\Exceptions->shutdownHandler()
#1 {main}
CRITICAL - 2020-11-21 14:37:08 --> Uncaught ErrorException: Undefined variable: viewFile in C:\xampp\htdocs\projetoacc\system\Debug\Exceptions.php:308
Stack trace:
#0 C:\xampp\htdocs\projetoacc\system\Debug\Exceptions.php(308): CodeIgniter\Debug\Exceptions->errorHandler(8, 'Undefined varia...', 'C:\\xampp\\htdocs...', 308, Array)
#1 C:\xampp\htdocs\projetoacc\system\Debug\Exceptions.php(308): include()
#2 C:\xampp\htdocs\projetoacc\system\Debug\Exceptions.php(174): CodeIgniter\Debug\Exceptions->render(Object(CodeIgniter\Exceptions\PageNotFoundException), 404)
#3 [internal function]: CodeIgniter\Debug\Exceptions->exceptionHandler(Object(CodeIgniter\Exceptions\PageNotFoundException))
#4 {main}
  thrown
#0 [internal function]: CodeIgniter\Debug\Exceptions->shutdownHandler()
#1 {main}
CRITICAL - 2020-11-21 14:37:08 --> Uncaught ErrorException: Undefined variable: viewFile in C:\xampp\htdocs\projetoacc\system\Debug\Exceptions.php:308
Stack trace:
#0 C:\xampp\htdocs\projetoacc\system\Debug\Exceptions.php(308): CodeIgniter\Debug\Exceptions->errorHandler(8, 'Undefined varia...', 'C:\\xampp\\htdocs...', 308, Array)
#1 C:\xampp\htdocs\projetoacc\system\Debug\Exceptions.php(308): include()
#2 C:\xampp\htdocs\projetoacc\system\Debug\Exceptions.php(174): CodeIgniter\Debug\Exceptions->render(Object(CodeIgniter\Exceptions\PageNotFoundException), 404)
#3 [internal function]: CodeIgniter\Debug\Exceptions->exceptionHandler(Object(CodeIgniter\Exceptions\PageNotFoundException))
#4 {main}
  thrown
#0 [internal function]: CodeIgniter\Debug\Exceptions->shutdownHandler()
#1 {main}
CRITICAL - 2020-11-21 14:38:05 --> Uncaught ErrorException: Undefined variable: viewFile in C:\xampp\htdocs\projetoacc\system\Debug\Exceptions.php:308
Stack trace:
#0 C:\xampp\htdocs\projetoacc\system\Debug\Exceptions.php(308): CodeIgniter\Debug\Exceptions->errorHandler(8, 'Undefined varia...', 'C:\\xampp\\htdocs...', 308, Array)
#1 C:\xampp\htdocs\projetoacc\system\Debug\Exceptions.php(308): include()
#2 C:\xampp\htdocs\projetoacc\system\Debug\Exceptions.php(174): CodeIgniter\Debug\Exceptions->render(Object(CodeIgniter\Exceptions\PageNotFoundException), 404)
#3 [internal function]: CodeIgniter\Debug\Exceptions->exceptionHandler(Object(CodeIgniter\Exceptions\PageNotFoundException))
#4 {main}
  thrown
#0 [internal function]: CodeIgniter\Debug\Exceptions->shutdownHandler()
#1 {main}
CRITICAL - 2020-11-21 14:38:07 --> Uncaught ErrorException: Undefined variable: viewFile in C:\xampp\htdocs\projetoacc\system\Debug\Exceptions.php:308
Stack trace:
#0 C:\xampp\htdocs\projetoacc\system\Debug\Exceptions.php(308): CodeIgniter\Debug\Exceptions->errorHandler(8, 'Undefined varia...', 'C:\\xampp\\htdocs...', 308, Array)
#1 C:\xampp\htdocs\projetoacc\system\Debug\Exceptions.php(308): include()
#2 C:\xampp\htdocs\projetoacc\system\Debug\Exceptions.php(174): CodeIgniter\Debug\Exceptions->render(Object(CodeIgniter\Exceptions\PageNotFoundException), 404)
#3 [internal function]: CodeIgniter\Debug\Exceptions->exceptionHandler(Object(CodeIgniter\Exceptions\PageNotFoundException))
#4 {main}
  thrown
#0 [internal function]: CodeIgniter\Debug\Exceptions->shutdownHandler()
#1 {main}
CRITICAL - 2020-11-21 14:38:08 --> Uncaught ErrorException: Undefined variable: viewFile in C:\xampp\htdocs\projetoacc\system\Debug\Exceptions.php:308
Stack trace:
#0 C:\xampp\htdocs\projetoacc\system\Debug\Exceptions.php(308): CodeIgniter\Debug\Exceptions->errorHandler(8, 'Undefined varia...', 'C:\\xampp\\htdocs...', 308, Array)
#1 C:\xampp\htdocs\projetoacc\system\Debug\Exceptions.php(308): include()
#2 C:\xampp\htdocs\projetoacc\system\Debug\Exceptions.php(174): CodeIgniter\Debug\Exceptions->render(Object(CodeIgniter\Exceptions\PageNotFoundException), 404)
#3 [internal function]: CodeIgniter\Debug\Exceptions->exceptionHandler(Object(CodeIgniter\Exceptions\PageNotFoundException))
#4 {main}
  thrown
#0 [internal function]: CodeIgniter\Debug\Exceptions->shutdownHandler()
#1 {main}
CRITICAL - 2020-11-21 14:38:08 --> Uncaught ErrorException: Undefined variable: viewFile in C:\xampp\htdocs\projetoacc\system\Debug\Exceptions.php:308
Stack trace:
#0 C:\xampp\htdocs\projetoacc\system\Debug\Exceptions.php(308): CodeIgniter\Debug\Exceptions->errorHandler(8, 'Undefined varia...', 'C:\\xampp\\htdocs...', 308, Array)
#1 C:\xampp\htdocs\projetoacc\system\Debug\Exceptions.php(308): include()
#2 C:\xampp\htdocs\projetoacc\system\Debug\Exceptions.php(174): CodeIgniter\Debug\Exceptions->render(Object(CodeIgniter\Exceptions\PageNotFoundException), 404)
#3 [internal function]: CodeIgniter\Debug\Exceptions->exceptionHandler(Object(CodeIgniter\Exceptions\PageNotFoundException))
#4 {main}
  thrown
#0 [internal function]: CodeIgniter\Debug\Exceptions->shutdownHandler()
#1 {main}
CRITICAL - 2020-11-21 14:38:09 --> Uncaught ErrorException: Undefined variable: viewFile in C:\xampp\htdocs\projetoacc\system\Debug\Exceptions.php:308
Stack trace:
#0 C:\xampp\htdocs\projetoacc\system\Debug\Exceptions.php(308): CodeIgniter\Debug\Exceptions->errorHandler(8, 'Undefined varia...', 'C:\\xampp\\htdocs...', 308, Array)
#1 C:\xampp\htdocs\projetoacc\system\Debug\Exceptions.php(308): include()
#2 C:\xampp\htdocs\projetoacc\system\Debug\Exceptions.php(174): CodeIgniter\Debug\Exceptions->render(Object(CodeIgniter\Exceptions\PageNotFoundException), 404)
#3 [internal function]: CodeIgniter\Debug\Exceptions->exceptionHandler(Object(CodeIgniter\Exceptions\PageNotFoundException))
#4 {main}
  thrown
#0 [internal function]: CodeIgniter\Debug\Exceptions->shutdownHandler()
#1 {main}
CRITICAL - 2020-11-21 14:38:09 --> Uncaught ErrorException: Undefined variable: viewFile in C:\xampp\htdocs\projetoacc\system\Debug\Exceptions.php:308
Stack trace:
#0 C:\xampp\htdocs\projetoacc\system\Debug\Exceptions.php(308): CodeIgniter\Debug\Exceptions->errorHandler(8, 'Undefined varia...', 'C:\\xampp\\htdocs...', 308, Array)
#1 C:\xampp\htdocs\projetoacc\system\Debug\Exceptions.php(308): include()
#2 C:\xampp\htdocs\projetoacc\system\Debug\Exceptions.php(174): CodeIgniter\Debug\Exceptions->render(Object(CodeIgniter\Exceptions\PageNotFoundException), 404)
#3 [internal function]: CodeIgniter\Debug\Exceptions->exceptionHandler(Object(CodeIgniter\Exceptions\PageNotFoundException))
#4 {main}
  thrown
#0 [internal function]: CodeIgniter\Debug\Exceptions->shutdownHandler()
#1 {main}
CRITICAL - 2020-11-21 14:38:19 --> Uncaught ErrorException: Undefined variable: viewFile in C:\xampp\htdocs\projetoacc\system\Debug\Exceptions.php:308
Stack trace:
#0 C:\xampp\htdocs\projetoacc\system\Debug\Exceptions.php(308): CodeIgniter\Debug\Exceptions->errorHandler(8, 'Undefined varia...', 'C:\\xampp\\htdocs...', 308, Array)
#1 C:\xampp\htdocs\projetoacc\system\Debug\Exceptions.php(308): include()
#2 C:\xampp\htdocs\projetoacc\system\Debug\Exceptions.php(174): CodeIgniter\Debug\Exceptions->render(Object(CodeIgniter\Exceptions\PageNotFoundException), 404)
#3 [internal function]: CodeIgniter\Debug\Exceptions->exceptionHandler(Object(CodeIgniter\Exceptions\PageNotFoundException))
#4 {main}
  thrown
#0 [internal function]: CodeIgniter\Debug\Exceptions->shutdownHandler()
#1 {main}
CRITICAL - 2020-11-21 14:38:19 --> Uncaught ErrorException: Undefined variable: viewFile in C:\xampp\htdocs\projetoacc\system\Debug\Exceptions.php:308
Stack trace:
#0 C:\xampp\htdocs\projetoacc\system\Debug\Exceptions.php(308): CodeIgniter\Debug\Exceptions->errorHandler(8, 'Undefined varia...', 'C:\\xampp\\htdocs...', 308, Array)
#1 C:\xampp\htdocs\projetoacc\system\Debug\Exceptions.php(308): include()
#2 C:\xampp\htdocs\projetoacc\system\Debug\Exceptions.php(174): CodeIgniter\Debug\Exceptions->render(Object(CodeIgniter\Exceptions\PageNotFoundException), 404)
#3 [internal function]: CodeIgniter\Debug\Exceptions->exceptionHandler(Object(CodeIgniter\Exceptions\PageNotFoundException))
#4 {main}
  thrown
#0 [internal function]: CodeIgniter\Debug\Exceptions->shutdownHandler()
#1 {main}
CRITICAL - 2020-11-21 14:38:20 --> Uncaught ErrorException: Undefined variable: viewFile in C:\xampp\htdocs\projetoacc\system\Debug\Exceptions.php:308
Stack trace:
#0 C:\xampp\htdocs\projetoacc\system\Debug\Exceptions.php(308): CodeIgniter\Debug\Exceptions->errorHandler(8, 'Undefined varia...', 'C:\\xampp\\htdocs...', 308, Array)
#1 C:\xampp\htdocs\projetoacc\system\Debug\Exceptions.php(308): include()
#2 C:\xampp\htdocs\projetoacc\system\Debug\Exceptions.php(174): CodeIgniter\Debug\Exceptions->render(Object(CodeIgniter\Exceptions\PageNotFoundException), 404)
#3 [internal function]: CodeIgniter\Debug\Exceptions->exceptionHandler(Object(CodeIgniter\Exceptions\PageNotFoundException))
#4 {main}
  thrown
#0 [internal function]: CodeIgniter\Debug\Exceptions->shutdownHandler()
#1 {main}
CRITICAL - 2020-11-21 14:38:20 --> Uncaught ErrorException: Undefined variable: viewFile in C:\xampp\htdocs\projetoacc\system\Debug\Exceptions.php:308
Stack trace:
#0 C:\xampp\htdocs\projetoacc\system\Debug\Exceptions.php(308): CodeIgniter\Debug\Exceptions->errorHandler(8, 'Undefined varia...', 'C:\\xampp\\htdocs...', 308, Array)
#1 C:\xampp\htdocs\projetoacc\system\Debug\Exceptions.php(308): include()
#2 C:\xampp\htdocs\projetoacc\system\Debug\Exceptions.php(174): CodeIgniter\Debug\Exceptions->render(Object(CodeIgniter\Exceptions\PageNotFoundException), 404)
#3 [internal function]: CodeIgniter\Debug\Exceptions->exceptionHandler(Object(CodeIgniter\Exceptions\PageNotFoundException))
#4 {main}
  thrown
#0 [internal function]: CodeIgniter\Debug\Exceptions->shutdownHandler()
#1 {main}
CRITICAL - 2020-11-21 14:38:20 --> Uncaught ErrorException: Undefined variable: viewFile in C:\xampp\htdocs\projetoacc\system\Debug\Exceptions.php:308
Stack trace:
#0 C:\xampp\htdocs\projetoacc\system\Debug\Exceptions.php(308): CodeIgniter\Debug\Exceptions->errorHandler(8, 'Undefined varia...', 'C:\\xampp\\htdocs...', 308, Array)
#1 C:\xampp\htdocs\projetoacc\system\Debug\Exceptions.php(308): include()
#2 C:\xampp\htdocs\projetoacc\system\Debug\Exceptions.php(174): CodeIgniter\Debug\Exceptions->render(Object(CodeIgniter\Exceptions\PageNotFoundException), 404)
#3 [internal function]: CodeIgniter\Debug\Exceptions->exceptionHandler(Object(CodeIgniter\Exceptions\PageNotFoundException))
#4 {main}
  thrown
#0 [internal function]: CodeIgniter\Debug\Exceptions->shutdownHandler()
#1 {main}
CRITICAL - 2020-11-21 14:38:21 --> Uncaught ErrorException: Undefined variable: viewFile in C:\xampp\htdocs\projetoacc\system\Debug\Exceptions.php:308
Stack trace:
#0 C:\xampp\htdocs\projetoacc\system\Debug\Exceptions.php(308): CodeIgniter\Debug\Exceptions->errorHandler(8, 'Undefined varia...', 'C:\\xampp\\htdocs...', 308, Array)
#1 C:\xampp\htdocs\projetoacc\system\Debug\Exceptions.php(308): include()
#2 C:\xampp\htdocs\projetoacc\system\Debug\Exceptions.php(174): CodeIgniter\Debug\Exceptions->render(Object(CodeIgniter\Exceptions\PageNotFoundException), 404)
#3 [internal function]: CodeIgniter\Debug\Exceptions->exceptionHandler(Object(CodeIgniter\Exceptions\PageNotFoundException))
#4 {main}
  thrown
#0 [internal function]: CodeIgniter\Debug\Exceptions->shutdownHandler()
#1 {main}
CRITICAL - 2020-11-21 14:41:14 --> Uncaught ErrorException: Undefined variable: viewFile in C:\xampp\htdocs\projetoacc\system\Debug\Exceptions.php:308
Stack trace:
#0 C:\xampp\htdocs\projetoacc\system\Debug\Exceptions.php(308): CodeIgniter\Debug\Exceptions->errorHandler(8, 'Undefined varia...', 'C:\\xampp\\htdocs...', 308, Array)
#1 C:\xampp\htdocs\projetoacc\system\Debug\Exceptions.php(308): include()
#2 C:\xampp\htdocs\projetoacc\system\Debug\Exceptions.php(174): CodeIgniter\Debug\Exceptions->render(Object(CodeIgniter\Exceptions\PageNotFoundException), 404)
#3 [internal function]: CodeIgniter\Debug\Exceptions->exceptionHandler(Object(CodeIgniter\Exceptions\PageNotFoundException))
#4 {main}
  thrown
#0 [internal function]: CodeIgniter\Debug\Exceptions->shutdownHandler()
#1 {main}
CRITICAL - 2020-11-21 14:41:17 --> Uncaught ErrorException: Undefined variable: viewFile in C:\xampp\htdocs\projetoacc\system\Debug\Exceptions.php:308
Stack trace:
#0 C:\xampp\htdocs\projetoacc\system\Debug\Exceptions.php(308): CodeIgniter\Debug\Exceptions->errorHandler(8, 'Undefined varia...', 'C:\\xampp\\htdocs...', 308, Array)
#1 C:\xampp\htdocs\projetoacc\system\Debug\Exceptions.php(308): include()
#2 C:\xampp\htdocs\projetoacc\system\Debug\Exceptions.php(174): CodeIgniter\Debug\Exceptions->render(Object(CodeIgniter\Exceptions\PageNotFoundException), 404)
#3 [internal function]: CodeIgniter\Debug\Exceptions->exceptionHandler(Object(CodeIgniter\Exceptions\PageNotFoundException))
#4 {main}
  thrown
#0 [internal function]: CodeIgniter\Debug\Exceptions->shutdownHandler()
#1 {main}
CRITICAL - 2020-11-21 14:41:58 --> Uncaught ErrorException: Undefined variable: viewFile in C:\xampp\htdocs\projetoacc\system\Debug\Exceptions.php:308
Stack trace:
#0 C:\xampp\htdocs\projetoacc\system\Debug\Exceptions.php(308): CodeIgniter\Debug\Exceptions->errorHandler(8, 'Undefined varia...', 'C:\\xampp\\htdocs...', 308, Array)
#1 C:\xampp\htdocs\projetoacc\system\Debug\Exceptions.php(308): include()
#2 C:\xampp\htdocs\projetoacc\system\Debug\Exceptions.php(174): CodeIgniter\Debug\Exceptions->render(Object(CodeIgniter\Exceptions\PageNotFoundException), 404)
#3 [internal function]: CodeIgniter\Debug\Exceptions->exceptionHandler(Object(CodeIgniter\Exceptions\PageNotFoundException))
#4 {main}
  thrown
#0 [internal function]: CodeIgniter\Debug\Exceptions->shutdownHandler()
#1 {main}
CRITICAL - 2020-11-21 14:42:56 --> Uncaught ErrorException: Undefined variable: viewFile in C:\xampp\htdocs\projetoacc\system\Debug\Exceptions.php:308
Stack trace:
#0 C:\xampp\htdocs\projetoacc\system\Debug\Exceptions.php(308): CodeIgniter\Debug\Exceptions->errorHandler(8, 'Undefined varia...', 'C:\\xampp\\htdocs...', 308, Array)
#1 C:\xampp\htdocs\projetoacc\system\Debug\Exceptions.php(308): include()
#2 C:\xampp\htdocs\projetoacc\system\Debug\Exceptions.php(174): CodeIgniter\Debug\Exceptions->render(Object(CodeIgniter\Exceptions\PageNotFoundException), 404)
#3 [internal function]: CodeIgniter\Debug\Exceptions->exceptionHandler(Object(CodeIgniter\Exceptions\PageNotFoundException))
#4 {main}
  thrown
#0 [internal function]: CodeIgniter\Debug\Exceptions->shutdownHandler()
#1 {main}
CRITICAL - 2020-11-21 14:42:59 --> Uncaught ErrorException: Undefined variable: viewFile in C:\xampp\htdocs\projetoacc\system\Debug\Exceptions.php:308
Stack trace:
#0 C:\xampp\htdocs\projetoacc\system\Debug\Exceptions.php(308): CodeIgniter\Debug\Exceptions->errorHandler(8, 'Undefined varia...', 'C:\\xampp\\htdocs...', 308, Array)
#1 C:\xampp\htdocs\projetoacc\system\Debug\Exceptions.php(308): include()
#2 C:\xampp\htdocs\projetoacc\system\Debug\Exceptions.php(174): CodeIgniter\Debug\Exceptions->render(Object(CodeIgniter\Exceptions\PageNotFoundException), 404)
#3 [internal function]: CodeIgniter\Debug\Exceptions->exceptionHandler(Object(CodeIgniter\Exceptions\PageNotFoundException))
#4 {main}
  thrown
#0 [internal function]: CodeIgniter\Debug\Exceptions->shutdownHandler()
#1 {main}
CRITICAL - 2020-11-21 14:43:26 --> Uncaught ErrorException: Undefined variable: viewFile in C:\xampp\htdocs\projetoacc\system\Debug\Exceptions.php:308
Stack trace:
#0 C:\xampp\htdocs\projetoacc\system\Debug\Exceptions.php(308): CodeIgniter\Debug\Exceptions->errorHandler(8, 'Undefined varia...', 'C:\\xampp\\htdocs...', 308, Array)
#1 C:\xampp\htdocs\projetoacc\system\Debug\Exceptions.php(308): include()
#2 C:\xampp\htdocs\projetoacc\system\Debug\Exceptions.php(174): CodeIgniter\Debug\Exceptions->render(Object(CodeIgniter\Exceptions\PageNotFoundException), 404)
#3 [internal function]: CodeIgniter\Debug\Exceptions->exceptionHandler(Object(CodeIgniter\Exceptions\PageNotFoundException))
#4 {main}
  thrown
#0 [internal function]: CodeIgniter\Debug\Exceptions->shutdownHandler()
#1 {main}
CRITICAL - 2020-11-21 14:43:26 --> Uncaught ErrorException: Undefined variable: viewFile in C:\xampp\htdocs\projetoacc\system\Debug\Exceptions.php:308
Stack trace:
#0 C:\xampp\htdocs\projetoacc\system\Debug\Exceptions.php(308): CodeIgniter\Debug\Exceptions->errorHandler(8, 'Undefined varia...', 'C:\\xampp\\htdocs...', 308, Array)
#1 C:\xampp\htdocs\projetoacc\system\Debug\Exceptions.php(308): include()
#2 C:\xampp\htdocs\projetoacc\system\Debug\Exceptions.php(174): CodeIgniter\Debug\Exceptions->render(Object(CodeIgniter\Exceptions\PageNotFoundException), 404)
#3 [internal function]: CodeIgniter\Debug\Exceptions->exceptionHandler(Object(CodeIgniter\Exceptions\PageNotFoundException))
#4 {main}
  thrown
#0 [internal function]: CodeIgniter\Debug\Exceptions->shutdownHandler()
#1 {main}
CRITICAL - 2020-11-21 14:43:26 --> Uncaught ErrorException: Undefined variable: viewFile in C:\xampp\htdocs\projetoacc\system\Debug\Exceptions.php:308
Stack trace:
#0 C:\xampp\htdocs\projetoacc\system\Debug\Exceptions.php(308): CodeIgniter\Debug\Exceptions->errorHandler(8, 'Undefined varia...', 'C:\\xampp\\htdocs...', 308, Array)
#1 C:\xampp\htdocs\projetoacc\system\Debug\Exceptions.php(308): include()
#2 C:\xampp\htdocs\projetoacc\system\Debug\Exceptions.php(174): CodeIgniter\Debug\Exceptions->render(Object(CodeIgniter\Exceptions\PageNotFoundException), 404)
#3 [internal function]: CodeIgniter\Debug\Exceptions->exceptionHandler(Object(CodeIgniter\Exceptions\PageNotFoundException))
#4 {main}
  thrown
#0 [internal function]: CodeIgniter\Debug\Exceptions->shutdownHandler()
#1 {main}
CRITICAL - 2020-11-21 14:43:27 --> Uncaught ErrorException: Undefined variable: viewFile in C:\xampp\htdocs\projetoacc\system\Debug\Exceptions.php:308
Stack trace:
#0 C:\xampp\htdocs\projetoacc\system\Debug\Exceptions.php(308): CodeIgniter\Debug\Exceptions->errorHandler(8, 'Undefined varia...', 'C:\\xampp\\htdocs...', 308, Array)
#1 C:\xampp\htdocs\projetoacc\system\Debug\Exceptions.php(308): include()
#2 C:\xampp\htdocs\projetoacc\system\Debug\Exceptions.php(174): CodeIgniter\Debug\Exceptions->render(Object(CodeIgniter\Exceptions\PageNotFoundException), 404)
#3 [internal function]: CodeIgniter\Debug\Exceptions->exceptionHandler(Object(CodeIgniter\Exceptions\PageNotFoundException))
#4 {main}
  thrown
#0 [internal function]: CodeIgniter\Debug\Exceptions->shutdownHandler()
#1 {main}
CRITICAL - 2020-11-21 14:43:27 --> Uncaught ErrorException: Undefined variable: viewFile in C:\xampp\htdocs\projetoacc\system\Debug\Exceptions.php:308
Stack trace:
#0 C:\xampp\htdocs\projetoacc\system\Debug\Exceptions.php(308): CodeIgniter\Debug\Exceptions->errorHandler(8, 'Undefined varia...', 'C:\\xampp\\htdocs...', 308, Array)
#1 C:\xampp\htdocs\projetoacc\system\Debug\Exceptions.php(308): include()
#2 C:\xampp\htdocs\projetoacc\system\Debug\Exceptions.php(174): CodeIgniter\Debug\Exceptions->render(Object(CodeIgniter\Exceptions\PageNotFoundException), 404)
#3 [internal function]: CodeIgniter\Debug\Exceptions->exceptionHandler(Object(CodeIgniter\Exceptions\PageNotFoundException))
#4 {main}
  thrown
#0 [internal function]: CodeIgniter\Debug\Exceptions->shutdownHandler()
#1 {main}
CRITICAL - 2020-11-21 14:43:27 --> Uncaught ErrorException: Undefined variable: viewFile in C:\xampp\htdocs\projetoacc\system\Debug\Exceptions.php:308
Stack trace:
#0 C:\xampp\htdocs\projetoacc\system\Debug\Exceptions.php(308): CodeIgniter\Debug\Exceptions->errorHandler(8, 'Undefined varia...', 'C:\\xampp\\htdocs...', 308, Array)
#1 C:\xampp\htdocs\projetoacc\system\Debug\Exceptions.php(308): include()
#2 C:\xampp\htdocs\projetoacc\system\Debug\Exceptions.php(174): CodeIgniter\Debug\Exceptions->render(Object(CodeIgniter\Exceptions\PageNotFoundException), 404)
#3 [internal function]: CodeIgniter\Debug\Exceptions->exceptionHandler(Object(CodeIgniter\Exceptions\PageNotFoundException))
#4 {main}
  thrown
#0 [internal function]: CodeIgniter\Debug\Exceptions->shutdownHandler()
#1 {main}
CRITICAL - 2020-11-21 14:43:31 --> Uncaught ErrorException: Undefined variable: viewFile in C:\xampp\htdocs\projetoacc\system\Debug\Exceptions.php:308
Stack trace:
#0 C:\xampp\htdocs\projetoacc\system\Debug\Exceptions.php(308): CodeIgniter\Debug\Exceptions->errorHandler(8, 'Undefined varia...', 'C:\\xampp\\htdocs...', 308, Array)
#1 C:\xampp\htdocs\projetoacc\system\Debug\Exceptions.php(308): include()
#2 C:\xampp\htdocs\projetoacc\system\Debug\Exceptions.php(174): CodeIgniter\Debug\Exceptions->render(Object(CodeIgniter\Exceptions\PageNotFoundException), 404)
#3 [internal function]: CodeIgniter\Debug\Exceptions->exceptionHandler(Object(CodeIgniter\Exceptions\PageNotFoundException))
#4 {main}
  thrown
#0 [internal function]: CodeIgniter\Debug\Exceptions->shutdownHandler()
#1 {main}
