CRITICAL - 2020-11-12 17:04:46 --> Unable to connect to the database.
#0 C:\xampp\htdocs\projetoaccnew\system\Database\BaseConnection.php(646): CodeIgniter\Database\BaseConnection->initialize()
#1 C:\xampp\htdocs\projetoaccnew\system\Database\BaseBuilder.php(1860): CodeIgniter\Database\BaseConnection->query('SELECT *\nFROM `...', Array, false)
#2 C:\xampp\htdocs\projetoaccnew\system\Model.php(462): CodeIgniter\Database\BaseBuilder->get()
#3 C:\xampp\htdocs\projetoaccnew\app\Controllers\Categorias.php(12): CodeIgniter\Model->findAll()
#4 C:\xampp\htdocs\projetoaccnew\system\CodeIgniter.php(918): App\Controllers\Categorias->index()
#5 C:\xampp\htdocs\projetoaccnew\system\CodeIgniter.php(404): CodeIgniter\CodeIgniter->runController(Object(App\Controllers\Categorias))
#6 C:\xampp\htdocs\projetoaccnew\system\CodeIgniter.php(312): CodeIgniter\CodeIgniter->handleRequest(NULL, Object(Config\Cache), false)
#7 C:\xampp\htdocs\projetoaccnew\public\index.php(45): CodeIgniter\CodeIgniter->run()
#8 C:\xampp\htdocs\projetoaccnew\system\Commands\Server\rewrite.php(34): require_once('C:\\xampp\\htdocs...')
#9 {main}
CRITICAL - 2020-11-12 17:04:46 --> Uncaught ErrorException: Undefined variable: viewFile in C:\xampp\htdocs\projetoaccnew\system\Debug\Exceptions.php:308
Stack trace:
#0 C:\xampp\htdocs\projetoaccnew\system\Debug\Exceptions.php(308): CodeIgniter\Debug\Exceptions->errorHandler(8, 'Undefined varia...', 'C:\\xampp\\htdocs...', 308, Array)
#1 C:\xampp\htdocs\projetoaccnew\system\Debug\Exceptions.php(308): include()
#2 C:\xampp\htdocs\projetoaccnew\system\Debug\Exceptions.php(174): CodeIgniter\Debug\Exceptions->render(Object(CodeIgniter\Database\Exceptions\DatabaseException), 500)
#3 [internal function]: CodeIgniter\Debug\Exceptions->exceptionHandler(Object(CodeIgniter\Database\Exceptions\DatabaseException))
#4 {main}
  thrown
#0 [internal function]: CodeIgniter\Debug\Exceptions->shutdownHandler()
#1 {main}
CRITICAL - 2020-11-12 17:04:56 --> Unable to connect to the database.
#0 C:\xampp\htdocs\projetoaccnew\system\Database\BaseConnection.php(646): CodeIgniter\Database\BaseConnection->initialize()
#1 C:\xampp\htdocs\projetoaccnew\system\Database\BaseBuilder.php(1860): CodeIgniter\Database\BaseConnection->query('SELECT *\nFROM `...', Array, false)
#2 C:\xampp\htdocs\projetoaccnew\system\Model.php(462): CodeIgniter\Database\BaseBuilder->get()
#3 C:\xampp\htdocs\projetoaccnew\app\Controllers\Categorias.php(12): CodeIgniter\Model->findAll()
#4 C:\xampp\htdocs\projetoaccnew\system\CodeIgniter.php(918): App\Controllers\Categorias->index()
#5 C:\xampp\htdocs\projetoaccnew\system\CodeIgniter.php(404): CodeIgniter\CodeIgniter->runController(Object(App\Controllers\Categorias))
#6 C:\xampp\htdocs\projetoaccnew\system\CodeIgniter.php(312): CodeIgniter\CodeIgniter->handleRequest(NULL, Object(Config\Cache), false)
#7 C:\xampp\htdocs\projetoaccnew\public\index.php(45): CodeIgniter\CodeIgniter->run()
#8 C:\xampp\htdocs\projetoaccnew\system\Commands\Server\rewrite.php(34): require_once('C:\\xampp\\htdocs...')
#9 {main}
CRITICAL - 2020-11-12 17:04:56 --> Uncaught ErrorException: Undefined variable: viewFile in C:\xampp\htdocs\projetoaccnew\system\Debug\Exceptions.php:308
Stack trace:
#0 C:\xampp\htdocs\projetoaccnew\system\Debug\Exceptions.php(308): CodeIgniter\Debug\Exceptions->errorHandler(8, 'Undefined varia...', 'C:\\xampp\\htdocs...', 308, Array)
#1 C:\xampp\htdocs\projetoaccnew\system\Debug\Exceptions.php(308): include()
#2 C:\xampp\htdocs\projetoaccnew\system\Debug\Exceptions.php(174): CodeIgniter\Debug\Exceptions->render(Object(CodeIgniter\Database\Exceptions\DatabaseException), 500)
#3 [internal function]: CodeIgniter\Debug\Exceptions->exceptionHandler(Object(CodeIgniter\Database\Exceptions\DatabaseException))
#4 {main}
  thrown
#0 [internal function]: CodeIgniter\Debug\Exceptions->shutdownHandler()
#1 {main}
CRITICAL - 2020-11-12 17:05:08 --> Unable to connect to the database.
#0 C:\xampp\htdocs\projetoaccnew\system\Database\BaseConnection.php(646): CodeIgniter\Database\BaseConnection->initialize()
#1 C:\xampp\htdocs\projetoaccnew\system\Database\BaseBuilder.php(1860): CodeIgniter\Database\BaseConnection->query('SELECT *\nFROM `...', Array, false)
#2 C:\xampp\htdocs\projetoaccnew\system\Model.php(462): CodeIgniter\Database\BaseBuilder->get()
#3 C:\xampp\htdocs\projetoaccnew\app\Controllers\Categorias.php(12): CodeIgniter\Model->findAll()
#4 C:\xampp\htdocs\projetoaccnew\system\CodeIgniter.php(918): App\Controllers\Categorias->index()
#5 C:\xampp\htdocs\projetoaccnew\system\CodeIgniter.php(404): CodeIgniter\CodeIgniter->runController(Object(App\Controllers\Categorias))
#6 C:\xampp\htdocs\projetoaccnew\system\CodeIgniter.php(312): CodeIgniter\CodeIgniter->handleRequest(NULL, Object(Config\Cache), false)
#7 C:\xampp\htdocs\projetoaccnew\public\index.php(45): CodeIgniter\CodeIgniter->run()
#8 C:\xampp\htdocs\projetoaccnew\system\Commands\Server\rewrite.php(34): require_once('C:\\xampp\\htdocs...')
#9 {main}
CRITICAL - 2020-11-12 17:05:08 --> Uncaught ErrorException: Undefined variable: viewFile in C:\xampp\htdocs\projetoaccnew\system\Debug\Exceptions.php:308
Stack trace:
#0 C:\xampp\htdocs\projetoaccnew\system\Debug\Exceptions.php(308): CodeIgniter\Debug\Exceptions->errorHandler(8, 'Undefined varia...', 'C:\\xampp\\htdocs...', 308, Array)
#1 C:\xampp\htdocs\projetoaccnew\system\Debug\Exceptions.php(308): include()
#2 C:\xampp\htdocs\projetoaccnew\system\Debug\Exceptions.php(174): CodeIgniter\Debug\Exceptions->render(Object(CodeIgniter\Database\Exceptions\DatabaseException), 500)
#3 [internal function]: CodeIgniter\Debug\Exceptions->exceptionHandler(Object(CodeIgniter\Database\Exceptions\DatabaseException))
#4 {main}
  thrown
#0 [internal function]: CodeIgniter\Debug\Exceptions->shutdownHandler()
#1 {main}
CRITICAL - 2020-11-12 17:27:41 --> Unable to connect to the database.
#0 C:\xampp\htdocs\projetoaccnew\system\Database\BaseConnection.php(646): CodeIgniter\Database\BaseConnection->initialize()
#1 C:\xampp\htdocs\projetoaccnew\system\Database\BaseBuilder.php(1860): CodeIgniter\Database\BaseConnection->query('SELECT *\nFROM `...', Array, false)
#2 C:\xampp\htdocs\projetoaccnew\system\Model.php(462): CodeIgniter\Database\BaseBuilder->get()
#3 C:\xampp\htdocs\projetoaccnew\app\Controllers\Categorias.php(12): CodeIgniter\Model->findAll()
#4 C:\xampp\htdocs\projetoaccnew\system\CodeIgniter.php(918): App\Controllers\Categorias->index()
#5 C:\xampp\htdocs\projetoaccnew\system\CodeIgniter.php(404): CodeIgniter\CodeIgniter->runController(Object(App\Controllers\Categorias))
#6 C:\xampp\htdocs\projetoaccnew\system\CodeIgniter.php(312): CodeIgniter\CodeIgniter->handleRequest(NULL, Object(Config\Cache), false)
#7 C:\xampp\htdocs\projetoaccnew\public\index.php(45): CodeIgniter\CodeIgniter->run()
#8 C:\xampp\htdocs\projetoaccnew\system\Commands\Server\rewrite.php(34): require_once('C:\\xampp\\htdocs...')
#9 {main}
CRITICAL - 2020-11-12 17:27:41 --> Uncaught ErrorException: Undefined variable: viewFile in C:\xampp\htdocs\projetoaccnew\system\Debug\Exceptions.php:308
Stack trace:
#0 C:\xampp\htdocs\projetoaccnew\system\Debug\Exceptions.php(308): CodeIgniter\Debug\Exceptions->errorHandler(8, 'Undefined varia...', 'C:\\xampp\\htdocs...', 308, Array)
#1 C:\xampp\htdocs\projetoaccnew\system\Debug\Exceptions.php(308): include()
#2 C:\xampp\htdocs\projetoaccnew\system\Debug\Exceptions.php(174): CodeIgniter\Debug\Exceptions->render(Object(CodeIgniter\Database\Exceptions\DatabaseException), 500)
#3 [internal function]: CodeIgniter\Debug\Exceptions->exceptionHandler(Object(CodeIgniter\Database\Exceptions\DatabaseException))
#4 {main}
  thrown
#0 [internal function]: CodeIgniter\Debug\Exceptions->shutdownHandler()
#1 {main}
CRITICAL - 2020-11-12 17:28:13 --> Unable to connect to the database.
#0 C:\xampp\htdocs\projetoaccnew\system\Database\BaseConnection.php(646): CodeIgniter\Database\BaseConnection->initialize()
#1 C:\xampp\htdocs\projetoaccnew\system\Database\BaseBuilder.php(1860): CodeIgniter\Database\BaseConnection->query('SELECT *\nFROM `...', Array, false)
#2 C:\xampp\htdocs\projetoaccnew\system\Model.php(462): CodeIgniter\Database\BaseBuilder->get()
#3 C:\xampp\htdocs\projetoaccnew\app\Controllers\Categorias.php(12): CodeIgniter\Model->findAll()
#4 C:\xampp\htdocs\projetoaccnew\system\CodeIgniter.php(918): App\Controllers\Categorias->index()
#5 C:\xampp\htdocs\projetoaccnew\system\CodeIgniter.php(404): CodeIgniter\CodeIgniter->runController(Object(App\Controllers\Categorias))
#6 C:\xampp\htdocs\projetoaccnew\system\CodeIgniter.php(312): CodeIgniter\CodeIgniter->handleRequest(NULL, Object(Config\Cache), false)
#7 C:\xampp\htdocs\projetoaccnew\public\index.php(45): CodeIgniter\CodeIgniter->run()
#8 C:\xampp\htdocs\projetoaccnew\system\Commands\Server\rewrite.php(34): require_once('C:\\xampp\\htdocs...')
#9 {main}
CRITICAL - 2020-11-12 17:28:13 --> Uncaught ErrorException: Undefined variable: viewFile in C:\xampp\htdocs\projetoaccnew\system\Debug\Exceptions.php:308
Stack trace:
#0 C:\xampp\htdocs\projetoaccnew\system\Debug\Exceptions.php(308): CodeIgniter\Debug\Exceptions->errorHandler(8, 'Undefined varia...', 'C:\\xampp\\htdocs...', 308, Array)
#1 C:\xampp\htdocs\projetoaccnew\system\Debug\Exceptions.php(308): include()
#2 C:\xampp\htdocs\projetoaccnew\system\Debug\Exceptions.php(174): CodeIgniter\Debug\Exceptions->render(Object(CodeIgniter\Database\Exceptions\DatabaseException), 500)
#3 [internal function]: CodeIgniter\Debug\Exceptions->exceptionHandler(Object(CodeIgniter\Database\Exceptions\DatabaseException))
#4 {main}
  thrown
#0 [internal function]: CodeIgniter\Debug\Exceptions->shutdownHandler()
#1 {main}
CRITICAL - 2020-11-12 17:28:41 --> Unable to connect to the database.
#0 C:\xampp\htdocs\projetoaccnew\system\Database\BaseConnection.php(646): CodeIgniter\Database\BaseConnection->initialize()
#1 C:\xampp\htdocs\projetoaccnew\system\Database\BaseBuilder.php(1860): CodeIgniter\Database\BaseConnection->query('SELECT *\nFROM `...', Array, false)
#2 C:\xampp\htdocs\projetoaccnew\system\Model.php(462): CodeIgniter\Database\BaseBuilder->get()
#3 C:\xampp\htdocs\projetoaccnew\app\Controllers\Categorias.php(12): CodeIgniter\Model->findAll()
#4 C:\xampp\htdocs\projetoaccnew\system\CodeIgniter.php(918): App\Controllers\Categorias->index()
#5 C:\xampp\htdocs\projetoaccnew\system\CodeIgniter.php(404): CodeIgniter\CodeIgniter->runController(Object(App\Controllers\Categorias))
#6 C:\xampp\htdocs\projetoaccnew\system\CodeIgniter.php(312): CodeIgniter\CodeIgniter->handleRequest(NULL, Object(Config\Cache), false)
#7 C:\xampp\htdocs\projetoaccnew\public\index.php(45): CodeIgniter\CodeIgniter->run()
#8 C:\xampp\htdocs\projetoaccnew\system\Commands\Server\rewrite.php(34): require_once('C:\\xampp\\htdocs...')
#9 {main}
CRITICAL - 2020-11-12 17:28:41 --> Uncaught ErrorException: Undefined variable: viewFile in C:\xampp\htdocs\projetoaccnew\system\Debug\Exceptions.php:308
Stack trace:
#0 C:\xampp\htdocs\projetoaccnew\system\Debug\Exceptions.php(308): CodeIgniter\Debug\Exceptions->errorHandler(8, 'Undefined varia...', 'C:\\xampp\\htdocs...', 308, Array)
#1 C:\xampp\htdocs\projetoaccnew\system\Debug\Exceptions.php(308): include()
#2 C:\xampp\htdocs\projetoaccnew\system\Debug\Exceptions.php(174): CodeIgniter\Debug\Exceptions->render(Object(CodeIgniter\Database\Exceptions\DatabaseException), 500)
#3 [internal function]: CodeIgniter\Debug\Exceptions->exceptionHandler(Object(CodeIgniter\Database\Exceptions\DatabaseException))
#4 {main}
  thrown
#0 [internal function]: CodeIgniter\Debug\Exceptions->shutdownHandler()
#1 {main}
CRITICAL - 2020-11-12 17:28:54 --> Unable to connect to the database.
#0 C:\xampp\htdocs\projetoaccnew\system\Database\BaseConnection.php(646): CodeIgniter\Database\BaseConnection->initialize()
#1 C:\xampp\htdocs\projetoaccnew\system\Database\BaseBuilder.php(1860): CodeIgniter\Database\BaseConnection->query('SELECT *\nFROM `...', Array, false)
#2 C:\xampp\htdocs\projetoaccnew\system\Model.php(462): CodeIgniter\Database\BaseBuilder->get()
#3 C:\xampp\htdocs\projetoaccnew\app\Controllers\Categorias.php(12): CodeIgniter\Model->findAll()
#4 C:\xampp\htdocs\projetoaccnew\system\CodeIgniter.php(918): App\Controllers\Categorias->index()
#5 C:\xampp\htdocs\projetoaccnew\system\CodeIgniter.php(404): CodeIgniter\CodeIgniter->runController(Object(App\Controllers\Categorias))
#6 C:\xampp\htdocs\projetoaccnew\system\CodeIgniter.php(312): CodeIgniter\CodeIgniter->handleRequest(NULL, Object(Config\Cache), false)
#7 C:\xampp\htdocs\projetoaccnew\public\index.php(45): CodeIgniter\CodeIgniter->run()
#8 C:\xampp\htdocs\projetoaccnew\system\Commands\Server\rewrite.php(34): require_once('C:\\xampp\\htdocs...')
#9 {main}
CRITICAL - 2020-11-12 17:28:54 --> Uncaught ErrorException: Undefined variable: viewFile in C:\xampp\htdocs\projetoaccnew\system\Debug\Exceptions.php:308
Stack trace:
#0 C:\xampp\htdocs\projetoaccnew\system\Debug\Exceptions.php(308): CodeIgniter\Debug\Exceptions->errorHandler(8, 'Undefined varia...', 'C:\\xampp\\htdocs...', 308, Array)
#1 C:\xampp\htdocs\projetoaccnew\system\Debug\Exceptions.php(308): include()
#2 C:\xampp\htdocs\projetoaccnew\system\Debug\Exceptions.php(174): CodeIgniter\Debug\Exceptions->render(Object(CodeIgniter\Database\Exceptions\DatabaseException), 500)
#3 [internal function]: CodeIgniter\Debug\Exceptions->exceptionHandler(Object(CodeIgniter\Database\Exceptions\DatabaseException))
#4 {main}
  thrown
#0 [internal function]: CodeIgniter\Debug\Exceptions->shutdownHandler()
#1 {main}
CRITICAL - 2020-11-12 17:30:23 --> Unable to connect to the database.
#0 C:\xampp\htdocs\projetoaccnew\system\Database\BaseConnection.php(646): CodeIgniter\Database\BaseConnection->initialize()
#1 C:\xampp\htdocs\projetoaccnew\system\Database\BaseBuilder.php(1860): CodeIgniter\Database\BaseConnection->query('SELECT *\nFROM `...', Array, false)
#2 C:\xampp\htdocs\projetoaccnew\system\Model.php(462): CodeIgniter\Database\BaseBuilder->get()
#3 C:\xampp\htdocs\projetoaccnew\app\Controllers\Categorias.php(12): CodeIgniter\Model->findAll()
#4 C:\xampp\htdocs\projetoaccnew\system\CodeIgniter.php(918): App\Controllers\Categorias->index()
#5 C:\xampp\htdocs\projetoaccnew\system\CodeIgniter.php(404): CodeIgniter\CodeIgniter->runController(Object(App\Controllers\Categorias))
#6 C:\xampp\htdocs\projetoaccnew\system\CodeIgniter.php(312): CodeIgniter\CodeIgniter->handleRequest(NULL, Object(Config\Cache), false)
#7 C:\xampp\htdocs\projetoaccnew\public\index.php(45): CodeIgniter\CodeIgniter->run()
#8 C:\xampp\htdocs\projetoaccnew\system\Commands\Server\rewrite.php(34): require_once('C:\\xampp\\htdocs...')
#9 {main}
CRITICAL - 2020-11-12 17:30:23 --> Uncaught ErrorException: Undefined variable: viewFile in C:\xampp\htdocs\projetoaccnew\system\Debug\Exceptions.php:308
Stack trace:
#0 C:\xampp\htdocs\projetoaccnew\system\Debug\Exceptions.php(308): CodeIgniter\Debug\Exceptions->errorHandler(8, 'Undefined varia...', 'C:\\xampp\\htdocs...', 308, Array)
#1 C:\xampp\htdocs\projetoaccnew\system\Debug\Exceptions.php(308): include()
#2 C:\xampp\htdocs\projetoaccnew\system\Debug\Exceptions.php(174): CodeIgniter\Debug\Exceptions->render(Object(CodeIgniter\Database\Exceptions\DatabaseException), 500)
#3 [internal function]: CodeIgniter\Debug\Exceptions->exceptionHandler(Object(CodeIgniter\Database\Exceptions\DatabaseException))
#4 {main}
  thrown
#0 [internal function]: CodeIgniter\Debug\Exceptions->shutdownHandler()
#1 {main}
CRITICAL - 2020-11-12 17:30:36 --> Unable to connect to the database.
#0 C:\xampp\htdocs\projetoaccnew\system\Database\BaseConnection.php(646): CodeIgniter\Database\BaseConnection->initialize()
#1 C:\xampp\htdocs\projetoaccnew\system\Database\BaseBuilder.php(1860): CodeIgniter\Database\BaseConnection->query('SELECT *\nFROM `...', Array, false)
#2 C:\xampp\htdocs\projetoaccnew\system\Model.php(462): CodeIgniter\Database\BaseBuilder->get()
#3 C:\xampp\htdocs\projetoaccnew\app\Controllers\Categorias.php(12): CodeIgniter\Model->findAll()
#4 C:\xampp\htdocs\projetoaccnew\system\CodeIgniter.php(918): App\Controllers\Categorias->index()
#5 C:\xampp\htdocs\projetoaccnew\system\CodeIgniter.php(404): CodeIgniter\CodeIgniter->runController(Object(App\Controllers\Categorias))
#6 C:\xampp\htdocs\projetoaccnew\system\CodeIgniter.php(312): CodeIgniter\CodeIgniter->handleRequest(NULL, Object(Config\Cache), false)
#7 C:\xampp\htdocs\projetoaccnew\public\index.php(45): CodeIgniter\CodeIgniter->run()
#8 C:\xampp\htdocs\projetoaccnew\system\Commands\Server\rewrite.php(34): require_once('C:\\xampp\\htdocs...')
#9 {main}
CRITICAL - 2020-11-12 17:30:36 --> Uncaught ErrorException: Undefined variable: viewFile in C:\xampp\htdocs\projetoaccnew\system\Debug\Exceptions.php:308
Stack trace:
#0 C:\xampp\htdocs\projetoaccnew\system\Debug\Exceptions.php(308): CodeIgniter\Debug\Exceptions->errorHandler(8, 'Undefined varia...', 'C:\\xampp\\htdocs...', 308, Array)
#1 C:\xampp\htdocs\projetoaccnew\system\Debug\Exceptions.php(308): include()
#2 C:\xampp\htdocs\projetoaccnew\system\Debug\Exceptions.php(174): CodeIgniter\Debug\Exceptions->render(Object(CodeIgniter\Database\Exceptions\DatabaseException), 500)
#3 [internal function]: CodeIgniter\Debug\Exceptions->exceptionHandler(Object(CodeIgniter\Database\Exceptions\DatabaseException))
#4 {main}
  thrown
#0 [internal function]: CodeIgniter\Debug\Exceptions->shutdownHandler()
#1 {main}
CRITICAL - 2020-11-12 17:30:46 --> Unable to connect to the database.
#0 C:\xampp\htdocs\projetoaccnew\system\Database\BaseConnection.php(646): CodeIgniter\Database\BaseConnection->initialize()
#1 C:\xampp\htdocs\projetoaccnew\system\Database\BaseBuilder.php(1860): CodeIgniter\Database\BaseConnection->query('SELECT *\nFROM `...', Array, false)
#2 C:\xampp\htdocs\projetoaccnew\system\Model.php(462): CodeIgniter\Database\BaseBuilder->get()
#3 C:\xampp\htdocs\projetoaccnew\app\Controllers\Categorias.php(12): CodeIgniter\Model->findAll()
#4 C:\xampp\htdocs\projetoaccnew\system\CodeIgniter.php(918): App\Controllers\Categorias->index()
#5 C:\xampp\htdocs\projetoaccnew\system\CodeIgniter.php(404): CodeIgniter\CodeIgniter->runController(Object(App\Controllers\Categorias))
#6 C:\xampp\htdocs\projetoaccnew\system\CodeIgniter.php(312): CodeIgniter\CodeIgniter->handleRequest(NULL, Object(Config\Cache), false)
#7 C:\xampp\htdocs\projetoaccnew\public\index.php(45): CodeIgniter\CodeIgniter->run()
#8 C:\xampp\htdocs\projetoaccnew\system\Commands\Server\rewrite.php(34): require_once('C:\\xampp\\htdocs...')
#9 {main}
CRITICAL - 2020-11-12 17:30:46 --> Uncaught ErrorException: Undefined variable: viewFile in C:\xampp\htdocs\projetoaccnew\system\Debug\Exceptions.php:308
Stack trace:
#0 C:\xampp\htdocs\projetoaccnew\system\Debug\Exceptions.php(308): CodeIgniter\Debug\Exceptions->errorHandler(8, 'Undefined varia...', 'C:\\xampp\\htdocs...', 308, Array)
#1 C:\xampp\htdocs\projetoaccnew\system\Debug\Exceptions.php(308): include()
#2 C:\xampp\htdocs\projetoaccnew\system\Debug\Exceptions.php(174): CodeIgniter\Debug\Exceptions->render(Object(CodeIgniter\Database\Exceptions\DatabaseException), 500)
#3 [internal function]: CodeIgniter\Debug\Exceptions->exceptionHandler(Object(CodeIgniter\Database\Exceptions\DatabaseException))
#4 {main}
  thrown
#0 [internal function]: CodeIgniter\Debug\Exceptions->shutdownHandler()
#1 {main}
CRITICAL - 2020-11-12 17:31:50 --> Unable to connect to the database.
#0 C:\xampp\htdocs\projetoaccnew\system\Database\BaseConnection.php(646): CodeIgniter\Database\BaseConnection->initialize()
#1 C:\xampp\htdocs\projetoaccnew\system\Database\BaseBuilder.php(1860): CodeIgniter\Database\BaseConnection->query('SELECT *\nFROM `...', Array, false)
#2 C:\xampp\htdocs\projetoaccnew\system\Model.php(462): CodeIgniter\Database\BaseBuilder->get()
#3 C:\xampp\htdocs\projetoaccnew\app\Controllers\Categorias.php(12): CodeIgniter\Model->findAll()
#4 C:\xampp\htdocs\projetoaccnew\system\CodeIgniter.php(918): App\Controllers\Categorias->index()
#5 C:\xampp\htdocs\projetoaccnew\system\CodeIgniter.php(404): CodeIgniter\CodeIgniter->runController(Object(App\Controllers\Categorias))
#6 C:\xampp\htdocs\projetoaccnew\system\CodeIgniter.php(312): CodeIgniter\CodeIgniter->handleRequest(NULL, Object(Config\Cache), false)
#7 C:\xampp\htdocs\projetoaccnew\public\index.php(45): CodeIgniter\CodeIgniter->run()
#8 C:\xampp\htdocs\projetoaccnew\system\Commands\Server\rewrite.php(34): require_once('C:\\xampp\\htdocs...')
#9 {main}
CRITICAL - 2020-11-12 17:31:51 --> Uncaught ErrorException: Undefined variable: viewFile in C:\xampp\htdocs\projetoaccnew\system\Debug\Exceptions.php:308
Stack trace:
#0 C:\xampp\htdocs\projetoaccnew\system\Debug\Exceptions.php(308): CodeIgniter\Debug\Exceptions->errorHandler(8, 'Undefined varia...', 'C:\\xampp\\htdocs...', 308, Array)
#1 C:\xampp\htdocs\projetoaccnew\system\Debug\Exceptions.php(308): include()
#2 C:\xampp\htdocs\projetoaccnew\system\Debug\Exceptions.php(174): CodeIgniter\Debug\Exceptions->render(Object(CodeIgniter\Database\Exceptions\DatabaseException), 500)
#3 [internal function]: CodeIgniter\Debug\Exceptions->exceptionHandler(Object(CodeIgniter\Database\Exceptions\DatabaseException))
#4 {main}
  thrown
#0 [internal function]: CodeIgniter\Debug\Exceptions->shutdownHandler()
#1 {main}
CRITICAL - 2020-11-12 17:35:43 --> Unable to connect to the database.
#0 C:\xampp\htdocs\projetoaccnew\system\Database\BaseConnection.php(646): CodeIgniter\Database\BaseConnection->initialize()
#1 C:\xampp\htdocs\projetoaccnew\system\Database\BaseBuilder.php(1860): CodeIgniter\Database\BaseConnection->query('SELECT *\nFROM `...', Array, false)
#2 C:\xampp\htdocs\projetoaccnew\system\Model.php(462): CodeIgniter\Database\BaseBuilder->get()
#3 C:\xampp\htdocs\projetoaccnew\app\Controllers\Categorias.php(12): CodeIgniter\Model->findAll()
#4 C:\xampp\htdocs\projetoaccnew\system\CodeIgniter.php(918): App\Controllers\Categorias->index()
#5 C:\xampp\htdocs\projetoaccnew\system\CodeIgniter.php(404): CodeIgniter\CodeIgniter->runController(Object(App\Controllers\Categorias))
#6 C:\xampp\htdocs\projetoaccnew\system\CodeIgniter.php(312): CodeIgniter\CodeIgniter->handleRequest(NULL, Object(Config\Cache), false)
#7 C:\xampp\htdocs\projetoaccnew\public\index.php(45): CodeIgniter\CodeIgniter->run()
#8 C:\xampp\htdocs\projetoaccnew\system\Commands\Server\rewrite.php(34): require_once('C:\\xampp\\htdocs...')
#9 {main}
CRITICAL - 2020-11-12 17:35:43 --> Uncaught ErrorException: Undefined variable: viewFile in C:\xampp\htdocs\projetoaccnew\system\Debug\Exceptions.php:308
Stack trace:
#0 C:\xampp\htdocs\projetoaccnew\system\Debug\Exceptions.php(308): CodeIgniter\Debug\Exceptions->errorHandler(8, 'Undefined varia...', 'C:\\xampp\\htdocs...', 308, Array)
#1 C:\xampp\htdocs\projetoaccnew\system\Debug\Exceptions.php(308): include()
#2 C:\xampp\htdocs\projetoaccnew\system\Debug\Exceptions.php(174): CodeIgniter\Debug\Exceptions->render(Object(CodeIgniter\Database\Exceptions\DatabaseException), 500)
#3 [internal function]: CodeIgniter\Debug\Exceptions->exceptionHandler(Object(CodeIgniter\Database\Exceptions\DatabaseException))
#4 {main}
  thrown
#0 [internal function]: CodeIgniter\Debug\Exceptions->shutdownHandler()
#1 {main}
CRITICAL - 2020-11-12 17:36:08 --> Unable to connect to the database.
#0 C:\xampp\htdocs\projetoaccnew\system\Database\BaseConnection.php(646): CodeIgniter\Database\BaseConnection->initialize()
#1 C:\xampp\htdocs\projetoaccnew\system\Database\BaseBuilder.php(1860): CodeIgniter\Database\BaseConnection->query('SELECT *\nFROM `...', Array, false)
#2 C:\xampp\htdocs\projetoaccnew\system\Model.php(462): CodeIgniter\Database\BaseBuilder->get()
#3 C:\xampp\htdocs\projetoaccnew\app\Controllers\Categorias.php(12): CodeIgniter\Model->findAll()
#4 C:\xampp\htdocs\projetoaccnew\system\CodeIgniter.php(918): App\Controllers\Categorias->index()
#5 C:\xampp\htdocs\projetoaccnew\system\CodeIgniter.php(404): CodeIgniter\CodeIgniter->runController(Object(App\Controllers\Categorias))
#6 C:\xampp\htdocs\projetoaccnew\system\CodeIgniter.php(312): CodeIgniter\CodeIgniter->handleRequest(NULL, Object(Config\Cache), false)
#7 C:\xampp\htdocs\projetoaccnew\public\index.php(45): CodeIgniter\CodeIgniter->run()
#8 C:\xampp\htdocs\projetoaccnew\system\Commands\Server\rewrite.php(34): require_once('C:\\xampp\\htdocs...')
#9 {main}
CRITICAL - 2020-11-12 17:36:08 --> Uncaught ErrorException: Undefined variable: viewFile in C:\xampp\htdocs\projetoaccnew\system\Debug\Exceptions.php:308
Stack trace:
#0 C:\xampp\htdocs\projetoaccnew\system\Debug\Exceptions.php(308): CodeIgniter\Debug\Exceptions->errorHandler(8, 'Undefined varia...', 'C:\\xampp\\htdocs...', 308, Array)
#1 C:\xampp\htdocs\projetoaccnew\system\Debug\Exceptions.php(308): include()
#2 C:\xampp\htdocs\projetoaccnew\system\Debug\Exceptions.php(174): CodeIgniter\Debug\Exceptions->render(Object(CodeIgniter\Database\Exceptions\DatabaseException), 500)
#3 [internal function]: CodeIgniter\Debug\Exceptions->exceptionHandler(Object(CodeIgniter\Database\Exceptions\DatabaseException))
#4 {main}
  thrown
#0 [internal function]: CodeIgniter\Debug\Exceptions->shutdownHandler()
#1 {main}
CRITICAL - 2020-11-12 18:02:34 --> syntax error, unexpected 'btn' (T_STRING), expecting ']'
#0 C:\xampp\htdocs\projetoaccnew\system\Common.php(1119): CodeIgniter\View\View->render('categorias/inde...', Array, true)
#1 C:\xampp\htdocs\projetoaccnew\app\Controllers\Categorias.php(24): view('categorias/inde...', Array)
#2 C:\xampp\htdocs\projetoaccnew\system\CodeIgniter.php(918): App\Controllers\Categorias->index()
#3 C:\xampp\htdocs\projetoaccnew\system\CodeIgniter.php(404): CodeIgniter\CodeIgniter->runController(Object(App\Controllers\Categorias))
#4 C:\xampp\htdocs\projetoaccnew\system\CodeIgniter.php(312): CodeIgniter\CodeIgniter->handleRequest(NULL, Object(Config\Cache), false)
#5 C:\xampp\htdocs\projetoaccnew\public\index.php(45): CodeIgniter\CodeIgniter->run()
#6 C:\xampp\htdocs\projetoaccnew\system\Commands\Server\rewrite.php(34): require_once('C:\\xampp\\htdocs...')
#7 {main}
CRITICAL - 2020-11-12 18:02:34 --> Uncaught ErrorException: Undefined variable: viewFile in C:\xampp\htdocs\projetoaccnew\system\Debug\Exceptions.php:308
Stack trace:
#0 C:\xampp\htdocs\projetoaccnew\system\Debug\Exceptions.php(308): CodeIgniter\Debug\Exceptions->errorHandler(8, 'Undefined varia...', 'C:\\xampp\\htdocs...', 308, Array)
#1 C:\xampp\htdocs\projetoaccnew\system\Debug\Exceptions.php(308): include()
#2 C:\xampp\htdocs\projetoaccnew\system\Debug\Exceptions.php(174): CodeIgniter\Debug\Exceptions->render(Object(ParseError), 500)
#3 [internal function]: CodeIgniter\Debug\Exceptions->exceptionHandler(Object(ParseError))
#4 {main}
  thrown
#0 [internal function]: CodeIgniter\Debug\Exceptions->shutdownHandler()
#1 {main}
CRITICAL - 2020-11-12 18:09:57 --> Uncaught ErrorException: Undefined variable: viewFile in C:\xampp\htdocs\projetoaccnew\system\Debug\Exceptions.php:308
Stack trace:
#0 C:\xampp\htdocs\projetoaccnew\system\Debug\Exceptions.php(308): CodeIgniter\Debug\Exceptions->errorHandler(8, 'Undefined varia...', 'C:\\xampp\\htdocs...', 308, Array)
#1 C:\xampp\htdocs\projetoaccnew\system\Debug\Exceptions.php(308): include()
#2 C:\xampp\htdocs\projetoaccnew\system\Debug\Exceptions.php(174): CodeIgniter\Debug\Exceptions->render(Object(CodeIgniter\Exceptions\PageNotFoundException), 404)
#3 [internal function]: CodeIgniter\Debug\Exceptions->exceptionHandler(Object(CodeIgniter\Exceptions\PageNotFoundException))
#4 {main}
  thrown
#0 [internal function]: CodeIgniter\Debug\Exceptions->shutdownHandler()
#1 {main}
CRITICAL - 2020-11-12 19:21:18 --> Uncaught ErrorException: Undefined variable: viewFile in C:\xampp\htdocs\projetoaccnew\system\Debug\Exceptions.php:308
Stack trace:
#0 C:\xampp\htdocs\projetoaccnew\system\Debug\Exceptions.php(308): CodeIgniter\Debug\Exceptions->errorHandler(8, 'Undefined varia...', 'C:\\xampp\\htdocs...', 308, Array)
#1 C:\xampp\htdocs\projetoaccnew\system\Debug\Exceptions.php(308): include()
#2 C:\xampp\htdocs\projetoaccnew\system\Debug\Exceptions.php(174): CodeIgniter\Debug\Exceptions->render(Object(CodeIgniter\Exceptions\PageNotFoundException), 404)
#3 [internal function]: CodeIgniter\Debug\Exceptions->exceptionHandler(Object(CodeIgniter\Exceptions\PageNotFoundException))
#4 {main}
  thrown
#0 [internal function]: CodeIgniter\Debug\Exceptions->shutdownHandler()
#1 {main}
CRITICAL - 2020-11-12 19:21:37 --> Uncaught ErrorException: Undefined variable: viewFile in C:\xampp\htdocs\projetoaccnew\system\Debug\Exceptions.php:308
Stack trace:
#0 C:\xampp\htdocs\projetoaccnew\system\Debug\Exceptions.php(308): CodeIgniter\Debug\Exceptions->errorHandler(8, 'Undefined varia...', 'C:\\xampp\\htdocs...', 308, Array)
#1 C:\xampp\htdocs\projetoaccnew\system\Debug\Exceptions.php(308): include()
#2 C:\xampp\htdocs\projetoaccnew\system\Debug\Exceptions.php(174): CodeIgniter\Debug\Exceptions->render(Object(CodeIgniter\Exceptions\PageNotFoundException), 404)
#3 [internal function]: CodeIgniter\Debug\Exceptions->exceptionHandler(Object(CodeIgniter\Exceptions\PageNotFoundException))
#4 {main}
  thrown
#0 [internal function]: CodeIgniter\Debug\Exceptions->shutdownHandler()
#1 {main}
CRITICAL - 2020-11-12 20:19:01 --> Call to undefined function form_open()
#0 C:\xampp\htdocs\projetoaccnew\system\View\View.php(246): include()
#1 C:\xampp\htdocs\projetoaccnew\system\Common.php(1119): CodeIgniter\View\View->render('categorias/inde...', Array, true)
#2 C:\xampp\htdocs\projetoaccnew\app\Controllers\Categorias.php(25): view('categorias/inde...', Array)
#3 C:\xampp\htdocs\projetoaccnew\system\CodeIgniter.php(918): App\Controllers\Categorias->index()
#4 C:\xampp\htdocs\projetoaccnew\system\CodeIgniter.php(404): CodeIgniter\CodeIgniter->runController(Object(App\Controllers\Categorias))
#5 C:\xampp\htdocs\projetoaccnew\system\CodeIgniter.php(312): CodeIgniter\CodeIgniter->handleRequest(NULL, Object(Config\Cache), false)
#6 C:\xampp\htdocs\projetoaccnew\public\index.php(45): CodeIgniter\CodeIgniter->run()
#7 C:\xampp\htdocs\projetoaccnew\system\Commands\Server\rewrite.php(34): require_once('C:\\xampp\\htdocs...')
#8 {main}
CRITICAL - 2020-11-12 20:19:01 --> Uncaught ErrorException: Undefined variable: viewFile in C:\xampp\htdocs\projetoaccnew\system\Debug\Exceptions.php:308
Stack trace:
#0 C:\xampp\htdocs\projetoaccnew\system\Debug\Exceptions.php(308): CodeIgniter\Debug\Exceptions->errorHandler(8, 'Undefined varia...', 'C:\\xampp\\htdocs...', 308, Array)
#1 C:\xampp\htdocs\projetoaccnew\system\Debug\Exceptions.php(308): include()
#2 C:\xampp\htdocs\projetoaccnew\system\Debug\Exceptions.php(174): CodeIgniter\Debug\Exceptions->render(Object(Error), 500)
#3 [internal function]: CodeIgniter\Debug\Exceptions->exceptionHandler(Object(Error))
#4 {main}
  thrown
#0 [internal function]: CodeIgniter\Debug\Exceptions->shutdownHandler()
#1 {main}
CRITICAL - 2020-11-12 20:21:16 --> Call to undefined function form_open()
#0 C:\xampp\htdocs\projetoaccnew\system\View\View.php(246): include()
#1 C:\xampp\htdocs\projetoaccnew\system\Common.php(1119): CodeIgniter\View\View->render('categorias/inde...', Array, true)
#2 C:\xampp\htdocs\projetoaccnew\app\Controllers\Categorias.php(25): view('categorias/inde...', Array)
#3 C:\xampp\htdocs\projetoaccnew\system\CodeIgniter.php(918): App\Controllers\Categorias->index()
#4 C:\xampp\htdocs\projetoaccnew\system\CodeIgniter.php(404): CodeIgniter\CodeIgniter->runController(Object(App\Controllers\Categorias))
#5 C:\xampp\htdocs\projetoaccnew\system\CodeIgniter.php(312): CodeIgniter\CodeIgniter->handleRequest(NULL, Object(Config\Cache), false)
#6 C:\xampp\htdocs\projetoaccnew\public\index.php(45): CodeIgniter\CodeIgniter->run()
#7 C:\xampp\htdocs\projetoaccnew\system\Commands\Server\rewrite.php(34): require_once('C:\\xampp\\htdocs...')
#8 {main}
CRITICAL - 2020-11-12 20:21:16 --> Uncaught ErrorException: Undefined variable: viewFile in C:\xampp\htdocs\projetoaccnew\system\Debug\Exceptions.php:308
Stack trace:
#0 C:\xampp\htdocs\projetoaccnew\system\Debug\Exceptions.php(308): CodeIgniter\Debug\Exceptions->errorHandler(8, 'Undefined varia...', 'C:\\xampp\\htdocs...', 308, Array)
#1 C:\xampp\htdocs\projetoaccnew\system\Debug\Exceptions.php(308): include()
#2 C:\xampp\htdocs\projetoaccnew\system\Debug\Exceptions.php(174): CodeIgniter\Debug\Exceptions->render(Object(Error), 500)
#3 [internal function]: CodeIgniter\Debug\Exceptions->exceptionHandler(Object(Error))
#4 {main}
  thrown
#0 [internal function]: CodeIgniter\Debug\Exceptions->shutdownHandler()
#1 {main}
CRITICAL - 2020-11-12 20:23:28 --> Call to undefined function form_open()
#0 C:\xampp\htdocs\projetoaccnew\system\View\View.php(246): include()
#1 C:\xampp\htdocs\projetoaccnew\system\Common.php(1119): CodeIgniter\View\View->render('categorias/inde...', Array, true)
#2 C:\xampp\htdocs\projetoaccnew\app\Controllers\Categorias.php(25): view('categorias/inde...', Array)
#3 C:\xampp\htdocs\projetoaccnew\system\CodeIgniter.php(918): App\Controllers\Categorias->index()
#4 C:\xampp\htdocs\projetoaccnew\system\CodeIgniter.php(404): CodeIgniter\CodeIgniter->runController(Object(App\Controllers\Categorias))
#5 C:\xampp\htdocs\projetoaccnew\system\CodeIgniter.php(312): CodeIgniter\CodeIgniter->handleRequest(NULL, Object(Config\Cache), false)
#6 C:\xampp\htdocs\projetoaccnew\public\index.php(45): CodeIgniter\CodeIgniter->run()
#7 C:\xampp\htdocs\projetoaccnew\system\Commands\Server\rewrite.php(34): require_once('C:\\xampp\\htdocs...')
#8 {main}
CRITICAL - 2020-11-12 20:23:28 --> Uncaught ErrorException: Undefined variable: viewFile in C:\xampp\htdocs\projetoaccnew\system\Debug\Exceptions.php:308
Stack trace:
#0 C:\xampp\htdocs\projetoaccnew\system\Debug\Exceptions.php(308): CodeIgniter\Debug\Exceptions->errorHandler(8, 'Undefined varia...', 'C:\\xampp\\htdocs...', 308, Array)
#1 C:\xampp\htdocs\projetoaccnew\system\Debug\Exceptions.php(308): include()
#2 C:\xampp\htdocs\projetoaccnew\system\Debug\Exceptions.php(174): CodeIgniter\Debug\Exceptions->render(Object(Error), 500)
#3 [internal function]: CodeIgniter\Debug\Exceptions->exceptionHandler(Object(Error))
#4 {main}
  thrown
#0 [internal function]: CodeIgniter\Debug\Exceptions->shutdownHandler()
#1 {main}
CRITICAL - 2020-11-12 20:23:29 --> Call to undefined function form_open()
#0 C:\xampp\htdocs\projetoaccnew\system\View\View.php(246): include()
#1 C:\xampp\htdocs\projetoaccnew\system\Common.php(1119): CodeIgniter\View\View->render('categorias/inde...', Array, true)
#2 C:\xampp\htdocs\projetoaccnew\app\Controllers\Categorias.php(25): view('categorias/inde...', Array)
#3 C:\xampp\htdocs\projetoaccnew\system\CodeIgniter.php(918): App\Controllers\Categorias->index()
#4 C:\xampp\htdocs\projetoaccnew\system\CodeIgniter.php(404): CodeIgniter\CodeIgniter->runController(Object(App\Controllers\Categorias))
#5 C:\xampp\htdocs\projetoaccnew\system\CodeIgniter.php(312): CodeIgniter\CodeIgniter->handleRequest(NULL, Object(Config\Cache), false)
#6 C:\xampp\htdocs\projetoaccnew\public\index.php(45): CodeIgniter\CodeIgniter->run()
#7 C:\xampp\htdocs\projetoaccnew\system\Commands\Server\rewrite.php(34): require_once('C:\\xampp\\htdocs...')
#8 {main}
CRITICAL - 2020-11-12 20:23:29 --> Uncaught ErrorException: Undefined variable: viewFile in C:\xampp\htdocs\projetoaccnew\system\Debug\Exceptions.php:308
Stack trace:
#0 C:\xampp\htdocs\projetoaccnew\system\Debug\Exceptions.php(308): CodeIgniter\Debug\Exceptions->errorHandler(8, 'Undefined varia...', 'C:\\xampp\\htdocs...', 308, Array)
#1 C:\xampp\htdocs\projetoaccnew\system\Debug\Exceptions.php(308): include()
#2 C:\xampp\htdocs\projetoaccnew\system\Debug\Exceptions.php(174): CodeIgniter\Debug\Exceptions->render(Object(Error), 500)
#3 [internal function]: CodeIgniter\Debug\Exceptions->exceptionHandler(Object(Error))
#4 {main}
  thrown
#0 [internal function]: CodeIgniter\Debug\Exceptions->shutdownHandler()
#1 {main}
CRITICAL - 2020-11-12 20:23:29 --> Call to undefined function form_open()
#0 C:\xampp\htdocs\projetoaccnew\system\View\View.php(246): include()
#1 C:\xampp\htdocs\projetoaccnew\system\Common.php(1119): CodeIgniter\View\View->render('categorias/inde...', Array, true)
#2 C:\xampp\htdocs\projetoaccnew\app\Controllers\Categorias.php(25): view('categorias/inde...', Array)
#3 C:\xampp\htdocs\projetoaccnew\system\CodeIgniter.php(918): App\Controllers\Categorias->index()
#4 C:\xampp\htdocs\projetoaccnew\system\CodeIgniter.php(404): CodeIgniter\CodeIgniter->runController(Object(App\Controllers\Categorias))
#5 C:\xampp\htdocs\projetoaccnew\system\CodeIgniter.php(312): CodeIgniter\CodeIgniter->handleRequest(NULL, Object(Config\Cache), false)
#6 C:\xampp\htdocs\projetoaccnew\public\index.php(45): CodeIgniter\CodeIgniter->run()
#7 C:\xampp\htdocs\projetoaccnew\system\Commands\Server\rewrite.php(34): require_once('C:\\xampp\\htdocs...')
#8 {main}
CRITICAL - 2020-11-12 20:23:29 --> Uncaught ErrorException: Undefined variable: viewFile in C:\xampp\htdocs\projetoaccnew\system\Debug\Exceptions.php:308
Stack trace:
#0 C:\xampp\htdocs\projetoaccnew\system\Debug\Exceptions.php(308): CodeIgniter\Debug\Exceptions->errorHandler(8, 'Undefined varia...', 'C:\\xampp\\htdocs...', 308, Array)
#1 C:\xampp\htdocs\projetoaccnew\system\Debug\Exceptions.php(308): include()
#2 C:\xampp\htdocs\projetoaccnew\system\Debug\Exceptions.php(174): CodeIgniter\Debug\Exceptions->render(Object(Error), 500)
#3 [internal function]: CodeIgniter\Debug\Exceptions->exceptionHandler(Object(Error))
#4 {main}
  thrown
#0 [internal function]: CodeIgniter\Debug\Exceptions->shutdownHandler()
#1 {main}
CRITICAL - 2020-11-12 20:23:29 --> Call to undefined function form_open()
#0 C:\xampp\htdocs\projetoaccnew\system\View\View.php(246): include()
#1 C:\xampp\htdocs\projetoaccnew\system\Common.php(1119): CodeIgniter\View\View->render('categorias/inde...', Array, true)
#2 C:\xampp\htdocs\projetoaccnew\app\Controllers\Categorias.php(25): view('categorias/inde...', Array)
#3 C:\xampp\htdocs\projetoaccnew\system\CodeIgniter.php(918): App\Controllers\Categorias->index()
#4 C:\xampp\htdocs\projetoaccnew\system\CodeIgniter.php(404): CodeIgniter\CodeIgniter->runController(Object(App\Controllers\Categorias))
#5 C:\xampp\htdocs\projetoaccnew\system\CodeIgniter.php(312): CodeIgniter\CodeIgniter->handleRequest(NULL, Object(Config\Cache), false)
#6 C:\xampp\htdocs\projetoaccnew\public\index.php(45): CodeIgniter\CodeIgniter->run()
#7 C:\xampp\htdocs\projetoaccnew\system\Commands\Server\rewrite.php(34): require_once('C:\\xampp\\htdocs...')
#8 {main}
CRITICAL - 2020-11-12 20:23:29 --> Uncaught ErrorException: Undefined variable: viewFile in C:\xampp\htdocs\projetoaccnew\system\Debug\Exceptions.php:308
Stack trace:
#0 C:\xampp\htdocs\projetoaccnew\system\Debug\Exceptions.php(308): CodeIgniter\Debug\Exceptions->errorHandler(8, 'Undefined varia...', 'C:\\xampp\\htdocs...', 308, Array)
#1 C:\xampp\htdocs\projetoaccnew\system\Debug\Exceptions.php(308): include()
#2 C:\xampp\htdocs\projetoaccnew\system\Debug\Exceptions.php(174): CodeIgniter\Debug\Exceptions->render(Object(Error), 500)
#3 [internal function]: CodeIgniter\Debug\Exceptions->exceptionHandler(Object(Error))
#4 {main}
  thrown
#0 [internal function]: CodeIgniter\Debug\Exceptions->shutdownHandler()
#1 {main}
CRITICAL - 2020-11-12 20:23:29 --> Call to undefined function form_open()
#0 C:\xampp\htdocs\projetoaccnew\system\View\View.php(246): include()
#1 C:\xampp\htdocs\projetoaccnew\system\Common.php(1119): CodeIgniter\View\View->render('categorias/inde...', Array, true)
#2 C:\xampp\htdocs\projetoaccnew\app\Controllers\Categorias.php(25): view('categorias/inde...', Array)
#3 C:\xampp\htdocs\projetoaccnew\system\CodeIgniter.php(918): App\Controllers\Categorias->index()
#4 C:\xampp\htdocs\projetoaccnew\system\CodeIgniter.php(404): CodeIgniter\CodeIgniter->runController(Object(App\Controllers\Categorias))
#5 C:\xampp\htdocs\projetoaccnew\system\CodeIgniter.php(312): CodeIgniter\CodeIgniter->handleRequest(NULL, Object(Config\Cache), false)
#6 C:\xampp\htdocs\projetoaccnew\public\index.php(45): CodeIgniter\CodeIgniter->run()
#7 C:\xampp\htdocs\projetoaccnew\system\Commands\Server\rewrite.php(34): require_once('C:\\xampp\\htdocs...')
#8 {main}
CRITICAL - 2020-11-12 20:23:29 --> Uncaught ErrorException: Undefined variable: viewFile in C:\xampp\htdocs\projetoaccnew\system\Debug\Exceptions.php:308
Stack trace:
#0 C:\xampp\htdocs\projetoaccnew\system\Debug\Exceptions.php(308): CodeIgniter\Debug\Exceptions->errorHandler(8, 'Undefined varia...', 'C:\\xampp\\htdocs...', 308, Array)
#1 C:\xampp\htdocs\projetoaccnew\system\Debug\Exceptions.php(308): include()
#2 C:\xampp\htdocs\projetoaccnew\system\Debug\Exceptions.php(174): CodeIgniter\Debug\Exceptions->render(Object(Error), 500)
#3 [internal function]: CodeIgniter\Debug\Exceptions->exceptionHandler(Object(Error))
#4 {main}
  thrown
#0 [internal function]: CodeIgniter\Debug\Exceptions->shutdownHandler()
#1 {main}
CRITICAL - 2020-11-12 20:23:30 --> Call to undefined function form_open()
#0 C:\xampp\htdocs\projetoaccnew\system\View\View.php(246): include()
#1 C:\xampp\htdocs\projetoaccnew\system\Common.php(1119): CodeIgniter\View\View->render('categorias/inde...', Array, true)
#2 C:\xampp\htdocs\projetoaccnew\app\Controllers\Categorias.php(25): view('categorias/inde...', Array)
#3 C:\xampp\htdocs\projetoaccnew\system\CodeIgniter.php(918): App\Controllers\Categorias->index()
#4 C:\xampp\htdocs\projetoaccnew\system\CodeIgniter.php(404): CodeIgniter\CodeIgniter->runController(Object(App\Controllers\Categorias))
#5 C:\xampp\htdocs\projetoaccnew\system\CodeIgniter.php(312): CodeIgniter\CodeIgniter->handleRequest(NULL, Object(Config\Cache), false)
#6 C:\xampp\htdocs\projetoaccnew\public\index.php(45): CodeIgniter\CodeIgniter->run()
#7 C:\xampp\htdocs\projetoaccnew\system\Commands\Server\rewrite.php(34): require_once('C:\\xampp\\htdocs...')
#8 {main}
CRITICAL - 2020-11-12 20:23:30 --> Uncaught ErrorException: Undefined variable: viewFile in C:\xampp\htdocs\projetoaccnew\system\Debug\Exceptions.php:308
Stack trace:
#0 C:\xampp\htdocs\projetoaccnew\system\Debug\Exceptions.php(308): CodeIgniter\Debug\Exceptions->errorHandler(8, 'Undefined varia...', 'C:\\xampp\\htdocs...', 308, Array)
#1 C:\xampp\htdocs\projetoaccnew\system\Debug\Exceptions.php(308): include()
#2 C:\xampp\htdocs\projetoaccnew\system\Debug\Exceptions.php(174): CodeIgniter\Debug\Exceptions->render(Object(Error), 500)
#3 [internal function]: CodeIgniter\Debug\Exceptions->exceptionHandler(Object(Error))
#4 {main}
  thrown
#0 [internal function]: CodeIgniter\Debug\Exceptions->shutdownHandler()
#1 {main}
CRITICAL - 2020-11-12 20:23:30 --> Call to undefined function form_open()
#0 C:\xampp\htdocs\projetoaccnew\system\View\View.php(246): include()
#1 C:\xampp\htdocs\projetoaccnew\system\Common.php(1119): CodeIgniter\View\View->render('categorias/inde...', Array, true)
#2 C:\xampp\htdocs\projetoaccnew\app\Controllers\Categorias.php(25): view('categorias/inde...', Array)
#3 C:\xampp\htdocs\projetoaccnew\system\CodeIgniter.php(918): App\Controllers\Categorias->index()
#4 C:\xampp\htdocs\projetoaccnew\system\CodeIgniter.php(404): CodeIgniter\CodeIgniter->runController(Object(App\Controllers\Categorias))
#5 C:\xampp\htdocs\projetoaccnew\system\CodeIgniter.php(312): CodeIgniter\CodeIgniter->handleRequest(NULL, Object(Config\Cache), false)
#6 C:\xampp\htdocs\projetoaccnew\public\index.php(45): CodeIgniter\CodeIgniter->run()
#7 C:\xampp\htdocs\projetoaccnew\system\Commands\Server\rewrite.php(34): require_once('C:\\xampp\\htdocs...')
#8 {main}
CRITICAL - 2020-11-12 20:23:30 --> Uncaught ErrorException: Undefined variable: viewFile in C:\xampp\htdocs\projetoaccnew\system\Debug\Exceptions.php:308
Stack trace:
#0 C:\xampp\htdocs\projetoaccnew\system\Debug\Exceptions.php(308): CodeIgniter\Debug\Exceptions->errorHandler(8, 'Undefined varia...', 'C:\\xampp\\htdocs...', 308, Array)
#1 C:\xampp\htdocs\projetoaccnew\system\Debug\Exceptions.php(308): include()
#2 C:\xampp\htdocs\projetoaccnew\system\Debug\Exceptions.php(174): CodeIgniter\Debug\Exceptions->render(Object(Error), 500)
#3 [internal function]: CodeIgniter\Debug\Exceptions->exceptionHandler(Object(Error))
#4 {main}
  thrown
#0 [internal function]: CodeIgniter\Debug\Exceptions->shutdownHandler()
#1 {main}
