CRITICAL - 2020-11-09 16:56:34 --> Invalid file: welcome_message.php
#0 C:\xampp\htdocs\projetoaccnew\system\View\View.php(228): CodeIgniter\Exceptions\FrameworkException::forInvalidFile('welcome_message...')
#1 C:\xampp\htdocs\projetoaccnew\system\Common.php(1119): CodeIgniter\View\View->render('welcome_message', Array, true)
#2 C:\xampp\htdocs\projetoaccnew\app\Controllers\Home.php(7): view('welcome_message')
#3 C:\xampp\htdocs\projetoaccnew\system\CodeIgniter.php(918): App\Controllers\Home->index()
#4 C:\xampp\htdocs\projetoaccnew\system\CodeIgniter.php(404): CodeIgniter\CodeIgniter->runController(Object(App\Controllers\Home))
#5 C:\xampp\htdocs\projetoaccnew\system\CodeIgniter.php(312): CodeIgniter\CodeIgniter->handleRequest(NULL, Object(Config\Cache), false)
#6 C:\xampp\htdocs\projetoaccnew\public\index.php(45): CodeIgniter\CodeIgniter->run()
#7 C:\xampp\htdocs\projetoaccnew\system\Commands\Server\rewrite.php(34): require_once('C:\\xampp\\htdocs...')
#8 {main}
CRITICAL - 2020-11-09 17:21:57 --> Undefined variable: ano
#0 C:\xampp\htdocs\projetoaccnew\app\Views\home\index.php(15): CodeIgniter\Debug\Exceptions->errorHandler(8, 'Undefined varia...', 'C:\\xampp\\htdocs...', 15, Array)
#1 C:\xampp\htdocs\projetoaccnew\system\View\View.php(246): include('C:\\xampp\\htdocs...')
#2 C:\xampp\htdocs\projetoaccnew\system\Common.php(1119): CodeIgniter\View\View->render('home/index', Array, true)
#3 C:\xampp\htdocs\projetoaccnew\app\Controllers\Home.php(7): view('home/index')
#4 C:\xampp\htdocs\projetoaccnew\system\CodeIgniter.php(918): App\Controllers\Home->index()
#5 C:\xampp\htdocs\projetoaccnew\system\CodeIgniter.php(404): CodeIgniter\CodeIgniter->runController(Object(App\Controllers\Home))
#6 C:\xampp\htdocs\projetoaccnew\system\CodeIgniter.php(312): CodeIgniter\CodeIgniter->handleRequest(NULL, Object(Config\Cache), false)
#7 C:\xampp\htdocs\projetoaccnew\public\index.php(45): CodeIgniter\CodeIgniter->run()
#8 C:\xampp\htdocs\projetoaccnew\system\Commands\Server\rewrite.php(34): require_once('C:\\xampp\\htdocs...')
#9 {main}
CRITICAL - 2020-11-09 17:25:29 --> Undefined variable: ano
#0 C:\xampp\htdocs\projetoaccnew\app\Views\home\index.php(15): CodeIgniter\Debug\Exceptions->errorHandler(8, 'Undefined varia...', 'C:\\xampp\\htdocs...', 15, Array)
#1 C:\xampp\htdocs\projetoaccnew\system\View\View.php(246): include('C:\\xampp\\htdocs...')
#2 C:\xampp\htdocs\projetoaccnew\system\Common.php(1119): CodeIgniter\View\View->render('home/index', Array, true)
#3 C:\xampp\htdocs\projetoaccnew\app\Controllers\Home.php(7): view('home/index')
#4 C:\xampp\htdocs\projetoaccnew\system\CodeIgniter.php(918): App\Controllers\Home->index()
#5 C:\xampp\htdocs\projetoaccnew\system\CodeIgniter.php(404): CodeIgniter\CodeIgniter->runController(Object(App\Controllers\Home))
#6 C:\xampp\htdocs\projetoaccnew\system\CodeIgniter.php(312): CodeIgniter\CodeIgniter->handleRequest(NULL, Object(Config\Cache), false)
#7 C:\xampp\htdocs\projetoaccnew\public\index.php(45): CodeIgniter\CodeIgniter->run()
#8 C:\xampp\htdocs\projetoaccnew\system\Commands\Server\rewrite.php(34): require_once('C:\\xampp\\htdocs...')
#9 {main}
CRITICAL - 2020-11-09 17:34:13 --> Undefined variable: ano
#0 C:\xampp\htdocs\projetoaccnew\app\Views\home\index.php(15): CodeIgniter\Debug\Exceptions->errorHandler(8, 'Undefined varia...', 'C:\\xampp\\htdocs...', 15, Array)
#1 C:\xampp\htdocs\projetoaccnew\system\View\View.php(246): include('C:\\xampp\\htdocs...')
#2 C:\xampp\htdocs\projetoaccnew\system\Common.php(1119): CodeIgniter\View\View->render('home/index', Array, true)
#3 C:\xampp\htdocs\projetoaccnew\app\Controllers\Home.php(7): view('home/index')
#4 C:\xampp\htdocs\projetoaccnew\system\CodeIgniter.php(918): App\Controllers\Home->index()
#5 C:\xampp\htdocs\projetoaccnew\system\CodeIgniter.php(404): CodeIgniter\CodeIgniter->runController(Object(App\Controllers\Home))
#6 C:\xampp\htdocs\projetoaccnew\system\CodeIgniter.php(312): CodeIgniter\CodeIgniter->handleRequest(NULL, Object(Config\Cache), false)
#7 C:\xampp\htdocs\projetoaccnew\public\index.php(45): CodeIgniter\CodeIgniter->run()
#8 C:\xampp\htdocs\projetoaccnew\system\Commands\Server\rewrite.php(34): require_once('C:\\xampp\\htdocs...')
#9 {main}
CRITICAL - 2020-11-09 17:35:29 --> Undefined variable: ano
#0 C:\xampp\htdocs\projetoaccnew\app\Views\home\index.php(15): CodeIgniter\Debug\Exceptions->errorHandler(8, 'Undefined varia...', 'C:\\xampp\\htdocs...', 15, Array)
#1 C:\xampp\htdocs\projetoaccnew\system\View\View.php(246): include('C:\\xampp\\htdocs...')
#2 C:\xampp\htdocs\projetoaccnew\system\Common.php(1119): CodeIgniter\View\View->render('home/index', Array, true)
#3 C:\xampp\htdocs\projetoaccnew\app\Controllers\Home.php(9): view('home/index')
#4 C:\xampp\htdocs\projetoaccnew\system\CodeIgniter.php(918): App\Controllers\Home->index()
#5 C:\xampp\htdocs\projetoaccnew\system\CodeIgniter.php(404): CodeIgniter\CodeIgniter->runController(Object(App\Controllers\Home))
#6 C:\xampp\htdocs\projetoaccnew\system\CodeIgniter.php(312): CodeIgniter\CodeIgniter->handleRequest(NULL, Object(Config\Cache), false)
#7 C:\xampp\htdocs\projetoaccnew\public\index.php(45): CodeIgniter\CodeIgniter->run()
#8 C:\xampp\htdocs\projetoaccnew\system\Commands\Server\rewrite.php(34): require_once('C:\\xampp\\htdocs...')
#9 {main}
CRITICAL - 2020-11-09 17:36:25 --> syntax error, unexpected ''ano'' (T_CONSTANT_ENCAPSED_STRING), expecting ')'
#0 C:\xampp\htdocs\projetoaccnew\system\Autoloader\Autoloader.php(296): CodeIgniter\Autoloader\Autoloader->requireFile('C:\\xampp\\htdocs...')
#1 C:\xampp\htdocs\projetoaccnew\system\Autoloader\Autoloader.php(258): CodeIgniter\Autoloader\Autoloader->loadInNamespace('App\\Controllers...')
#2 [internal function]: CodeIgniter\Autoloader\Autoloader->loadClass('App\\Controllers...')
#3 [internal function]: spl_autoload_call('App\\Controllers...')
#4 C:\xampp\htdocs\projetoaccnew\system\CodeIgniter.php(869): class_exists('\\App\\Controller...', true)
#5 C:\xampp\htdocs\projetoaccnew\system\CodeIgniter.php(394): CodeIgniter\CodeIgniter->startController()
#6 C:\xampp\htdocs\projetoaccnew\system\CodeIgniter.php(312): CodeIgniter\CodeIgniter->handleRequest(NULL, Object(Config\Cache), false)
#7 C:\xampp\htdocs\projetoaccnew\public\index.php(45): CodeIgniter\CodeIgniter->run()
#8 C:\xampp\htdocs\projetoaccnew\system\Commands\Server\rewrite.php(34): require_once('C:\\xampp\\htdocs...')
#9 {main}
CRITICAL - 2020-11-09 17:36:34 --> syntax error, unexpected ''ano'' (T_CONSTANT_ENCAPSED_STRING), expecting ')'
#0 C:\xampp\htdocs\projetoaccnew\system\Autoloader\Autoloader.php(296): CodeIgniter\Autoloader\Autoloader->requireFile('C:\\xampp\\htdocs...')
#1 C:\xampp\htdocs\projetoaccnew\system\Autoloader\Autoloader.php(258): CodeIgniter\Autoloader\Autoloader->loadInNamespace('App\\Controllers...')
#2 [internal function]: CodeIgniter\Autoloader\Autoloader->loadClass('App\\Controllers...')
#3 [internal function]: spl_autoload_call('App\\Controllers...')
#4 C:\xampp\htdocs\projetoaccnew\system\CodeIgniter.php(869): class_exists('\\App\\Controller...', true)
#5 C:\xampp\htdocs\projetoaccnew\system\CodeIgniter.php(394): CodeIgniter\CodeIgniter->startController()
#6 C:\xampp\htdocs\projetoaccnew\system\CodeIgniter.php(312): CodeIgniter\CodeIgniter->handleRequest(NULL, Object(Config\Cache), false)
#7 C:\xampp\htdocs\projetoaccnew\public\index.php(45): CodeIgniter\CodeIgniter->run()
#8 C:\xampp\htdocs\projetoaccnew\system\Commands\Server\rewrite.php(34): require_once('C:\\xampp\\htdocs...')
#9 {main}
CRITICAL - 2020-11-09 17:57:40 --> syntax error, unexpected ''ano'' (T_CONSTANT_ENCAPSED_STRING), expecting ')'
#0 C:\xampp\htdocs\projetoaccnew\system\Autoloader\Autoloader.php(296): CodeIgniter\Autoloader\Autoloader->requireFile('C:\\xampp\\htdocs...')
#1 C:\xampp\htdocs\projetoaccnew\system\Autoloader\Autoloader.php(258): CodeIgniter\Autoloader\Autoloader->loadInNamespace('App\\Controllers...')
#2 [internal function]: CodeIgniter\Autoloader\Autoloader->loadClass('App\\Controllers...')
#3 [internal function]: spl_autoload_call('App\\Controllers...')
#4 C:\xampp\htdocs\projetoaccnew\system\CodeIgniter.php(869): class_exists('\\App\\Controller...', true)
#5 C:\xampp\htdocs\projetoaccnew\system\CodeIgniter.php(394): CodeIgniter\CodeIgniter->startController()
#6 C:\xampp\htdocs\projetoaccnew\system\CodeIgniter.php(312): CodeIgniter\CodeIgniter->handleRequest(NULL, Object(Config\Cache), false)
#7 C:\xampp\htdocs\projetoaccnew\public\index.php(45): CodeIgniter\CodeIgniter->run()
#8 C:\xampp\htdocs\projetoaccnew\system\Commands\Server\rewrite.php(34): require_once('C:\\xampp\\htdocs...')
#9 {main}
CRITICAL - 2020-11-09 17:58:16 --> syntax error, unexpected ''ano'' (T_CONSTANT_ENCAPSED_STRING), expecting ')'
#0 C:\xampp\htdocs\projetoaccnew\system\Autoloader\Autoloader.php(296): CodeIgniter\Autoloader\Autoloader->requireFile('C:\\xampp\\htdocs...')
#1 C:\xampp\htdocs\projetoaccnew\system\Autoloader\Autoloader.php(258): CodeIgniter\Autoloader\Autoloader->loadInNamespace('App\\Controllers...')
#2 [internal function]: CodeIgniter\Autoloader\Autoloader->loadClass('App\\Controllers...')
#3 [internal function]: spl_autoload_call('App\\Controllers...')
#4 C:\xampp\htdocs\projetoaccnew\system\CodeIgniter.php(869): class_exists('\\App\\Controller...', true)
#5 C:\xampp\htdocs\projetoaccnew\system\CodeIgniter.php(394): CodeIgniter\CodeIgniter->startController()
#6 C:\xampp\htdocs\projetoaccnew\system\CodeIgniter.php(312): CodeIgniter\CodeIgniter->handleRequest(NULL, Object(Config\Cache), false)
#7 C:\xampp\htdocs\projetoaccnew\public\index.php(45): CodeIgniter\CodeIgniter->run()
#8 C:\xampp\htdocs\projetoaccnew\system\Commands\Server\rewrite.php(34): require_once('C:\\xampp\\htdocs...')
#9 {main}
CRITICAL - 2020-11-09 17:58:51 --> syntax error, unexpected ''ano'' (T_CONSTANT_ENCAPSED_STRING), expecting ')'
#0 C:\xampp\htdocs\projetoaccnew\system\Autoloader\Autoloader.php(296): CodeIgniter\Autoloader\Autoloader->requireFile('C:\\xampp\\htdocs...')
#1 C:\xampp\htdocs\projetoaccnew\system\Autoloader\Autoloader.php(258): CodeIgniter\Autoloader\Autoloader->loadInNamespace('App\\Controllers...')
#2 [internal function]: CodeIgniter\Autoloader\Autoloader->loadClass('App\\Controllers...')
#3 [internal function]: spl_autoload_call('App\\Controllers...')
#4 C:\xampp\htdocs\projetoaccnew\system\CodeIgniter.php(869): class_exists('\\App\\Controller...', true)
#5 C:\xampp\htdocs\projetoaccnew\system\CodeIgniter.php(394): CodeIgniter\CodeIgniter->startController()
#6 C:\xampp\htdocs\projetoaccnew\system\CodeIgniter.php(312): CodeIgniter\CodeIgniter->handleRequest(NULL, Object(Config\Cache), false)
#7 C:\xampp\htdocs\projetoaccnew\public\index.php(45): CodeIgniter\CodeIgniter->run()
#8 C:\xampp\htdocs\projetoaccnew\system\Commands\Server\rewrite.php(34): require_once('C:\\xampp\\htdocs...')
#9 {main}
CRITICAL - 2020-11-09 18:01:15 --> syntax error, unexpected ''ano'' (T_CONSTANT_ENCAPSED_STRING), expecting ')'
#0 C:\xampp\htdocs\projetoaccnew\system\Autoloader\Autoloader.php(296): CodeIgniter\Autoloader\Autoloader->requireFile('C:\\xampp\\htdocs...')
#1 C:\xampp\htdocs\projetoaccnew\system\Autoloader\Autoloader.php(258): CodeIgniter\Autoloader\Autoloader->loadInNamespace('App\\Controllers...')
#2 [internal function]: CodeIgniter\Autoloader\Autoloader->loadClass('App\\Controllers...')
#3 [internal function]: spl_autoload_call('App\\Controllers...')
#4 C:\xampp\htdocs\projetoaccnew\system\CodeIgniter.php(869): class_exists('\\App\\Controller...', true)
#5 C:\xampp\htdocs\projetoaccnew\system\CodeIgniter.php(394): CodeIgniter\CodeIgniter->startController()
#6 C:\xampp\htdocs\projetoaccnew\system\CodeIgniter.php(312): CodeIgniter\CodeIgniter->handleRequest(NULL, Object(Config\Cache), false)
#7 C:\xampp\htdocs\projetoaccnew\public\index.php(45): CodeIgniter\CodeIgniter->run()
#8 C:\xampp\htdocs\projetoaccnew\system\Commands\Server\rewrite.php(34): require_once('C:\\xampp\\htdocs...')
#9 {main}
CRITICAL - 2020-11-09 18:01:35 --> Undefined variable: ano
#0 C:\xampp\htdocs\projetoaccnew\app\Views\home\index.php(15): CodeIgniter\Debug\Exceptions->errorHandler(8, 'Undefined varia...', 'C:\\xampp\\htdocs...', 15, Array)
#1 C:\xampp\htdocs\projetoaccnew\system\View\View.php(246): include('C:\\xampp\\htdocs...')
#2 C:\xampp\htdocs\projetoaccnew\system\Common.php(1119): CodeIgniter\View\View->render('home/index', Array, true)
#3 C:\xampp\htdocs\projetoaccnew\app\Controllers\Home.php(9): view('home/index')
#4 C:\xampp\htdocs\projetoaccnew\system\CodeIgniter.php(918): App\Controllers\Home->index()
#5 C:\xampp\htdocs\projetoaccnew\system\CodeIgniter.php(404): CodeIgniter\CodeIgniter->runController(Object(App\Controllers\Home))
#6 C:\xampp\htdocs\projetoaccnew\system\CodeIgniter.php(312): CodeIgniter\CodeIgniter->handleRequest(NULL, Object(Config\Cache), false)
#7 C:\xampp\htdocs\projetoaccnew\public\index.php(45): CodeIgniter\CodeIgniter->run()
#8 C:\xampp\htdocs\projetoaccnew\system\Commands\Server\rewrite.php(34): require_once('C:\\xampp\\htdocs...')
#9 {main}
CRITICAL - 2020-11-09 18:02:25 --> Undefined variable: ano
#0 C:\xampp\htdocs\projetoaccnew\app\Views\home\index.php(15): CodeIgniter\Debug\Exceptions->errorHandler(8, 'Undefined varia...', 'C:\\xampp\\htdocs...', 15, Array)
#1 C:\xampp\htdocs\projetoaccnew\system\View\View.php(246): include('C:\\xampp\\htdocs...')
#2 C:\xampp\htdocs\projetoaccnew\system\Common.php(1119): CodeIgniter\View\View->render('home/index', Array, true)
#3 C:\xampp\htdocs\projetoaccnew\app\Controllers\Home.php(9): view('home/index')
#4 C:\xampp\htdocs\projetoaccnew\system\CodeIgniter.php(918): App\Controllers\Home->index()
#5 C:\xampp\htdocs\projetoaccnew\system\CodeIgniter.php(404): CodeIgniter\CodeIgniter->runController(Object(App\Controllers\Home))
#6 C:\xampp\htdocs\projetoaccnew\system\CodeIgniter.php(312): CodeIgniter\CodeIgniter->handleRequest(NULL, Object(Config\Cache), false)
#7 C:\xampp\htdocs\projetoaccnew\public\index.php(45): CodeIgniter\CodeIgniter->run()
#8 C:\xampp\htdocs\projetoaccnew\system\Commands\Server\rewrite.php(34): require_once('C:\\xampp\\htdocs...')
#9 {main}
CRITICAL - 2020-11-09 18:02:25 --> Undefined variable: ano
#0 C:\xampp\htdocs\projetoaccnew\app\Views\home\index.php(15): CodeIgniter\Debug\Exceptions->errorHandler(8, 'Undefined varia...', 'C:\\xampp\\htdocs...', 15, Array)
#1 C:\xampp\htdocs\projetoaccnew\system\View\View.php(246): include('C:\\xampp\\htdocs...')
#2 C:\xampp\htdocs\projetoaccnew\system\Common.php(1119): CodeIgniter\View\View->render('home/index', Array, true)
#3 C:\xampp\htdocs\projetoaccnew\app\Controllers\Home.php(9): view('home/index')
#4 C:\xampp\htdocs\projetoaccnew\system\CodeIgniter.php(918): App\Controllers\Home->index()
#5 C:\xampp\htdocs\projetoaccnew\system\CodeIgniter.php(404): CodeIgniter\CodeIgniter->runController(Object(App\Controllers\Home))
#6 C:\xampp\htdocs\projetoaccnew\system\CodeIgniter.php(312): CodeIgniter\CodeIgniter->handleRequest(NULL, Object(Config\Cache), false)
#7 C:\xampp\htdocs\projetoaccnew\public\index.php(45): CodeIgniter\CodeIgniter->run()
#8 C:\xampp\htdocs\projetoaccnew\system\Commands\Server\rewrite.php(34): require_once('C:\\xampp\\htdocs...')
#9 {main}
CRITICAL - 2020-11-09 18:02:26 --> Undefined variable: ano
#0 C:\xampp\htdocs\projetoaccnew\app\Views\home\index.php(15): CodeIgniter\Debug\Exceptions->errorHandler(8, 'Undefined varia...', 'C:\\xampp\\htdocs...', 15, Array)
#1 C:\xampp\htdocs\projetoaccnew\system\View\View.php(246): include('C:\\xampp\\htdocs...')
#2 C:\xampp\htdocs\projetoaccnew\system\Common.php(1119): CodeIgniter\View\View->render('home/index', Array, true)
#3 C:\xampp\htdocs\projetoaccnew\app\Controllers\Home.php(9): view('home/index')
#4 C:\xampp\htdocs\projetoaccnew\system\CodeIgniter.php(918): App\Controllers\Home->index()
#5 C:\xampp\htdocs\projetoaccnew\system\CodeIgniter.php(404): CodeIgniter\CodeIgniter->runController(Object(App\Controllers\Home))
#6 C:\xampp\htdocs\projetoaccnew\system\CodeIgniter.php(312): CodeIgniter\CodeIgniter->handleRequest(NULL, Object(Config\Cache), false)
#7 C:\xampp\htdocs\projetoaccnew\public\index.php(45): CodeIgniter\CodeIgniter->run()
#8 C:\xampp\htdocs\projetoaccnew\system\Commands\Server\rewrite.php(34): require_once('C:\\xampp\\htdocs...')
#9 {main}
CRITICAL - 2020-11-09 18:02:26 --> Undefined variable: ano
#0 C:\xampp\htdocs\projetoaccnew\app\Views\home\index.php(15): CodeIgniter\Debug\Exceptions->errorHandler(8, 'Undefined varia...', 'C:\\xampp\\htdocs...', 15, Array)
#1 C:\xampp\htdocs\projetoaccnew\system\View\View.php(246): include('C:\\xampp\\htdocs...')
#2 C:\xampp\htdocs\projetoaccnew\system\Common.php(1119): CodeIgniter\View\View->render('home/index', Array, true)
#3 C:\xampp\htdocs\projetoaccnew\app\Controllers\Home.php(9): view('home/index')
#4 C:\xampp\htdocs\projetoaccnew\system\CodeIgniter.php(918): App\Controllers\Home->index()
#5 C:\xampp\htdocs\projetoaccnew\system\CodeIgniter.php(404): CodeIgniter\CodeIgniter->runController(Object(App\Controllers\Home))
#6 C:\xampp\htdocs\projetoaccnew\system\CodeIgniter.php(312): CodeIgniter\CodeIgniter->handleRequest(NULL, Object(Config\Cache), false)
#7 C:\xampp\htdocs\projetoaccnew\public\index.php(45): CodeIgniter\CodeIgniter->run()
#8 C:\xampp\htdocs\projetoaccnew\system\Commands\Server\rewrite.php(34): require_once('C:\\xampp\\htdocs...')
#9 {main}
CRITICAL - 2020-11-09 18:04:06 --> Call to undefined function checkLinkPermission()
#0 C:\xampp\htdocs\projetoaccnew\system\View\View.php(246): include()
#1 C:\xampp\htdocs\projetoaccnew\system\View\View.php(257): CodeIgniter\View\View->render('_common/layout', Array, true)
#2 C:\xampp\htdocs\projetoaccnew\system\Common.php(1119): CodeIgniter\View\View->render('home/index', Array, true)
#3 C:\xampp\htdocs\projetoaccnew\app\Controllers\Home.php(9): view('home/index')
#4 C:\xampp\htdocs\projetoaccnew\system\CodeIgniter.php(918): App\Controllers\Home->index()
#5 C:\xampp\htdocs\projetoaccnew\system\CodeIgniter.php(404): CodeIgniter\CodeIgniter->runController(Object(App\Controllers\Home))
#6 C:\xampp\htdocs\projetoaccnew\system\CodeIgniter.php(312): CodeIgniter\CodeIgniter->handleRequest(NULL, Object(Config\Cache), false)
#7 C:\xampp\htdocs\projetoaccnew\public\index.php(45): CodeIgniter\CodeIgniter->run()
#8 C:\xampp\htdocs\projetoaccnew\system\Commands\Server\rewrite.php(34): require_once('C:\\xampp\\htdocs...')
#9 {main}
CRITICAL - 2020-11-09 18:05:31 --> Call to undefined function checkLinkPermission()
#0 C:\xampp\htdocs\projetoaccnew\system\View\View.php(246): include()
#1 C:\xampp\htdocs\projetoaccnew\system\View\View.php(257): CodeIgniter\View\View->render('_common/layout', Array, true)
#2 C:\xampp\htdocs\projetoaccnew\system\Common.php(1119): CodeIgniter\View\View->render('home/index', Array, true)
#3 C:\xampp\htdocs\projetoaccnew\app\Controllers\Home.php(9): view('home/index')
#4 C:\xampp\htdocs\projetoaccnew\system\CodeIgniter.php(918): App\Controllers\Home->index()
#5 C:\xampp\htdocs\projetoaccnew\system\CodeIgniter.php(404): CodeIgniter\CodeIgniter->runController(Object(App\Controllers\Home))
#6 C:\xampp\htdocs\projetoaccnew\system\CodeIgniter.php(312): CodeIgniter\CodeIgniter->handleRequest(NULL, Object(Config\Cache), false)
#7 C:\xampp\htdocs\projetoaccnew\public\index.php(45): CodeIgniter\CodeIgniter->run()
#8 C:\xampp\htdocs\projetoaccnew\system\Commands\Server\rewrite.php(34): require_once('C:\\xampp\\htdocs...')
#9 {main}
CRITICAL - 2020-11-09 18:05:51 --> Call to undefined function checkLinkPermission()
#0 C:\xampp\htdocs\projetoaccnew\system\View\View.php(246): include()
#1 C:\xampp\htdocs\projetoaccnew\system\View\View.php(257): CodeIgniter\View\View->render('_common/layout', Array, true)
#2 C:\xampp\htdocs\projetoaccnew\system\Common.php(1119): CodeIgniter\View\View->render('home/index', Array, true)
#3 C:\xampp\htdocs\projetoaccnew\app\Controllers\Home.php(9): view('home/index')
#4 C:\xampp\htdocs\projetoaccnew\system\CodeIgniter.php(918): App\Controllers\Home->index()
#5 C:\xampp\htdocs\projetoaccnew\system\CodeIgniter.php(404): CodeIgniter\CodeIgniter->runController(Object(App\Controllers\Home))
#6 C:\xampp\htdocs\projetoaccnew\system\CodeIgniter.php(312): CodeIgniter\CodeIgniter->handleRequest(NULL, Object(Config\Cache), false)
#7 C:\xampp\htdocs\projetoaccnew\public\index.php(45): CodeIgniter\CodeIgniter->run()
#8 C:\xampp\htdocs\projetoaccnew\system\Commands\Server\rewrite.php(34): require_once('C:\\xampp\\htdocs...')
#9 {main}
CRITICAL - 2020-11-09 18:08:01 --> Call to undefined function checkLinkPermission()
#0 C:\xampp\htdocs\projetoaccnew\system\View\View.php(246): include()
#1 C:\xampp\htdocs\projetoaccnew\system\View\View.php(257): CodeIgniter\View\View->render('_common/layout', Array, true)
#2 C:\xampp\htdocs\projetoaccnew\system\Common.php(1119): CodeIgniter\View\View->render('home/index', Array, true)
#3 C:\xampp\htdocs\projetoaccnew\app\Controllers\Home.php(9): view('home/index')
#4 C:\xampp\htdocs\projetoaccnew\system\CodeIgniter.php(918): App\Controllers\Home->index()
#5 C:\xampp\htdocs\projetoaccnew\system\CodeIgniter.php(404): CodeIgniter\CodeIgniter->runController(Object(App\Controllers\Home))
#6 C:\xampp\htdocs\projetoaccnew\system\CodeIgniter.php(312): CodeIgniter\CodeIgniter->handleRequest(NULL, Object(Config\Cache), false)
#7 C:\xampp\htdocs\projetoaccnew\public\index.php(45): CodeIgniter\CodeIgniter->run()
#8 C:\xampp\htdocs\projetoaccnew\system\Commands\Server\rewrite.php(34): require_once('C:\\xampp\\htdocs...')
#9 {main}
CRITICAL - 2020-11-09 18:12:45 --> Call to undefined function checkLinkPermission()
#0 C:\xampp\htdocs\projetoaccnew\system\View\View.php(246): include()
#1 C:\xampp\htdocs\projetoaccnew\system\View\View.php(257): CodeIgniter\View\View->render('_common/layout', Array, true)
#2 C:\xampp\htdocs\projetoaccnew\system\Common.php(1119): CodeIgniter\View\View->render('home/index', Array, true)
#3 C:\xampp\htdocs\projetoaccnew\app\Controllers\Home.php(9): view('home/index')
#4 C:\xampp\htdocs\projetoaccnew\system\CodeIgniter.php(918): App\Controllers\Home->index()
#5 C:\xampp\htdocs\projetoaccnew\system\CodeIgniter.php(404): CodeIgniter\CodeIgniter->runController(Object(App\Controllers\Home))
#6 C:\xampp\htdocs\projetoaccnew\system\CodeIgniter.php(312): CodeIgniter\CodeIgniter->handleRequest(NULL, Object(Config\Cache), false)
#7 C:\xampp\htdocs\projetoaccnew\public\index.php(45): CodeIgniter\CodeIgniter->run()
#8 C:\xampp\htdocs\projetoaccnew\system\Commands\Server\rewrite.php(34): require_once('C:\\xampp\\htdocs...')
#9 {main}
CRITICAL - 2020-11-09 18:24:59 --> Call to undefined function checkLinkPermission()
#0 C:\xampp\htdocs\projetoaccnew\system\View\View.php(246): include()
#1 C:\xampp\htdocs\projetoaccnew\system\View\View.php(257): CodeIgniter\View\View->render('_common/layout', Array, true)
#2 C:\xampp\htdocs\projetoaccnew\system\Common.php(1119): CodeIgniter\View\View->render('home/index', Array, true)
#3 C:\xampp\htdocs\projetoaccnew\app\Controllers\Home.php(9): view('home/index')
#4 C:\xampp\htdocs\projetoaccnew\system\CodeIgniter.php(918): App\Controllers\Home->index()
#5 C:\xampp\htdocs\projetoaccnew\system\CodeIgniter.php(404): CodeIgniter\CodeIgniter->runController(Object(App\Controllers\Home))
#6 C:\xampp\htdocs\projetoaccnew\system\CodeIgniter.php(312): CodeIgniter\CodeIgniter->handleRequest(NULL, Object(Config\Cache), false)
#7 C:\xampp\htdocs\projetoaccnew\public\index.php(45): CodeIgniter\CodeIgniter->run()
#8 C:\xampp\htdocs\projetoaccnew\system\Commands\Server\rewrite.php(34): require_once('C:\\xampp\\htdocs...')
#9 {main}
CRITICAL - 2020-11-09 18:30:17 --> Call to undefined function checkLinkPermission()
#0 C:\xampp\htdocs\projetoaccnew\system\View\View.php(246): include()
#1 C:\xampp\htdocs\projetoaccnew\system\View\View.php(257): CodeIgniter\View\View->render('_common/layout', Array, true)
#2 C:\xampp\htdocs\projetoaccnew\system\Common.php(1119): CodeIgniter\View\View->render('home/index', Array, true)
#3 C:\xampp\htdocs\projetoaccnew\app\Controllers\Home.php(7): view('home/index')
#4 C:\xampp\htdocs\projetoaccnew\system\CodeIgniter.php(918): App\Controllers\Home->index()
#5 C:\xampp\htdocs\projetoaccnew\system\CodeIgniter.php(404): CodeIgniter\CodeIgniter->runController(Object(App\Controllers\Home))
#6 C:\xampp\htdocs\projetoaccnew\system\CodeIgniter.php(312): CodeIgniter\CodeIgniter->handleRequest(NULL, Object(Config\Cache), false)
#7 C:\xampp\htdocs\projetoaccnew\public\index.php(45): CodeIgniter\CodeIgniter->run()
#8 C:\xampp\htdocs\projetoaccnew\system\Commands\Server\rewrite.php(34): require_once('C:\\xampp\\htdocs...')
#9 {main}
CRITICAL - 2020-11-09 18:30:17 --> Uncaught ErrorException: Undefined variable: viewFile in C:\xampp\htdocs\projetoaccnew\system\Debug\Exceptions.php:308
Stack trace:
#0 C:\xampp\htdocs\projetoaccnew\system\Debug\Exceptions.php(308): CodeIgniter\Debug\Exceptions->errorHandler(8, 'Undefined varia...', 'C:\\xampp\\htdocs...', 308, Array)
#1 C:\xampp\htdocs\projetoaccnew\system\Debug\Exceptions.php(308): include()
#2 C:\xampp\htdocs\projetoaccnew\system\Debug\Exceptions.php(174): CodeIgniter\Debug\Exceptions->render(Object(Error), 500)
#3 [internal function]: CodeIgniter\Debug\Exceptions->exceptionHandler(Object(Error))
#4 {main}
  thrown
#0 [internal function]: CodeIgniter\Debug\Exceptions->shutdownHandler()
#1 {main}
CRITICAL - 2020-11-09 18:31:30 --> Call to undefined function checkLinkPermission()
#0 C:\xampp\htdocs\projetoaccnew\system\View\View.php(246): include()
#1 C:\xampp\htdocs\projetoaccnew\system\View\View.php(257): CodeIgniter\View\View->render('_common/layout', Array, true)
#2 C:\xampp\htdocs\projetoaccnew\system\Common.php(1119): CodeIgniter\View\View->render('home/index', Array, true)
#3 C:\xampp\htdocs\projetoaccnew\app\Controllers\Home.php(7): view('home/index')
#4 C:\xampp\htdocs\projetoaccnew\system\CodeIgniter.php(918): App\Controllers\Home->index()
#5 C:\xampp\htdocs\projetoaccnew\system\CodeIgniter.php(404): CodeIgniter\CodeIgniter->runController(Object(App\Controllers\Home))
#6 C:\xampp\htdocs\projetoaccnew\system\CodeIgniter.php(312): CodeIgniter\CodeIgniter->handleRequest(NULL, Object(Config\Cache), false)
#7 C:\xampp\htdocs\projetoaccnew\public\index.php(45): CodeIgniter\CodeIgniter->run()
#8 C:\xampp\htdocs\projetoaccnew\system\Commands\Server\rewrite.php(34): require_once('C:\\xampp\\htdocs...')
#9 {main}
CRITICAL - 2020-11-09 18:31:30 --> Uncaught ErrorException: Undefined variable: viewFile in C:\xampp\htdocs\projetoaccnew\system\Debug\Exceptions.php:308
Stack trace:
#0 C:\xampp\htdocs\projetoaccnew\system\Debug\Exceptions.php(308): CodeIgniter\Debug\Exceptions->errorHandler(8, 'Undefined varia...', 'C:\\xampp\\htdocs...', 308, Array)
#1 C:\xampp\htdocs\projetoaccnew\system\Debug\Exceptions.php(308): include()
#2 C:\xampp\htdocs\projetoaccnew\system\Debug\Exceptions.php(174): CodeIgniter\Debug\Exceptions->render(Object(Error), 500)
#3 [internal function]: CodeIgniter\Debug\Exceptions->exceptionHandler(Object(Error))
#4 {main}
  thrown
#0 [internal function]: CodeIgniter\Debug\Exceptions->shutdownHandler()
#1 {main}
CRITICAL - 2020-11-09 18:31:31 --> Call to undefined function checkLinkPermission()
#0 C:\xampp\htdocs\projetoaccnew\system\View\View.php(246): include()
#1 C:\xampp\htdocs\projetoaccnew\system\View\View.php(257): CodeIgniter\View\View->render('_common/layout', Array, true)
#2 C:\xampp\htdocs\projetoaccnew\system\Common.php(1119): CodeIgniter\View\View->render('home/index', Array, true)
#3 C:\xampp\htdocs\projetoaccnew\app\Controllers\Home.php(7): view('home/index')
#4 C:\xampp\htdocs\projetoaccnew\system\CodeIgniter.php(918): App\Controllers\Home->index()
#5 C:\xampp\htdocs\projetoaccnew\system\CodeIgniter.php(404): CodeIgniter\CodeIgniter->runController(Object(App\Controllers\Home))
#6 C:\xampp\htdocs\projetoaccnew\system\CodeIgniter.php(312): CodeIgniter\CodeIgniter->handleRequest(NULL, Object(Config\Cache), false)
#7 C:\xampp\htdocs\projetoaccnew\public\index.php(45): CodeIgniter\CodeIgniter->run()
#8 C:\xampp\htdocs\projetoaccnew\system\Commands\Server\rewrite.php(34): require_once('C:\\xampp\\htdocs...')
#9 {main}
CRITICAL - 2020-11-09 18:31:31 --> Uncaught ErrorException: Undefined variable: viewFile in C:\xampp\htdocs\projetoaccnew\system\Debug\Exceptions.php:308
Stack trace:
#0 C:\xampp\htdocs\projetoaccnew\system\Debug\Exceptions.php(308): CodeIgniter\Debug\Exceptions->errorHandler(8, 'Undefined varia...', 'C:\\xampp\\htdocs...', 308, Array)
#1 C:\xampp\htdocs\projetoaccnew\system\Debug\Exceptions.php(308): include()
#2 C:\xampp\htdocs\projetoaccnew\system\Debug\Exceptions.php(174): CodeIgniter\Debug\Exceptions->render(Object(Error), 500)
#3 [internal function]: CodeIgniter\Debug\Exceptions->exceptionHandler(Object(Error))
#4 {main}
  thrown
#0 [internal function]: CodeIgniter\Debug\Exceptions->shutdownHandler()
#1 {main}
CRITICAL - 2020-11-09 18:31:31 --> Call to undefined function checkLinkPermission()
#0 C:\xampp\htdocs\projetoaccnew\system\View\View.php(246): include()
#1 C:\xampp\htdocs\projetoaccnew\system\View\View.php(257): CodeIgniter\View\View->render('_common/layout', Array, true)
#2 C:\xampp\htdocs\projetoaccnew\system\Common.php(1119): CodeIgniter\View\View->render('home/index', Array, true)
#3 C:\xampp\htdocs\projetoaccnew\app\Controllers\Home.php(7): view('home/index')
#4 C:\xampp\htdocs\projetoaccnew\system\CodeIgniter.php(918): App\Controllers\Home->index()
#5 C:\xampp\htdocs\projetoaccnew\system\CodeIgniter.php(404): CodeIgniter\CodeIgniter->runController(Object(App\Controllers\Home))
#6 C:\xampp\htdocs\projetoaccnew\system\CodeIgniter.php(312): CodeIgniter\CodeIgniter->handleRequest(NULL, Object(Config\Cache), false)
#7 C:\xampp\htdocs\projetoaccnew\public\index.php(45): CodeIgniter\CodeIgniter->run()
#8 C:\xampp\htdocs\projetoaccnew\system\Commands\Server\rewrite.php(34): require_once('C:\\xampp\\htdocs...')
#9 {main}
CRITICAL - 2020-11-09 18:31:31 --> Uncaught ErrorException: Undefined variable: viewFile in C:\xampp\htdocs\projetoaccnew\system\Debug\Exceptions.php:308
Stack trace:
#0 C:\xampp\htdocs\projetoaccnew\system\Debug\Exceptions.php(308): CodeIgniter\Debug\Exceptions->errorHandler(8, 'Undefined varia...', 'C:\\xampp\\htdocs...', 308, Array)
#1 C:\xampp\htdocs\projetoaccnew\system\Debug\Exceptions.php(308): include()
#2 C:\xampp\htdocs\projetoaccnew\system\Debug\Exceptions.php(174): CodeIgniter\Debug\Exceptions->render(Object(Error), 500)
#3 [internal function]: CodeIgniter\Debug\Exceptions->exceptionHandler(Object(Error))
#4 {main}
  thrown
#0 [internal function]: CodeIgniter\Debug\Exceptions->shutdownHandler()
#1 {main}
CRITICAL - 2020-11-09 18:31:32 --> Call to undefined function checkLinkPermission()
#0 C:\xampp\htdocs\projetoaccnew\system\View\View.php(246): include()
#1 C:\xampp\htdocs\projetoaccnew\system\View\View.php(257): CodeIgniter\View\View->render('_common/layout', Array, true)
#2 C:\xampp\htdocs\projetoaccnew\system\Common.php(1119): CodeIgniter\View\View->render('home/index', Array, true)
#3 C:\xampp\htdocs\projetoaccnew\app\Controllers\Home.php(7): view('home/index')
#4 C:\xampp\htdocs\projetoaccnew\system\CodeIgniter.php(918): App\Controllers\Home->index()
#5 C:\xampp\htdocs\projetoaccnew\system\CodeIgniter.php(404): CodeIgniter\CodeIgniter->runController(Object(App\Controllers\Home))
#6 C:\xampp\htdocs\projetoaccnew\system\CodeIgniter.php(312): CodeIgniter\CodeIgniter->handleRequest(NULL, Object(Config\Cache), false)
#7 C:\xampp\htdocs\projetoaccnew\public\index.php(45): CodeIgniter\CodeIgniter->run()
#8 C:\xampp\htdocs\projetoaccnew\system\Commands\Server\rewrite.php(34): require_once('C:\\xampp\\htdocs...')
#9 {main}
CRITICAL - 2020-11-09 18:31:32 --> Uncaught ErrorException: Undefined variable: viewFile in C:\xampp\htdocs\projetoaccnew\system\Debug\Exceptions.php:308
Stack trace:
#0 C:\xampp\htdocs\projetoaccnew\system\Debug\Exceptions.php(308): CodeIgniter\Debug\Exceptions->errorHandler(8, 'Undefined varia...', 'C:\\xampp\\htdocs...', 308, Array)
#1 C:\xampp\htdocs\projetoaccnew\system\Debug\Exceptions.php(308): include()
#2 C:\xampp\htdocs\projetoaccnew\system\Debug\Exceptions.php(174): CodeIgniter\Debug\Exceptions->render(Object(Error), 500)
#3 [internal function]: CodeIgniter\Debug\Exceptions->exceptionHandler(Object(Error))
#4 {main}
  thrown
#0 [internal function]: CodeIgniter\Debug\Exceptions->shutdownHandler()
#1 {main}
CRITICAL - 2020-11-09 18:31:32 --> Call to undefined function checkLinkPermission()
#0 C:\xampp\htdocs\projetoaccnew\system\View\View.php(246): include()
#1 C:\xampp\htdocs\projetoaccnew\system\View\View.php(257): CodeIgniter\View\View->render('_common/layout', Array, true)
#2 C:\xampp\htdocs\projetoaccnew\system\Common.php(1119): CodeIgniter\View\View->render('home/index', Array, true)
#3 C:\xampp\htdocs\projetoaccnew\app\Controllers\Home.php(7): view('home/index')
#4 C:\xampp\htdocs\projetoaccnew\system\CodeIgniter.php(918): App\Controllers\Home->index()
#5 C:\xampp\htdocs\projetoaccnew\system\CodeIgniter.php(404): CodeIgniter\CodeIgniter->runController(Object(App\Controllers\Home))
#6 C:\xampp\htdocs\projetoaccnew\system\CodeIgniter.php(312): CodeIgniter\CodeIgniter->handleRequest(NULL, Object(Config\Cache), false)
#7 C:\xampp\htdocs\projetoaccnew\public\index.php(45): CodeIgniter\CodeIgniter->run()
#8 C:\xampp\htdocs\projetoaccnew\system\Commands\Server\rewrite.php(34): require_once('C:\\xampp\\htdocs...')
#9 {main}
CRITICAL - 2020-11-09 18:31:32 --> Uncaught ErrorException: Undefined variable: viewFile in C:\xampp\htdocs\projetoaccnew\system\Debug\Exceptions.php:308
Stack trace:
#0 C:\xampp\htdocs\projetoaccnew\system\Debug\Exceptions.php(308): CodeIgniter\Debug\Exceptions->errorHandler(8, 'Undefined varia...', 'C:\\xampp\\htdocs...', 308, Array)
#1 C:\xampp\htdocs\projetoaccnew\system\Debug\Exceptions.php(308): include()
#2 C:\xampp\htdocs\projetoaccnew\system\Debug\Exceptions.php(174): CodeIgniter\Debug\Exceptions->render(Object(Error), 500)
#3 [internal function]: CodeIgniter\Debug\Exceptions->exceptionHandler(Object(Error))
#4 {main}
  thrown
#0 [internal function]: CodeIgniter\Debug\Exceptions->shutdownHandler()
#1 {main}
CRITICAL - 2020-11-09 18:37:48 --> Call to undefined function checkLinkPermission()
#0 C:\xampp\htdocs\projetoaccnew\system\View\View.php(246): include()
#1 C:\xampp\htdocs\projetoaccnew\system\View\View.php(257): CodeIgniter\View\View->render('_common/layout', Array, true)
#2 C:\xampp\htdocs\projetoaccnew\system\Common.php(1119): CodeIgniter\View\View->render('home/index', Array, true)
#3 C:\xampp\htdocs\projetoaccnew\app\Controllers\Home.php(7): view('home/index')
#4 C:\xampp\htdocs\projetoaccnew\system\CodeIgniter.php(918): App\Controllers\Home->index()
#5 C:\xampp\htdocs\projetoaccnew\system\CodeIgniter.php(404): CodeIgniter\CodeIgniter->runController(Object(App\Controllers\Home))
#6 C:\xampp\htdocs\projetoaccnew\system\CodeIgniter.php(312): CodeIgniter\CodeIgniter->handleRequest(NULL, Object(Config\Cache), false)
#7 C:\xampp\htdocs\projetoaccnew\public\index.php(45): CodeIgniter\CodeIgniter->run()
#8 C:\xampp\htdocs\projetoaccnew\system\Commands\Server\rewrite.php(34): require_once('C:\\xampp\\htdocs...')
#9 {main}
CRITICAL - 2020-11-09 18:37:48 --> Uncaught ErrorException: Undefined variable: viewFile in C:\xampp\htdocs\projetoaccnew\system\Debug\Exceptions.php:308
Stack trace:
#0 C:\xampp\htdocs\projetoaccnew\system\Debug\Exceptions.php(308): CodeIgniter\Debug\Exceptions->errorHandler(8, 'Undefined varia...', 'C:\\xampp\\htdocs...', 308, Array)
#1 C:\xampp\htdocs\projetoaccnew\system\Debug\Exceptions.php(308): include()
#2 C:\xampp\htdocs\projetoaccnew\system\Debug\Exceptions.php(174): CodeIgniter\Debug\Exceptions->render(Object(Error), 500)
#3 [internal function]: CodeIgniter\Debug\Exceptions->exceptionHandler(Object(Error))
#4 {main}
  thrown
#0 [internal function]: CodeIgniter\Debug\Exceptions->shutdownHandler()
#1 {main}
CRITICAL - 2020-11-09 18:39:02 --> Call to undefined function checkLinkPermission()
#0 C:\xampp\htdocs\projetoaccnew\system\View\View.php(246): include()
#1 C:\xampp\htdocs\projetoaccnew\system\View\View.php(257): CodeIgniter\View\View->render('_common/layout', Array, true)
#2 C:\xampp\htdocs\projetoaccnew\system\Common.php(1119): CodeIgniter\View\View->render('home/index', Array, true)
#3 C:\xampp\htdocs\projetoaccnew\app\Controllers\Home.php(7): view('home/index')
#4 C:\xampp\htdocs\projetoaccnew\system\CodeIgniter.php(918): App\Controllers\Home->index()
#5 C:\xampp\htdocs\projetoaccnew\system\CodeIgniter.php(404): CodeIgniter\CodeIgniter->runController(Object(App\Controllers\Home))
#6 C:\xampp\htdocs\projetoaccnew\system\CodeIgniter.php(312): CodeIgniter\CodeIgniter->handleRequest(NULL, Object(Config\Cache), false)
#7 C:\xampp\htdocs\projetoaccnew\public\index.php(45): CodeIgniter\CodeIgniter->run()
#8 C:\xampp\htdocs\projetoaccnew\system\Commands\Server\rewrite.php(34): require_once('C:\\xampp\\htdocs...')
#9 {main}
CRITICAL - 2020-11-09 18:39:02 --> Uncaught ErrorException: Undefined variable: viewFile in C:\xampp\htdocs\projetoaccnew\system\Debug\Exceptions.php:308
Stack trace:
#0 C:\xampp\htdocs\projetoaccnew\system\Debug\Exceptions.php(308): CodeIgniter\Debug\Exceptions->errorHandler(8, 'Undefined varia...', 'C:\\xampp\\htdocs...', 308, Array)
#1 C:\xampp\htdocs\projetoaccnew\system\Debug\Exceptions.php(308): include()
#2 C:\xampp\htdocs\projetoaccnew\system\Debug\Exceptions.php(174): CodeIgniter\Debug\Exceptions->render(Object(Error), 500)
#3 [internal function]: CodeIgniter\Debug\Exceptions->exceptionHandler(Object(Error))
#4 {main}
  thrown
#0 [internal function]: CodeIgniter\Debug\Exceptions->shutdownHandler()
#1 {main}
CRITICAL - 2020-11-09 18:39:03 --> Call to undefined function checkLinkPermission()
#0 C:\xampp\htdocs\projetoaccnew\system\View\View.php(246): include()
#1 C:\xampp\htdocs\projetoaccnew\system\View\View.php(257): CodeIgniter\View\View->render('_common/layout', Array, true)
#2 C:\xampp\htdocs\projetoaccnew\system\Common.php(1119): CodeIgniter\View\View->render('home/index', Array, true)
#3 C:\xampp\htdocs\projetoaccnew\app\Controllers\Home.php(7): view('home/index')
#4 C:\xampp\htdocs\projetoaccnew\system\CodeIgniter.php(918): App\Controllers\Home->index()
#5 C:\xampp\htdocs\projetoaccnew\system\CodeIgniter.php(404): CodeIgniter\CodeIgniter->runController(Object(App\Controllers\Home))
#6 C:\xampp\htdocs\projetoaccnew\system\CodeIgniter.php(312): CodeIgniter\CodeIgniter->handleRequest(NULL, Object(Config\Cache), false)
#7 C:\xampp\htdocs\projetoaccnew\public\index.php(45): CodeIgniter\CodeIgniter->run()
#8 C:\xampp\htdocs\projetoaccnew\system\Commands\Server\rewrite.php(34): require_once('C:\\xampp\\htdocs...')
#9 {main}
CRITICAL - 2020-11-09 18:39:03 --> Uncaught ErrorException: Undefined variable: viewFile in C:\xampp\htdocs\projetoaccnew\system\Debug\Exceptions.php:308
Stack trace:
#0 C:\xampp\htdocs\projetoaccnew\system\Debug\Exceptions.php(308): CodeIgniter\Debug\Exceptions->errorHandler(8, 'Undefined varia...', 'C:\\xampp\\htdocs...', 308, Array)
#1 C:\xampp\htdocs\projetoaccnew\system\Debug\Exceptions.php(308): include()
#2 C:\xampp\htdocs\projetoaccnew\system\Debug\Exceptions.php(174): CodeIgniter\Debug\Exceptions->render(Object(Error), 500)
#3 [internal function]: CodeIgniter\Debug\Exceptions->exceptionHandler(Object(Error))
#4 {main}
  thrown
#0 [internal function]: CodeIgniter\Debug\Exceptions->shutdownHandler()
#1 {main}
CRITICAL - 2020-11-09 18:39:04 --> Call to undefined function checkLinkPermission()
#0 C:\xampp\htdocs\projetoaccnew\system\View\View.php(246): include()
#1 C:\xampp\htdocs\projetoaccnew\system\View\View.php(257): CodeIgniter\View\View->render('_common/layout', Array, true)
#2 C:\xampp\htdocs\projetoaccnew\system\Common.php(1119): CodeIgniter\View\View->render('home/index', Array, true)
#3 C:\xampp\htdocs\projetoaccnew\app\Controllers\Home.php(7): view('home/index')
#4 C:\xampp\htdocs\projetoaccnew\system\CodeIgniter.php(918): App\Controllers\Home->index()
#5 C:\xampp\htdocs\projetoaccnew\system\CodeIgniter.php(404): CodeIgniter\CodeIgniter->runController(Object(App\Controllers\Home))
#6 C:\xampp\htdocs\projetoaccnew\system\CodeIgniter.php(312): CodeIgniter\CodeIgniter->handleRequest(NULL, Object(Config\Cache), false)
#7 C:\xampp\htdocs\projetoaccnew\public\index.php(45): CodeIgniter\CodeIgniter->run()
#8 C:\xampp\htdocs\projetoaccnew\system\Commands\Server\rewrite.php(34): require_once('C:\\xampp\\htdocs...')
#9 {main}
CRITICAL - 2020-11-09 18:39:04 --> Uncaught ErrorException: Undefined variable: viewFile in C:\xampp\htdocs\projetoaccnew\system\Debug\Exceptions.php:308
Stack trace:
#0 C:\xampp\htdocs\projetoaccnew\system\Debug\Exceptions.php(308): CodeIgniter\Debug\Exceptions->errorHandler(8, 'Undefined varia...', 'C:\\xampp\\htdocs...', 308, Array)
#1 C:\xampp\htdocs\projetoaccnew\system\Debug\Exceptions.php(308): include()
#2 C:\xampp\htdocs\projetoaccnew\system\Debug\Exceptions.php(174): CodeIgniter\Debug\Exceptions->render(Object(Error), 500)
#3 [internal function]: CodeIgniter\Debug\Exceptions->exceptionHandler(Object(Error))
#4 {main}
  thrown
#0 [internal function]: CodeIgniter\Debug\Exceptions->shutdownHandler()
#1 {main}
CRITICAL - 2020-11-09 18:50:12 --> Call to undefined function checkLinkPermission()
#0 C:\xampp\htdocs\projetoaccnew\system\View\View.php(246): include()
#1 C:\xampp\htdocs\projetoaccnew\system\View\View.php(257): CodeIgniter\View\View->render('_common/layout', Array, true)
#2 C:\xampp\htdocs\projetoaccnew\system\Common.php(1119): CodeIgniter\View\View->render('home/index', Array, true)
#3 C:\xampp\htdocs\projetoaccnew\app\Controllers\Home.php(7): view('home/index')
#4 C:\xampp\htdocs\projetoaccnew\system\CodeIgniter.php(918): App\Controllers\Home->index()
#5 C:\xampp\htdocs\projetoaccnew\system\CodeIgniter.php(404): CodeIgniter\CodeIgniter->runController(Object(App\Controllers\Home))
#6 C:\xampp\htdocs\projetoaccnew\system\CodeIgniter.php(312): CodeIgniter\CodeIgniter->handleRequest(NULL, Object(Config\Cache), false)
#7 C:\xampp\htdocs\projetoaccnew\public\index.php(45): CodeIgniter\CodeIgniter->run()
#8 C:\xampp\htdocs\projetoaccnew\system\Commands\Server\rewrite.php(34): require_once('C:\\xampp\\htdocs...')
#9 {main}
CRITICAL - 2020-11-09 18:50:12 --> Uncaught ErrorException: Undefined variable: viewFile in C:\xampp\htdocs\projetoaccnew\system\Debug\Exceptions.php:308
Stack trace:
#0 C:\xampp\htdocs\projetoaccnew\system\Debug\Exceptions.php(308): CodeIgniter\Debug\Exceptions->errorHandler(8, 'Undefined varia...', 'C:\\xampp\\htdocs...', 308, Array)
#1 C:\xampp\htdocs\projetoaccnew\system\Debug\Exceptions.php(308): include()
#2 C:\xampp\htdocs\projetoaccnew\system\Debug\Exceptions.php(174): CodeIgniter\Debug\Exceptions->render(Object(Error), 500)
#3 [internal function]: CodeIgniter\Debug\Exceptions->exceptionHandler(Object(Error))
#4 {main}
  thrown
#0 [internal function]: CodeIgniter\Debug\Exceptions->shutdownHandler()
#1 {main}
CRITICAL - 2020-11-09 18:50:45 --> Call to undefined function checkLinkPermission()
#0 C:\xampp\htdocs\projetoaccnew\system\View\View.php(246): include()
#1 C:\xampp\htdocs\projetoaccnew\system\View\View.php(257): CodeIgniter\View\View->render('_common/layout', Array, true)
#2 C:\xampp\htdocs\projetoaccnew\system\Common.php(1119): CodeIgniter\View\View->render('home/index', Array, true)
#3 C:\xampp\htdocs\projetoaccnew\app\Controllers\Home.php(7): view('home/index')
#4 C:\xampp\htdocs\projetoaccnew\system\CodeIgniter.php(918): App\Controllers\Home->index()
#5 C:\xampp\htdocs\projetoaccnew\system\CodeIgniter.php(404): CodeIgniter\CodeIgniter->runController(Object(App\Controllers\Home))
#6 C:\xampp\htdocs\projetoaccnew\system\CodeIgniter.php(312): CodeIgniter\CodeIgniter->handleRequest(NULL, Object(Config\Cache), false)
#7 C:\xampp\htdocs\projetoaccnew\public\index.php(45): CodeIgniter\CodeIgniter->run()
#8 C:\xampp\htdocs\projetoaccnew\system\Commands\Server\rewrite.php(34): require_once('C:\\xampp\\htdocs...')
#9 {main}
CRITICAL - 2020-11-09 18:50:45 --> Uncaught ErrorException: Undefined variable: viewFile in C:\xampp\htdocs\projetoaccnew\system\Debug\Exceptions.php:308
Stack trace:
#0 C:\xampp\htdocs\projetoaccnew\system\Debug\Exceptions.php(308): CodeIgniter\Debug\Exceptions->errorHandler(8, 'Undefined varia...', 'C:\\xampp\\htdocs...', 308, Array)
#1 C:\xampp\htdocs\projetoaccnew\system\Debug\Exceptions.php(308): include()
#2 C:\xampp\htdocs\projetoaccnew\system\Debug\Exceptions.php(174): CodeIgniter\Debug\Exceptions->render(Object(Error), 500)
#3 [internal function]: CodeIgniter\Debug\Exceptions->exceptionHandler(Object(Error))
#4 {main}
  thrown
#0 [internal function]: CodeIgniter\Debug\Exceptions->shutdownHandler()
#1 {main}
CRITICAL - 2020-11-09 18:51:08 --> Call to undefined function checkLinkPermission()
#0 C:\xampp\htdocs\projetoaccnew\system\View\View.php(246): include()
#1 C:\xampp\htdocs\projetoaccnew\system\View\View.php(257): CodeIgniter\View\View->render('_common/layout', Array, true)
#2 C:\xampp\htdocs\projetoaccnew\system\Common.php(1119): CodeIgniter\View\View->render('home/index', Array, true)
#3 C:\xampp\htdocs\projetoaccnew\app\Controllers\Home.php(7): view('home/index')
#4 C:\xampp\htdocs\projetoaccnew\system\CodeIgniter.php(918): App\Controllers\Home->index()
#5 C:\xampp\htdocs\projetoaccnew\system\CodeIgniter.php(404): CodeIgniter\CodeIgniter->runController(Object(App\Controllers\Home))
#6 C:\xampp\htdocs\projetoaccnew\system\CodeIgniter.php(312): CodeIgniter\CodeIgniter->handleRequest(NULL, Object(Config\Cache), false)
#7 C:\xampp\htdocs\projetoaccnew\public\index.php(45): CodeIgniter\CodeIgniter->run()
#8 C:\xampp\htdocs\projetoaccnew\system\Commands\Server\rewrite.php(34): require_once('C:\\xampp\\htdocs...')
#9 {main}
CRITICAL - 2020-11-09 18:51:08 --> Uncaught ErrorException: Undefined variable: viewFile in C:\xampp\htdocs\projetoaccnew\system\Debug\Exceptions.php:308
Stack trace:
#0 C:\xampp\htdocs\projetoaccnew\system\Debug\Exceptions.php(308): CodeIgniter\Debug\Exceptions->errorHandler(8, 'Undefined varia...', 'C:\\xampp\\htdocs...', 308, Array)
#1 C:\xampp\htdocs\projetoaccnew\system\Debug\Exceptions.php(308): include()
#2 C:\xampp\htdocs\projetoaccnew\system\Debug\Exceptions.php(174): CodeIgniter\Debug\Exceptions->render(Object(Error), 500)
#3 [internal function]: CodeIgniter\Debug\Exceptions->exceptionHandler(Object(Error))
#4 {main}
  thrown
#0 [internal function]: CodeIgniter\Debug\Exceptions->shutdownHandler()
#1 {main}
CRITICAL - 2020-11-09 18:52:00 --> Call to undefined function checkLinkPermission()
#0 C:\xampp\htdocs\projetoaccnew\system\View\View.php(246): include()
#1 C:\xampp\htdocs\projetoaccnew\system\View\View.php(257): CodeIgniter\View\View->render('_common/layout', Array, true)
#2 C:\xampp\htdocs\projetoaccnew\system\Common.php(1119): CodeIgniter\View\View->render('home/index', Array, true)
#3 C:\xampp\htdocs\projetoaccnew\app\Controllers\Home.php(7): view('home/index')
#4 C:\xampp\htdocs\projetoaccnew\system\CodeIgniter.php(918): App\Controllers\Home->index()
#5 C:\xampp\htdocs\projetoaccnew\system\CodeIgniter.php(404): CodeIgniter\CodeIgniter->runController(Object(App\Controllers\Home))
#6 C:\xampp\htdocs\projetoaccnew\system\CodeIgniter.php(312): CodeIgniter\CodeIgniter->handleRequest(NULL, Object(Config\Cache), false)
#7 C:\xampp\htdocs\projetoaccnew\public\index.php(45): CodeIgniter\CodeIgniter->run()
#8 C:\xampp\htdocs\projetoaccnew\system\Commands\Server\rewrite.php(34): require_once('C:\\xampp\\htdocs...')
#9 {main}
CRITICAL - 2020-11-09 18:52:00 --> Uncaught ErrorException: Undefined variable: viewFile in C:\xampp\htdocs\projetoaccnew\system\Debug\Exceptions.php:308
Stack trace:
#0 C:\xampp\htdocs\projetoaccnew\system\Debug\Exceptions.php(308): CodeIgniter\Debug\Exceptions->errorHandler(8, 'Undefined varia...', 'C:\\xampp\\htdocs...', 308, Array)
#1 C:\xampp\htdocs\projetoaccnew\system\Debug\Exceptions.php(308): include()
#2 C:\xampp\htdocs\projetoaccnew\system\Debug\Exceptions.php(174): CodeIgniter\Debug\Exceptions->render(Object(Error), 500)
#3 [internal function]: CodeIgniter\Debug\Exceptions->exceptionHandler(Object(Error))
#4 {main}
  thrown
#0 [internal function]: CodeIgniter\Debug\Exceptions->shutdownHandler()
#1 {main}
CRITICAL - 2020-11-09 19:02:25 --> Uncaught ErrorException: Undefined variable: viewFile in C:\xampp\htdocs\projetoaccnew\system\Debug\Exceptions.php:308
Stack trace:
#0 C:\xampp\htdocs\projetoaccnew\system\Debug\Exceptions.php(308): CodeIgniter\Debug\Exceptions->errorHandler(8, 'Undefined varia...', 'C:\\xampp\\htdocs...', 308, Array)
#1 C:\xampp\htdocs\projetoaccnew\system\Debug\Exceptions.php(308): include()
#2 C:\xampp\htdocs\projetoaccnew\system\Debug\Exceptions.php(174): CodeIgniter\Debug\Exceptions->render(Object(CodeIgniter\Exceptions\PageNotFoundException), 404)
#3 [internal function]: CodeIgniter\Debug\Exceptions->exceptionHandler(Object(CodeIgniter\Exceptions\PageNotFoundException))
#4 {main}
  thrown
#0 [internal function]: CodeIgniter\Debug\Exceptions->shutdownHandler()
#1 {main}
CRITICAL - 2020-11-09 19:24:35 --> Uncaught ErrorException: Undefined variable: viewFile in C:\xampp\htdocs\projetoaccnew\system\Debug\Exceptions.php:308
Stack trace:
#0 C:\xampp\htdocs\projetoaccnew\system\Debug\Exceptions.php(308): CodeIgniter\Debug\Exceptions->errorHandler(8, 'Undefined varia...', 'C:\\xampp\\htdocs...', 308, Array)
#1 C:\xampp\htdocs\projetoaccnew\system\Debug\Exceptions.php(308): include()
#2 C:\xampp\htdocs\projetoaccnew\system\Debug\Exceptions.php(174): CodeIgniter\Debug\Exceptions->render(Object(CodeIgniter\Exceptions\PageNotFoundException), 404)
#3 [internal function]: CodeIgniter\Debug\Exceptions->exceptionHandler(Object(CodeIgniter\Exceptions\PageNotFoundException))
#4 {main}
  thrown
#0 [internal function]: CodeIgniter\Debug\Exceptions->shutdownHandler()
#1 {main}
CRITICAL - 2020-11-09 19:25:30 --> Uncaught ErrorException: Undefined variable: viewFile in C:\xampp\htdocs\projetoaccnew\system\Debug\Exceptions.php:308
Stack trace:
#0 C:\xampp\htdocs\projetoaccnew\system\Debug\Exceptions.php(308): CodeIgniter\Debug\Exceptions->errorHandler(8, 'Undefined varia...', 'C:\\xampp\\htdocs...', 308, Array)
#1 C:\xampp\htdocs\projetoaccnew\system\Debug\Exceptions.php(308): include()
#2 C:\xampp\htdocs\projetoaccnew\system\Debug\Exceptions.php(174): CodeIgniter\Debug\Exceptions->render(Object(CodeIgniter\Exceptions\PageNotFoundException), 404)
#3 [internal function]: CodeIgniter\Debug\Exceptions->exceptionHandler(Object(CodeIgniter\Exceptions\PageNotFoundException))
#4 {main}
  thrown
#0 [internal function]: CodeIgniter\Debug\Exceptions->shutdownHandler()
#1 {main}
CRITICAL - 2020-11-09 19:25:32 --> Uncaught ErrorException: Undefined variable: viewFile in C:\xampp\htdocs\projetoaccnew\system\Debug\Exceptions.php:308
Stack trace:
#0 C:\xampp\htdocs\projetoaccnew\system\Debug\Exceptions.php(308): CodeIgniter\Debug\Exceptions->errorHandler(8, 'Undefined varia...', 'C:\\xampp\\htdocs...', 308, Array)
#1 C:\xampp\htdocs\projetoaccnew\system\Debug\Exceptions.php(308): include()
#2 C:\xampp\htdocs\projetoaccnew\system\Debug\Exceptions.php(174): CodeIgniter\Debug\Exceptions->render(Object(CodeIgniter\Exceptions\PageNotFoundException), 404)
#3 [internal function]: CodeIgniter\Debug\Exceptions->exceptionHandler(Object(CodeIgniter\Exceptions\PageNotFoundException))
#4 {main}
  thrown
#0 [internal function]: CodeIgniter\Debug\Exceptions->shutdownHandler()
#1 {main}
CRITICAL - 2020-11-09 19:25:32 --> Uncaught ErrorException: Undefined variable: viewFile in C:\xampp\htdocs\projetoaccnew\system\Debug\Exceptions.php:308
Stack trace:
#0 C:\xampp\htdocs\projetoaccnew\system\Debug\Exceptions.php(308): CodeIgniter\Debug\Exceptions->errorHandler(8, 'Undefined varia...', 'C:\\xampp\\htdocs...', 308, Array)
#1 C:\xampp\htdocs\projetoaccnew\system\Debug\Exceptions.php(308): include()
#2 C:\xampp\htdocs\projetoaccnew\system\Debug\Exceptions.php(174): CodeIgniter\Debug\Exceptions->render(Object(CodeIgniter\Exceptions\PageNotFoundException), 404)
#3 [internal function]: CodeIgniter\Debug\Exceptions->exceptionHandler(Object(CodeIgniter\Exceptions\PageNotFoundException))
#4 {main}
  thrown
#0 [internal function]: CodeIgniter\Debug\Exceptions->shutdownHandler()
#1 {main}
CRITICAL - 2020-11-09 19:25:32 --> Uncaught ErrorException: Undefined variable: viewFile in C:\xampp\htdocs\projetoaccnew\system\Debug\Exceptions.php:308
Stack trace:
#0 C:\xampp\htdocs\projetoaccnew\system\Debug\Exceptions.php(308): CodeIgniter\Debug\Exceptions->errorHandler(8, 'Undefined varia...', 'C:\\xampp\\htdocs...', 308, Array)
#1 C:\xampp\htdocs\projetoaccnew\system\Debug\Exceptions.php(308): include()
#2 C:\xampp\htdocs\projetoaccnew\system\Debug\Exceptions.php(174): CodeIgniter\Debug\Exceptions->render(Object(CodeIgniter\Exceptions\PageNotFoundException), 404)
#3 [internal function]: CodeIgniter\Debug\Exceptions->exceptionHandler(Object(CodeIgniter\Exceptions\PageNotFoundException))
#4 {main}
  thrown
#0 [internal function]: CodeIgniter\Debug\Exceptions->shutdownHandler()
#1 {main}
CRITICAL - 2020-11-09 19:25:32 --> Uncaught ErrorException: Undefined variable: viewFile in C:\xampp\htdocs\projetoaccnew\system\Debug\Exceptions.php:308
Stack trace:
#0 C:\xampp\htdocs\projetoaccnew\system\Debug\Exceptions.php(308): CodeIgniter\Debug\Exceptions->errorHandler(8, 'Undefined varia...', 'C:\\xampp\\htdocs...', 308, Array)
#1 C:\xampp\htdocs\projetoaccnew\system\Debug\Exceptions.php(308): include()
#2 C:\xampp\htdocs\projetoaccnew\system\Debug\Exceptions.php(174): CodeIgniter\Debug\Exceptions->render(Object(CodeIgniter\Exceptions\PageNotFoundException), 404)
#3 [internal function]: CodeIgniter\Debug\Exceptions->exceptionHandler(Object(CodeIgniter\Exceptions\PageNotFoundException))
#4 {main}
  thrown
#0 [internal function]: CodeIgniter\Debug\Exceptions->shutdownHandler()
#1 {main}
CRITICAL - 2020-11-09 19:25:32 --> Uncaught ErrorException: Undefined variable: viewFile in C:\xampp\htdocs\projetoaccnew\system\Debug\Exceptions.php:308
Stack trace:
#0 C:\xampp\htdocs\projetoaccnew\system\Debug\Exceptions.php(308): CodeIgniter\Debug\Exceptions->errorHandler(8, 'Undefined varia...', 'C:\\xampp\\htdocs...', 308, Array)
#1 C:\xampp\htdocs\projetoaccnew\system\Debug\Exceptions.php(308): include()
#2 C:\xampp\htdocs\projetoaccnew\system\Debug\Exceptions.php(174): CodeIgniter\Debug\Exceptions->render(Object(CodeIgniter\Exceptions\PageNotFoundException), 404)
#3 [internal function]: CodeIgniter\Debug\Exceptions->exceptionHandler(Object(CodeIgniter\Exceptions\PageNotFoundException))
#4 {main}
  thrown
#0 [internal function]: CodeIgniter\Debug\Exceptions->shutdownHandler()
#1 {main}
CRITICAL - 2020-11-09 19:25:33 --> Uncaught ErrorException: Undefined variable: viewFile in C:\xampp\htdocs\projetoaccnew\system\Debug\Exceptions.php:308
Stack trace:
#0 C:\xampp\htdocs\projetoaccnew\system\Debug\Exceptions.php(308): CodeIgniter\Debug\Exceptions->errorHandler(8, 'Undefined varia...', 'C:\\xampp\\htdocs...', 308, Array)
#1 C:\xampp\htdocs\projetoaccnew\system\Debug\Exceptions.php(308): include()
#2 C:\xampp\htdocs\projetoaccnew\system\Debug\Exceptions.php(174): CodeIgniter\Debug\Exceptions->render(Object(CodeIgniter\Exceptions\PageNotFoundException), 404)
#3 [internal function]: CodeIgniter\Debug\Exceptions->exceptionHandler(Object(CodeIgniter\Exceptions\PageNotFoundException))
#4 {main}
  thrown
#0 [internal function]: CodeIgniter\Debug\Exceptions->shutdownHandler()
#1 {main}
CRITICAL - 2020-11-09 19:26:01 --> Uncaught ErrorException: Undefined variable: viewFile in C:\xampp\htdocs\projetoaccnew\system\Debug\Exceptions.php:308
Stack trace:
#0 C:\xampp\htdocs\projetoaccnew\system\Debug\Exceptions.php(308): CodeIgniter\Debug\Exceptions->errorHandler(8, 'Undefined varia...', 'C:\\xampp\\htdocs...', 308, Array)
#1 C:\xampp\htdocs\projetoaccnew\system\Debug\Exceptions.php(308): include()
#2 C:\xampp\htdocs\projetoaccnew\system\Debug\Exceptions.php(174): CodeIgniter\Debug\Exceptions->render(Object(CodeIgniter\Exceptions\PageNotFoundException), 404)
#3 [internal function]: CodeIgniter\Debug\Exceptions->exceptionHandler(Object(CodeIgniter\Exceptions\PageNotFoundException))
#4 {main}
  thrown
#0 [internal function]: CodeIgniter\Debug\Exceptions->shutdownHandler()
#1 {main}
CRITICAL - 2020-11-09 19:32:14 --> Undefined variable: totalLancamentos
#0 C:\xampp\htdocs\projetoaccnew\app\Views\categorias\index.php(14): CodeIgniter\Debug\Exceptions->errorHandler(8, 'Undefined varia...', 'C:\\xampp\\htdocs...', 14, Array)
#1 C:\xampp\htdocs\projetoaccnew\system\View\View.php(246): include('C:\\xampp\\htdocs...')
#2 C:\xampp\htdocs\projetoaccnew\system\Common.php(1119): CodeIgniter\View\View->render('categorias/inde...', Array, true)
#3 C:\xampp\htdocs\projetoaccnew\app\Controllers\Categorias.php(7): view('categorias/inde...')
#4 C:\xampp\htdocs\projetoaccnew\system\CodeIgniter.php(918): App\Controllers\Categorias->index()
#5 C:\xampp\htdocs\projetoaccnew\system\CodeIgniter.php(404): CodeIgniter\CodeIgniter->runController(Object(App\Controllers\Categorias))
#6 C:\xampp\htdocs\projetoaccnew\system\CodeIgniter.php(312): CodeIgniter\CodeIgniter->handleRequest(NULL, Object(Config\Cache), false)
#7 C:\xampp\htdocs\projetoaccnew\public\index.php(45): CodeIgniter\CodeIgniter->run()
#8 C:\xampp\htdocs\projetoaccnew\system\Commands\Server\rewrite.php(34): require_once('C:\\xampp\\htdocs...')
#9 {main}
CRITICAL - 2020-11-09 19:32:14 --> Uncaught ErrorException: Undefined variable: viewFile in C:\xampp\htdocs\projetoaccnew\system\Debug\Exceptions.php:308
Stack trace:
#0 C:\xampp\htdocs\projetoaccnew\system\Debug\Exceptions.php(308): CodeIgniter\Debug\Exceptions->errorHandler(8, 'Undefined varia...', 'C:\\xampp\\htdocs...', 308, Array)
#1 C:\xampp\htdocs\projetoaccnew\system\Debug\Exceptions.php(308): include()
#2 C:\xampp\htdocs\projetoaccnew\system\Debug\Exceptions.php(174): CodeIgniter\Debug\Exceptions->render(Object(ErrorException), 500)
#3 [internal function]: CodeIgniter\Debug\Exceptions->exceptionHandler(Object(ErrorException))
#4 {main}
  thrown
#0 [internal function]: CodeIgniter\Debug\Exceptions->shutdownHandler()
#1 {main}
CRITICAL - 2020-11-09 19:33:50 --> Call to undefined function checkLinkPermission()
#0 C:\xampp\htdocs\projetoaccnew\system\View\View.php(246): include()
#1 C:\xampp\htdocs\projetoaccnew\system\Common.php(1119): CodeIgniter\View\View->render('categorias/inde...', Array, true)
#2 C:\xampp\htdocs\projetoaccnew\app\Controllers\Categorias.php(7): view('categorias/inde...')
#3 C:\xampp\htdocs\projetoaccnew\system\CodeIgniter.php(918): App\Controllers\Categorias->index()
#4 C:\xampp\htdocs\projetoaccnew\system\CodeIgniter.php(404): CodeIgniter\CodeIgniter->runController(Object(App\Controllers\Categorias))
#5 C:\xampp\htdocs\projetoaccnew\system\CodeIgniter.php(312): CodeIgniter\CodeIgniter->handleRequest(NULL, Object(Config\Cache), false)
#6 C:\xampp\htdocs\projetoaccnew\public\index.php(45): CodeIgniter\CodeIgniter->run()
#7 C:\xampp\htdocs\projetoaccnew\system\Commands\Server\rewrite.php(34): require_once('C:\\xampp\\htdocs...')
#8 {main}
CRITICAL - 2020-11-09 19:33:50 --> Uncaught ErrorException: Undefined variable: viewFile in C:\xampp\htdocs\projetoaccnew\system\Debug\Exceptions.php:308
Stack trace:
#0 C:\xampp\htdocs\projetoaccnew\system\Debug\Exceptions.php(308): CodeIgniter\Debug\Exceptions->errorHandler(8, 'Undefined varia...', 'C:\\xampp\\htdocs...', 308, Array)
#1 C:\xampp\htdocs\projetoaccnew\system\Debug\Exceptions.php(308): include()
#2 C:\xampp\htdocs\projetoaccnew\system\Debug\Exceptions.php(174): CodeIgniter\Debug\Exceptions->render(Object(Error), 500)
#3 [internal function]: CodeIgniter\Debug\Exceptions->exceptionHandler(Object(Error))
#4 {main}
  thrown
#0 [internal function]: CodeIgniter\Debug\Exceptions->shutdownHandler()
#1 {main}
CRITICAL - 2020-11-09 19:35:10 --> syntax error, unexpected 'else' (T_ELSE), expecting end of file
#0 C:\xampp\htdocs\projetoaccnew\system\Common.php(1119): CodeIgniter\View\View->render('categorias/inde...', Array, true)
#1 C:\xampp\htdocs\projetoaccnew\app\Controllers\Categorias.php(7): view('categorias/inde...')
#2 C:\xampp\htdocs\projetoaccnew\system\CodeIgniter.php(918): App\Controllers\Categorias->index()
#3 C:\xampp\htdocs\projetoaccnew\system\CodeIgniter.php(404): CodeIgniter\CodeIgniter->runController(Object(App\Controllers\Categorias))
#4 C:\xampp\htdocs\projetoaccnew\system\CodeIgniter.php(312): CodeIgniter\CodeIgniter->handleRequest(NULL, Object(Config\Cache), false)
#5 C:\xampp\htdocs\projetoaccnew\public\index.php(45): CodeIgniter\CodeIgniter->run()
#6 C:\xampp\htdocs\projetoaccnew\system\Commands\Server\rewrite.php(34): require_once('C:\\xampp\\htdocs...')
#7 {main}
CRITICAL - 2020-11-09 19:35:10 --> Uncaught ErrorException: Undefined variable: viewFile in C:\xampp\htdocs\projetoaccnew\system\Debug\Exceptions.php:308
Stack trace:
#0 C:\xampp\htdocs\projetoaccnew\system\Debug\Exceptions.php(308): CodeIgniter\Debug\Exceptions->errorHandler(8, 'Undefined varia...', 'C:\\xampp\\htdocs...', 308, Array)
#1 C:\xampp\htdocs\projetoaccnew\system\Debug\Exceptions.php(308): include()
#2 C:\xampp\htdocs\projetoaccnew\system\Debug\Exceptions.php(174): CodeIgniter\Debug\Exceptions->render(Object(ParseError), 500)
#3 [internal function]: CodeIgniter\Debug\Exceptions->exceptionHandler(Object(ParseError))
#4 {main}
  thrown
#0 [internal function]: CodeIgniter\Debug\Exceptions->shutdownHandler()
#1 {main}
CRITICAL - 2020-11-09 19:36:20 --> syntax error, unexpected 'else' (T_ELSE), expecting end of file
#0 C:\xampp\htdocs\projetoaccnew\system\Common.php(1119): CodeIgniter\View\View->render('categorias/inde...', Array, true)
#1 C:\xampp\htdocs\projetoaccnew\app\Controllers\Categorias.php(7): view('categorias/inde...')
#2 C:\xampp\htdocs\projetoaccnew\system\CodeIgniter.php(918): App\Controllers\Categorias->index()
#3 C:\xampp\htdocs\projetoaccnew\system\CodeIgniter.php(404): CodeIgniter\CodeIgniter->runController(Object(App\Controllers\Categorias))
#4 C:\xampp\htdocs\projetoaccnew\system\CodeIgniter.php(312): CodeIgniter\CodeIgniter->handleRequest(NULL, Object(Config\Cache), false)
#5 C:\xampp\htdocs\projetoaccnew\public\index.php(45): CodeIgniter\CodeIgniter->run()
#6 C:\xampp\htdocs\projetoaccnew\system\Commands\Server\rewrite.php(34): require_once('C:\\xampp\\htdocs...')
#7 {main}
CRITICAL - 2020-11-09 19:36:20 --> Uncaught ErrorException: Undefined variable: viewFile in C:\xampp\htdocs\projetoaccnew\system\Debug\Exceptions.php:308
Stack trace:
#0 C:\xampp\htdocs\projetoaccnew\system\Debug\Exceptions.php(308): CodeIgniter\Debug\Exceptions->errorHandler(8, 'Undefined varia...', 'C:\\xampp\\htdocs...', 308, Array)
#1 C:\xampp\htdocs\projetoaccnew\system\Debug\Exceptions.php(308): include()
#2 C:\xampp\htdocs\projetoaccnew\system\Debug\Exceptions.php(174): CodeIgniter\Debug\Exceptions->render(Object(ParseError), 500)
#3 [internal function]: CodeIgniter\Debug\Exceptions->exceptionHandler(Object(ParseError))
#4 {main}
  thrown
#0 [internal function]: CodeIgniter\Debug\Exceptions->shutdownHandler()
#1 {main}
CRITICAL - 2020-11-09 19:36:41 --> syntax error, unexpected end of file, expecting elseif (T_ELSEIF) or else (T_ELSE) or endif (T_ENDIF)
#0 C:\xampp\htdocs\projetoaccnew\system\Common.php(1119): CodeIgniter\View\View->render('categorias/inde...', Array, true)
#1 C:\xampp\htdocs\projetoaccnew\app\Controllers\Categorias.php(7): view('categorias/inde...')
#2 C:\xampp\htdocs\projetoaccnew\system\CodeIgniter.php(918): App\Controllers\Categorias->index()
#3 C:\xampp\htdocs\projetoaccnew\system\CodeIgniter.php(404): CodeIgniter\CodeIgniter->runController(Object(App\Controllers\Categorias))
#4 C:\xampp\htdocs\projetoaccnew\system\CodeIgniter.php(312): CodeIgniter\CodeIgniter->handleRequest(NULL, Object(Config\Cache), false)
#5 C:\xampp\htdocs\projetoaccnew\public\index.php(45): CodeIgniter\CodeIgniter->run()
#6 C:\xampp\htdocs\projetoaccnew\system\Commands\Server\rewrite.php(34): require_once('C:\\xampp\\htdocs...')
#7 {main}
CRITICAL - 2020-11-09 19:36:41 --> Uncaught ErrorException: Undefined variable: viewFile in C:\xampp\htdocs\projetoaccnew\system\Debug\Exceptions.php:308
Stack trace:
#0 C:\xampp\htdocs\projetoaccnew\system\Debug\Exceptions.php(308): CodeIgniter\Debug\Exceptions->errorHandler(8, 'Undefined varia...', 'C:\\xampp\\htdocs...', 308, Array)
#1 C:\xampp\htdocs\projetoaccnew\system\Debug\Exceptions.php(308): include()
#2 C:\xampp\htdocs\projetoaccnew\system\Debug\Exceptions.php(174): CodeIgniter\Debug\Exceptions->render(Object(ParseError), 500)
#3 [internal function]: CodeIgniter\Debug\Exceptions->exceptionHandler(Object(ParseError))
#4 {main}
  thrown
#0 [internal function]: CodeIgniter\Debug\Exceptions->shutdownHandler()
#1 {main}
CRITICAL - 2020-11-09 19:37:02 --> syntax error, unexpected end of file, expecting elseif (T_ELSEIF) or else (T_ELSE) or endif (T_ENDIF)
#0 C:\xampp\htdocs\projetoaccnew\system\Common.php(1119): CodeIgniter\View\View->render('categorias/inde...', Array, true)
#1 C:\xampp\htdocs\projetoaccnew\app\Controllers\Categorias.php(7): view('categorias/inde...')
#2 C:\xampp\htdocs\projetoaccnew\system\CodeIgniter.php(918): App\Controllers\Categorias->index()
#3 C:\xampp\htdocs\projetoaccnew\system\CodeIgniter.php(404): CodeIgniter\CodeIgniter->runController(Object(App\Controllers\Categorias))
#4 C:\xampp\htdocs\projetoaccnew\system\CodeIgniter.php(312): CodeIgniter\CodeIgniter->handleRequest(NULL, Object(Config\Cache), false)
#5 C:\xampp\htdocs\projetoaccnew\public\index.php(45): CodeIgniter\CodeIgniter->run()
#6 C:\xampp\htdocs\projetoaccnew\system\Commands\Server\rewrite.php(34): require_once('C:\\xampp\\htdocs...')
#7 {main}
CRITICAL - 2020-11-09 19:37:02 --> Uncaught ErrorException: Undefined variable: viewFile in C:\xampp\htdocs\projetoaccnew\system\Debug\Exceptions.php:308
Stack trace:
#0 C:\xampp\htdocs\projetoaccnew\system\Debug\Exceptions.php(308): CodeIgniter\Debug\Exceptions->errorHandler(8, 'Undefined varia...', 'C:\\xampp\\htdocs...', 308, Array)
#1 C:\xampp\htdocs\projetoaccnew\system\Debug\Exceptions.php(308): include()
#2 C:\xampp\htdocs\projetoaccnew\system\Debug\Exceptions.php(174): CodeIgniter\Debug\Exceptions->render(Object(ParseError), 500)
#3 [internal function]: CodeIgniter\Debug\Exceptions->exceptionHandler(Object(ParseError))
#4 {main}
  thrown
#0 [internal function]: CodeIgniter\Debug\Exceptions->shutdownHandler()
#1 {main}
CRITICAL - 2020-11-09 19:37:13 --> syntax error, unexpected end of file, expecting elseif (T_ELSEIF) or else (T_ELSE) or endif (T_ENDIF)
#0 C:\xampp\htdocs\projetoaccnew\system\Common.php(1119): CodeIgniter\View\View->render('categorias/inde...', Array, true)
#1 C:\xampp\htdocs\projetoaccnew\app\Controllers\Categorias.php(7): view('categorias/inde...')
#2 C:\xampp\htdocs\projetoaccnew\system\CodeIgniter.php(918): App\Controllers\Categorias->index()
#3 C:\xampp\htdocs\projetoaccnew\system\CodeIgniter.php(404): CodeIgniter\CodeIgniter->runController(Object(App\Controllers\Categorias))
#4 C:\xampp\htdocs\projetoaccnew\system\CodeIgniter.php(312): CodeIgniter\CodeIgniter->handleRequest(NULL, Object(Config\Cache), false)
#5 C:\xampp\htdocs\projetoaccnew\public\index.php(45): CodeIgniter\CodeIgniter->run()
#6 C:\xampp\htdocs\projetoaccnew\system\Commands\Server\rewrite.php(34): require_once('C:\\xampp\\htdocs...')
#7 {main}
CRITICAL - 2020-11-09 19:37:13 --> Uncaught ErrorException: Undefined variable: viewFile in C:\xampp\htdocs\projetoaccnew\system\Debug\Exceptions.php:308
Stack trace:
#0 C:\xampp\htdocs\projetoaccnew\system\Debug\Exceptions.php(308): CodeIgniter\Debug\Exceptions->errorHandler(8, 'Undefined varia...', 'C:\\xampp\\htdocs...', 308, Array)
#1 C:\xampp\htdocs\projetoaccnew\system\Debug\Exceptions.php(308): include()
#2 C:\xampp\htdocs\projetoaccnew\system\Debug\Exceptions.php(174): CodeIgniter\Debug\Exceptions->render(Object(ParseError), 500)
#3 [internal function]: CodeIgniter\Debug\Exceptions->exceptionHandler(Object(ParseError))
#4 {main}
  thrown
#0 [internal function]: CodeIgniter\Debug\Exceptions->shutdownHandler()
#1 {main}
CRITICAL - 2020-11-09 19:37:45 --> syntax error, unexpected end of file, expecting elseif (T_ELSEIF) or else (T_ELSE) or endif (T_ENDIF)
#0 C:\xampp\htdocs\projetoaccnew\system\Common.php(1119): CodeIgniter\View\View->render('categorias/inde...', Array, true)
#1 C:\xampp\htdocs\projetoaccnew\app\Controllers\Categorias.php(7): view('categorias/inde...')
#2 C:\xampp\htdocs\projetoaccnew\system\CodeIgniter.php(918): App\Controllers\Categorias->index()
#3 C:\xampp\htdocs\projetoaccnew\system\CodeIgniter.php(404): CodeIgniter\CodeIgniter->runController(Object(App\Controllers\Categorias))
#4 C:\xampp\htdocs\projetoaccnew\system\CodeIgniter.php(312): CodeIgniter\CodeIgniter->handleRequest(NULL, Object(Config\Cache), false)
#5 C:\xampp\htdocs\projetoaccnew\public\index.php(45): CodeIgniter\CodeIgniter->run()
#6 C:\xampp\htdocs\projetoaccnew\system\Commands\Server\rewrite.php(34): require_once('C:\\xampp\\htdocs...')
#7 {main}
CRITICAL - 2020-11-09 19:37:45 --> Uncaught ErrorException: Undefined variable: viewFile in C:\xampp\htdocs\projetoaccnew\system\Debug\Exceptions.php:308
Stack trace:
#0 C:\xampp\htdocs\projetoaccnew\system\Debug\Exceptions.php(308): CodeIgniter\Debug\Exceptions->errorHandler(8, 'Undefined varia...', 'C:\\xampp\\htdocs...', 308, Array)
#1 C:\xampp\htdocs\projetoaccnew\system\Debug\Exceptions.php(308): include()
#2 C:\xampp\htdocs\projetoaccnew\system\Debug\Exceptions.php(174): CodeIgniter\Debug\Exceptions->render(Object(ParseError), 500)
#3 [internal function]: CodeIgniter\Debug\Exceptions->exceptionHandler(Object(ParseError))
#4 {main}
  thrown
#0 [internal function]: CodeIgniter\Debug\Exceptions->shutdownHandler()
#1 {main}
CRITICAL - 2020-11-09 19:37:46 --> syntax error, unexpected end of file, expecting elseif (T_ELSEIF) or else (T_ELSE) or endif (T_ENDIF)
#0 C:\xampp\htdocs\projetoaccnew\system\Common.php(1119): CodeIgniter\View\View->render('categorias/inde...', Array, true)
#1 C:\xampp\htdocs\projetoaccnew\app\Controllers\Categorias.php(7): view('categorias/inde...')
#2 C:\xampp\htdocs\projetoaccnew\system\CodeIgniter.php(918): App\Controllers\Categorias->index()
#3 C:\xampp\htdocs\projetoaccnew\system\CodeIgniter.php(404): CodeIgniter\CodeIgniter->runController(Object(App\Controllers\Categorias))
#4 C:\xampp\htdocs\projetoaccnew\system\CodeIgniter.php(312): CodeIgniter\CodeIgniter->handleRequest(NULL, Object(Config\Cache), false)
#5 C:\xampp\htdocs\projetoaccnew\public\index.php(45): CodeIgniter\CodeIgniter->run()
#6 C:\xampp\htdocs\projetoaccnew\system\Commands\Server\rewrite.php(34): require_once('C:\\xampp\\htdocs...')
#7 {main}
CRITICAL - 2020-11-09 19:37:46 --> Uncaught ErrorException: Undefined variable: viewFile in C:\xampp\htdocs\projetoaccnew\system\Debug\Exceptions.php:308
Stack trace:
#0 C:\xampp\htdocs\projetoaccnew\system\Debug\Exceptions.php(308): CodeIgniter\Debug\Exceptions->errorHandler(8, 'Undefined varia...', 'C:\\xampp\\htdocs...', 308, Array)
#1 C:\xampp\htdocs\projetoaccnew\system\Debug\Exceptions.php(308): include()
#2 C:\xampp\htdocs\projetoaccnew\system\Debug\Exceptions.php(174): CodeIgniter\Debug\Exceptions->render(Object(ParseError), 500)
#3 [internal function]: CodeIgniter\Debug\Exceptions->exceptionHandler(Object(ParseError))
#4 {main}
  thrown
#0 [internal function]: CodeIgniter\Debug\Exceptions->shutdownHandler()
#1 {main}
CRITICAL - 2020-11-09 19:37:46 --> syntax error, unexpected end of file, expecting elseif (T_ELSEIF) or else (T_ELSE) or endif (T_ENDIF)
#0 C:\xampp\htdocs\projetoaccnew\system\Common.php(1119): CodeIgniter\View\View->render('categorias/inde...', Array, true)
#1 C:\xampp\htdocs\projetoaccnew\app\Controllers\Categorias.php(7): view('categorias/inde...')
#2 C:\xampp\htdocs\projetoaccnew\system\CodeIgniter.php(918): App\Controllers\Categorias->index()
#3 C:\xampp\htdocs\projetoaccnew\system\CodeIgniter.php(404): CodeIgniter\CodeIgniter->runController(Object(App\Controllers\Categorias))
#4 C:\xampp\htdocs\projetoaccnew\system\CodeIgniter.php(312): CodeIgniter\CodeIgniter->handleRequest(NULL, Object(Config\Cache), false)
#5 C:\xampp\htdocs\projetoaccnew\public\index.php(45): CodeIgniter\CodeIgniter->run()
#6 C:\xampp\htdocs\projetoaccnew\system\Commands\Server\rewrite.php(34): require_once('C:\\xampp\\htdocs...')
#7 {main}
CRITICAL - 2020-11-09 19:37:46 --> Uncaught ErrorException: Undefined variable: viewFile in C:\xampp\htdocs\projetoaccnew\system\Debug\Exceptions.php:308
Stack trace:
#0 C:\xampp\htdocs\projetoaccnew\system\Debug\Exceptions.php(308): CodeIgniter\Debug\Exceptions->errorHandler(8, 'Undefined varia...', 'C:\\xampp\\htdocs...', 308, Array)
#1 C:\xampp\htdocs\projetoaccnew\system\Debug\Exceptions.php(308): include()
#2 C:\xampp\htdocs\projetoaccnew\system\Debug\Exceptions.php(174): CodeIgniter\Debug\Exceptions->render(Object(ParseError), 500)
#3 [internal function]: CodeIgniter\Debug\Exceptions->exceptionHandler(Object(ParseError))
#4 {main}
  thrown
#0 [internal function]: CodeIgniter\Debug\Exceptions->shutdownHandler()
#1 {main}
CRITICAL - 2020-11-09 19:37:47 --> syntax error, unexpected end of file, expecting elseif (T_ELSEIF) or else (T_ELSE) or endif (T_ENDIF)
#0 C:\xampp\htdocs\projetoaccnew\system\Common.php(1119): CodeIgniter\View\View->render('categorias/inde...', Array, true)
#1 C:\xampp\htdocs\projetoaccnew\app\Controllers\Categorias.php(7): view('categorias/inde...')
#2 C:\xampp\htdocs\projetoaccnew\system\CodeIgniter.php(918): App\Controllers\Categorias->index()
#3 C:\xampp\htdocs\projetoaccnew\system\CodeIgniter.php(404): CodeIgniter\CodeIgniter->runController(Object(App\Controllers\Categorias))
#4 C:\xampp\htdocs\projetoaccnew\system\CodeIgniter.php(312): CodeIgniter\CodeIgniter->handleRequest(NULL, Object(Config\Cache), false)
#5 C:\xampp\htdocs\projetoaccnew\public\index.php(45): CodeIgniter\CodeIgniter->run()
#6 C:\xampp\htdocs\projetoaccnew\system\Commands\Server\rewrite.php(34): require_once('C:\\xampp\\htdocs...')
#7 {main}
CRITICAL - 2020-11-09 19:37:47 --> Uncaught ErrorException: Undefined variable: viewFile in C:\xampp\htdocs\projetoaccnew\system\Debug\Exceptions.php:308
Stack trace:
#0 C:\xampp\htdocs\projetoaccnew\system\Debug\Exceptions.php(308): CodeIgniter\Debug\Exceptions->errorHandler(8, 'Undefined varia...', 'C:\\xampp\\htdocs...', 308, Array)
#1 C:\xampp\htdocs\projetoaccnew\system\Debug\Exceptions.php(308): include()
#2 C:\xampp\htdocs\projetoaccnew\system\Debug\Exceptions.php(174): CodeIgniter\Debug\Exceptions->render(Object(ParseError), 500)
#3 [internal function]: CodeIgniter\Debug\Exceptions->exceptionHandler(Object(ParseError))
#4 {main}
  thrown
#0 [internal function]: CodeIgniter\Debug\Exceptions->shutdownHandler()
#1 {main}
CRITICAL - 2020-11-09 19:37:51 --> syntax error, unexpected end of file, expecting elseif (T_ELSEIF) or else (T_ELSE) or endif (T_ENDIF)
#0 C:\xampp\htdocs\projetoaccnew\system\Common.php(1119): CodeIgniter\View\View->render('categorias/inde...', Array, true)
#1 C:\xampp\htdocs\projetoaccnew\app\Controllers\Categorias.php(7): view('categorias/inde...')
#2 C:\xampp\htdocs\projetoaccnew\system\CodeIgniter.php(918): App\Controllers\Categorias->index()
#3 C:\xampp\htdocs\projetoaccnew\system\CodeIgniter.php(404): CodeIgniter\CodeIgniter->runController(Object(App\Controllers\Categorias))
#4 C:\xampp\htdocs\projetoaccnew\system\CodeIgniter.php(312): CodeIgniter\CodeIgniter->handleRequest(NULL, Object(Config\Cache), false)
#5 C:\xampp\htdocs\projetoaccnew\public\index.php(45): CodeIgniter\CodeIgniter->run()
#6 C:\xampp\htdocs\projetoaccnew\system\Commands\Server\rewrite.php(34): require_once('C:\\xampp\\htdocs...')
#7 {main}
CRITICAL - 2020-11-09 19:37:51 --> Uncaught ErrorException: Undefined variable: viewFile in C:\xampp\htdocs\projetoaccnew\system\Debug\Exceptions.php:308
Stack trace:
#0 C:\xampp\htdocs\projetoaccnew\system\Debug\Exceptions.php(308): CodeIgniter\Debug\Exceptions->errorHandler(8, 'Undefined varia...', 'C:\\xampp\\htdocs...', 308, Array)
#1 C:\xampp\htdocs\projetoaccnew\system\Debug\Exceptions.php(308): include()
#2 C:\xampp\htdocs\projetoaccnew\system\Debug\Exceptions.php(174): CodeIgniter\Debug\Exceptions->render(Object(ParseError), 500)
#3 [internal function]: CodeIgniter\Debug\Exceptions->exceptionHandler(Object(ParseError))
#4 {main}
  thrown
#0 [internal function]: CodeIgniter\Debug\Exceptions->shutdownHandler()
#1 {main}
CRITICAL - 2020-11-09 19:38:14 --> syntax error, unexpected end of file, expecting elseif (T_ELSEIF) or else (T_ELSE) or endif (T_ENDIF)
#0 C:\xampp\htdocs\projetoaccnew\system\Common.php(1119): CodeIgniter\View\View->render('categorias/inde...', Array, true)
#1 C:\xampp\htdocs\projetoaccnew\app\Controllers\Categorias.php(7): view('categorias/inde...')
#2 C:\xampp\htdocs\projetoaccnew\system\CodeIgniter.php(918): App\Controllers\Categorias->index()
#3 C:\xampp\htdocs\projetoaccnew\system\CodeIgniter.php(404): CodeIgniter\CodeIgniter->runController(Object(App\Controllers\Categorias))
#4 C:\xampp\htdocs\projetoaccnew\system\CodeIgniter.php(312): CodeIgniter\CodeIgniter->handleRequest(NULL, Object(Config\Cache), false)
#5 C:\xampp\htdocs\projetoaccnew\public\index.php(45): CodeIgniter\CodeIgniter->run()
#6 C:\xampp\htdocs\projetoaccnew\system\Commands\Server\rewrite.php(34): require_once('C:\\xampp\\htdocs...')
#7 {main}
CRITICAL - 2020-11-09 19:38:14 --> Uncaught ErrorException: Undefined variable: viewFile in C:\xampp\htdocs\projetoaccnew\system\Debug\Exceptions.php:308
Stack trace:
#0 C:\xampp\htdocs\projetoaccnew\system\Debug\Exceptions.php(308): CodeIgniter\Debug\Exceptions->errorHandler(8, 'Undefined varia...', 'C:\\xampp\\htdocs...', 308, Array)
#1 C:\xampp\htdocs\projetoaccnew\system\Debug\Exceptions.php(308): include()
#2 C:\xampp\htdocs\projetoaccnew\system\Debug\Exceptions.php(174): CodeIgniter\Debug\Exceptions->render(Object(ParseError), 500)
#3 [internal function]: CodeIgniter\Debug\Exceptions->exceptionHandler(Object(ParseError))
#4 {main}
  thrown
#0 [internal function]: CodeIgniter\Debug\Exceptions->shutdownHandler()
#1 {main}
CRITICAL - 2020-11-09 19:38:15 --> syntax error, unexpected end of file, expecting elseif (T_ELSEIF) or else (T_ELSE) or endif (T_ENDIF)
#0 C:\xampp\htdocs\projetoaccnew\system\Common.php(1119): CodeIgniter\View\View->render('categorias/inde...', Array, true)
#1 C:\xampp\htdocs\projetoaccnew\app\Controllers\Categorias.php(7): view('categorias/inde...')
#2 C:\xampp\htdocs\projetoaccnew\system\CodeIgniter.php(918): App\Controllers\Categorias->index()
#3 C:\xampp\htdocs\projetoaccnew\system\CodeIgniter.php(404): CodeIgniter\CodeIgniter->runController(Object(App\Controllers\Categorias))
#4 C:\xampp\htdocs\projetoaccnew\system\CodeIgniter.php(312): CodeIgniter\CodeIgniter->handleRequest(NULL, Object(Config\Cache), false)
#5 C:\xampp\htdocs\projetoaccnew\public\index.php(45): CodeIgniter\CodeIgniter->run()
#6 C:\xampp\htdocs\projetoaccnew\system\Commands\Server\rewrite.php(34): require_once('C:\\xampp\\htdocs...')
#7 {main}
CRITICAL - 2020-11-09 19:38:15 --> Uncaught ErrorException: Undefined variable: viewFile in C:\xampp\htdocs\projetoaccnew\system\Debug\Exceptions.php:308
Stack trace:
#0 C:\xampp\htdocs\projetoaccnew\system\Debug\Exceptions.php(308): CodeIgniter\Debug\Exceptions->errorHandler(8, 'Undefined varia...', 'C:\\xampp\\htdocs...', 308, Array)
#1 C:\xampp\htdocs\projetoaccnew\system\Debug\Exceptions.php(308): include()
#2 C:\xampp\htdocs\projetoaccnew\system\Debug\Exceptions.php(174): CodeIgniter\Debug\Exceptions->render(Object(ParseError), 500)
#3 [internal function]: CodeIgniter\Debug\Exceptions->exceptionHandler(Object(ParseError))
#4 {main}
  thrown
#0 [internal function]: CodeIgniter\Debug\Exceptions->shutdownHandler()
#1 {main}
CRITICAL - 2020-11-09 19:38:15 --> syntax error, unexpected end of file, expecting elseif (T_ELSEIF) or else (T_ELSE) or endif (T_ENDIF)
#0 C:\xampp\htdocs\projetoaccnew\system\Common.php(1119): CodeIgniter\View\View->render('categorias/inde...', Array, true)
#1 C:\xampp\htdocs\projetoaccnew\app\Controllers\Categorias.php(7): view('categorias/inde...')
#2 C:\xampp\htdocs\projetoaccnew\system\CodeIgniter.php(918): App\Controllers\Categorias->index()
#3 C:\xampp\htdocs\projetoaccnew\system\CodeIgniter.php(404): CodeIgniter\CodeIgniter->runController(Object(App\Controllers\Categorias))
#4 C:\xampp\htdocs\projetoaccnew\system\CodeIgniter.php(312): CodeIgniter\CodeIgniter->handleRequest(NULL, Object(Config\Cache), false)
#5 C:\xampp\htdocs\projetoaccnew\public\index.php(45): CodeIgniter\CodeIgniter->run()
#6 C:\xampp\htdocs\projetoaccnew\system\Commands\Server\rewrite.php(34): require_once('C:\\xampp\\htdocs...')
#7 {main}
CRITICAL - 2020-11-09 19:38:15 --> Uncaught ErrorException: Undefined variable: viewFile in C:\xampp\htdocs\projetoaccnew\system\Debug\Exceptions.php:308
Stack trace:
#0 C:\xampp\htdocs\projetoaccnew\system\Debug\Exceptions.php(308): CodeIgniter\Debug\Exceptions->errorHandler(8, 'Undefined varia...', 'C:\\xampp\\htdocs...', 308, Array)
#1 C:\xampp\htdocs\projetoaccnew\system\Debug\Exceptions.php(308): include()
#2 C:\xampp\htdocs\projetoaccnew\system\Debug\Exceptions.php(174): CodeIgniter\Debug\Exceptions->render(Object(ParseError), 500)
#3 [internal function]: CodeIgniter\Debug\Exceptions->exceptionHandler(Object(ParseError))
#4 {main}
  thrown
#0 [internal function]: CodeIgniter\Debug\Exceptions->shutdownHandler()
#1 {main}
CRITICAL - 2020-11-09 19:49:58 --> Call to undefined function checkLinkPermission()
#0 C:\xampp\htdocs\projetoaccnew\system\View\View.php(246): include()
#1 C:\xampp\htdocs\projetoaccnew\system\Common.php(1119): CodeIgniter\View\View->render('categorias/inde...', Array, true)
#2 C:\xampp\htdocs\projetoaccnew\app\Controllers\Categorias.php(7): view('categorias/inde...')
#3 C:\xampp\htdocs\projetoaccnew\system\CodeIgniter.php(918): App\Controllers\Categorias->index()
#4 C:\xampp\htdocs\projetoaccnew\system\CodeIgniter.php(404): CodeIgniter\CodeIgniter->runController(Object(App\Controllers\Categorias))
#5 C:\xampp\htdocs\projetoaccnew\system\CodeIgniter.php(312): CodeIgniter\CodeIgniter->handleRequest(NULL, Object(Config\Cache), false)
#6 C:\xampp\htdocs\projetoaccnew\public\index.php(45): CodeIgniter\CodeIgniter->run()
#7 C:\xampp\htdocs\projetoaccnew\system\Commands\Server\rewrite.php(34): require_once('C:\\xampp\\htdocs...')
#8 {main}
CRITICAL - 2020-11-09 19:49:58 --> Uncaught ErrorException: Undefined variable: viewFile in C:\xampp\htdocs\projetoaccnew\system\Debug\Exceptions.php:308
Stack trace:
#0 C:\xampp\htdocs\projetoaccnew\system\Debug\Exceptions.php(308): CodeIgniter\Debug\Exceptions->errorHandler(8, 'Undefined varia...', 'C:\\xampp\\htdocs...', 308, Array)
#1 C:\xampp\htdocs\projetoaccnew\system\Debug\Exceptions.php(308): include()
#2 C:\xampp\htdocs\projetoaccnew\system\Debug\Exceptions.php(174): CodeIgniter\Debug\Exceptions->render(Object(Error), 500)
#3 [internal function]: CodeIgniter\Debug\Exceptions->exceptionHandler(Object(Error))
#4 {main}
  thrown
#0 [internal function]: CodeIgniter\Debug\Exceptions->shutdownHandler()
#1 {main}
CRITICAL - 2020-11-09 19:50:07 --> syntax error, unexpected ','
#0 C:\xampp\htdocs\projetoaccnew\system\Common.php(1119): CodeIgniter\View\View->render('categorias/inde...', Array, true)
#1 C:\xampp\htdocs\projetoaccnew\app\Controllers\Categorias.php(7): view('categorias/inde...')
#2 C:\xampp\htdocs\projetoaccnew\system\CodeIgniter.php(918): App\Controllers\Categorias->index()
#3 C:\xampp\htdocs\projetoaccnew\system\CodeIgniter.php(404): CodeIgniter\CodeIgniter->runController(Object(App\Controllers\Categorias))
#4 C:\xampp\htdocs\projetoaccnew\system\CodeIgniter.php(312): CodeIgniter\CodeIgniter->handleRequest(NULL, Object(Config\Cache), false)
#5 C:\xampp\htdocs\projetoaccnew\public\index.php(45): CodeIgniter\CodeIgniter->run()
#6 C:\xampp\htdocs\projetoaccnew\system\Commands\Server\rewrite.php(34): require_once('C:\\xampp\\htdocs...')
#7 {main}
CRITICAL - 2020-11-09 19:50:07 --> Uncaught ErrorException: Undefined variable: viewFile in C:\xampp\htdocs\projetoaccnew\system\Debug\Exceptions.php:308
Stack trace:
#0 C:\xampp\htdocs\projetoaccnew\system\Debug\Exceptions.php(308): CodeIgniter\Debug\Exceptions->errorHandler(8, 'Undefined varia...', 'C:\\xampp\\htdocs...', 308, Array)
#1 C:\xampp\htdocs\projetoaccnew\system\Debug\Exceptions.php(308): include()
#2 C:\xampp\htdocs\projetoaccnew\system\Debug\Exceptions.php(174): CodeIgniter\Debug\Exceptions->render(Object(ParseError), 500)
#3 [internal function]: CodeIgniter\Debug\Exceptions->exceptionHandler(Object(ParseError))
#4 {main}
  thrown
#0 [internal function]: CodeIgniter\Debug\Exceptions->shutdownHandler()
#1 {main}
CRITICAL - 2020-11-09 19:50:08 --> syntax error, unexpected ','
#0 C:\xampp\htdocs\projetoaccnew\system\Common.php(1119): CodeIgniter\View\View->render('categorias/inde...', Array, true)
#1 C:\xampp\htdocs\projetoaccnew\app\Controllers\Categorias.php(7): view('categorias/inde...')
#2 C:\xampp\htdocs\projetoaccnew\system\CodeIgniter.php(918): App\Controllers\Categorias->index()
#3 C:\xampp\htdocs\projetoaccnew\system\CodeIgniter.php(404): CodeIgniter\CodeIgniter->runController(Object(App\Controllers\Categorias))
#4 C:\xampp\htdocs\projetoaccnew\system\CodeIgniter.php(312): CodeIgniter\CodeIgniter->handleRequest(NULL, Object(Config\Cache), false)
#5 C:\xampp\htdocs\projetoaccnew\public\index.php(45): CodeIgniter\CodeIgniter->run()
#6 C:\xampp\htdocs\projetoaccnew\system\Commands\Server\rewrite.php(34): require_once('C:\\xampp\\htdocs...')
#7 {main}
CRITICAL - 2020-11-09 19:50:08 --> Uncaught ErrorException: Undefined variable: viewFile in C:\xampp\htdocs\projetoaccnew\system\Debug\Exceptions.php:308
Stack trace:
#0 C:\xampp\htdocs\projetoaccnew\system\Debug\Exceptions.php(308): CodeIgniter\Debug\Exceptions->errorHandler(8, 'Undefined varia...', 'C:\\xampp\\htdocs...', 308, Array)
#1 C:\xampp\htdocs\projetoaccnew\system\Debug\Exceptions.php(308): include()
#2 C:\xampp\htdocs\projetoaccnew\system\Debug\Exceptions.php(174): CodeIgniter\Debug\Exceptions->render(Object(ParseError), 500)
#3 [internal function]: CodeIgniter\Debug\Exceptions->exceptionHandler(Object(ParseError))
#4 {main}
  thrown
#0 [internal function]: CodeIgniter\Debug\Exceptions->shutdownHandler()
#1 {main}
CRITICAL - 2020-11-09 19:50:08 --> syntax error, unexpected ','
#0 C:\xampp\htdocs\projetoaccnew\system\Common.php(1119): CodeIgniter\View\View->render('categorias/inde...', Array, true)
#1 C:\xampp\htdocs\projetoaccnew\app\Controllers\Categorias.php(7): view('categorias/inde...')
#2 C:\xampp\htdocs\projetoaccnew\system\CodeIgniter.php(918): App\Controllers\Categorias->index()
#3 C:\xampp\htdocs\projetoaccnew\system\CodeIgniter.php(404): CodeIgniter\CodeIgniter->runController(Object(App\Controllers\Categorias))
#4 C:\xampp\htdocs\projetoaccnew\system\CodeIgniter.php(312): CodeIgniter\CodeIgniter->handleRequest(NULL, Object(Config\Cache), false)
#5 C:\xampp\htdocs\projetoaccnew\public\index.php(45): CodeIgniter\CodeIgniter->run()
#6 C:\xampp\htdocs\projetoaccnew\system\Commands\Server\rewrite.php(34): require_once('C:\\xampp\\htdocs...')
#7 {main}
CRITICAL - 2020-11-09 19:50:08 --> Uncaught ErrorException: Undefined variable: viewFile in C:\xampp\htdocs\projetoaccnew\system\Debug\Exceptions.php:308
Stack trace:
#0 C:\xampp\htdocs\projetoaccnew\system\Debug\Exceptions.php(308): CodeIgniter\Debug\Exceptions->errorHandler(8, 'Undefined varia...', 'C:\\xampp\\htdocs...', 308, Array)
#1 C:\xampp\htdocs\projetoaccnew\system\Debug\Exceptions.php(308): include()
#2 C:\xampp\htdocs\projetoaccnew\system\Debug\Exceptions.php(174): CodeIgniter\Debug\Exceptions->render(Object(ParseError), 500)
#3 [internal function]: CodeIgniter\Debug\Exceptions->exceptionHandler(Object(ParseError))
#4 {main}
  thrown
#0 [internal function]: CodeIgniter\Debug\Exceptions->shutdownHandler()
#1 {main}
CRITICAL - 2020-11-09 19:50:21 --> syntax error, unexpected ','
#0 C:\xampp\htdocs\projetoaccnew\system\Common.php(1119): CodeIgniter\View\View->render('categorias/inde...', Array, true)
#1 C:\xampp\htdocs\projetoaccnew\app\Controllers\Categorias.php(7): view('categorias/inde...')
#2 C:\xampp\htdocs\projetoaccnew\system\CodeIgniter.php(918): App\Controllers\Categorias->index()
#3 C:\xampp\htdocs\projetoaccnew\system\CodeIgniter.php(404): CodeIgniter\CodeIgniter->runController(Object(App\Controllers\Categorias))
#4 C:\xampp\htdocs\projetoaccnew\system\CodeIgniter.php(312): CodeIgniter\CodeIgniter->handleRequest(NULL, Object(Config\Cache), false)
#5 C:\xampp\htdocs\projetoaccnew\public\index.php(45): CodeIgniter\CodeIgniter->run()
#6 C:\xampp\htdocs\projetoaccnew\system\Commands\Server\rewrite.php(34): require_once('C:\\xampp\\htdocs...')
#7 {main}
CRITICAL - 2020-11-09 19:50:21 --> Uncaught ErrorException: Undefined variable: viewFile in C:\xampp\htdocs\projetoaccnew\system\Debug\Exceptions.php:308
Stack trace:
#0 C:\xampp\htdocs\projetoaccnew\system\Debug\Exceptions.php(308): CodeIgniter\Debug\Exceptions->errorHandler(8, 'Undefined varia...', 'C:\\xampp\\htdocs...', 308, Array)
#1 C:\xampp\htdocs\projetoaccnew\system\Debug\Exceptions.php(308): include()
#2 C:\xampp\htdocs\projetoaccnew\system\Debug\Exceptions.php(174): CodeIgniter\Debug\Exceptions->render(Object(ParseError), 500)
#3 [internal function]: CodeIgniter\Debug\Exceptions->exceptionHandler(Object(ParseError))
#4 {main}
  thrown
#0 [internal function]: CodeIgniter\Debug\Exceptions->shutdownHandler()
#1 {main}
CRITICAL - 2020-11-09 19:50:22 --> syntax error, unexpected ','
#0 C:\xampp\htdocs\projetoaccnew\system\Common.php(1119): CodeIgniter\View\View->render('categorias/inde...', Array, true)
#1 C:\xampp\htdocs\projetoaccnew\app\Controllers\Categorias.php(7): view('categorias/inde...')
#2 C:\xampp\htdocs\projetoaccnew\system\CodeIgniter.php(918): App\Controllers\Categorias->index()
#3 C:\xampp\htdocs\projetoaccnew\system\CodeIgniter.php(404): CodeIgniter\CodeIgniter->runController(Object(App\Controllers\Categorias))
#4 C:\xampp\htdocs\projetoaccnew\system\CodeIgniter.php(312): CodeIgniter\CodeIgniter->handleRequest(NULL, Object(Config\Cache), false)
#5 C:\xampp\htdocs\projetoaccnew\public\index.php(45): CodeIgniter\CodeIgniter->run()
#6 C:\xampp\htdocs\projetoaccnew\system\Commands\Server\rewrite.php(34): require_once('C:\\xampp\\htdocs...')
#7 {main}
CRITICAL - 2020-11-09 19:50:22 --> Uncaught ErrorException: Undefined variable: viewFile in C:\xampp\htdocs\projetoaccnew\system\Debug\Exceptions.php:308
Stack trace:
#0 C:\xampp\htdocs\projetoaccnew\system\Debug\Exceptions.php(308): CodeIgniter\Debug\Exceptions->errorHandler(8, 'Undefined varia...', 'C:\\xampp\\htdocs...', 308, Array)
#1 C:\xampp\htdocs\projetoaccnew\system\Debug\Exceptions.php(308): include()
#2 C:\xampp\htdocs\projetoaccnew\system\Debug\Exceptions.php(174): CodeIgniter\Debug\Exceptions->render(Object(ParseError), 500)
#3 [internal function]: CodeIgniter\Debug\Exceptions->exceptionHandler(Object(ParseError))
#4 {main}
  thrown
#0 [internal function]: CodeIgniter\Debug\Exceptions->shutdownHandler()
#1 {main}
CRITICAL - 2020-11-09 19:51:09 --> syntax error, unexpected ','
#0 C:\xampp\htdocs\projetoaccnew\system\Common.php(1119): CodeIgniter\View\View->render('categorias/inde...', Array, true)
#1 C:\xampp\htdocs\projetoaccnew\app\Controllers\Categorias.php(7): view('categorias/inde...')
#2 C:\xampp\htdocs\projetoaccnew\system\CodeIgniter.php(918): App\Controllers\Categorias->index()
#3 C:\xampp\htdocs\projetoaccnew\system\CodeIgniter.php(404): CodeIgniter\CodeIgniter->runController(Object(App\Controllers\Categorias))
#4 C:\xampp\htdocs\projetoaccnew\system\CodeIgniter.php(312): CodeIgniter\CodeIgniter->handleRequest(NULL, Object(Config\Cache), false)
#5 C:\xampp\htdocs\projetoaccnew\public\index.php(45): CodeIgniter\CodeIgniter->run()
#6 C:\xampp\htdocs\projetoaccnew\system\Commands\Server\rewrite.php(34): require_once('C:\\xampp\\htdocs...')
#7 {main}
CRITICAL - 2020-11-09 19:51:09 --> Uncaught ErrorException: Undefined variable: viewFile in C:\xampp\htdocs\projetoaccnew\system\Debug\Exceptions.php:308
Stack trace:
#0 C:\xampp\htdocs\projetoaccnew\system\Debug\Exceptions.php(308): CodeIgniter\Debug\Exceptions->errorHandler(8, 'Undefined varia...', 'C:\\xampp\\htdocs...', 308, Array)
#1 C:\xampp\htdocs\projetoaccnew\system\Debug\Exceptions.php(308): include()
#2 C:\xampp\htdocs\projetoaccnew\system\Debug\Exceptions.php(174): CodeIgniter\Debug\Exceptions->render(Object(ParseError), 500)
#3 [internal function]: CodeIgniter\Debug\Exceptions->exceptionHandler(Object(ParseError))
#4 {main}
  thrown
#0 [internal function]: CodeIgniter\Debug\Exceptions->shutdownHandler()
#1 {main}
CRITICAL - 2020-11-09 19:51:10 --> syntax error, unexpected ','
#0 C:\xampp\htdocs\projetoaccnew\system\Common.php(1119): CodeIgniter\View\View->render('categorias/inde...', Array, true)
#1 C:\xampp\htdocs\projetoaccnew\app\Controllers\Categorias.php(7): view('categorias/inde...')
#2 C:\xampp\htdocs\projetoaccnew\system\CodeIgniter.php(918): App\Controllers\Categorias->index()
#3 C:\xampp\htdocs\projetoaccnew\system\CodeIgniter.php(404): CodeIgniter\CodeIgniter->runController(Object(App\Controllers\Categorias))
#4 C:\xampp\htdocs\projetoaccnew\system\CodeIgniter.php(312): CodeIgniter\CodeIgniter->handleRequest(NULL, Object(Config\Cache), false)
#5 C:\xampp\htdocs\projetoaccnew\public\index.php(45): CodeIgniter\CodeIgniter->run()
#6 C:\xampp\htdocs\projetoaccnew\system\Commands\Server\rewrite.php(34): require_once('C:\\xampp\\htdocs...')
#7 {main}
CRITICAL - 2020-11-09 19:51:10 --> Uncaught ErrorException: Undefined variable: viewFile in C:\xampp\htdocs\projetoaccnew\system\Debug\Exceptions.php:308
Stack trace:
#0 C:\xampp\htdocs\projetoaccnew\system\Debug\Exceptions.php(308): CodeIgniter\Debug\Exceptions->errorHandler(8, 'Undefined varia...', 'C:\\xampp\\htdocs...', 308, Array)
#1 C:\xampp\htdocs\projetoaccnew\system\Debug\Exceptions.php(308): include()
#2 C:\xampp\htdocs\projetoaccnew\system\Debug\Exceptions.php(174): CodeIgniter\Debug\Exceptions->render(Object(ParseError), 500)
#3 [internal function]: CodeIgniter\Debug\Exceptions->exceptionHandler(Object(ParseError))
#4 {main}
  thrown
#0 [internal function]: CodeIgniter\Debug\Exceptions->shutdownHandler()
#1 {main}
CRITICAL - 2020-11-09 19:51:10 --> syntax error, unexpected ','
#0 C:\xampp\htdocs\projetoaccnew\system\Common.php(1119): CodeIgniter\View\View->render('categorias/inde...', Array, true)
#1 C:\xampp\htdocs\projetoaccnew\app\Controllers\Categorias.php(7): view('categorias/inde...')
#2 C:\xampp\htdocs\projetoaccnew\system\CodeIgniter.php(918): App\Controllers\Categorias->index()
#3 C:\xampp\htdocs\projetoaccnew\system\CodeIgniter.php(404): CodeIgniter\CodeIgniter->runController(Object(App\Controllers\Categorias))
#4 C:\xampp\htdocs\projetoaccnew\system\CodeIgniter.php(312): CodeIgniter\CodeIgniter->handleRequest(NULL, Object(Config\Cache), false)
#5 C:\xampp\htdocs\projetoaccnew\public\index.php(45): CodeIgniter\CodeIgniter->run()
#6 C:\xampp\htdocs\projetoaccnew\system\Commands\Server\rewrite.php(34): require_once('C:\\xampp\\htdocs...')
#7 {main}
CRITICAL - 2020-11-09 19:51:10 --> Uncaught ErrorException: Undefined variable: viewFile in C:\xampp\htdocs\projetoaccnew\system\Debug\Exceptions.php:308
Stack trace:
#0 C:\xampp\htdocs\projetoaccnew\system\Debug\Exceptions.php(308): CodeIgniter\Debug\Exceptions->errorHandler(8, 'Undefined varia...', 'C:\\xampp\\htdocs...', 308, Array)
#1 C:\xampp\htdocs\projetoaccnew\system\Debug\Exceptions.php(308): include()
#2 C:\xampp\htdocs\projetoaccnew\system\Debug\Exceptions.php(174): CodeIgniter\Debug\Exceptions->render(Object(ParseError), 500)
#3 [internal function]: CodeIgniter\Debug\Exceptions->exceptionHandler(Object(ParseError))
#4 {main}
  thrown
#0 [internal function]: CodeIgniter\Debug\Exceptions->shutdownHandler()
#1 {main}
CRITICAL - 2020-11-09 19:51:10 --> syntax error, unexpected ','
#0 C:\xampp\htdocs\projetoaccnew\system\Common.php(1119): CodeIgniter\View\View->render('categorias/inde...', Array, true)
#1 C:\xampp\htdocs\projetoaccnew\app\Controllers\Categorias.php(7): view('categorias/inde...')
#2 C:\xampp\htdocs\projetoaccnew\system\CodeIgniter.php(918): App\Controllers\Categorias->index()
#3 C:\xampp\htdocs\projetoaccnew\system\CodeIgniter.php(404): CodeIgniter\CodeIgniter->runController(Object(App\Controllers\Categorias))
#4 C:\xampp\htdocs\projetoaccnew\system\CodeIgniter.php(312): CodeIgniter\CodeIgniter->handleRequest(NULL, Object(Config\Cache), false)
#5 C:\xampp\htdocs\projetoaccnew\public\index.php(45): CodeIgniter\CodeIgniter->run()
#6 C:\xampp\htdocs\projetoaccnew\system\Commands\Server\rewrite.php(34): require_once('C:\\xampp\\htdocs...')
#7 {main}
CRITICAL - 2020-11-09 19:51:10 --> Uncaught ErrorException: Undefined variable: viewFile in C:\xampp\htdocs\projetoaccnew\system\Debug\Exceptions.php:308
Stack trace:
#0 C:\xampp\htdocs\projetoaccnew\system\Debug\Exceptions.php(308): CodeIgniter\Debug\Exceptions->errorHandler(8, 'Undefined varia...', 'C:\\xampp\\htdocs...', 308, Array)
#1 C:\xampp\htdocs\projetoaccnew\system\Debug\Exceptions.php(308): include()
#2 C:\xampp\htdocs\projetoaccnew\system\Debug\Exceptions.php(174): CodeIgniter\Debug\Exceptions->render(Object(ParseError), 500)
#3 [internal function]: CodeIgniter\Debug\Exceptions->exceptionHandler(Object(ParseError))
#4 {main}
  thrown
#0 [internal function]: CodeIgniter\Debug\Exceptions->shutdownHandler()
#1 {main}
